[ 2018-03-15T10:34:28+08:00 ] 172.19.27.227 117.136.45.64 POST /jraz/api/news/newsCate
[ log ] 106.15.199.8/jraz/api/news/newsCate [运行时间：0.038322s][吞吐率：26.09req/s] [内存消耗：3,174.45kb] [文件加载：52]
[ info ] [ LANG ] /opt/php/jraz/thinkphp/lang/zh-cn.php
[ info ] [ ROUTE ] array (
  'type' => 'module',
  'module' => 
  array (
    0 => 'api',
    1 => 'news',
    2 => 'newsCate',
  ),
)
[ info ] [ HEADER ] array (
  'token' => '',
  'content-type' => 'application/x-www-form-urlencoded',
  'content-length' => '6',
  'host' => '106.15.199.8',
  'connection' => 'Keep-Alive',
  'accept-encoding' => 'gzip',
  'user-agent' => 'okhttp/3.8.0',
)
[ info ] [ PARAM ] array (
  'type' => '1',
)
[ info ] [ RUN ] app\api\controller\News->newsCate[ /opt/php/jraz/application/api/controller/News.php ]
[ info ] [ DB ] INIT mysql
[ info ] [ LOG ] INIT File
[ sql ] [ DB ] CONNECT:[ UseTime:0.000718s ] mysql:dbname=jraz;host=106.15.199.8;port=3306;charset=utf8
[ sql ] [ SQL ] SHOW COLUMNS FROM `news_category` [ RunTime:0.001044s ]
[ sql ] [ SQL ] SELECT `id`,`name`,`description` FROM `news_category` WHERE  `cate` = 1 [ RunTime:0.000554s ]

---------------------------------------------------------------
[ 2018-03-15T10:34:29+08:00 ] 172.19.27.227 117.136.45.64 POST /jraz/api/news/newsList
[ log ] 106.15.199.8/jraz/api/news/newsList [运行时间：0.032690s][吞吐率：30.59req/s] [内存消耗：3,288.73kb] [文件加载：56]
[ info ] [ LANG ] /opt/php/jraz/thinkphp/lang/zh-cn.php
[ info ] [ ROUTE ] array (
  'type' => 'module',
  'module' => 
  array (
    0 => 'api',
    1 => 'news',
    2 => 'newsList',
  ),
)
[ info ] [ HEADER ] array (
  'token' => '',
  'content-type' => 'application/x-www-form-urlencoded',
  'content-length' => '13',
  'host' => '106.15.199.8',
  'connection' => 'Keep-Alive',
  'accept-encoding' => 'gzip',
  'user-agent' => 'okhttp/3.8.0',
)
[ info ] [ PARAM ] array (
  'cate_id' => '1',
  'p' => '1',
)
[ info ] [ RUN ] app\api\controller\News->newsList[ /opt/php/jraz/application/api/controller/News.php ]
[ info ] [ DB ] INIT mysql
[ info ] [ LOG ] INIT File
[ sql ] [ DB ] CONNECT:[ UseTime:0.000757s ] mysql:dbname=jraz;host=106.15.199.8;port=3306;charset=utf8
[ sql ] [ SQL ] SHOW COLUMNS FROM `news` [ RunTime:0.001081s ]
[ sql ] [ SQL ] SELECT `id`,`title`,`picture`,`source`,`comment` FROM `news` WHERE  `cate` = 1  AND `status` = 1 ORDER BY publish_time desc LIMIT 0,5 [ RunTime:0.000717s ]
[ sql ] [ SQL ] SELECT COUNT(*) AS tp_count FROM `news` WHERE  `cate` = 1  AND `status` = 1 LIMIT 1 [ RunTime:0.000549s ]
[ error ] [8]未定义变量: class[/opt/php/jraz/thinkphp/helper.php:587]

---------------------------------------------------------------
[ 2018-03-15T10:34:29+08:00 ] 172.19.27.227 117.136.45.64 POST /jraz/api/news/newsList
[ log ] 106.15.199.8/jraz/api/news/newsList [运行时间：0.027086s][吞吐率：36.92req/s] [内存消耗：3,287.41kb] [文件加载：56]
[ info ] [ LANG ] /opt/php/jraz/thinkphp/lang/zh-cn.php
[ info ] [ ROUTE ] array (
  'type' => 'module',
  'module' => 
  array (
    0 => 'api',
    1 => 'news',
    2 => 'newsList',
  ),
)
[ info ] [ HEADER ] array (
  'token' => '',
  'content-type' => 'application/x-www-form-urlencoded',
  'content-length' => '13',
  'host' => '106.15.199.8',
  'connection' => 'Keep-Alive',
  'accept-encoding' => 'gzip',
  'user-agent' => 'okhttp/3.8.0',
)
[ info ] [ PARAM ] array (
  'cate_id' => '2',
  'p' => '1',
)
[ info ] [ RUN ] app\api\controller\News->newsList[ /opt/php/jraz/application/api/controller/News.php ]
[ info ] [ DB ] INIT mysql
[ info ] [ LOG ] INIT File
[ sql ] [ DB ] CONNECT:[ UseTime:0.000726s ] mysql:dbname=jraz;host=106.15.199.8;port=3306;charset=utf8
[ sql ] [ SQL ] SHOW COLUMNS FROM `news` [ RunTime:0.001003s ]
[ sql ] [ SQL ] SELECT `id`,`title`,`picture`,`source`,`comment` FROM `news` WHERE  `cate` = 2  AND `status` = 1 ORDER BY publish_time desc LIMIT 0,5 [ RunTime:0.000683s ]
[ sql ] [ SQL ] SELECT COUNT(*) AS tp_count FROM `news` WHERE  `cate` = 2  AND `status` = 1 LIMIT 1 [ RunTime:0.000523s ]
[ error ] [8]未定义变量: class[/opt/php/jraz/thinkphp/helper.php:587]

---------------------------------------------------------------
[ 2018-03-15T10:34:30+08:00 ] 172.19.27.227 117.136.45.64 POST /jraz/api/news/rotationList
[ log ] 106.15.199.8/jraz/api/news/rotationList [运行时间：0.037932s][吞吐率：26.36req/s] [内存消耗：3,172.60kb] [文件加载：52]
[ info ] [ LANG ] /opt/php/jraz/thinkphp/lang/zh-cn.php
[ info ] [ ROUTE ] array (
  'type' => 'module',
  'module' => 
  array (
    0 => 'api',
    1 => 'news',
    2 => 'rotationList',
  ),
)
[ info ] [ HEADER ] array (
  'token' => '',
  'content-type' => 'application/x-www-form-urlencoded',
  'content-length' => '9',
  'host' => '106.15.199.8',
  'connection' => 'Keep-Alive',
  'accept-encoding' => 'gzip',
  'user-agent' => 'okhttp/3.8.0',
)
[ info ] [ PARAM ] array (
  'cate_id' => '1',
)
[ info ] [ RUN ] app\api\controller\News->rotationList[ /opt/php/jraz/application/api/controller/News.php ]
[ info ] [ DB ] INIT mysql
[ info ] [ LOG ] INIT File
[ sql ] [ DB ] CONNECT:[ UseTime:0.000905s ] mysql:dbname=jraz;host=106.15.199.8;port=3306;charset=utf8
[ sql ] [ SQL ] SHOW COLUMNS FROM `news` [ RunTime:0.001422s ]
[ sql ] [ SQL ] SELECT `id`,`title`,`picture` FROM `news` WHERE  `cate` = 1  AND `status` = 1  AND `is_rotation` = 1 ORDER BY publish_time desc LIMIT 5 [ RunTime:0.000929s ]

---------------------------------------------------------------
[ 2018-03-15T10:34:30+08:00 ] 172.19.27.227 117.136.45.64 POST /jraz/api/news/rotationList
[ log ] 106.15.199.8/jraz/api/news/rotationList [运行时间：0.037603s][吞吐率：26.59req/s] [内存消耗：3,181.24kb] [文件加载：52]
[ info ] [ LANG ] /opt/php/jraz/thinkphp/lang/zh-cn.php
[ info ] [ ROUTE ] array (
  'type' => 'module',
  'module' => 
  array (
    0 => 'api',
    1 => 'news',
    2 => 'rotationList',
  ),
)
[ info ] [ HEADER ] array (
  'token' => '',
  'content-type' => 'application/x-www-form-urlencoded',
  'content-length' => '9',
  'host' => '106.15.199.8',
  'connection' => 'Keep-Alive',
  'accept-encoding' => 'gzip',
  'user-agent' => 'okhttp/3.8.0',
)
[ info ] [ PARAM ] array (
  'cate_id' => '2',
)
[ info ] [ RUN ] app\api\controller\News->rotationList[ /opt/php/jraz/application/api/controller/News.php ]
[ info ] [ DB ] INIT mysql
[ info ] [ LOG ] INIT File
[ sql ] [ DB ] CONNECT:[ UseTime:0.000755s ] mysql:dbname=jraz;host=106.15.199.8;port=3306;charset=utf8
[ sql ] [ SQL ] SHOW COLUMNS FROM `news` [ RunTime:0.001139s ]
[ sql ] [ SQL ] SELECT `id`,`title`,`picture` FROM `news` WHERE  `cate` = 2  AND `status` = 1  AND `is_rotation` = 1 ORDER BY publish_time desc LIMIT 5 [ RunTime:0.000723s ]

---------------------------------------------------------------
[ 2018-03-15T10:34:30+08:00 ] 172.19.27.227 117.136.45.64 POST /jraz/api/news/weather
[ log ] 106.15.199.8/jraz/api/news/weather [运行时间：0.210688s][吞吐率：4.75req/s] [内存消耗：2,222.75kb] [文件加载：45]
[ info ] [ LANG ] /opt/php/jraz/thinkphp/lang/zh-cn.php
[ info ] [ ROUTE ] array (
  'type' => 'module',
  'module' => 
  array (
    0 => 'api',
    1 => 'news',
    2 => 'weather',
  ),
)
[ info ] [ HEADER ] array (
  'token' => '',
  'content-type' => 'application/x-www-form-urlencoded',
  'content-length' => '13',
  'host' => '106.15.199.8',
  'connection' => 'Keep-Alive',
  'accept-encoding' => 'gzip',
  'user-agent' => 'okhttp/3.8.0',
)
[ info ] [ PARAM ] array (
  'city' => 'Canberra',
)
[ info ] [ RUN ] app\api\controller\News->weather[ /opt/php/jraz/application/api/controller/News.php ]
[ info ] [ LOG ] INIT File

---------------------------------------------------------------
[ 2018-03-15T10:34:35+08:00 ] 172.19.27.227 117.136.45.64 POST /jraz/api/news/newsCate
[ log ] 106.15.199.8/jraz/api/news/newsCate [运行时间：0.024090s][吞吐率：41.51req/s] [内存消耗：3,174.45kb] [文件加载：52]
[ info ] [ LANG ] /opt/php/jraz/thinkphp/lang/zh-cn.php
[ info ] [ ROUTE ] array (
  'type' => 'module',
  'module' => 
  array (
    0 => 'api',
    1 => 'news',
    2 => 'newsCate',
  ),
)
[ info ] [ HEADER ] array (
  'token' => '',
  'content-type' => 'application/x-www-form-urlencoded',
  'content-length' => '6',
  'host' => '106.15.199.8',
  'connection' => 'Keep-Alive',
  'accept-encoding' => 'gzip',
  'user-agent' => 'okhttp/3.8.0',
)
[ info ] [ PARAM ] array (
  'type' => '1',
)
[ info ] [ RUN ] app\api\controller\News->newsCate[ /opt/php/jraz/application/api/controller/News.php ]
[ info ] [ DB ] INIT mysql
[ info ] [ LOG ] INIT File
[ sql ] [ DB ] CONNECT:[ UseTime:0.000800s ] mysql:dbname=jraz;host=106.15.199.8;port=3306;charset=utf8
[ sql ] [ SQL ] SHOW COLUMNS FROM `news_category` [ RunTime:0.001052s ]
[ sql ] [ SQL ] SELECT `id`,`name`,`description` FROM `news_category` WHERE  `cate` = 1 [ RunTime:0.000548s ]

---------------------------------------------------------------
[ 2018-03-15T10:34:36+08:00 ] 172.19.27.227 117.136.45.64 POST /jraz/api/news/newsList
[ log ] 106.15.199.8/jraz/api/news/newsList [运行时间：0.040147s][吞吐率：24.91req/s] [内存消耗：3,288.73kb] [文件加载：56]
[ info ] [ LANG ] /opt/php/jraz/thinkphp/lang/zh-cn.php
[ info ] [ ROUTE ] array (
  'type' => 'module',
  'module' => 
  array (
    0 => 'api',
    1 => 'news',
    2 => 'newsList',
  ),
)
[ info ] [ HEADER ] array (
  'token' => '',
  'content-type' => 'application/x-www-form-urlencoded',
  'content-length' => '13',
  'host' => '106.15.199.8',
  'connection' => 'Keep-Alive',
  'accept-encoding' => 'gzip',
  'user-agent' => 'okhttp/3.8.0',
)
[ info ] [ PARAM ] array (
  'cate_id' => '1',
  'p' => '1',
)
[ info ] [ RUN ] app\api\controller\News->newsList[ /opt/php/jraz/application/api/controller/News.php ]
[ info ] [ DB ] INIT mysql
[ info ] [ LOG ] INIT File
[ sql ] [ DB ] CONNECT:[ UseTime:0.000839s ] mysql:dbname=jraz;host=106.15.199.8;port=3306;charset=utf8
[ sql ] [ SQL ] SHOW COLUMNS FROM `news` [ RunTime:0.001381s ]
[ sql ] [ SQL ] SELECT `id`,`title`,`picture`,`source`,`comment` FROM `news` WHERE  `cate` = 1  AND `status` = 1 ORDER BY publish_time desc LIMIT 0,5 [ RunTime:0.000923s ]
[ sql ] [ SQL ] SELECT COUNT(*) AS tp_count FROM `news` WHERE  `cate` = 1  AND `status` = 1 LIMIT 1 [ RunTime:0.000580s ]
[ error ] [8]未定义变量: class[/opt/php/jraz/thinkphp/helper.php:587]

---------------------------------------------------------------
[ 2018-03-15T10:34:36+08:00 ] 172.19.27.227 117.136.45.64 POST /jraz/api/news/newsList
[ log ] 106.15.199.8/jraz/api/news/newsList [运行时间：0.040281s][吞吐率：24.83req/s] [内存消耗：3,287.41kb] [文件加载：56]
[ info ] [ LANG ] /opt/php/jraz/thinkphp/lang/zh-cn.php
[ info ] [ ROUTE ] array (
  'type' => 'module',
  'module' => 
  array (
    0 => 'api',
    1 => 'news',
    2 => 'newsList',
  ),
)
[ info ] [ HEADER ] array (
  'token' => '',
  'content-type' => 'application/x-www-form-urlencoded',
  'content-length' => '13',
  'host' => '106.15.199.8',
  'connection' => 'Keep-Alive',
  'accept-encoding' => 'gzip',
  'user-agent' => 'okhttp/3.8.0',
)
[ info ] [ PARAM ] array (
  'cate_id' => '2',
  'p' => '1',
)
[ info ] [ RUN ] app\api\controller\News->newsList[ /opt/php/jraz/application/api/controller/News.php ]
[ info ] [ DB ] INIT mysql
[ info ] [ LOG ] INIT File
[ sql ] [ DB ] CONNECT:[ UseTime:0.000765s ] mysql:dbname=jraz;host=106.15.199.8;port=3306;charset=utf8
[ sql ] [ SQL ] SHOW COLUMNS FROM `news` [ RunTime:0.001177s ]
[ sql ] [ SQL ] SELECT `id`,`title`,`picture`,`source`,`comment` FROM `news` WHERE  `cate` = 2  AND `status` = 1 ORDER BY publish_time desc LIMIT 0,5 [ RunTime:0.000755s ]
[ sql ] [ SQL ] SELECT COUNT(*) AS tp_count FROM `news` WHERE  `cate` = 2  AND `status` = 1 LIMIT 1 [ RunTime:0.000643s ]
[ error ] [8]未定义变量: class[/opt/php/jraz/thinkphp/helper.php:587]

---------------------------------------------------------------
[ 2018-03-15T10:34:36+08:00 ] 172.19.27.227 117.136.45.64 POST /jraz/api/news/rotationList
[ log ] 106.15.199.8/jraz/api/news/rotationList [运行时间：0.037378s][吞吐率：26.75req/s] [内存消耗：3,172.60kb] [文件加载：52]
[ info ] [ LANG ] /opt/php/jraz/thinkphp/lang/zh-cn.php
[ info ] [ ROUTE ] array (
  'type' => 'module',
  'module' => 
  array (
    0 => 'api',
    1 => 'news',
    2 => 'rotationList',
  ),
)
[ info ] [ HEADER ] array (
  'token' => '',
  'content-type' => 'application/x-www-form-urlencoded',
  'content-length' => '9',
  'host' => '106.15.199.8',
  'connection' => 'Keep-Alive',
  'accept-encoding' => 'gzip',
  'user-agent' => 'okhttp/3.8.0',
)
[ info ] [ PARAM ] array (
  'cate_id' => '1',
)
[ info ] [ RUN ] app\api\controller\News->rotationList[ /opt/php/jraz/application/api/controller/News.php ]
[ info ] [ DB ] INIT mysql
[ info ] [ LOG ] INIT File
[ sql ] [ DB ] CONNECT:[ UseTime:0.000915s ] mysql:dbname=jraz;host=106.15.199.8;port=3306;charset=utf8
[ sql ] [ SQL ] SHOW COLUMNS FROM `news` [ RunTime:0.001520s ]
[ sql ] [ SQL ] SELECT `id`,`title`,`picture` FROM `news` WHERE  `cate` = 1  AND `status` = 1  AND `is_rotation` = 1 ORDER BY publish_time desc LIMIT 5 [ RunTime:0.000797s ]

---------------------------------------------------------------
[ 2018-03-15T10:34:36+08:00 ] 172.19.27.227 117.136.45.64 POST /jraz/api/news/rotationList
[ log ] 106.15.199.8/jraz/api/news/rotationList [运行时间：0.036751s][吞吐率：27.21req/s] [内存消耗：3,181.24kb] [文件加载：52]
[ info ] [ LANG ] /opt/php/jraz/thinkphp/lang/zh-cn.php
[ info ] [ ROUTE ] array (
  'type' => 'module',
  'module' => 
  array (
    0 => 'api',
    1 => 'news',
    2 => 'rotationList',
  ),
)
[ info ] [ HEADER ] array (
  'token' => '',
  'content-type' => 'application/x-www-form-urlencoded',
  'content-length' => '9',
  'host' => '106.15.199.8',
  'connection' => 'Keep-Alive',
  'accept-encoding' => 'gzip',
  'user-agent' => 'okhttp/3.8.0',
)
[ info ] [ PARAM ] array (
  'cate_id' => '2',
)
[ info ] [ RUN ] app\api\controller\News->rotationList[ /opt/php/jraz/application/api/controller/News.php ]
[ info ] [ DB ] INIT mysql
[ info ] [ LOG ] INIT File
[ sql ] [ DB ] CONNECT:[ UseTime:0.001169s ] mysql:dbname=jraz;host=106.15.199.8;port=3306;charset=utf8
[ sql ] [ SQL ] SHOW COLUMNS FROM `news` [ RunTime:0.001165s ]
[ sql ] [ SQL ] SELECT `id`,`title`,`picture` FROM `news` WHERE  `cate` = 2  AND `status` = 1  AND `is_rotation` = 1 ORDER BY publish_time desc LIMIT 5 [ RunTime:0.000746s ]

---------------------------------------------------------------
[ 2018-03-15T10:34:36+08:00 ] 172.19.27.227 117.136.45.64 POST /jraz/api/news/weather
[ log ] 106.15.199.8/jraz/api/news/weather [运行时间：0.176985s][吞吐率：5.65req/s] [内存消耗：2,222.75kb] [文件加载：45]
[ info ] [ LANG ] /opt/php/jraz/thinkphp/lang/zh-cn.php
[ info ] [ ROUTE ] array (
  'type' => 'module',
  'module' => 
  array (
    0 => 'api',
    1 => 'news',
    2 => 'weather',
  ),
)
[ info ] [ HEADER ] array (
  'token' => '',
  'content-type' => 'application/x-www-form-urlencoded',
  'content-length' => '13',
  'host' => '106.15.199.8',
  'connection' => 'Keep-Alive',
  'accept-encoding' => 'gzip',
  'user-agent' => 'okhttp/3.8.0',
)
[ info ] [ PARAM ] array (
  'city' => 'Canberra',
)
[ info ] [ RUN ] app\api\controller\News->weather[ /opt/php/jraz/application/api/controller/News.php ]
[ info ] [ LOG ] INIT File

---------------------------------------------------------------
[ 2018-03-15T10:34:45+08:00 ] 172.19.27.227 117.136.45.64 POST /jraz/api/news/newsList
[ log ] 106.15.199.8/jraz/api/news/newsList [运行时间：0.034004s][吞吐率：29.41req/s] [内存消耗：3,286.92kb] [文件加载：56]
[ info ] [ LANG ] /opt/php/jraz/thinkphp/lang/zh-cn.php
[ info ] [ ROUTE ] array (
  'type' => 'module',
  'module' => 
  array (
    0 => 'api',
    1 => 'news',
    2 => 'newsList',
  ),
)
[ info ] [ HEADER ] array (
  'token' => '',
  'content-type' => 'application/x-www-form-urlencoded',
  'content-length' => '13',
  'host' => '106.15.199.8',
  'connection' => 'Keep-Alive',
  'accept-encoding' => 'gzip',
  'user-agent' => 'okhttp/3.8.0',
)
[ info ] [ PARAM ] array (
  'cate_id' => '3',
  'p' => '1',
)
[ info ] [ RUN ] app\api\controller\News->newsList[ /opt/php/jraz/application/api/controller/News.php ]
[ info ] [ DB ] INIT mysql
[ info ] [ LOG ] INIT File
[ sql ] [ DB ] CONNECT:[ UseTime:0.000711s ] mysql:dbname=jraz;host=106.15.199.8;port=3306;charset=utf8
[ sql ] [ SQL ] SHOW COLUMNS FROM `news` [ RunTime:0.000942s ]
[ sql ] [ SQL ] SELECT `id`,`title`,`picture`,`source`,`comment` FROM `news` WHERE  `cate` = 3  AND `status` = 1 ORDER BY publish_time desc LIMIT 0,5 [ RunTime:0.000622s ]
[ sql ] [ SQL ] SELECT COUNT(*) AS tp_count FROM `news` WHERE  `cate` = 3  AND `status` = 1 LIMIT 1 [ RunTime:0.000549s ]
[ error ] [8]未定义变量: class[/opt/php/jraz/thinkphp/helper.php:587]

---------------------------------------------------------------
[ 2018-03-15T10:34:45+08:00 ] 172.19.27.227 117.136.45.64 POST /jraz/api/news/rotationList
[ log ] 106.15.199.8/jraz/api/news/rotationList [运行时间：0.024018s][吞吐率：41.64req/s] [内存消耗：3,172.60kb] [文件加载：52]
[ info ] [ LANG ] /opt/php/jraz/thinkphp/lang/zh-cn.php
[ info ] [ ROUTE ] array (
  'type' => 'module',
  'module' => 
  array (
    0 => 'api',
    1 => 'news',
    2 => 'rotationList',
  ),
)
[ info ] [ HEADER ] array (
  'token' => '',
  'content-type' => 'application/x-www-form-urlencoded',
  'content-length' => '9',
  'host' => '106.15.199.8',
  'connection' => 'Keep-Alive',
  'accept-encoding' => 'gzip',
  'user-agent' => 'okhttp/3.8.0',
)
[ info ] [ PARAM ] array (
  'cate_id' => '3',
)
[ info ] [ RUN ] app\api\controller\News->rotationList[ /opt/php/jraz/application/api/controller/News.php ]
[ info ] [ DB ] INIT mysql
[ info ] [ LOG ] INIT File
[ sql ] [ DB ] CONNECT:[ UseTime:0.000729s ] mysql:dbname=jraz;host=106.15.199.8;port=3306;charset=utf8
[ sql ] [ SQL ] SHOW COLUMNS FROM `news` [ RunTime:0.001061s ]
[ sql ] [ SQL ] SELECT `id`,`title`,`picture` FROM `news` WHERE  `cate` = 3  AND `status` = 1  AND `is_rotation` = 1 ORDER BY publish_time desc LIMIT 5 [ RunTime:0.000639s ]

---------------------------------------------------------------
[ 2018-03-15T10:34:49+08:00 ] 172.19.27.227 117.136.45.64 POST /jraz/api/news/newsList
[ log ] 106.15.199.8/jraz/api/news/newsList [运行时间：0.027636s][吞吐率：36.18req/s] [内存消耗：3,288.73kb] [文件加载：56]
[ info ] [ LANG ] /opt/php/jraz/thinkphp/lang/zh-cn.php
[ info ] [ ROUTE ] array (
  'type' => 'module',
  'module' => 
  array (
    0 => 'api',
    1 => 'news',
    2 => 'newsList',
  ),
)
[ info ] [ HEADER ] array (
  'token' => '',
  'content-type' => 'application/x-www-form-urlencoded',
  'content-length' => '13',
  'host' => '106.15.199.8',
  'connection' => 'Keep-Alive',
  'accept-encoding' => 'gzip',
  'user-agent' => 'okhttp/3.8.0',
)
[ info ] [ PARAM ] array (
  'cate_id' => '1',
  'p' => '1',
)
[ info ] [ RUN ] app\api\controller\News->newsList[ /opt/php/jraz/application/api/controller/News.php ]
[ info ] [ DB ] INIT mysql
[ info ] [ LOG ] INIT File
[ sql ] [ DB ] CONNECT:[ UseTime:0.000769s ] mysql:dbname=jraz;host=106.15.199.8;port=3306;charset=utf8
[ sql ] [ SQL ] SHOW COLUMNS FROM `news` [ RunTime:0.001117s ]
[ sql ] [ SQL ] SELECT `id`,`title`,`picture`,`source`,`comment` FROM `news` WHERE  `cate` = 1  AND `status` = 1 ORDER BY publish_time desc LIMIT 0,5 [ RunTime:0.000738s ]
[ sql ] [ SQL ] SELECT COUNT(*) AS tp_count FROM `news` WHERE  `cate` = 1  AND `status` = 1 LIMIT 1 [ RunTime:0.000539s ]
[ error ] [8]未定义变量: class[/opt/php/jraz/thinkphp/helper.php:587]

---------------------------------------------------------------
[ 2018-03-15T10:35:15+08:00 ] 172.19.27.227 117.136.45.64 POST /jraz/api/forum/forumList
[ log ] 106.15.199.8/jraz/api/forum/forumList [运行时间：0.029041s][吞吐率：34.43req/s] [内存消耗：3,241.35kb] [文件加载：56]
[ info ] [ LANG ] /opt/php/jraz/thinkphp/lang/zh-cn.php
[ info ] [ ROUTE ] array (
  'type' => 'module',
  'module' => 
  array (
    0 => 'api',
    1 => 'forum',
    2 => 'forumList',
  ),
)
[ info ] [ HEADER ] array (
  'token' => '',
  'content-type' => 'application/x-www-form-urlencoded',
  'content-length' => '15',
  'host' => '106.15.199.8',
  'connection' => 'Keep-Alive',
  'accept-encoding' => 'gzip',
  'user-agent' => 'okhttp/3.8.0',
)
[ info ] [ PARAM ] array (
  'p' => '1',
  'cate_1' => 'seek',
)
[ info ] [ RUN ] app\api\controller\Forum->forumList[ /opt/php/jraz/application/api/controller/Forum.php ]
[ info ] [ DB ] INIT mysql
[ info ] [ LOG ] INIT File
[ error ] [8]未定义变量: class[/opt/php/jraz/thinkphp/helper.php:587]
[ error ] [8]未定义变量: where[/opt/php/jraz/application/api/controller/Forum.php:49]
[ error ] [8]未定义变量: where[/opt/php/jraz/application/api/controller/Forum.php:62]
[ sql ] [ DB ] CONNECT:[ UseTime:0.000800s ] mysql:dbname=jraz;host=106.15.199.8;port=3306;charset=utf8
[ sql ] [ SQL ] SHOW COLUMNS FROM `life_house_seek` [ RunTime:0.002253s ]
[ sql ] [ SQL ] SELECT * FROM `life_house_seek` ORDER BY `time` LIMIT 0,5 [ RunTime:0.000656s ]
[ sql ] [ SQL ] SELECT COUNT(*) AS tp_count FROM `life_house_seek` LIMIT 1 [ RunTime:0.000475s ]

---------------------------------------------------------------
[ 2018-03-15T10:35:15+08:00 ] 172.19.27.227 117.136.45.64 POST /jraz/api/forum/forumList
[ log ] 106.15.199.8/jraz/api/forum/forumList [运行时间：0.026650s][吞吐率：37.52req/s] [内存消耗：3,241.34kb] [文件加载：56]
[ info ] [ LANG ] /opt/php/jraz/thinkphp/lang/zh-cn.php
[ info ] [ ROUTE ] array (
  'type' => 'module',
  'module' => 
  array (
    0 => 'api',
    1 => 'forum',
    2 => 'forumList',
  ),
)
[ info ] [ HEADER ] array (
  'token' => '',
  'content-type' => 'application/x-www-form-urlencoded',
  'content-length' => '15',
  'host' => '106.15.199.8',
  'connection' => 'Keep-Alive',
  'accept-encoding' => 'gzip',
  'user-agent' => 'okhttp/3.8.0',
)
[ info ] [ PARAM ] array (
  'p' => '2',
  'cate_1' => 'seek',
)
[ info ] [ RUN ] app\api\controller\Forum->forumList[ /opt/php/jraz/application/api/controller/Forum.php ]
[ info ] [ DB ] INIT mysql
[ info ] [ LOG ] INIT File
[ error ] [8]未定义变量: class[/opt/php/jraz/thinkphp/helper.php:587]
[ error ] [8]未定义变量: where[/opt/php/jraz/application/api/controller/Forum.php:49]
[ error ] [8]未定义变量: where[/opt/php/jraz/application/api/controller/Forum.php:62]
[ sql ] [ DB ] CONNECT:[ UseTime:0.000765s ] mysql:dbname=jraz;host=106.15.199.8;port=3306;charset=utf8
[ sql ] [ SQL ] SHOW COLUMNS FROM `life_house_seek` [ RunTime:0.001087s ]
[ sql ] [ SQL ] SELECT * FROM `life_house_seek` ORDER BY `time` LIMIT 5,5 [ RunTime:0.000667s ]
[ sql ] [ SQL ] SELECT COUNT(*) AS tp_count FROM `life_house_seek` LIMIT 1 [ RunTime:0.000485s ]

---------------------------------------------------------------
[ 2018-03-15T10:35:18+08:00 ] 172.19.27.227 117.136.45.64 POST /jraz/api/forum/forumList
[ log ] 106.15.199.8/jraz/api/forum/forumList [运行时间：0.026891s][吞吐率：37.19req/s] [内存消耗：3,241.37kb] [文件加载：56]
[ info ] [ LANG ] /opt/php/jraz/thinkphp/lang/zh-cn.php
[ info ] [ ROUTE ] array (
  'type' => 'module',
  'module' => 
  array (
    0 => 'api',
    1 => 'forum',
    2 => 'forumList',
  ),
)
[ info ] [ HEADER ] array (
  'token' => '',
  'content-type' => 'application/x-www-form-urlencoded',
  'content-length' => '15',
  'host' => '106.15.199.8',
  'connection' => 'Keep-Alive',
  'accept-encoding' => 'gzip',
  'user-agent' => 'okhttp/3.8.0',
)
[ info ] [ PARAM ] array (
  'p' => '3',
  'cate_1' => 'seek',
)
[ info ] [ RUN ] app\api\controller\Forum->forumList[ /opt/php/jraz/application/api/controller/Forum.php ]
[ info ] [ DB ] INIT mysql
[ info ] [ LOG ] INIT File
[ error ] [8]未定义变量: class[/opt/php/jraz/thinkphp/helper.php:587]
[ error ] [8]未定义变量: where[/opt/php/jraz/application/api/controller/Forum.php:49]
[ error ] [8]未定义变量: where[/opt/php/jraz/application/api/controller/Forum.php:62]
[ sql ] [ DB ] CONNECT:[ UseTime:0.000813s ] mysql:dbname=jraz;host=106.15.199.8;port=3306;charset=utf8
[ sql ] [ SQL ] SHOW COLUMNS FROM `life_house_seek` [ RunTime:0.001094s ]
[ sql ] [ SQL ] SELECT * FROM `life_house_seek` ORDER BY `time` LIMIT 10,5 [ RunTime:0.000680s ]
[ sql ] [ SQL ] SELECT COUNT(*) AS tp_count FROM `life_house_seek` LIMIT 1 [ RunTime:0.000452s ]

---------------------------------------------------------------
[ 2018-03-15T10:35:19+08:00 ] 172.19.27.227 117.136.45.64 POST /jraz/api/forum/forumList
[ log ] 106.15.199.8/jraz/api/forum/forumList [运行时间：0.026772s][吞吐率：37.35req/s] [内存消耗：3,247.75kb] [文件加载：56]
[ info ] [ LANG ] /opt/php/jraz/thinkphp/lang/zh-cn.php
[ info ] [ ROUTE ] array (
  'type' => 'module',
  'module' => 
  array (
    0 => 'api',
    1 => 'forum',
    2 => 'forumList',
  ),
)
[ info ] [ HEADER ] array (
  'token' => '',
  'content-type' => 'application/x-www-form-urlencoded',
  'content-length' => '15',
  'host' => '106.15.199.8',
  'connection' => 'Keep-Alive',
  'accept-encoding' => 'gzip',
  'user-agent' => 'okhttp/3.8.0',
)
[ info ] [ PARAM ] array (
  'p' => '4',
  'cate_1' => 'seek',
)
[ info ] [ RUN ] app\api\controller\Forum->forumList[ /opt/php/jraz/application/api/controller/Forum.php ]
[ info ] [ DB ] INIT mysql
[ info ] [ LOG ] INIT File
[ error ] [8]未定义变量: class[/opt/php/jraz/thinkphp/helper.php:587]
[ error ] [8]未定义变量: where[/opt/php/jraz/application/api/controller/Forum.php:49]
[ error ] [8]未定义变量: where[/opt/php/jraz/application/api/controller/Forum.php:62]
[ sql ] [ DB ] CONNECT:[ UseTime:0.000807s ] mysql:dbname=jraz;host=106.15.199.8;port=3306;charset=utf8
[ sql ] [ SQL ] SHOW COLUMNS FROM `life_house_seek` [ RunTime:0.001111s ]
[ sql ] [ SQL ] SELECT * FROM `life_house_seek` ORDER BY `time` LIMIT 15,5 [ RunTime:0.000659s ]
[ sql ] [ SQL ] SELECT COUNT(*) AS tp_count FROM `life_house_seek` LIMIT 1 [ RunTime:0.000452s ]

---------------------------------------------------------------
[ 2018-03-15T10:36:00+08:00 ] 172.19.27.227 117.136.45.64 POST /jraz/api/news/newsDet
[ log ] 106.15.199.8/jraz/api/news/newsDet [运行时间：0.030305s][吞吐率：33.00req/s] [内存消耗：3,207.35kb] [文件加载：52]
[ info ] [ LANG ] /opt/php/jraz/thinkphp/lang/zh-cn.php
[ info ] [ ROUTE ] array (
  'type' => 'module',
  'module' => 
  array (
    0 => 'api',
    1 => 'news',
    2 => 'newsDet',
  ),
)
[ info ] [ HEADER ] array (
  'token' => '',
  'content-type' => 'application/x-www-form-urlencoded',
  'content-length' => '6',
  'host' => '106.15.199.8',
  'connection' => 'Keep-Alive',
  'accept-encoding' => 'gzip',
  'user-agent' => 'okhttp/3.8.0',
)
[ info ] [ PARAM ] array (
  'id' => '164',
)
[ info ] [ RUN ] app\api\controller\News->newsDet[ /opt/php/jraz/application/api/controller/News.php ]
[ info ] [ DB ] INIT mysql
[ info ] [ LOG ] INIT File
[ sql ] [ DB ] CONNECT:[ UseTime:0.000757s ] mysql:dbname=jraz;host=106.15.199.8;port=3306;charset=utf8
[ sql ] [ SQL ] SHOW COLUMNS FROM `news` [ RunTime:0.000967s ]
[ sql ] [ SQL ] SELECT `id`,`author_id`,`title`,`publish_time`,`source`,`statement`,`interest` FROM `news` WHERE  `id` = 164 LIMIT 1 [ RunTime:0.000526s ]
[ sql ] [ SQL ] SHOW COLUMNS FROM `config` [ RunTime:0.000796s ]
[ sql ] [ SQL ] SELECT `value` FROM `config` WHERE  `desc` = '1' LIMIT 1 [ RunTime:0.000507s ]
[ sql ] [ SQL ] SHOW COLUMNS FROM `admin` [ RunTime:0.000890s ]
[ sql ] [ SQL ] SELECT `nickname`,`head_portrait` FROM `admin` WHERE  (  admin_id=1 ) LIMIT 1 [ RunTime:0.000456s ]
[ sql ] [ SQL ] SHOW COLUMNS FROM `user_post_reply` [ RunTime:0.000821s ]
[ sql ] [ SQL ] SELECT `id`,`post_id`,`msg_id`,`time`,`content`,`pid` FROM `user_post_reply` WHERE  `post_id` = 164  AND `pid` = 0 LIMIT 3 [ RunTime:0.000508s ]
[ sql ] [ SQL ] SELECT `id`,`title`,`publish_time`,`source`,`picture` FROM `news` WHERE  `publish_time` <= 1521043200  AND `status` = 1 ORDER BY id desc LIMIT 3 [ RunTime:0.000538s ]

---------------------------------------------------------------
[ 2018-03-15T10:36:00+08:00 ] 172.19.27.227 117.136.45.64 GET /jraz/admin/news/test/id/164
[ log ] 106.15.199.8/jraz/admin/news/test/id/164 [运行时间：0.040791s][吞吐率：24.52req/s] [内存消耗：3,477.49kb] [文件加载：62]
[ info ] [ LANG ] /opt/php/jraz/thinkphp/lang/zh-cn.php
[ info ] [ ROUTE ] array (
  'type' => 'module',
  'module' => 
  array (
    0 => 'admin',
    1 => 'news',
    2 => 'test',
  ),
)
[ info ] [ HEADER ] array (
  'host' => '106.15.199.8',
  'connection' => 'keep-alive',
  'upgrade-insecure-requests' => '1',
  'user-agent' => 'Mozilla/5.0 (Linux; Android 7.1.1; PRO 6 Build/NMF26O; wv) AppleWebKit/537.36 (KHTML, like Gecko) Version/4.0 Chrome/51.0.2704.110 Mobile Safari/537.36',
  'accept' => 'text/html,application/xhtml+xml,application/xml;q=0.9,image/webp,*/*;q=0.8',
  'accept-encoding' => 'gzip, deflate',
  'accept-language' => 'zh-CN,en-US;q=0.8',
  'cookie' => 'PHPSESSID=hv3ug38guuesqr0u5p761l97o5',
  'x-requested-with' => 'com.ant',
  'content-type' => '',
  'content-length' => '',
)
[ info ] [ PARAM ] array (
  'id' => '164',
)
[ info ] [ RUN ] app\admin\controller\News->test[ /opt/php/jraz/application/admin/controller/News.php ]
[ info ] [ DB ] INIT mysql
[ info ] [ VIEW ] ./application/admin/view/news/test.html [ array (
  0 => 'action',
  1 => 'navigate_admin',
  2 => 'list',
) ]
[ info ] [ LOG ] INIT File
[ error ] [8]未定义数组索引: admin/news[/opt/php/jraz/application/admin/common.php:59]
[ error ] [8]未定义数组索引: admin/news[/opt/php/jraz/application/admin/common.php:60]
[ sql ] [ DB ] CONNECT:[ UseTime:0.000751s ] mysql:dbname=jraz;host=106.15.199.8;port=3306;charset=utf8
[ sql ] [ SQL ] SHOW COLUMNS FROM `news` [ RunTime:0.000928s ]
[ sql ] [ SQL ] SELECT * FROM `news` WHERE  `id` = 164 LIMIT 1 [ RunTime:0.000577s ]

---------------------------------------------------------------
[ 2018-03-15T10:36:12+08:00 ] 172.19.27.227 117.136.45.64 POST /jraz/api/news/newsDet
[ log ] 106.15.199.8/jraz/api/news/newsDet [运行时间：0.031202s][吞吐率：32.05req/s] [内存消耗：3,207.36kb] [文件加载：52]
[ info ] [ LANG ] /opt/php/jraz/thinkphp/lang/zh-cn.php
[ info ] [ ROUTE ] array (
  'type' => 'module',
  'module' => 
  array (
    0 => 'api',
    1 => 'news',
    2 => 'newsDet',
  ),
)
[ info ] [ HEADER ] array (
  'token' => '',
  'content-type' => 'application/x-www-form-urlencoded',
  'content-length' => '6',
  'host' => '106.15.199.8',
  'connection' => 'Keep-Alive',
  'accept-encoding' => 'gzip',
  'user-agent' => 'okhttp/3.8.0',
)
[ info ] [ PARAM ] array (
  'id' => '166',
)
[ info ] [ RUN ] app\api\controller\News->newsDet[ /opt/php/jraz/application/api/controller/News.php ]
[ info ] [ DB ] INIT mysql
[ info ] [ LOG ] INIT File
[ sql ] [ DB ] CONNECT:[ UseTime:0.000794s ] mysql:dbname=jraz;host=106.15.199.8;port=3306;charset=utf8
[ sql ] [ SQL ] SHOW COLUMNS FROM `news` [ RunTime:0.001081s ]
[ sql ] [ SQL ] SELECT `id`,`author_id`,`title`,`publish_time`,`source`,`statement`,`interest` FROM `news` WHERE  `id` = 166 LIMIT 1 [ RunTime:0.000557s ]
[ sql ] [ SQL ] SHOW COLUMNS FROM `config` [ RunTime:0.000836s ]
[ sql ] [ SQL ] SELECT `value` FROM `config` WHERE  `desc` = '1' LIMIT 1 [ RunTime:0.000491s ]
[ sql ] [ SQL ] SHOW COLUMNS FROM `admin` [ RunTime:0.000840s ]
[ sql ] [ SQL ] SELECT `nickname`,`head_portrait` FROM `admin` WHERE  (  admin_id=1 ) LIMIT 1 [ RunTime:0.000472s ]
[ sql ] [ SQL ] SHOW COLUMNS FROM `user_post_reply` [ RunTime:0.000926s ]
[ sql ] [ SQL ] SELECT `id`,`post_id`,`msg_id`,`time`,`content`,`pid` FROM `user_post_reply` WHERE  `post_id` = 166  AND `pid` = 0 LIMIT 3 [ RunTime:0.000525s ]
[ sql ] [ SQL ] SELECT `id`,`title`,`publish_time`,`source`,`picture` FROM `news` WHERE  `publish_time` <= 1521043200  AND `status` = 1 ORDER BY id desc LIMIT 3 [ RunTime:0.000559s ]

---------------------------------------------------------------
[ 2018-03-15T10:36:12+08:00 ] 172.19.27.227 117.136.45.64 GET /jraz/admin/news/test/id/166
[ log ] 106.15.199.8/jraz/admin/news/test/id/166 [运行时间：0.027943s][吞吐率：35.79req/s] [内存消耗：3,483.31kb] [文件加载：62]
[ info ] [ LANG ] /opt/php/jraz/thinkphp/lang/zh-cn.php
[ info ] [ ROUTE ] array (
  'type' => 'module',
  'module' => 
  array (
    0 => 'admin',
    1 => 'news',
    2 => 'test',
  ),
)
[ info ] [ HEADER ] array (
  'host' => '106.15.199.8',
  'connection' => 'keep-alive',
  'upgrade-insecure-requests' => '1',
  'user-agent' => 'Mozilla/5.0 (Linux; Android 7.1.1; PRO 6 Build/NMF26O; wv) AppleWebKit/537.36 (KHTML, like Gecko) Version/4.0 Chrome/51.0.2704.110 Mobile Safari/537.36',
  'accept' => 'text/html,application/xhtml+xml,application/xml;q=0.9,image/webp,*/*;q=0.8',
  'accept-encoding' => 'gzip, deflate',
  'accept-language' => 'zh-CN,en-US;q=0.8',
  'cookie' => 'PHPSESSID=hv3ug38guuesqr0u5p761l97o5',
  'x-requested-with' => 'com.ant',
  'content-type' => '',
  'content-length' => '',
)
[ info ] [ PARAM ] array (
  'id' => '166',
)
[ info ] [ RUN ] app\admin\controller\News->test[ /opt/php/jraz/application/admin/controller/News.php ]
[ info ] [ DB ] INIT mysql
[ info ] [ VIEW ] ./application/admin/view/news/test.html [ array (
  0 => 'action',
  1 => 'navigate_admin',
  2 => 'list',
) ]
[ info ] [ LOG ] INIT File
[ error ] [8]未定义数组索引: admin/news[/opt/php/jraz/application/admin/common.php:59]
[ error ] [8]未定义数组索引: admin/news[/opt/php/jraz/application/admin/common.php:60]
[ sql ] [ DB ] CONNECT:[ UseTime:0.000795s ] mysql:dbname=jraz;host=106.15.199.8;port=3306;charset=utf8
[ sql ] [ SQL ] SHOW COLUMNS FROM `news` [ RunTime:0.001049s ]
[ sql ] [ SQL ] SELECT * FROM `news` WHERE  `id` = 166 LIMIT 1 [ RunTime:0.000687s ]

---------------------------------------------------------------
[ 2018-03-15T10:36:30+08:00 ] 172.19.27.227 117.136.45.64 POST /jraz/api/news/newsList
[ log ] 106.15.199.8/jraz/api/news/newsList [运行时间：0.027556s][吞吐率：36.29req/s] [内存消耗：3,288.73kb] [文件加载：56]
[ info ] [ LANG ] /opt/php/jraz/thinkphp/lang/zh-cn.php
[ info ] [ ROUTE ] array (
  'type' => 'module',
  'module' => 
  array (
    0 => 'api',
    1 => 'news',
    2 => 'newsList',
  ),
)
[ info ] [ HEADER ] array (
  'token' => '',
  'content-type' => 'application/x-www-form-urlencoded',
  'content-length' => '13',
  'host' => '106.15.199.8',
  'connection' => 'Keep-Alive',
  'accept-encoding' => 'gzip',
  'user-agent' => 'okhttp/3.8.0',
)
[ info ] [ PARAM ] array (
  'cate_id' => '1',
  'p' => '1',
)
[ info ] [ RUN ] app\api\controller\News->newsList[ /opt/php/jraz/application/api/controller/News.php ]
[ info ] [ DB ] INIT mysql
[ info ] [ LOG ] INIT File
[ sql ] [ DB ] CONNECT:[ UseTime:0.000881s ] mysql:dbname=jraz;host=106.15.199.8;port=3306;charset=utf8
[ sql ] [ SQL ] SHOW COLUMNS FROM `news` [ RunTime:0.001094s ]
[ sql ] [ SQL ] SELECT `id`,`title`,`picture`,`source`,`comment` FROM `news` WHERE  `cate` = 1  AND `status` = 1 ORDER BY publish_time desc LIMIT 0,5 [ RunTime:0.000701s ]
[ sql ] [ SQL ] SELECT COUNT(*) AS tp_count FROM `news` WHERE  `cate` = 1  AND `status` = 1 LIMIT 1 [ RunTime:0.000542s ]
[ error ] [8]未定义变量: class[/opt/php/jraz/thinkphp/helper.php:587]

---------------------------------------------------------------
[ 2018-03-15T10:36:32+08:00 ] 172.19.27.227 117.136.45.64 POST /jraz/api/news/newsDet
[ log ] 106.15.199.8/jraz/api/news/newsDet [运行时间：0.030445s][吞吐率：32.85req/s] [内存消耗：3,207.20kb] [文件加载：52]
[ info ] [ LANG ] /opt/php/jraz/thinkphp/lang/zh-cn.php
[ info ] [ ROUTE ] array (
  'type' => 'module',
  'module' => 
  array (
    0 => 'api',
    1 => 'news',
    2 => 'newsDet',
  ),
)
[ info ] [ HEADER ] array (
  'token' => '',
  'content-type' => 'application/x-www-form-urlencoded',
  'content-length' => '6',
  'host' => '106.15.199.8',
  'connection' => 'Keep-Alive',
  'accept-encoding' => 'gzip',
  'user-agent' => 'okhttp/3.8.0',
)
[ info ] [ PARAM ] array (
  'id' => '218',
)
[ info ] [ RUN ] app\api\controller\News->newsDet[ /opt/php/jraz/application/api/controller/News.php ]
[ info ] [ DB ] INIT mysql
[ info ] [ LOG ] INIT File
[ sql ] [ DB ] CONNECT:[ UseTime:0.000794s ] mysql:dbname=jraz;host=106.15.199.8;port=3306;charset=utf8
[ sql ] [ SQL ] SHOW COLUMNS FROM `news` [ RunTime:0.001103s ]
[ sql ] [ SQL ] SELECT `id`,`author_id`,`title`,`publish_time`,`source`,`statement`,`interest` FROM `news` WHERE  `id` = 218 LIMIT 1 [ RunTime:0.000600s ]
[ sql ] [ SQL ] SHOW COLUMNS FROM `config` [ RunTime:0.000820s ]
[ sql ] [ SQL ] SELECT `value` FROM `config` WHERE  `desc` = '1' LIMIT 1 [ RunTime:0.000557s ]
[ sql ] [ SQL ] SHOW COLUMNS FROM `admin` [ RunTime:0.000853s ]
[ sql ] [ SQL ] SELECT `nickname`,`head_portrait` FROM `admin` WHERE  (  admin_id=1 ) LIMIT 1 [ RunTime:0.000467s ]
[ sql ] [ SQL ] SHOW COLUMNS FROM `user_post_reply` [ RunTime:0.000899s ]
[ sql ] [ SQL ] SELECT `id`,`post_id`,`msg_id`,`time`,`content`,`pid` FROM `user_post_reply` WHERE  `post_id` = 218  AND `pid` = 0 LIMIT 3 [ RunTime:0.000506s ]
[ sql ] [ SQL ] SELECT `id`,`title`,`publish_time`,`source`,`picture` FROM `news` WHERE  `publish_time` <= 1521043200  AND `status` = 1 ORDER BY id desc LIMIT 3 [ RunTime:0.000553s ]

---------------------------------------------------------------
[ 2018-03-15T10:36:32+08:00 ] 172.19.27.227 117.136.45.64 GET /jraz/admin/news/test/id/218
[ log ] 106.15.199.8/jraz/admin/news/test/id/218 [运行时间：0.027912s][吞吐率：35.83req/s] [内存消耗：3,480.16kb] [文件加载：62]
[ info ] [ LANG ] /opt/php/jraz/thinkphp/lang/zh-cn.php
[ info ] [ ROUTE ] array (
  'type' => 'module',
  'module' => 
  array (
    0 => 'admin',
    1 => 'news',
    2 => 'test',
  ),
)
[ info ] [ HEADER ] array (
  'host' => '106.15.199.8',
  'connection' => 'keep-alive',
  'upgrade-insecure-requests' => '1',
  'user-agent' => 'Mozilla/5.0 (Linux; Android 7.1.1; PRO 6 Build/NMF26O; wv) AppleWebKit/537.36 (KHTML, like Gecko) Version/4.0 Chrome/51.0.2704.110 Mobile Safari/537.36',
  'accept' => 'text/html,application/xhtml+xml,application/xml;q=0.9,image/webp,*/*;q=0.8',
  'accept-encoding' => 'gzip, deflate',
  'accept-language' => 'zh-CN,en-US;q=0.8',
  'cookie' => 'PHPSESSID=hv3ug38guuesqr0u5p761l97o5',
  'x-requested-with' => 'com.ant',
  'content-type' => '',
  'content-length' => '',
)
[ info ] [ PARAM ] array (
  'id' => '218',
)
[ info ] [ RUN ] app\admin\controller\News->test[ /opt/php/jraz/application/admin/controller/News.php ]
[ info ] [ DB ] INIT mysql
[ info ] [ VIEW ] ./application/admin/view/news/test.html [ array (
  0 => 'action',
  1 => 'navigate_admin',
  2 => 'list',
) ]
[ info ] [ LOG ] INIT File
[ error ] [8]未定义数组索引: admin/news[/opt/php/jraz/application/admin/common.php:59]
[ error ] [8]未定义数组索引: admin/news[/opt/php/jraz/application/admin/common.php:60]
[ sql ] [ DB ] CONNECT:[ UseTime:0.000788s ] mysql:dbname=jraz;host=106.15.199.8;port=3306;charset=utf8
[ sql ] [ SQL ] SHOW COLUMNS FROM `news` [ RunTime:0.001106s ]
[ sql ] [ SQL ] SELECT * FROM `news` WHERE  `id` = 218 LIMIT 1 [ RunTime:0.000661s ]

---------------------------------------------------------------
[ 2018-03-15T10:36:47+08:00 ] 172.19.27.227 117.136.45.64 POST /jraz/api/news/newsList
[ log ] 106.15.199.8/jraz/api/news/newsList [运行时间：0.027071s][吞吐率：36.94req/s] [内存消耗：3,288.73kb] [文件加载：56]
[ info ] [ LANG ] /opt/php/jraz/thinkphp/lang/zh-cn.php
[ info ] [ ROUTE ] array (
  'type' => 'module',
  'module' => 
  array (
    0 => 'api',
    1 => 'news',
    2 => 'newsList',
  ),
)
[ info ] [ HEADER ] array (
  'token' => '',
  'content-type' => 'application/x-www-form-urlencoded',
  'content-length' => '13',
  'host' => '106.15.199.8',
  'connection' => 'Keep-Alive',
  'accept-encoding' => 'gzip',
  'user-agent' => 'okhttp/3.8.0',
)
[ info ] [ PARAM ] array (
  'cate_id' => '1',
  'p' => '1',
)
[ info ] [ RUN ] app\api\controller\News->newsList[ /opt/php/jraz/application/api/controller/News.php ]
[ info ] [ DB ] INIT mysql
[ info ] [ LOG ] INIT File
[ sql ] [ DB ] CONNECT:[ UseTime:0.000818s ] mysql:dbname=jraz;host=106.15.199.8;port=3306;charset=utf8
[ sql ] [ SQL ] SHOW COLUMNS FROM `news` [ RunTime:0.001077s ]
[ sql ] [ SQL ] SELECT `id`,`title`,`picture`,`source`,`comment` FROM `news` WHERE  `cate` = 1  AND `status` = 1 ORDER BY publish_time desc LIMIT 0,5 [ RunTime:0.000721s ]
[ sql ] [ SQL ] SELECT COUNT(*) AS tp_count FROM `news` WHERE  `cate` = 1  AND `status` = 1 LIMIT 1 [ RunTime:0.000545s ]
[ error ] [8]未定义变量: class[/opt/php/jraz/thinkphp/helper.php:587]

---------------------------------------------------------------
[ 2018-03-15T10:36:49+08:00 ] 172.19.27.227 117.136.45.64 POST /jraz/api/news/newsDet
[ log ] 106.15.199.8/jraz/api/news/newsDet [运行时间：0.031189s][吞吐率：32.06req/s] [内存消耗：3,207.36kb] [文件加载：52]
[ info ] [ LANG ] /opt/php/jraz/thinkphp/lang/zh-cn.php
[ info ] [ ROUTE ] array (
  'type' => 'module',
  'module' => 
  array (
    0 => 'api',
    1 => 'news',
    2 => 'newsDet',
  ),
)
[ info ] [ HEADER ] array (
  'token' => '',
  'content-type' => 'application/x-www-form-urlencoded',
  'content-length' => '6',
  'host' => '106.15.199.8',
  'connection' => 'Keep-Alive',
  'accept-encoding' => 'gzip',
  'user-agent' => 'okhttp/3.8.0',
)
[ info ] [ PARAM ] array (
  'id' => '166',
)
[ info ] [ RUN ] app\api\controller\News->newsDet[ /opt/php/jraz/application/api/controller/News.php ]
[ info ] [ DB ] INIT mysql
[ info ] [ LOG ] INIT File
[ sql ] [ DB ] CONNECT:[ UseTime:0.000823s ] mysql:dbname=jraz;host=106.15.199.8;port=3306;charset=utf8
[ sql ] [ SQL ] SHOW COLUMNS FROM `news` [ RunTime:0.001121s ]
[ sql ] [ SQL ] SELECT `id`,`author_id`,`title`,`publish_time`,`source`,`statement`,`interest` FROM `news` WHERE  `id` = 166 LIMIT 1 [ RunTime:0.000578s ]
[ sql ] [ SQL ] SHOW COLUMNS FROM `config` [ RunTime:0.000787s ]
[ sql ] [ SQL ] SELECT `value` FROM `config` WHERE  `desc` = '1' LIMIT 1 [ RunTime:0.000469s ]
[ sql ] [ SQL ] SHOW COLUMNS FROM `admin` [ RunTime:0.000831s ]
[ sql ] [ SQL ] SELECT `nickname`,`head_portrait` FROM `admin` WHERE  (  admin_id=1 ) LIMIT 1 [ RunTime:0.000499s ]
[ sql ] [ SQL ] SHOW COLUMNS FROM `user_post_reply` [ RunTime:0.000830s ]
[ sql ] [ SQL ] SELECT `id`,`post_id`,`msg_id`,`time`,`content`,`pid` FROM `user_post_reply` WHERE  `post_id` = 166  AND `pid` = 0 LIMIT 3 [ RunTime:0.000530s ]
[ sql ] [ SQL ] SELECT `id`,`title`,`publish_time`,`source`,`picture` FROM `news` WHERE  `publish_time` <= 1521043200  AND `status` = 1 ORDER BY id desc LIMIT 3 [ RunTime:0.000575s ]

---------------------------------------------------------------
[ 2018-03-15T10:36:49+08:00 ] 172.19.27.227 117.136.45.64 GET /jraz/admin/news/test/id/166
[ log ] 106.15.199.8/jraz/admin/news/test/id/166 [运行时间：0.029014s][吞吐率：34.47req/s] [内存消耗：3,483.31kb] [文件加载：62]
[ info ] [ LANG ] /opt/php/jraz/thinkphp/lang/zh-cn.php
[ info ] [ ROUTE ] array (
  'type' => 'module',
  'module' => 
  array (
    0 => 'admin',
    1 => 'news',
    2 => 'test',
  ),
)
[ info ] [ HEADER ] array (
  'host' => '106.15.199.8',
  'connection' => 'keep-alive',
  'upgrade-insecure-requests' => '1',
  'user-agent' => 'Mozilla/5.0 (Linux; Android 7.1.1; PRO 6 Build/NMF26O; wv) AppleWebKit/537.36 (KHTML, like Gecko) Version/4.0 Chrome/51.0.2704.110 Mobile Safari/537.36',
  'accept' => 'text/html,application/xhtml+xml,application/xml;q=0.9,image/webp,*/*;q=0.8',
  'accept-encoding' => 'gzip, deflate',
  'accept-language' => 'zh-CN,en-US;q=0.8',
  'cookie' => 'PHPSESSID=hv3ug38guuesqr0u5p761l97o5',
  'x-requested-with' => 'com.ant',
  'content-type' => '',
  'content-length' => '',
)
[ info ] [ PARAM ] array (
  'id' => '166',
)
[ info ] [ RUN ] app\admin\controller\News->test[ /opt/php/jraz/application/admin/controller/News.php ]
[ info ] [ DB ] INIT mysql
[ info ] [ VIEW ] ./application/admin/view/news/test.html [ array (
  0 => 'action',
  1 => 'navigate_admin',
  2 => 'list',
) ]
[ info ] [ LOG ] INIT File
[ error ] [8]未定义数组索引: admin/news[/opt/php/jraz/application/admin/common.php:59]
[ error ] [8]未定义数组索引: admin/news[/opt/php/jraz/application/admin/common.php:60]
[ sql ] [ DB ] CONNECT:[ UseTime:0.000760s ] mysql:dbname=jraz;host=106.15.199.8;port=3306;charset=utf8
[ sql ] [ SQL ] SHOW COLUMNS FROM `news` [ RunTime:0.001006s ]
[ sql ] [ SQL ] SELECT * FROM `news` WHERE  `id` = 166 LIMIT 1 [ RunTime:0.000618s ]

---------------------------------------------------------------
[ 2018-03-15T10:37:23+08:00 ] 172.19.27.227 117.136.45.64 POST /jraz/api/news/newsList
[ log ] 106.15.199.8/jraz/api/news/newsList [运行时间：0.026992s][吞吐率：37.05req/s] [内存消耗：3,288.73kb] [文件加载：56]
[ info ] [ LANG ] /opt/php/jraz/thinkphp/lang/zh-cn.php
[ info ] [ ROUTE ] array (
  'type' => 'module',
  'module' => 
  array (
    0 => 'api',
    1 => 'news',
    2 => 'newsList',
  ),
)
[ info ] [ HEADER ] array (
  'token' => '',
  'content-type' => 'application/x-www-form-urlencoded',
  'content-length' => '13',
  'host' => '106.15.199.8',
  'connection' => 'Keep-Alive',
  'accept-encoding' => 'gzip',
  'user-agent' => 'okhttp/3.8.0',
)
[ info ] [ PARAM ] array (
  'cate_id' => '1',
  'p' => '1',
)
[ info ] [ RUN ] app\api\controller\News->newsList[ /opt/php/jraz/application/api/controller/News.php ]
[ info ] [ DB ] INIT mysql
[ info ] [ LOG ] INIT File
[ sql ] [ DB ] CONNECT:[ UseTime:0.000786s ] mysql:dbname=jraz;host=106.15.199.8;port=3306;charset=utf8
[ sql ] [ SQL ] SHOW COLUMNS FROM `news` [ RunTime:0.001085s ]
[ sql ] [ SQL ] SELECT `id`,`title`,`picture`,`source`,`comment` FROM `news` WHERE  `cate` = 1  AND `status` = 1 ORDER BY publish_time desc LIMIT 0,5 [ RunTime:0.000702s ]
[ sql ] [ SQL ] SELECT COUNT(*) AS tp_count FROM `news` WHERE  `cate` = 1  AND `status` = 1 LIMIT 1 [ RunTime:0.000519s ]
[ error ] [8]未定义变量: class[/opt/php/jraz/thinkphp/helper.php:587]

---------------------------------------------------------------
[ 2018-03-15T10:37:26+08:00 ] 172.19.27.227 117.136.45.64 POST /jraz/api/news/newsList
[ log ] 106.15.199.8/jraz/api/news/newsList [运行时间：0.027634s][吞吐率：36.19req/s] [内存消耗：3,287.41kb] [文件加载：56]
[ info ] [ LANG ] /opt/php/jraz/thinkphp/lang/zh-cn.php
[ info ] [ ROUTE ] array (
  'type' => 'module',
  'module' => 
  array (
    0 => 'api',
    1 => 'news',
    2 => 'newsList',
  ),
)
[ info ] [ HEADER ] array (
  'token' => '',
  'content-type' => 'application/x-www-form-urlencoded',
  'content-length' => '13',
  'host' => '106.15.199.8',
  'connection' => 'Keep-Alive',
  'accept-encoding' => 'gzip',
  'user-agent' => 'okhttp/3.8.0',
)
[ info ] [ PARAM ] array (
  'cate_id' => '2',
  'p' => '1',
)
[ info ] [ RUN ] app\api\controller\News->newsList[ /opt/php/jraz/application/api/controller/News.php ]
[ info ] [ DB ] INIT mysql
[ info ] [ LOG ] INIT File
[ sql ] [ DB ] CONNECT:[ UseTime:0.000803s ] mysql:dbname=jraz;host=106.15.199.8;port=3306;charset=utf8
[ sql ] [ SQL ] SHOW COLUMNS FROM `news` [ RunTime:0.001076s ]
[ sql ] [ SQL ] SELECT `id`,`title`,`picture`,`source`,`comment` FROM `news` WHERE  `cate` = 2  AND `status` = 1 ORDER BY publish_time desc LIMIT 0,5 [ RunTime:0.000722s ]
[ sql ] [ SQL ] SELECT COUNT(*) AS tp_count FROM `news` WHERE  `cate` = 2  AND `status` = 1 LIMIT 1 [ RunTime:0.000558s ]
[ error ] [8]未定义变量: class[/opt/php/jraz/thinkphp/helper.php:587]

---------------------------------------------------------------
[ 2018-03-15T10:37:27+08:00 ] 172.19.27.227 117.136.45.64 POST /jraz/api/news/newsList
[ log ] 106.15.199.8/jraz/api/news/newsList [运行时间：0.027330s][吞吐率：36.59req/s] [内存消耗：3,286.59kb] [文件加载：56]
[ info ] [ LANG ] /opt/php/jraz/thinkphp/lang/zh-cn.php
[ info ] [ ROUTE ] array (
  'type' => 'module',
  'module' => 
  array (
    0 => 'api',
    1 => 'news',
    2 => 'newsList',
  ),
)
[ info ] [ HEADER ] array (
  'token' => '',
  'content-type' => 'application/x-www-form-urlencoded',
  'content-length' => '13',
  'host' => '106.15.199.8',
  'connection' => 'Keep-Alive',
  'accept-encoding' => 'gzip',
  'user-agent' => 'okhttp/3.8.0',
)
[ info ] [ PARAM ] array (
  'cate_id' => '2',
  'p' => '2',
)
[ info ] [ RUN ] app\api\controller\News->newsList[ /opt/php/jraz/application/api/controller/News.php ]
[ info ] [ DB ] INIT mysql
[ info ] [ LOG ] INIT File
[ sql ] [ DB ] CONNECT:[ UseTime:0.000820s ] mysql:dbname=jraz;host=106.15.199.8;port=3306;charset=utf8
[ sql ] [ SQL ] SHOW COLUMNS FROM `news` [ RunTime:0.001090s ]
[ sql ] [ SQL ] SELECT `id`,`title`,`picture`,`source`,`comment` FROM `news` WHERE  `cate` = 2  AND `status` = 1 ORDER BY publish_time desc LIMIT 5,5 [ RunTime:0.000709s ]
[ sql ] [ SQL ] SELECT COUNT(*) AS tp_count FROM `news` WHERE  `cate` = 2  AND `status` = 1 LIMIT 1 [ RunTime:0.000578s ]
[ error ] [8]未定义变量: class[/opt/php/jraz/thinkphp/helper.php:587]

---------------------------------------------------------------
[ 2018-03-15T10:37:28+08:00 ] 172.19.27.227 117.136.45.64 POST /jraz/api/news/newsDet
[ log ] 106.15.199.8/jraz/api/news/newsDet [运行时间：0.030135s][吞吐率：33.18req/s] [内存消耗：3,207.23kb] [文件加载：52]
[ info ] [ LANG ] /opt/php/jraz/thinkphp/lang/zh-cn.php
[ info ] [ ROUTE ] array (
  'type' => 'module',
  'module' => 
  array (
    0 => 'api',
    1 => 'news',
    2 => 'newsDet',
  ),
)
[ info ] [ HEADER ] array (
  'token' => '',
  'content-type' => 'application/x-www-form-urlencoded',
  'content-length' => '6',
  'host' => '106.15.199.8',
  'connection' => 'Keep-Alive',
  'accept-encoding' => 'gzip',
  'user-agent' => 'okhttp/3.8.0',
)
[ info ] [ PARAM ] array (
  'id' => '211',
)
[ info ] [ RUN ] app\api\controller\News->newsDet[ /opt/php/jraz/application/api/controller/News.php ]
[ info ] [ DB ] INIT mysql
[ info ] [ LOG ] INIT File
[ sql ] [ DB ] CONNECT:[ UseTime:0.000817s ] mysql:dbname=jraz;host=106.15.199.8;port=3306;charset=utf8
[ sql ] [ SQL ] SHOW COLUMNS FROM `news` [ RunTime:0.001085s ]
[ sql ] [ SQL ] SELECT `id`,`author_id`,`title`,`publish_time`,`source`,`statement`,`interest` FROM `news` WHERE  `id` = 211 LIMIT 1 [ RunTime:0.000582s ]
[ sql ] [ SQL ] SHOW COLUMNS FROM `config` [ RunTime:0.000837s ]
[ sql ] [ SQL ] SELECT `value` FROM `config` WHERE  `desc` = '1' LIMIT 1 [ RunTime:0.000489s ]
[ sql ] [ SQL ] SHOW COLUMNS FROM `admin` [ RunTime:0.000827s ]
[ sql ] [ SQL ] SELECT `nickname`,`head_portrait` FROM `admin` WHERE  (  admin_id=1 ) LIMIT 1 [ RunTime:0.000469s ]
[ sql ] [ SQL ] SHOW COLUMNS FROM `user_post_reply` [ RunTime:0.000890s ]
[ sql ] [ SQL ] SELECT `id`,`post_id`,`msg_id`,`time`,`content`,`pid` FROM `user_post_reply` WHERE  `post_id` = 211  AND `pid` = 0 LIMIT 3 [ RunTime:0.000524s ]
[ sql ] [ SQL ] SELECT `id`,`title`,`publish_time`,`source`,`picture` FROM `news` WHERE  `publish_time` <= 1521043200  AND `status` = 1 ORDER BY id desc LIMIT 3 [ RunTime:0.000554s ]

---------------------------------------------------------------
[ 2018-03-15T10:37:28+08:00 ] 172.19.27.227 117.136.45.64 GET /jraz/admin/news/test/id/211
[ log ] 106.15.199.8/jraz/admin/news/test/id/211 [运行时间：0.027697s][吞吐率：36.10req/s] [内存消耗：3,501.07kb] [文件加载：62]
[ info ] [ LANG ] /opt/php/jraz/thinkphp/lang/zh-cn.php
[ info ] [ ROUTE ] array (
  'type' => 'module',
  'module' => 
  array (
    0 => 'admin',
    1 => 'news',
    2 => 'test',
  ),
)
[ info ] [ HEADER ] array (
  'host' => '106.15.199.8',
  'connection' => 'keep-alive',
  'upgrade-insecure-requests' => '1',
  'user-agent' => 'Mozilla/5.0 (Linux; Android 7.1.1; PRO 6 Build/NMF26O; wv) AppleWebKit/537.36 (KHTML, like Gecko) Version/4.0 Chrome/51.0.2704.110 Mobile Safari/537.36',
  'accept' => 'text/html,application/xhtml+xml,application/xml;q=0.9,image/webp,*/*;q=0.8',
  'accept-encoding' => 'gzip, deflate',
  'accept-language' => 'zh-CN,en-US;q=0.8',
  'cookie' => 'PHPSESSID=hv3ug38guuesqr0u5p761l97o5',
  'x-requested-with' => 'com.ant',
  'content-type' => '',
  'content-length' => '',
)
[ info ] [ PARAM ] array (
  'id' => '211',
)
[ info ] [ RUN ] app\admin\controller\News->test[ /opt/php/jraz/application/admin/controller/News.php ]
[ info ] [ DB ] INIT mysql
[ info ] [ VIEW ] ./application/admin/view/news/test.html [ array (
  0 => 'action',
  1 => 'navigate_admin',
  2 => 'list',
) ]
[ info ] [ LOG ] INIT File
[ error ] [8]未定义数组索引: admin/news[/opt/php/jraz/application/admin/common.php:59]
[ error ] [8]未定义数组索引: admin/news[/opt/php/jraz/application/admin/common.php:60]
[ sql ] [ DB ] CONNECT:[ UseTime:0.000681s ] mysql:dbname=jraz;host=106.15.199.8;port=3306;charset=utf8
[ sql ] [ SQL ] SHOW COLUMNS FROM `news` [ RunTime:0.001005s ]
[ sql ] [ SQL ] SELECT * FROM `news` WHERE  `id` = 211 LIMIT 1 [ RunTime:0.000616s ]

---------------------------------------------------------------
[ 2018-03-15T10:37:35+08:00 ] 172.19.27.227 117.136.45.64 POST /jraz/api/news/newsList
[ log ] 106.15.199.8/jraz/api/news/newsList [运行时间：0.026047s][吞吐率：38.39req/s] [内存消耗：3,286.59kb] [文件加载：56]
[ info ] [ LANG ] /opt/php/jraz/thinkphp/lang/zh-cn.php
[ info ] [ ROUTE ] array (
  'type' => 'module',
  'module' => 
  array (
    0 => 'api',
    1 => 'news',
    2 => 'newsList',
  ),
)
[ info ] [ HEADER ] array (
  'token' => '',
  'content-type' => 'application/x-www-form-urlencoded',
  'content-length' => '13',
  'host' => '106.15.199.8',
  'connection' => 'Keep-Alive',
  'accept-encoding' => 'gzip',
  'user-agent' => 'okhttp/3.8.0',
)
[ info ] [ PARAM ] array (
  'cate_id' => '2',
  'p' => '2',
)
[ info ] [ RUN ] app\api\controller\News->newsList[ /opt/php/jraz/application/api/controller/News.php ]
[ info ] [ DB ] INIT mysql
[ info ] [ LOG ] INIT File
[ sql ] [ DB ] CONNECT:[ UseTime:0.000853s ] mysql:dbname=jraz;host=106.15.199.8;port=3306;charset=utf8
[ sql ] [ SQL ] SHOW COLUMNS FROM `news` [ RunTime:0.001106s ]
[ sql ] [ SQL ] SELECT `id`,`title`,`picture`,`source`,`comment` FROM `news` WHERE  `cate` = 2  AND `status` = 1 ORDER BY publish_time desc LIMIT 5,5 [ RunTime:0.000690s ]
[ sql ] [ SQL ] SELECT COUNT(*) AS tp_count FROM `news` WHERE  `cate` = 2  AND `status` = 1 LIMIT 1 [ RunTime:0.000562s ]
[ error ] [8]未定义变量: class[/opt/php/jraz/thinkphp/helper.php:587]

---------------------------------------------------------------
[ 2018-03-15T10:37:37+08:00 ] 172.19.27.227 117.136.45.64 POST /jraz/api/news/newsList
[ log ] 106.15.199.8/jraz/api/news/newsList [运行时间：0.025783s][吞吐率：38.79req/s] [内存消耗：3,286.98kb] [文件加载：56]
[ info ] [ LANG ] /opt/php/jraz/thinkphp/lang/zh-cn.php
[ info ] [ ROUTE ] array (
  'type' => 'module',
  'module' => 
  array (
    0 => 'api',
    1 => 'news',
    2 => 'newsList',
  ),
)
[ info ] [ HEADER ] array (
  'token' => '',
  'content-type' => 'application/x-www-form-urlencoded',
  'content-length' => '13',
  'host' => '106.15.199.8',
  'connection' => 'Keep-Alive',
  'accept-encoding' => 'gzip',
  'user-agent' => 'okhttp/3.8.0',
)
[ info ] [ PARAM ] array (
  'cate_id' => '4',
  'p' => '1',
)
[ info ] [ RUN ] app\api\controller\News->newsList[ /opt/php/jraz/application/api/controller/News.php ]
[ info ] [ DB ] INIT mysql
[ info ] [ LOG ] INIT File
[ sql ] [ DB ] CONNECT:[ UseTime:0.000779s ] mysql:dbname=jraz;host=106.15.199.8;port=3306;charset=utf8
[ sql ] [ SQL ] SHOW COLUMNS FROM `news` [ RunTime:0.001098s ]
[ sql ] [ SQL ] SELECT `id`,`title`,`picture`,`source`,`comment` FROM `news` WHERE  `cate` = 4  AND `status` = 1 ORDER BY publish_time desc LIMIT 0,5 [ RunTime:0.000686s ]
[ sql ] [ SQL ] SELECT COUNT(*) AS tp_count FROM `news` WHERE  `cate` = 4  AND `status` = 1 LIMIT 1 [ RunTime:0.000550s ]
[ error ] [8]未定义变量: class[/opt/php/jraz/thinkphp/helper.php:587]

---------------------------------------------------------------
[ 2018-03-15T10:37:37+08:00 ] 172.19.27.227 117.136.45.64 POST /jraz/api/news/rotationList
[ log ] 106.15.199.8/jraz/api/news/rotationList [运行时间：0.025460s][吞吐率：39.28req/s] [内存消耗：3,172.60kb] [文件加载：52]
[ info ] [ LANG ] /opt/php/jraz/thinkphp/lang/zh-cn.php
[ info ] [ ROUTE ] array (
  'type' => 'module',
  'module' => 
  array (
    0 => 'api',
    1 => 'news',
    2 => 'rotationList',
  ),
)
[ info ] [ HEADER ] array (
  'token' => '',
  'content-type' => 'application/x-www-form-urlencoded',
  'content-length' => '9',
  'host' => '106.15.199.8',
  'connection' => 'Keep-Alive',
  'accept-encoding' => 'gzip',
  'user-agent' => 'okhttp/3.8.0',
)
[ info ] [ PARAM ] array (
  'cate_id' => '4',
)
[ info ] [ RUN ] app\api\controller\News->rotationList[ /opt/php/jraz/application/api/controller/News.php ]
[ info ] [ DB ] INIT mysql
[ info ] [ LOG ] INIT File
[ sql ] [ DB ] CONNECT:[ UseTime:0.000797s ] mysql:dbname=jraz;host=106.15.199.8;port=3306;charset=utf8
[ sql ] [ SQL ] SHOW COLUMNS FROM `news` [ RunTime:0.001104s ]
[ sql ] [ SQL ] SELECT `id`,`title`,`picture` FROM `news` WHERE  `cate` = 4  AND `status` = 1  AND `is_rotation` = 1 ORDER BY publish_time desc LIMIT 5 [ RunTime:0.000657s ]

---------------------------------------------------------------
[ 2018-03-15T10:37:38+08:00 ] 172.19.27.227 117.136.45.64 POST /jraz/api/news/newsList
[ log ] 106.15.199.8/jraz/api/news/newsList [运行时间：0.025998s][吞吐率：38.46req/s] [内存消耗：3,287.60kb] [文件加载：56]
[ info ] [ LANG ] /opt/php/jraz/thinkphp/lang/zh-cn.php
[ info ] [ ROUTE ] array (
  'type' => 'module',
  'module' => 
  array (
    0 => 'api',
    1 => 'news',
    2 => 'newsList',
  ),
)
[ info ] [ HEADER ] array (
  'token' => '',
  'content-type' => 'application/x-www-form-urlencoded',
  'content-length' => '13',
  'host' => '106.15.199.8',
  'connection' => 'Keep-Alive',
  'accept-encoding' => 'gzip',
  'user-agent' => 'okhttp/3.8.0',
)
[ info ] [ PARAM ] array (
  'cate_id' => '5',
  'p' => '1',
)
[ info ] [ RUN ] app\api\controller\News->newsList[ /opt/php/jraz/application/api/controller/News.php ]
[ info ] [ DB ] INIT mysql
[ info ] [ LOG ] INIT File
[ sql ] [ DB ] CONNECT:[ UseTime:0.000833s ] mysql:dbname=jraz;host=106.15.199.8;port=3306;charset=utf8
[ sql ] [ SQL ] SHOW COLUMNS FROM `news` [ RunTime:0.001077s ]
[ sql ] [ SQL ] SELECT `id`,`title`,`picture`,`source`,`comment` FROM `news` WHERE  `cate` = 5  AND `status` = 1 ORDER BY publish_time desc LIMIT 0,5 [ RunTime:0.000732s ]
[ sql ] [ SQL ] SELECT COUNT(*) AS tp_count FROM `news` WHERE  `cate` = 5  AND `status` = 1 LIMIT 1 [ RunTime:0.000522s ]
[ error ] [8]未定义变量: class[/opt/php/jraz/thinkphp/helper.php:587]

---------------------------------------------------------------
[ 2018-03-15T10:37:38+08:00 ] 172.19.27.227 117.136.45.64 POST /jraz/api/news/rotationList
[ log ] 106.15.199.8/jraz/api/news/rotationList [运行时间：0.024257s][吞吐率：41.22req/s] [内存消耗：3,172.60kb] [文件加载：52]
[ info ] [ LANG ] /opt/php/jraz/thinkphp/lang/zh-cn.php
[ info ] [ ROUTE ] array (
  'type' => 'module',
  'module' => 
  array (
    0 => 'api',
    1 => 'news',
    2 => 'rotationList',
  ),
)
[ info ] [ HEADER ] array (
  'token' => '',
  'content-type' => 'application/x-www-form-urlencoded',
  'content-length' => '9',
  'host' => '106.15.199.8',
  'connection' => 'Keep-Alive',
  'accept-encoding' => 'gzip',
  'user-agent' => 'okhttp/3.8.0',
)
[ info ] [ PARAM ] array (
  'cate_id' => '5',
)
[ info ] [ RUN ] app\api\controller\News->rotationList[ /opt/php/jraz/application/api/controller/News.php ]
[ info ] [ DB ] INIT mysql
[ info ] [ LOG ] INIT File
[ sql ] [ DB ] CONNECT:[ UseTime:0.000835s ] mysql:dbname=jraz;host=106.15.199.8;port=3306;charset=utf8
[ sql ] [ SQL ] SHOW COLUMNS FROM `news` [ RunTime:0.001115s ]
[ sql ] [ SQL ] SELECT `id`,`title`,`picture` FROM `news` WHERE  `cate` = 5  AND `status` = 1  AND `is_rotation` = 1 ORDER BY publish_time desc LIMIT 5 [ RunTime:0.000737s ]

---------------------------------------------------------------
[ 2018-03-15T10:37:39+08:00 ] 172.19.27.227 117.136.45.64 POST /jraz/api/news/newsList
[ log ] 106.15.199.8/jraz/api/news/newsList [运行时间：0.028980s][吞吐率：34.51req/s] [内存消耗：3,289.31kb] [文件加载：56]
[ info ] [ LANG ] /opt/php/jraz/thinkphp/lang/zh-cn.php
[ info ] [ ROUTE ] array (
  'type' => 'module',
  'module' => 
  array (
    0 => 'api',
    1 => 'news',
    2 => 'newsList',
  ),
)
[ info ] [ HEADER ] array (
  'token' => '',
  'content-type' => 'application/x-www-form-urlencoded',
  'content-length' => '13',
  'host' => '106.15.199.8',
  'connection' => 'Keep-Alive',
  'accept-encoding' => 'gzip',
  'user-agent' => 'okhttp/3.8.0',
)
[ info ] [ PARAM ] array (
  'cate_id' => '6',
  'p' => '1',
)
[ info ] [ RUN ] app\api\controller\News->newsList[ /opt/php/jraz/application/api/controller/News.php ]
[ info ] [ DB ] INIT mysql
[ info ] [ LOG ] INIT File
[ sql ] [ DB ] CONNECT:[ UseTime:0.000821s ] mysql:dbname=jraz;host=106.15.199.8;port=3306;charset=utf8
[ sql ] [ SQL ] SHOW COLUMNS FROM `news` [ RunTime:0.003945s ]
[ sql ] [ SQL ] SELECT `id`,`title`,`picture`,`source`,`comment` FROM `news` WHERE  `cate` = 6  AND `status` = 1 ORDER BY publish_time desc LIMIT 0,5 [ RunTime:0.000742s ]
[ sql ] [ SQL ] SELECT COUNT(*) AS tp_count FROM `news` WHERE  `cate` = 6  AND `status` = 1 LIMIT 1 [ RunTime:0.000541s ]
[ error ] [8]未定义变量: class[/opt/php/jraz/thinkphp/helper.php:587]

---------------------------------------------------------------
[ 2018-03-15T10:37:39+08:00 ] 172.19.27.227 117.136.45.64 POST /jraz/api/news/rotationList
[ log ] 106.15.199.8/jraz/api/news/rotationList [运行时间：0.024190s][吞吐率：41.34req/s] [内存消耗：3,172.60kb] [文件加载：52]
[ info ] [ LANG ] /opt/php/jraz/thinkphp/lang/zh-cn.php
[ info ] [ ROUTE ] array (
  'type' => 'module',
  'module' => 
  array (
    0 => 'api',
    1 => 'news',
    2 => 'rotationList',
  ),
)
[ info ] [ HEADER ] array (
  'token' => '',
  'content-type' => 'application/x-www-form-urlencoded',
  'content-length' => '9',
  'host' => '106.15.199.8',
  'connection' => 'Keep-Alive',
  'accept-encoding' => 'gzip',
  'user-agent' => 'okhttp/3.8.0',
)
[ info ] [ PARAM ] array (
  'cate_id' => '6',
)
[ info ] [ RUN ] app\api\controller\News->rotationList[ /opt/php/jraz/application/api/controller/News.php ]
[ info ] [ DB ] INIT mysql
[ info ] [ LOG ] INIT File
[ sql ] [ DB ] CONNECT:[ UseTime:0.000801s ] mysql:dbname=jraz;host=106.15.199.8;port=3306;charset=utf8
[ sql ] [ SQL ] SHOW COLUMNS FROM `news` [ RunTime:0.001088s ]
[ sql ] [ SQL ] SELECT `id`,`title`,`picture` FROM `news` WHERE  `cate` = 6  AND `status` = 1  AND `is_rotation` = 1 ORDER BY publish_time desc LIMIT 5 [ RunTime:0.000708s ]

---------------------------------------------------------------
[ 2018-03-15T10:37:40+08:00 ] 172.19.27.227 117.136.45.64 POST /jraz/api/news/newsList
[ log ] 106.15.199.8/jraz/api/news/newsList [运行时间：0.027097s][吞吐率：36.90req/s] [内存消耗：3,276.96kb] [文件加载：56]
[ info ] [ LANG ] /opt/php/jraz/thinkphp/lang/zh-cn.php
[ info ] [ ROUTE ] array (
  'type' => 'module',
  'module' => 
  array (
    0 => 'api',
    1 => 'news',
    2 => 'newsList',
  ),
)
[ info ] [ HEADER ] array (
  'token' => '',
  'content-type' => 'application/x-www-form-urlencoded',
  'content-length' => '13',
  'host' => '106.15.199.8',
  'connection' => 'Keep-Alive',
  'accept-encoding' => 'gzip',
  'user-agent' => 'okhttp/3.8.0',
)
[ info ] [ PARAM ] array (
  'cate_id' => '7',
  'p' => '1',
)
[ info ] [ RUN ] app\api\controller\News->newsList[ /opt/php/jraz/application/api/controller/News.php ]
[ info ] [ DB ] INIT mysql
[ info ] [ LOG ] INIT File
[ sql ] [ DB ] CONNECT:[ UseTime:0.000826s ] mysql:dbname=jraz;host=106.15.199.8;port=3306;charset=utf8
[ sql ] [ SQL ] SHOW COLUMNS FROM `news` [ RunTime:0.001105s ]
[ sql ] [ SQL ] SELECT `id`,`title`,`picture`,`source`,`comment` FROM `news` WHERE  `cate` = 7  AND `status` = 1 ORDER BY publish_time desc LIMIT 0,5 [ RunTime:0.000717s ]
[ sql ] [ SQL ] SELECT COUNT(*) AS tp_count FROM `news` WHERE  `cate` = 7  AND `status` = 1 LIMIT 1 [ RunTime:0.000561s ]
[ error ] [8]未定义变量: class[/opt/php/jraz/thinkphp/helper.php:587]

---------------------------------------------------------------
[ 2018-03-15T10:37:40+08:00 ] 172.19.27.227 117.136.45.64 POST /jraz/api/news/rotationList
[ log ] 106.15.199.8/jraz/api/news/rotationList [运行时间：0.024560s][吞吐率：40.72req/s] [内存消耗：3,172.60kb] [文件加载：52]
[ info ] [ LANG ] /opt/php/jraz/thinkphp/lang/zh-cn.php
[ info ] [ ROUTE ] array (
  'type' => 'module',
  'module' => 
  array (
    0 => 'api',
    1 => 'news',
    2 => 'rotationList',
  ),
)
[ info ] [ HEADER ] array (
  'token' => '',
  'content-type' => 'application/x-www-form-urlencoded',
  'content-length' => '9',
  'host' => '106.15.199.8',
  'connection' => 'Keep-Alive',
  'accept-encoding' => 'gzip',
  'user-agent' => 'okhttp/3.8.0',
)
[ info ] [ PARAM ] array (
  'cate_id' => '7',
)
[ info ] [ RUN ] app\api\controller\News->rotationList[ /opt/php/jraz/application/api/controller/News.php ]
[ info ] [ DB ] INIT mysql
[ info ] [ LOG ] INIT File
[ sql ] [ DB ] CONNECT:[ UseTime:0.000853s ] mysql:dbname=jraz;host=106.15.199.8;port=3306;charset=utf8
[ sql ] [ SQL ] SHOW COLUMNS FROM `news` [ RunTime:0.001091s ]
[ sql ] [ SQL ] SELECT `id`,`title`,`picture` FROM `news` WHERE  `cate` = 7  AND `status` = 1  AND `is_rotation` = 1 ORDER BY publish_time desc LIMIT 5 [ RunTime:0.000721s ]

---------------------------------------------------------------
[ 2018-03-15T10:37:41+08:00 ] 172.19.27.227 117.136.45.64 POST /jraz/api/news/newsList
[ log ] 106.15.199.8/jraz/api/news/newsList [运行时间：0.026147s][吞吐率：38.25req/s] [内存消耗：3,286.49kb] [文件加载：56]
[ info ] [ LANG ] /opt/php/jraz/thinkphp/lang/zh-cn.php
[ info ] [ ROUTE ] array (
  'type' => 'module',
  'module' => 
  array (
    0 => 'api',
    1 => 'news',
    2 => 'newsList',
  ),
)
[ info ] [ HEADER ] array (
  'token' => '',
  'content-type' => 'application/x-www-form-urlencoded',
  'content-length' => '13',
  'host' => '106.15.199.8',
  'connection' => 'Keep-Alive',
  'accept-encoding' => 'gzip',
  'user-agent' => 'okhttp/3.8.0',
)
[ info ] [ PARAM ] array (
  'cate_id' => '8',
  'p' => '1',
)
[ info ] [ RUN ] app\api\controller\News->newsList[ /opt/php/jraz/application/api/controller/News.php ]
[ info ] [ DB ] INIT mysql
[ info ] [ LOG ] INIT File
[ sql ] [ DB ] CONNECT:[ UseTime:0.000801s ] mysql:dbname=jraz;host=106.15.199.8;port=3306;charset=utf8
[ sql ] [ SQL ] SHOW COLUMNS FROM `news` [ RunTime:0.001044s ]
[ sql ] [ SQL ] SELECT `id`,`title`,`picture`,`source`,`comment` FROM `news` WHERE  `cate` = 8  AND `status` = 1 ORDER BY publish_time desc LIMIT 0,5 [ RunTime:0.000703s ]
[ sql ] [ SQL ] SELECT COUNT(*) AS tp_count FROM `news` WHERE  `cate` = 8  AND `status` = 1 LIMIT 1 [ RunTime:0.000575s ]
[ error ] [8]未定义变量: class[/opt/php/jraz/thinkphp/helper.php:587]

---------------------------------------------------------------
[ 2018-03-15T10:37:41+08:00 ] 172.19.27.227 117.136.45.64 POST /jraz/api/news/rotationList
[ log ] 106.15.199.8/jraz/api/news/rotationList [运行时间：0.024465s][吞吐率：40.87req/s] [内存消耗：3,172.60kb] [文件加载：52]
[ info ] [ LANG ] /opt/php/jraz/thinkphp/lang/zh-cn.php
[ info ] [ ROUTE ] array (
  'type' => 'module',
  'module' => 
  array (
    0 => 'api',
    1 => 'news',
    2 => 'rotationList',
  ),
)
[ info ] [ HEADER ] array (
  'token' => '',
  'content-type' => 'application/x-www-form-urlencoded',
  'content-length' => '9',
  'host' => '106.15.199.8',
  'connection' => 'Keep-Alive',
  'accept-encoding' => 'gzip',
  'user-agent' => 'okhttp/3.8.0',
)
[ info ] [ PARAM ] array (
  'cate_id' => '8',
)
[ info ] [ RUN ] app\api\controller\News->rotationList[ /opt/php/jraz/application/api/controller/News.php ]
[ info ] [ DB ] INIT mysql
[ info ] [ LOG ] INIT File
[ sql ] [ DB ] CONNECT:[ UseTime:0.000803s ] mysql:dbname=jraz;host=106.15.199.8;port=3306;charset=utf8
[ sql ] [ SQL ] SHOW COLUMNS FROM `news` [ RunTime:0.001102s ]
[ sql ] [ SQL ] SELECT `id`,`title`,`picture` FROM `news` WHERE  `cate` = 8  AND `status` = 1  AND `is_rotation` = 1 ORDER BY publish_time desc LIMIT 5 [ RunTime:0.000698s ]

---------------------------------------------------------------
[ 2018-03-15T10:37:41+08:00 ] 172.19.27.227 117.136.45.64 POST /jraz/api/news/newsList
[ log ] 106.15.199.8/jraz/api/news/newsList [运行时间：0.026065s][吞吐率：38.37req/s] [内存消耗：3,281.19kb] [文件加载：56]
[ info ] [ LANG ] /opt/php/jraz/thinkphp/lang/zh-cn.php
[ info ] [ ROUTE ] array (
  'type' => 'module',
  'module' => 
  array (
    0 => 'api',
    1 => 'news',
    2 => 'newsList',
  ),
)
[ info ] [ HEADER ] array (
  'token' => '',
  'content-type' => 'application/x-www-form-urlencoded',
  'content-length' => '13',
  'host' => '106.15.199.8',
  'connection' => 'Keep-Alive',
  'accept-encoding' => 'gzip',
  'user-agent' => 'okhttp/3.8.0',
)
[ info ] [ PARAM ] array (
  'cate_id' => '9',
  'p' => '1',
)
[ info ] [ RUN ] app\api\controller\News->newsList[ /opt/php/jraz/application/api/controller/News.php ]
[ info ] [ DB ] INIT mysql
[ info ] [ LOG ] INIT File
[ sql ] [ DB ] CONNECT:[ UseTime:0.000723s ] mysql:dbname=jraz;host=106.15.199.8;port=3306;charset=utf8
[ sql ] [ SQL ] SHOW COLUMNS FROM `news` [ RunTime:0.001012s ]
[ sql ] [ SQL ] SELECT `id`,`title`,`picture`,`source`,`comment` FROM `news` WHERE  `cate` = 9  AND `status` = 1 ORDER BY publish_time desc LIMIT 0,5 [ RunTime:0.000634s ]
[ sql ] [ SQL ] SELECT COUNT(*) AS tp_count FROM `news` WHERE  `cate` = 9  AND `status` = 1 LIMIT 1 [ RunTime:0.000544s ]
[ error ] [8]未定义变量: class[/opt/php/jraz/thinkphp/helper.php:587]

---------------------------------------------------------------
[ 2018-03-15T10:37:41+08:00 ] 172.19.27.227 117.136.45.64 POST /jraz/api/news/rotationList
[ log ] 106.15.199.8/jraz/api/news/rotationList [运行时间：0.023955s][吞吐率：41.74req/s] [内存消耗：3,172.60kb] [文件加载：52]
[ info ] [ LANG ] /opt/php/jraz/thinkphp/lang/zh-cn.php
[ info ] [ ROUTE ] array (
  'type' => 'module',
  'module' => 
  array (
    0 => 'api',
    1 => 'news',
    2 => 'rotationList',
  ),
)
[ info ] [ HEADER ] array (
  'token' => '',
  'content-type' => 'application/x-www-form-urlencoded',
  'content-length' => '9',
  'host' => '106.15.199.8',
  'connection' => 'Keep-Alive',
  'accept-encoding' => 'gzip',
  'user-agent' => 'okhttp/3.8.0',
)
[ info ] [ PARAM ] array (
  'cate_id' => '9',
)
[ info ] [ RUN ] app\api\controller\News->rotationList[ /opt/php/jraz/application/api/controller/News.php ]
[ info ] [ DB ] INIT mysql
[ info ] [ LOG ] INIT File
[ sql ] [ DB ] CONNECT:[ UseTime:0.000790s ] mysql:dbname=jraz;host=106.15.199.8;port=3306;charset=utf8
[ sql ] [ SQL ] SHOW COLUMNS FROM `news` [ RunTime:0.001073s ]
[ sql ] [ SQL ] SELECT `id`,`title`,`picture` FROM `news` WHERE  `cate` = 9  AND `status` = 1  AND `is_rotation` = 1 ORDER BY publish_time desc LIMIT 5 [ RunTime:0.000715s ]

---------------------------------------------------------------
[ 2018-03-15T10:37:42+08:00 ] 172.19.27.227 117.136.45.64 POST /jraz/api/news/newsList
[ log ] 106.15.199.8/jraz/api/news/newsList [运行时间：0.025519s][吞吐率：39.19req/s] [内存消耗：3,281.76kb] [文件加载：56]
[ info ] [ LANG ] /opt/php/jraz/thinkphp/lang/zh-cn.php
[ info ] [ ROUTE ] array (
  'type' => 'module',
  'module' => 
  array (
    0 => 'api',
    1 => 'news',
    2 => 'newsList',
  ),
)
[ info ] [ HEADER ] array (
  'token' => '',
  'content-type' => 'application/x-www-form-urlencoded',
  'content-length' => '14',
  'host' => '106.15.199.8',
  'connection' => 'Keep-Alive',
  'accept-encoding' => 'gzip',
  'user-agent' => 'okhttp/3.8.0',
)
[ info ] [ PARAM ] array (
  'cate_id' => '10',
  'p' => '1',
)
[ info ] [ RUN ] app\api\controller\News->newsList[ /opt/php/jraz/application/api/controller/News.php ]
[ info ] [ DB ] INIT mysql
[ info ] [ LOG ] INIT File
[ sql ] [ DB ] CONNECT:[ UseTime:0.000709s ] mysql:dbname=jraz;host=106.15.199.8;port=3306;charset=utf8
[ sql ] [ SQL ] SHOW COLUMNS FROM `news` [ RunTime:0.001037s ]
[ sql ] [ SQL ] SELECT `id`,`title`,`picture`,`source`,`comment` FROM `news` WHERE  `cate` = 10  AND `status` = 1 ORDER BY publish_time desc LIMIT 0,5 [ RunTime:0.000635s ]
[ sql ] [ SQL ] SELECT COUNT(*) AS tp_count FROM `news` WHERE  `cate` = 10  AND `status` = 1 LIMIT 1 [ RunTime:0.000533s ]
[ error ] [8]未定义变量: class[/opt/php/jraz/thinkphp/helper.php:587]

---------------------------------------------------------------
[ 2018-03-15T10:37:42+08:00 ] 172.19.27.227 117.136.45.64 POST /jraz/api/news/rotationList
[ log ] 106.15.199.8/jraz/api/news/rotationList [运行时间：0.024175s][吞吐率：41.37req/s] [内存消耗：3,172.77kb] [文件加载：52]
[ info ] [ LANG ] /opt/php/jraz/thinkphp/lang/zh-cn.php
[ info ] [ ROUTE ] array (
  'type' => 'module',
  'module' => 
  array (
    0 => 'api',
    1 => 'news',
    2 => 'rotationList',
  ),
)
[ info ] [ HEADER ] array (
  'token' => '',
  'content-type' => 'application/x-www-form-urlencoded',
  'content-length' => '10',
  'host' => '106.15.199.8',
  'connection' => 'Keep-Alive',
  'accept-encoding' => 'gzip',
  'user-agent' => 'okhttp/3.8.0',
)
[ info ] [ PARAM ] array (
  'cate_id' => '10',
)
[ info ] [ RUN ] app\api\controller\News->rotationList[ /opt/php/jraz/application/api/controller/News.php ]
[ info ] [ DB ] INIT mysql
[ info ] [ LOG ] INIT File
[ sql ] [ DB ] CONNECT:[ UseTime:0.000844s ] mysql:dbname=jraz;host=106.15.199.8;port=3306;charset=utf8
[ sql ] [ SQL ] SHOW COLUMNS FROM `news` [ RunTime:0.001051s ]
[ sql ] [ SQL ] SELECT `id`,`title`,`picture` FROM `news` WHERE  `cate` = 10  AND `status` = 1  AND `is_rotation` = 1 ORDER BY publish_time desc LIMIT 5 [ RunTime:0.000694s ]

---------------------------------------------------------------
[ 2018-03-15T10:37:42+08:00 ] 172.19.27.227 117.136.45.64 POST /jraz/api/news/newsList
[ log ] 106.15.199.8/jraz/api/news/newsList [运行时间：0.025893s][吞吐率：38.62req/s] [内存消耗：3,289.32kb] [文件加载：56]
[ info ] [ LANG ] /opt/php/jraz/thinkphp/lang/zh-cn.php
[ info ] [ ROUTE ] array (
  'type' => 'module',
  'module' => 
  array (
    0 => 'api',
    1 => 'news',
    2 => 'newsList',
  ),
)
[ info ] [ HEADER ] array (
  'token' => '',
  'content-type' => 'application/x-www-form-urlencoded',
  'content-length' => '14',
  'host' => '106.15.199.8',
  'connection' => 'Keep-Alive',
  'accept-encoding' => 'gzip',
  'user-agent' => 'okhttp/3.8.0',
)
[ info ] [ PARAM ] array (
  'cate_id' => '13',
  'p' => '1',
)
[ info ] [ RUN ] app\api\controller\News->newsList[ /opt/php/jraz/application/api/controller/News.php ]
[ info ] [ DB ] INIT mysql
[ info ] [ LOG ] INIT File
[ sql ] [ DB ] CONNECT:[ UseTime:0.000798s ] mysql:dbname=jraz;host=106.15.199.8;port=3306;charset=utf8
[ sql ] [ SQL ] SHOW COLUMNS FROM `news` [ RunTime:0.001109s ]
[ sql ] [ SQL ] SELECT `id`,`title`,`picture`,`source`,`comment` FROM `news` WHERE  `cate` = 13  AND `status` = 1 ORDER BY publish_time desc LIMIT 0,5 [ RunTime:0.000721s ]
[ sql ] [ SQL ] SELECT COUNT(*) AS tp_count FROM `news` WHERE  `cate` = 13  AND `status` = 1 LIMIT 1 [ RunTime:0.000495s ]
[ error ] [8]未定义变量: class[/opt/php/jraz/thinkphp/helper.php:587]

---------------------------------------------------------------
[ 2018-03-15T10:37:42+08:00 ] 172.19.27.227 117.136.45.64 POST /jraz/api/news/rotationList
[ log ] 106.15.199.8/jraz/api/news/rotationList [运行时间：0.025428s][吞吐率：39.33req/s] [内存消耗：3,175.63kb] [文件加载：52]
[ info ] [ LANG ] /opt/php/jraz/thinkphp/lang/zh-cn.php
[ info ] [ ROUTE ] array (
  'type' => 'module',
  'module' => 
  array (
    0 => 'api',
    1 => 'news',
    2 => 'rotationList',
  ),
)
[ info ] [ HEADER ] array (
  'token' => '',
  'content-type' => 'application/x-www-form-urlencoded',
  'content-length' => '10',
  'host' => '106.15.199.8',
  'connection' => 'Keep-Alive',
  'accept-encoding' => 'gzip',
  'user-agent' => 'okhttp/3.8.0',
)
[ info ] [ PARAM ] array (
  'cate_id' => '13',
)
[ info ] [ RUN ] app\api\controller\News->rotationList[ /opt/php/jraz/application/api/controller/News.php ]
[ info ] [ DB ] INIT mysql
[ info ] [ LOG ] INIT File
[ sql ] [ DB ] CONNECT:[ UseTime:0.000816s ] mysql:dbname=jraz;host=106.15.199.8;port=3306;charset=utf8
[ sql ] [ SQL ] SHOW COLUMNS FROM `news` [ RunTime:0.001066s ]
[ sql ] [ SQL ] SELECT `id`,`title`,`picture` FROM `news` WHERE  `cate` = 13  AND `status` = 1  AND `is_rotation` = 1 ORDER BY publish_time desc LIMIT 5 [ RunTime:0.000729s ]

---------------------------------------------------------------
[ 2018-03-15T10:37:43+08:00 ] 172.19.27.227 117.136.45.64 POST /jraz/api/news/newsList
[ log ] 106.15.199.8/jraz/api/news/newsList [运行时间：0.026798s][吞吐率：37.32req/s] [内存消耗：3,276.96kb] [文件加载：56]
[ info ] [ LANG ] /opt/php/jraz/thinkphp/lang/zh-cn.php
[ info ] [ ROUTE ] array (
  'type' => 'module',
  'module' => 
  array (
    0 => 'api',
    1 => 'news',
    2 => 'newsList',
  ),
)
[ info ] [ HEADER ] array (
  'token' => '',
  'content-type' => 'application/x-www-form-urlencoded',
  'content-length' => '14',
  'host' => '106.15.199.8',
  'connection' => 'Keep-Alive',
  'accept-encoding' => 'gzip',
  'user-agent' => 'okhttp/3.8.0',
)
[ info ] [ PARAM ] array (
  'cate_id' => '15',
  'p' => '1',
)
[ info ] [ RUN ] app\api\controller\News->newsList[ /opt/php/jraz/application/api/controller/News.php ]
[ info ] [ DB ] INIT mysql
[ info ] [ LOG ] INIT File
[ sql ] [ DB ] CONNECT:[ UseTime:0.000790s ] mysql:dbname=jraz;host=106.15.199.8;port=3306;charset=utf8
[ sql ] [ SQL ] SHOW COLUMNS FROM `news` [ RunTime:0.001077s ]
[ sql ] [ SQL ] SELECT `id`,`title`,`picture`,`source`,`comment` FROM `news` WHERE  `cate` = 15  AND `status` = 1 ORDER BY publish_time desc LIMIT 0,5 [ RunTime:0.000689s ]
[ sql ] [ SQL ] SELECT COUNT(*) AS tp_count FROM `news` WHERE  `cate` = 15  AND `status` = 1 LIMIT 1 [ RunTime:0.000555s ]
[ error ] [8]未定义变量: class[/opt/php/jraz/thinkphp/helper.php:587]

---------------------------------------------------------------
[ 2018-03-15T10:37:43+08:00 ] 172.19.27.227 117.136.45.64 POST /jraz/api/news/weather
[ log ] 106.15.199.8/jraz/api/news/weather [运行时间：0.189961s][吞吐率：5.26req/s] [内存消耗：2,222.75kb] [文件加载：45]
[ info ] [ LANG ] /opt/php/jraz/thinkphp/lang/zh-cn.php
[ info ] [ ROUTE ] array (
  'type' => 'module',
  'module' => 
  array (
    0 => 'api',
    1 => 'news',
    2 => 'weather',
  ),
)
[ info ] [ HEADER ] array (
  'token' => '',
  'content-type' => 'application/x-www-form-urlencoded',
  'content-length' => '13',
  'host' => '106.15.199.8',
  'connection' => 'Keep-Alive',
  'accept-encoding' => 'gzip',
  'user-agent' => 'okhttp/3.8.0',
)
[ info ] [ PARAM ] array (
  'city' => 'Canberra',
)
[ info ] [ RUN ] app\api\controller\News->weather[ /opt/php/jraz/application/api/controller/News.php ]
[ info ] [ LOG ] INIT File

---------------------------------------------------------------
[ 2018-03-15T10:37:43+08:00 ] 172.19.27.227 117.136.45.64 POST /jraz/api/news/rotationList
[ log ] 106.15.199.8/jraz/api/news/rotationList [运行时间：0.025544s][吞吐率：39.15req/s] [内存消耗：3,172.77kb] [文件加载：52]
[ info ] [ LANG ] /opt/php/jraz/thinkphp/lang/zh-cn.php
[ info ] [ ROUTE ] array (
  'type' => 'module',
  'module' => 
  array (
    0 => 'api',
    1 => 'news',
    2 => 'rotationList',
  ),
)
[ info ] [ HEADER ] array (
  'token' => '',
  'content-type' => 'application/x-www-form-urlencoded',
  'content-length' => '10',
  'host' => '106.15.199.8',
  'connection' => 'Keep-Alive',
  'accept-encoding' => 'gzip',
  'user-agent' => 'okhttp/3.8.0',
)
[ info ] [ PARAM ] array (
  'cate_id' => '15',
)
[ info ] [ RUN ] app\api\controller\News->rotationList[ /opt/php/jraz/application/api/controller/News.php ]
[ info ] [ DB ] INIT mysql
[ info ] [ LOG ] INIT File
[ sql ] [ DB ] CONNECT:[ UseTime:0.000813s ] mysql:dbname=jraz;host=106.15.199.8;port=3306;charset=utf8
[ sql ] [ SQL ] SHOW COLUMNS FROM `news` [ RunTime:0.001085s ]
[ sql ] [ SQL ] SELECT `id`,`title`,`picture` FROM `news` WHERE  `cate` = 15  AND `status` = 1  AND `is_rotation` = 1 ORDER BY publish_time desc LIMIT 5 [ RunTime:0.000663s ]

---------------------------------------------------------------
