[ 2018-03-28T23:05:47+08:00 ] 172.19.27.227 121.237.190.232 GET /jraz/admin/index/index.html
[ log ] 106.15.199.8/jraz/admin/index/index.html [运行时间：0.021090s][吞吐率：47.42req/s] [内存消耗：2,490.95kb] [文件加载：55]
[ info ] [ LANG ] /opt/php/jraz/thinkphp/lang/zh-cn.php
[ info ] [ ROUTE ] array (
  'type' => 'module',
  'module' => 
  array (
    0 => 'admin',
    1 => 'index',
    2 => 'index',
  ),
)
[ info ] [ HEADER ] array (
  'host' => '106.15.199.8',
  'user-agent' => 'Mozilla/5.0 (Windows NT 6.3; Win64; x64; rv:57.0) Gecko/20100101 Firefox/57.0',
  'accept' => 'text/html,application/xhtml+xml,application/xml;q=0.9,*/*;q=0.8',
  'accept-language' => 'zh-CN,zh;q=0.8,zh-TW;q=0.7,zh-HK;q=0.5,en-US;q=0.3,en;q=0.2',
  'accept-encoding' => 'gzip, deflate',
  'cookie' => 'serverType=nginx; order=id%20desc; uploadSize=1073741824; Path=/opt/php/blue/application/index/controller; copyFileName=null; cutFileName=null; memRealUsed=1552; mem-before=1552/3790%20%28MB%29; upNet=0; downNet=0; BatchPaste=1; BatchSelected=null; apacheVersion=; phpVersion=0; p0=1; backup_path=/www/backup; rank=a; memSize=3790; pnull=1',
  'connection' => 'keep-alive',
  'upgrade-insecure-requests' => '1',
  'content-type' => '',
  'content-length' => '',
)
[ info ] [ PARAM ] array (
)
[ info ] [ VIEW ] ./application/admin/view/public/dispatch_jump.html [ array (
  0 => 'action',
  1 => 'code',
  2 => 'msg',
  3 => 'data',
  4 => 'url',
  5 => 'wait',
) ]
[ info ] [ LOG ] INIT File

---------------------------------------------------------------
[ 2018-03-28T23:05:49+08:00 ] 172.19.27.227 121.237.190.232 GET /jraz/admin/Admin/login.html
[ log ] 106.15.199.8/jraz/admin/Admin/login.html [运行时间：0.026321s][吞吐率：37.99req/s] [内存消耗：3,522.28kb] [文件加载：65]
[ info ] [ LANG ] /opt/php/jraz/thinkphp/lang/zh-cn.php
[ info ] [ ROUTE ] array (
  'type' => 'module',
  'module' => 
  array (
    0 => 'admin',
    1 => 'Admin',
    2 => 'login',
  ),
)
[ info ] [ HEADER ] array (
  'host' => '106.15.199.8',
  'user-agent' => 'Mozilla/5.0 (Windows NT 6.3; Win64; x64; rv:57.0) Gecko/20100101 Firefox/57.0',
  'accept' => 'text/html,application/xhtml+xml,application/xml;q=0.9,*/*;q=0.8',
  'accept-language' => 'zh-CN,zh;q=0.8,zh-TW;q=0.7,zh-HK;q=0.5,en-US;q=0.3,en;q=0.2',
  'accept-encoding' => 'gzip, deflate',
  'referer' => 'http://106.15.199.8/jraz/admin/index/index.html',
  'cookie' => 'serverType=nginx; order=id%20desc; uploadSize=1073741824; Path=/opt/php/blue/application/index/controller; copyFileName=null; cutFileName=null; memRealUsed=1552; mem-before=1552/3790%20%28MB%29; upNet=0; downNet=0; BatchPaste=1; BatchSelected=null; apacheVersion=; phpVersion=0; p0=1; backup_path=/www/backup; rank=a; memSize=3790; pnull=1; PHPSESSID=qgvf4cpq3slc7abh86lb7lv7c4',
  'connection' => 'keep-alive',
  'upgrade-insecure-requests' => '1',
  'content-type' => '',
  'content-length' => '',
)
[ info ] [ PARAM ] array (
)
[ info ] [ DB ] INIT mysql
[ info ] [ CACHE ] INIT File
[ info ] [ RUN ] app\admin\controller\Admin->login[ /opt/php/jraz/application/admin/controller/Admin.php ]
[ info ] [ VIEW ] ./application/admin/view/admin/login.html [ array (
  0 => 'action',
  1 => 'tpshop_config',
  2 => 'navigate_admin',
) ]
[ info ] [ LOG ] INIT File
[ error ] [8]未定义数组索引: login[/opt/php/jraz/application/admin/common.php:60]

---------------------------------------------------------------
[ 2018-03-28T23:05:51+08:00 ] 172.19.27.227 121.237.190.232 POST /jraz/admin/Admin/login.html
[ log ] 106.15.199.8/jraz/admin/Admin/login.html [运行时间：0.252394s][吞吐率：3.96req/s] [内存消耗：3,578.02kb] [文件加载：66]
[ info ] [ LANG ] /opt/php/jraz/thinkphp/lang/zh-cn.php
[ info ] [ ROUTE ] array (
  'type' => 'module',
  'module' => 
  array (
    0 => 'admin',
    1 => 'Admin',
    2 => 'login',
  ),
)
[ info ] [ HEADER ] array (
  'host' => '106.15.199.8',
  'user-agent' => 'Mozilla/5.0 (Windows NT 6.3; Win64; x64; rv:57.0) Gecko/20100101 Firefox/57.0',
  'accept' => 'text/html,application/xhtml+xml,application/xml;q=0.9,*/*;q=0.8',
  'accept-language' => 'zh-CN,zh;q=0.8,zh-TW;q=0.7,zh-HK;q=0.5,en-US;q=0.3,en;q=0.2',
  'accept-encoding' => 'gzip, deflate',
  'referer' => 'http://106.15.199.8/jraz/admin/Admin/login.html',
  'content-type' => 'application/x-www-form-urlencoded',
  'content-length' => '30',
  'cookie' => 'thinkphp_show_page_trace=0|0; serverType=nginx; order=id%20desc; uploadSize=1073741824; Path=/opt/php/blue/application/index/controller; copyFileName=null; cutFileName=null; memRealUsed=1552; mem-before=1552/3790%20%28MB%29; upNet=0; downNet=0; BatchPaste=1; BatchSelected=null; apacheVersion=; phpVersion=0; p0=1; backup_path=/www/backup; rank=a; memSize=3790; pnull=1; PHPSESSID=qgvf4cpq3slc7abh86lb7lv7c4',
  'connection' => 'keep-alive',
  'upgrade-insecure-requests' => '1',
)
[ info ] [ PARAM ] array (
  'username' => 'admin',
  'password' => '123456',
)
[ info ] [ DB ] INIT mysql
[ info ] [ CACHE ] INIT File
[ info ] [ RUN ] app\admin\controller\Admin->login[ /opt/php/jraz/application/admin/controller/Admin.php ]
[ info ] [ VIEW ] ./application/admin/view/public/dispatch_jump.html [ array (
  0 => 'action',
  1 => 'tpshop_config',
  2 => 'navigate_admin',
  3 => 'code',
  4 => 'msg',
  5 => 'data',
  6 => 'url',
  7 => 'wait',
) ]
[ info ] [ LOG ] INIT File
[ error ] [8]未定义数组索引: login[/opt/php/jraz/application/admin/common.php:60]
[ sql ] [ DB ] CONNECT:[ UseTime:0.000882s ] mysql:dbname=jraz;host=106.15.199.8;port=3306;charset=utf8
[ sql ] [ SQL ] SHOW COLUMNS FROM `admin` [ RunTime:0.001287s ]
[ sql ] [ SQL ] SELECT * FROM `admin` INNER JOIN `admin_role` `admin_role` ON `admin`.`role_id`=`admin_role`.`role_id` WHERE  `user_name` = 'admin'  AND `password` = 'd294b6ab3f1fcbe457ba7a6bfc4e3db0' LIMIT 1 [ RunTime:0.208512s ]
[ sql ] [ SQL ] UPDATE `admin`  SET `last_login`=1522249551,`last_ip`='121.237.190.232'  WHERE  (  admin_id = 1 ) [ RunTime:0.004944s ]
[ sql ] [ SQL ] SHOW COLUMNS FROM `admin_log` [ RunTime:0.004768s ]
[ sql ] [ SQL ] INSERT INTO `admin_log` (`log_time` , `admin_id` , `log_info` , `log_ip` , `log_url`) VALUES (1522249551 , 1 , '后台登录' , '121.237.190.232' , '/jraz/admin/Admin/login.html') [ RunTime:0.003073s ]

---------------------------------------------------------------
[ 2018-03-28T23:05:54+08:00 ] 172.19.27.227 121.237.190.232 GET /jraz/admin/index/index.html
[ log ] 106.15.199.8/jraz/admin/index/index.html [运行时间：0.030889s][吞吐率：32.37req/s] [内存消耗：3,579.04kb] [文件加载：66]
[ info ] [ LANG ] /opt/php/jraz/thinkphp/lang/zh-cn.php
[ info ] [ ROUTE ] array (
  'type' => 'module',
  'module' => 
  array (
    0 => 'admin',
    1 => 'index',
    2 => 'index',
  ),
)
[ info ] [ HEADER ] array (
  'host' => '106.15.199.8',
  'user-agent' => 'Mozilla/5.0 (Windows NT 6.3; Win64; x64; rv:57.0) Gecko/20100101 Firefox/57.0',
  'accept' => 'text/html,application/xhtml+xml,application/xml;q=0.9,*/*;q=0.8',
  'accept-language' => 'zh-CN,zh;q=0.8,zh-TW;q=0.7,zh-HK;q=0.5,en-US;q=0.3,en;q=0.2',
  'accept-encoding' => 'gzip, deflate',
  'referer' => 'http://106.15.199.8/jraz/admin/Admin/login.html',
  'cookie' => 'thinkphp_show_page_trace=0|0; serverType=nginx; order=id%20desc; uploadSize=1073741824; Path=/opt/php/blue/application/index/controller; copyFileName=null; cutFileName=null; memRealUsed=1552; mem-before=1552/3790%20%28MB%29; upNet=0; downNet=0; BatchPaste=1; BatchSelected=null; apacheVersion=; phpVersion=0; p0=1; backup_path=/www/backup; rank=a; memSize=3790; pnull=1; PHPSESSID=qgvf4cpq3slc7abh86lb7lv7c4',
  'connection' => 'keep-alive',
  'upgrade-insecure-requests' => '1',
  'content-type' => '',
  'content-length' => '',
)
[ info ] [ PARAM ] array (
)
[ info ] [ DB ] INIT mysql
[ info ] [ CACHE ] INIT File
[ info ] [ RUN ] app\admin\controller\Index->index[ /opt/php/jraz/application/admin/controller/Index.php ]
[ info ] [ VIEW ] ./application/admin/view/index/index.html [ array (
  0 => 'action',
  1 => 'tpshop_config',
  2 => 'navigate_admin',
  3 => 'order_amount',
  4 => 'admin_info',
  5 => 'menu',
) ]
[ info ] [ LOG ] INIT File
[ error ] [8]未定义变量: order_amount[/opt/php/jraz/application/admin/controller/Index.php:19]
[ error ] [8]未定义变量: admin_info[/opt/php/jraz/application/admin/controller/Index.php:20]
[ error ] [8]Use of undefined constant child - assumed 'child'[/opt/php/jraz/runtime/temp/f3b8cd80a08a7d48ddff9d313c2498fd.php:40]
[ error ] [8]Use of undefined constant child - assumed 'child'[/opt/php/jraz/runtime/temp/f3b8cd80a08a7d48ddff9d313c2498fd.php:40]
[ error ] [8]Use of undefined constant child - assumed 'child'[/opt/php/jraz/runtime/temp/f3b8cd80a08a7d48ddff9d313c2498fd.php:40]
[ error ] [8]Use of undefined constant child - assumed 'child'[/opt/php/jraz/runtime/temp/f3b8cd80a08a7d48ddff9d313c2498fd.php:42]
[ error ] [8]Use of undefined constant child - assumed 'child'[/opt/php/jraz/runtime/temp/f3b8cd80a08a7d48ddff9d313c2498fd.php:42]
[ error ] [8]Use of undefined constant child - assumed 'child'[/opt/php/jraz/runtime/temp/f3b8cd80a08a7d48ddff9d313c2498fd.php:42]
[ error ] [8]Use of undefined constant child - assumed 'child'[/opt/php/jraz/runtime/temp/f3b8cd80a08a7d48ddff9d313c2498fd.php:42]
[ error ] [8]Use of undefined constant child - assumed 'child'[/opt/php/jraz/runtime/temp/f3b8cd80a08a7d48ddff9d313c2498fd.php:42]
[ error ] [8]Use of undefined constant child - assumed 'child'[/opt/php/jraz/runtime/temp/f3b8cd80a08a7d48ddff9d313c2498fd.php:42]
[ error ] [8]Use of undefined constant child - assumed 'child'[/opt/php/jraz/runtime/temp/f3b8cd80a08a7d48ddff9d313c2498fd.php:42]
[ error ] [8]Use of undefined constant child - assumed 'child'[/opt/php/jraz/runtime/temp/f3b8cd80a08a7d48ddff9d313c2498fd.php:42]
[ error ] [8]Use of undefined constant child - assumed 'child'[/opt/php/jraz/runtime/temp/f3b8cd80a08a7d48ddff9d313c2498fd.php:42]
[ error ] [8]Use of undefined constant child - assumed 'child'[/opt/php/jraz/runtime/temp/f3b8cd80a08a7d48ddff9d313c2498fd.php:42]
[ error ] [8]Use of undefined constant child - assumed 'child'[/opt/php/jraz/runtime/temp/f3b8cd80a08a7d48ddff9d313c2498fd.php:42]
[ error ] [8]Use of undefined constant child - assumed 'child'[/opt/php/jraz/runtime/temp/f3b8cd80a08a7d48ddff9d313c2498fd.php:42]
[ error ] [8]Use of undefined constant child - assumed 'child'[/opt/php/jraz/runtime/temp/f3b8cd80a08a7d48ddff9d313c2498fd.php:42]
[ error ] [8]Use of undefined constant child - assumed 'child'[/opt/php/jraz/runtime/temp/f3b8cd80a08a7d48ddff9d313c2498fd.php:42]
[ error ] [8]Use of undefined constant child - assumed 'child'[/opt/php/jraz/runtime/temp/f3b8cd80a08a7d48ddff9d313c2498fd.php:42]
[ error ] [8]Use of undefined constant child - assumed 'child'[/opt/php/jraz/runtime/temp/f3b8cd80a08a7d48ddff9d313c2498fd.php:42]
[ error ] [8]Use of undefined constant child - assumed 'child'[/opt/php/jraz/runtime/temp/f3b8cd80a08a7d48ddff9d313c2498fd.php:42]
[ error ] [8]Use of undefined constant child - assumed 'child'[/opt/php/jraz/runtime/temp/f3b8cd80a08a7d48ddff9d313c2498fd.php:42]
[ error ] [8]Use of undefined constant child - assumed 'child'[/opt/php/jraz/runtime/temp/f3b8cd80a08a7d48ddff9d313c2498fd.php:42]
[ error ] [8]Use of undefined constant child - assumed 'child'[/opt/php/jraz/runtime/temp/f3b8cd80a08a7d48ddff9d313c2498fd.php:42]
[ error ] [8]Use of undefined constant child - assumed 'child'[/opt/php/jraz/runtime/temp/f3b8cd80a08a7d48ddff9d313c2498fd.php:42]
[ error ] [8]Use of undefined constant child - assumed 'child'[/opt/php/jraz/runtime/temp/f3b8cd80a08a7d48ddff9d313c2498fd.php:42]
[ error ] [8]Use of undefined constant child - assumed 'child'[/opt/php/jraz/runtime/temp/f3b8cd80a08a7d48ddff9d313c2498fd.php:42]
[ error ] [8]Use of undefined constant child - assumed 'child'[/opt/php/jraz/runtime/temp/f3b8cd80a08a7d48ddff9d313c2498fd.php:42]
[ error ] [8]Use of undefined constant child - assumed 'child'[/opt/php/jraz/runtime/temp/f3b8cd80a08a7d48ddff9d313c2498fd.php:40]
[ error ] [8]Use of undefined constant child - assumed 'child'[/opt/php/jraz/runtime/temp/f3b8cd80a08a7d48ddff9d313c2498fd.php:40]
[ error ] [8]Use of undefined constant child - assumed 'child'[/opt/php/jraz/runtime/temp/f3b8cd80a08a7d48ddff9d313c2498fd.php:40]
[ error ] [8]Use of undefined constant child - assumed 'child'[/opt/php/jraz/runtime/temp/f3b8cd80a08a7d48ddff9d313c2498fd.php:42]
[ error ] [8]Use of undefined constant child - assumed 'child'[/opt/php/jraz/runtime/temp/f3b8cd80a08a7d48ddff9d313c2498fd.php:42]
[ error ] [8]Use of undefined constant child - assumed 'child'[/opt/php/jraz/runtime/temp/f3b8cd80a08a7d48ddff9d313c2498fd.php:42]
[ error ] [8]Use of undefined constant child - assumed 'child'[/opt/php/jraz/runtime/temp/f3b8cd80a08a7d48ddff9d313c2498fd.php:42]
[ error ] [8]Use of undefined constant child - assumed 'child'[/opt/php/jraz/runtime/temp/f3b8cd80a08a7d48ddff9d313c2498fd.php:42]
[ error ] [8]Use of undefined constant child - assumed 'child'[/opt/php/jraz/runtime/temp/f3b8cd80a08a7d48ddff9d313c2498fd.php:42]
[ error ] [8]Use of undefined constant child - assumed 'child'[/opt/php/jraz/runtime/temp/f3b8cd80a08a7d48ddff9d313c2498fd.php:42]
[ error ] [8]Use of undefined constant child - assumed 'child'[/opt/php/jraz/runtime/temp/f3b8cd80a08a7d48ddff9d313c2498fd.php:42]
[ error ] [8]Use of undefined constant child - assumed 'child'[/opt/php/jraz/runtime/temp/f3b8cd80a08a7d48ddff9d313c2498fd.php:42]
[ error ] [8]Use of undefined constant child - assumed 'child'[/opt/php/jraz/runtime/temp/f3b8cd80a08a7d48ddff9d313c2498fd.php:42]
[ error ] [8]Use of undefined constant child - assumed 'child'[/opt/php/jraz/runtime/temp/f3b8cd80a08a7d48ddff9d313c2498fd.php:42]
[ error ] [8]Use of undefined constant child - assumed 'child'[/opt/php/jraz/runtime/temp/f3b8cd80a08a7d48ddff9d313c2498fd.php:42]
[ error ] [8]Use of undefined constant child - assumed 'child'[/opt/php/jraz/runtime/temp/f3b8cd80a08a7d48ddff9d313c2498fd.php:42]
[ error ] [8]Use of undefined constant child - assumed 'child'[/opt/php/jraz/runtime/temp/f3b8cd80a08a7d48ddff9d313c2498fd.php:42]
[ error ] [8]Use of undefined constant child - assumed 'child'[/opt/php/jraz/runtime/temp/f3b8cd80a08a7d48ddff9d313c2498fd.php:42]
[ error ] [8]Use of undefined constant child - assumed 'child'[/opt/php/jraz/runtime/temp/f3b8cd80a08a7d48ddff9d313c2498fd.php:40]
[ error ] [8]Use of undefined constant child - assumed 'child'[/opt/php/jraz/runtime/temp/f3b8cd80a08a7d48ddff9d313c2498fd.php:40]
[ error ] [8]Use of undefined constant child - assumed 'child'[/opt/php/jraz/runtime/temp/f3b8cd80a08a7d48ddff9d313c2498fd.php:40]
[ error ] [8]Use of undefined constant child - assumed 'child'[/opt/php/jraz/runtime/temp/f3b8cd80a08a7d48ddff9d313c2498fd.php:42]
[ error ] [8]Use of undefined constant child - assumed 'child'[/opt/php/jraz/runtime/temp/f3b8cd80a08a7d48ddff9d313c2498fd.php:42]
[ error ] [8]Use of undefined constant child - assumed 'child'[/opt/php/jraz/runtime/temp/f3b8cd80a08a7d48ddff9d313c2498fd.php:42]
[ error ] [8]Use of undefined constant child - assumed 'child'[/opt/php/jraz/runtime/temp/f3b8cd80a08a7d48ddff9d313c2498fd.php:40]
[ error ] [8]Use of undefined constant child - assumed 'child'[/opt/php/jraz/runtime/temp/f3b8cd80a08a7d48ddff9d313c2498fd.php:40]
[ error ] [8]Use of undefined constant child - assumed 'child'[/opt/php/jraz/runtime/temp/f3b8cd80a08a7d48ddff9d313c2498fd.php:40]
[ error ] [8]Use of undefined constant child - assumed 'child'[/opt/php/jraz/runtime/temp/f3b8cd80a08a7d48ddff9d313c2498fd.php:42]
[ error ] [8]Use of undefined constant child - assumed 'child'[/opt/php/jraz/runtime/temp/f3b8cd80a08a7d48ddff9d313c2498fd.php:42]
[ error ] [8]Use of undefined constant child - assumed 'child'[/opt/php/jraz/runtime/temp/f3b8cd80a08a7d48ddff9d313c2498fd.php:42]
[ error ] [8]Use of undefined constant child - assumed 'child'[/opt/php/jraz/runtime/temp/f3b8cd80a08a7d48ddff9d313c2498fd.php:187]
[ error ] [8]Use of undefined constant child - assumed 'child'[/opt/php/jraz/runtime/temp/f3b8cd80a08a7d48ddff9d313c2498fd.php:187]
[ error ] [8]Use of undefined constant child - assumed 'child'[/opt/php/jraz/runtime/temp/f3b8cd80a08a7d48ddff9d313c2498fd.php:187]
[ error ] [8]Use of undefined constant child - assumed 'child'[/opt/php/jraz/runtime/temp/f3b8cd80a08a7d48ddff9d313c2498fd.php:192]
[ error ] [8]Use of undefined constant child - assumed 'child'[/opt/php/jraz/runtime/temp/f3b8cd80a08a7d48ddff9d313c2498fd.php:192]
[ error ] [8]Use of undefined constant child - assumed 'child'[/opt/php/jraz/runtime/temp/f3b8cd80a08a7d48ddff9d313c2498fd.php:192]
[ error ] [8]Use of undefined constant child - assumed 'child'[/opt/php/jraz/runtime/temp/f3b8cd80a08a7d48ddff9d313c2498fd.php:192]
[ error ] [8]Use of undefined constant child - assumed 'child'[/opt/php/jraz/runtime/temp/f3b8cd80a08a7d48ddff9d313c2498fd.php:192]
[ error ] [8]Use of undefined constant child - assumed 'child'[/opt/php/jraz/runtime/temp/f3b8cd80a08a7d48ddff9d313c2498fd.php:192]
[ error ] [8]Use of undefined constant child - assumed 'child'[/opt/php/jraz/runtime/temp/f3b8cd80a08a7d48ddff9d313c2498fd.php:192]
[ error ] [8]Use of undefined constant child - assumed 'child'[/opt/php/jraz/runtime/temp/f3b8cd80a08a7d48ddff9d313c2498fd.php:192]
[ error ] [8]Use of undefined constant child - assumed 'child'[/opt/php/jraz/runtime/temp/f3b8cd80a08a7d48ddff9d313c2498fd.php:192]
[ error ] [8]Use of undefined constant child - assumed 'child'[/opt/php/jraz/runtime/temp/f3b8cd80a08a7d48ddff9d313c2498fd.php:192]
[ error ] [8]Use of undefined constant child - assumed 'child'[/opt/php/jraz/runtime/temp/f3b8cd80a08a7d48ddff9d313c2498fd.php:192]
[ error ] [8]Use of undefined constant child - assumed 'child'[/opt/php/jraz/runtime/temp/f3b8cd80a08a7d48ddff9d313c2498fd.php:192]
[ error ] [8]Use of undefined constant child - assumed 'child'[/opt/php/jraz/runtime/temp/f3b8cd80a08a7d48ddff9d313c2498fd.php:192]
[ error ] [8]Use of undefined constant child - assumed 'child'[/opt/php/jraz/runtime/temp/f3b8cd80a08a7d48ddff9d313c2498fd.php:192]
[ error ] [8]Use of undefined constant child - assumed 'child'[/opt/php/jraz/runtime/temp/f3b8cd80a08a7d48ddff9d313c2498fd.php:192]
[ error ] [8]Use of undefined constant child - assumed 'child'[/opt/php/jraz/runtime/temp/f3b8cd80a08a7d48ddff9d313c2498fd.php:192]
[ error ] [8]Use of undefined constant child - assumed 'child'[/opt/php/jraz/runtime/temp/f3b8cd80a08a7d48ddff9d313c2498fd.php:192]
[ error ] [8]Use of undefined constant child - assumed 'child'[/opt/php/jraz/runtime/temp/f3b8cd80a08a7d48ddff9d313c2498fd.php:192]
[ error ] [8]Use of undefined constant child - assumed 'child'[/opt/php/jraz/runtime/temp/f3b8cd80a08a7d48ddff9d313c2498fd.php:192]
[ error ] [8]Use of undefined constant child - assumed 'child'[/opt/php/jraz/runtime/temp/f3b8cd80a08a7d48ddff9d313c2498fd.php:192]
[ error ] [8]Use of undefined constant child - assumed 'child'[/opt/php/jraz/runtime/temp/f3b8cd80a08a7d48ddff9d313c2498fd.php:192]
[ error ] [8]Use of undefined constant child - assumed 'child'[/opt/php/jraz/runtime/temp/f3b8cd80a08a7d48ddff9d313c2498fd.php:192]
[ error ] [8]Use of undefined constant child - assumed 'child'[/opt/php/jraz/runtime/temp/f3b8cd80a08a7d48ddff9d313c2498fd.php:192]
[ error ] [8]Use of undefined constant child - assumed 'child'[/opt/php/jraz/runtime/temp/f3b8cd80a08a7d48ddff9d313c2498fd.php:192]
[ error ] [8]Use of undefined constant child - assumed 'child'[/opt/php/jraz/runtime/temp/f3b8cd80a08a7d48ddff9d313c2498fd.php:187]
[ error ] [8]Use of undefined constant child - assumed 'child'[/opt/php/jraz/runtime/temp/f3b8cd80a08a7d48ddff9d313c2498fd.php:187]
[ error ] [8]Use of undefined constant child - assumed 'child'[/opt/php/jraz/runtime/temp/f3b8cd80a08a7d48ddff9d313c2498fd.php:187]
[ error ] [8]Use of undefined constant child - assumed 'child'[/opt/php/jraz/runtime/temp/f3b8cd80a08a7d48ddff9d313c2498fd.php:192]
[ error ] [8]Use of undefined constant child - assumed 'child'[/opt/php/jraz/runtime/temp/f3b8cd80a08a7d48ddff9d313c2498fd.php:192]
[ error ] [8]Use of undefined constant child - assumed 'child'[/opt/php/jraz/runtime/temp/f3b8cd80a08a7d48ddff9d313c2498fd.php:192]
[ error ] [8]Use of undefined constant child - assumed 'child'[/opt/php/jraz/runtime/temp/f3b8cd80a08a7d48ddff9d313c2498fd.php:192]
[ error ] [8]Use of undefined constant child - assumed 'child'[/opt/php/jraz/runtime/temp/f3b8cd80a08a7d48ddff9d313c2498fd.php:192]
[ error ] [8]Use of undefined constant child - assumed 'child'[/opt/php/jraz/runtime/temp/f3b8cd80a08a7d48ddff9d313c2498fd.php:192]
[ error ] [8]Use of undefined constant child - assumed 'child'[/opt/php/jraz/runtime/temp/f3b8cd80a08a7d48ddff9d313c2498fd.php:192]
[ error ] [8]Use of undefined constant child - assumed 'child'[/opt/php/jraz/runtime/temp/f3b8cd80a08a7d48ddff9d313c2498fd.php:192]
[ error ] [8]Use of undefined constant child - assumed 'child'[/opt/php/jraz/runtime/temp/f3b8cd80a08a7d48ddff9d313c2498fd.php:192]
[ error ] [8]Use of undefined constant child - assumed 'child'[/opt/php/jraz/runtime/temp/f3b8cd80a08a7d48ddff9d313c2498fd.php:192]
[ error ] [8]Use of undefined constant child - assumed 'child'[/opt/php/jraz/runtime/temp/f3b8cd80a08a7d48ddff9d313c2498fd.php:192]
[ error ] [8]Use of undefined constant child - assumed 'child'[/opt/php/jraz/runtime/temp/f3b8cd80a08a7d48ddff9d313c2498fd.php:192]
[ error ] [8]Use of undefined constant child - assumed 'child'[/opt/php/jraz/runtime/temp/f3b8cd80a08a7d48ddff9d313c2498fd.php:192]
[ error ] [8]Use of undefined constant child - assumed 'child'[/opt/php/jraz/runtime/temp/f3b8cd80a08a7d48ddff9d313c2498fd.php:192]
[ error ] [8]Use of undefined constant child - assumed 'child'[/opt/php/jraz/runtime/temp/f3b8cd80a08a7d48ddff9d313c2498fd.php:192]
[ error ] [8]Use of undefined constant child - assumed 'child'[/opt/php/jraz/runtime/temp/f3b8cd80a08a7d48ddff9d313c2498fd.php:187]
[ error ] [8]Use of undefined constant child - assumed 'child'[/opt/php/jraz/runtime/temp/f3b8cd80a08a7d48ddff9d313c2498fd.php:187]
[ error ] [8]Use of undefined constant child - assumed 'child'[/opt/php/jraz/runtime/temp/f3b8cd80a08a7d48ddff9d313c2498fd.php:187]
[ error ] [8]Use of undefined constant child - assumed 'child'[/opt/php/jraz/runtime/temp/f3b8cd80a08a7d48ddff9d313c2498fd.php:192]
[ error ] [8]Use of undefined constant child - assumed 'child'[/opt/php/jraz/runtime/temp/f3b8cd80a08a7d48ddff9d313c2498fd.php:192]
[ error ] [8]Use of undefined constant child - assumed 'child'[/opt/php/jraz/runtime/temp/f3b8cd80a08a7d48ddff9d313c2498fd.php:192]
[ error ] [8]Use of undefined constant child - assumed 'child'[/opt/php/jraz/runtime/temp/f3b8cd80a08a7d48ddff9d313c2498fd.php:187]
[ error ] [8]Use of undefined constant child - assumed 'child'[/opt/php/jraz/runtime/temp/f3b8cd80a08a7d48ddff9d313c2498fd.php:187]
[ error ] [8]Use of undefined constant child - assumed 'child'[/opt/php/jraz/runtime/temp/f3b8cd80a08a7d48ddff9d313c2498fd.php:187]
[ error ] [8]Use of undefined constant child - assumed 'child'[/opt/php/jraz/runtime/temp/f3b8cd80a08a7d48ddff9d313c2498fd.php:192]
[ error ] [8]Use of undefined constant child - assumed 'child'[/opt/php/jraz/runtime/temp/f3b8cd80a08a7d48ddff9d313c2498fd.php:192]
[ error ] [8]Use of undefined constant child - assumed 'child'[/opt/php/jraz/runtime/temp/f3b8cd80a08a7d48ddff9d313c2498fd.php:192]

---------------------------------------------------------------
[ 2018-03-28T23:05:55+08:00 ] 172.19.27.227 121.237.190.232 GET /jraz/admin/Index/welcome
[ log ] 106.15.199.8/jraz/admin/Index/welcome [运行时间：0.046526s][吞吐率：21.49req/s] [内存消耗：3,421.72kb] [文件加载：64]
[ info ] [ LANG ] /opt/php/jraz/thinkphp/lang/zh-cn.php
[ info ] [ ROUTE ] array (
  'type' => 'module',
  'module' => 
  array (
    0 => 'admin',
    1 => 'Index',
    2 => 'welcome',
  ),
)
[ info ] [ HEADER ] array (
  'host' => '106.15.199.8',
  'user-agent' => 'Mozilla/5.0 (Windows NT 6.3; Win64; x64; rv:57.0) Gecko/20100101 Firefox/57.0',
  'accept' => 'text/html,application/xhtml+xml,application/xml;q=0.9,*/*;q=0.8',
  'accept-language' => 'zh-CN,zh;q=0.8,zh-TW;q=0.7,zh-HK;q=0.5,en-US;q=0.3,en;q=0.2',
  'accept-encoding' => 'gzip, deflate',
  'referer' => 'http://106.15.199.8/jraz/admin/index/index.html',
  'cookie' => 'serverType=nginx; order=id%20desc; uploadSize=1073741824; Path=/opt/php/blue/application/index/controller; copyFileName=null; cutFileName=null; memRealUsed=1552; mem-before=1552/3790%20%28MB%29; upNet=0; downNet=0; BatchPaste=1; BatchSelected=null; apacheVersion=; phpVersion=0; p0=1; backup_path=/www/backup; rank=a; memSize=3790; pnull=1; PHPSESSID=qgvf4cpq3slc7abh86lb7lv7c4; workspaceParam=welcome%7CIndex',
  'connection' => 'keep-alive',
  'upgrade-insecure-requests' => '1',
  'content-type' => '',
  'content-length' => '',
)
[ info ] [ PARAM ] array (
)
[ info ] [ DB ] INIT mysql
[ info ] [ CACHE ] INIT File
[ info ] [ RUN ] app\admin\controller\Index->welcome[ /opt/php/jraz/application/admin/controller/Index.php ]
[ info ] [ VIEW ] ./application/admin/view/index/welcome.html [ array (
  0 => 'action',
  1 => 'tpshop_config',
  2 => 'navigate_admin',
  3 => 'sys_info',
  4 => 'count',
) ]
[ info ] [ LOG ] INIT File
[ error ] [8]未定义数组索引: welcome[/opt/php/jraz/application/admin/common.php:60]
[ error ] [8]未定义变量: count[/opt/php/jraz/application/admin/controller/Index.php:36]
[ sql ] [ DB ] CONNECT:[ UseTime:0.000785s ] mysql:dbname=jraz;host=106.15.199.8;port=3306;charset=utf8
[ sql ] [ SQL ] SELECT VERSION() as version [ RunTime:0.000483s ]

---------------------------------------------------------------
[ 2018-03-28T23:05:57+08:00 ] 172.19.27.227 121.237.190.232 GET /jraz/admin/System/index
[ log ] 106.15.199.8/jraz/admin/System/index [运行时间：0.035036s][吞吐率：28.54req/s] [内存消耗：3,587.23kb] [文件加载：65]
[ info ] [ LANG ] /opt/php/jraz/thinkphp/lang/zh-cn.php
[ info ] [ ROUTE ] array (
  'type' => 'module',
  'module' => 
  array (
    0 => 'admin',
    1 => 'System',
    2 => 'index',
  ),
)
[ info ] [ HEADER ] array (
  'host' => '106.15.199.8',
  'user-agent' => 'Mozilla/5.0 (Windows NT 6.3; Win64; x64; rv:57.0) Gecko/20100101 Firefox/57.0',
  'accept' => 'text/html,application/xhtml+xml,application/xml;q=0.9,*/*;q=0.8',
  'accept-language' => 'zh-CN,zh;q=0.8,zh-TW;q=0.7,zh-HK;q=0.5,en-US;q=0.3,en;q=0.2',
  'accept-encoding' => 'gzip, deflate',
  'referer' => 'http://106.15.199.8/jraz/admin/index/index.html',
  'cookie' => 'serverType=nginx; order=id%20desc; uploadSize=1073741824; Path=/opt/php/blue/application/index/controller; copyFileName=null; cutFileName=null; memRealUsed=1552; mem-before=1552/3790%20%28MB%29; upNet=0; downNet=0; BatchPaste=1; BatchSelected=null; apacheVersion=; phpVersion=0; p0=1; backup_path=/www/backup; rank=a; memSize=3790; pnull=1; PHPSESSID=qgvf4cpq3slc7abh86lb7lv7c4; workspaceParam=index%7CSystem',
  'connection' => 'keep-alive',
  'upgrade-insecure-requests' => '1',
  'content-type' => '',
  'content-length' => '',
)
[ info ] [ PARAM ] array (
)
[ info ] [ DB ] INIT mysql
[ info ] [ CACHE ] INIT File
[ info ] [ RUN ] app\admin\controller\System->index[ /opt/php/jraz/application/admin/controller/System.php ]
[ info ] [ VIEW ] ./application/admin/view/system/news_set.html [ array (
  0 => 'action',
  1 => 'tpshop_config',
  2 => 'navigate_admin',
  3 => 'group_list',
  4 => 'inc_type',
  5 => 'config',
) ]
[ info ] [ LOG ] INIT File
[ error ] [8]Use of undefined constant search_cate - assumed 'search_cate'[/opt/php/jraz/runtime/temp/972ded7d084a0efa5754f778bb17c7b0.php:191]
[ error ] [8]Use of undefined constant search_cate - assumed 'search_cate'[/opt/php/jraz/runtime/temp/972ded7d084a0efa5754f778bb17c7b0.php:192]
[ error ] [8]Use of undefined constant search_cate - assumed 'search_cate'[/opt/php/jraz/runtime/temp/972ded7d084a0efa5754f778bb17c7b0.php:193]

---------------------------------------------------------------
[ 2018-03-28T23:05:57+08:00 ] 172.19.27.227 121.237.190.232 GET /jraz/admin/System/index
[ log ] 106.15.199.8/jraz/admin/System/index [运行时间：0.047449s][吞吐率：21.08req/s] [内存消耗：3,492.83kb] [文件加载：65]
[ info ] [ LANG ] /opt/php/jraz/thinkphp/lang/zh-cn.php
[ info ] [ ROUTE ] array (
  'type' => 'module',
  'module' => 
  array (
    0 => 'admin',
    1 => 'System',
    2 => 'index',
  ),
)
[ info ] [ HEADER ] array (
  'host' => '106.15.199.8',
  'user-agent' => 'Mozilla/5.0 (Windows NT 6.3; Win64; x64; rv:57.0) Gecko/20100101 Firefox/57.0',
  'accept' => 'text/html,application/xhtml+xml,application/xml;q=0.9,*/*;q=0.8',
  'accept-language' => 'zh-CN,zh;q=0.8,zh-TW;q=0.7,zh-HK;q=0.5,en-US;q=0.3,en;q=0.2',
  'accept-encoding' => 'gzip, deflate',
  'referer' => 'http://106.15.199.8/jraz/admin/index/index.html',
  'cookie' => 'serverType=nginx; order=id%20desc; uploadSize=1073741824; Path=/opt/php/blue/application/index/controller; copyFileName=null; cutFileName=null; memRealUsed=1552; mem-before=1552/3790%20%28MB%29; upNet=0; downNet=0; BatchPaste=1; BatchSelected=null; apacheVersion=; phpVersion=0; p0=1; backup_path=/www/backup; rank=a; memSize=3790; pnull=1; PHPSESSID=qgvf4cpq3slc7abh86lb7lv7c4; workspaceParam=index%7CSystem',
  'connection' => 'keep-alive',
  'upgrade-insecure-requests' => '1',
  'content-type' => '',
  'content-length' => '',
)
[ info ] [ PARAM ] array (
)
[ info ] [ DB ] INIT mysql
[ info ] [ CACHE ] INIT File
[ info ] [ RUN ] app\admin\controller\System->index[ /opt/php/jraz/application/admin/controller/System.php ]
[ info ] [ VIEW ] ./application/admin/view/system/news_set.html [ array (
  0 => 'action',
  1 => 'tpshop_config',
  2 => 'navigate_admin',
  3 => 'group_list',
  4 => 'inc_type',
  5 => 'config',
) ]
[ info ] [ LOG ] INIT File
[ error ] [8]Use of undefined constant search_cate - assumed 'search_cate'[/opt/php/jraz/runtime/temp/972ded7d084a0efa5754f778bb17c7b0.php:191]
[ error ] [8]Use of undefined constant search_cate - assumed 'search_cate'[/opt/php/jraz/runtime/temp/972ded7d084a0efa5754f778bb17c7b0.php:192]
[ error ] [8]Use of undefined constant search_cate - assumed 'search_cate'[/opt/php/jraz/runtime/temp/972ded7d084a0efa5754f778bb17c7b0.php:193]

---------------------------------------------------------------
[ 2018-03-28T23:05:59+08:00 ] 172.19.27.227 121.237.190.232 GET /jraz/admin/User/userList
[ log ] 106.15.199.8/jraz/admin/User/userList [运行时间：0.032263s][吞吐率：31.00req/s] [内存消耗：3,545.52kb] [文件加载：66]
[ info ] [ LANG ] /opt/php/jraz/thinkphp/lang/zh-cn.php
[ info ] [ ROUTE ] array (
  'type' => 'module',
  'module' => 
  array (
    0 => 'admin',
    1 => 'User',
    2 => 'userList',
  ),
)
[ info ] [ HEADER ] array (
  'host' => '106.15.199.8',
  'user-agent' => 'Mozilla/5.0 (Windows NT 6.3; Win64; x64; rv:57.0) Gecko/20100101 Firefox/57.0',
  'accept' => 'text/html,application/xhtml+xml,application/xml;q=0.9,*/*;q=0.8',
  'accept-language' => 'zh-CN,zh;q=0.8,zh-TW;q=0.7,zh-HK;q=0.5,en-US;q=0.3,en;q=0.2',
  'accept-encoding' => 'gzip, deflate',
  'referer' => 'http://106.15.199.8/jraz/admin/index/index.html',
  'cookie' => 'serverType=nginx; order=id%20desc; uploadSize=1073741824; Path=/opt/php/blue/application/index/controller; copyFileName=null; cutFileName=null; memRealUsed=1552; mem-before=1552/3790%20%28MB%29; upNet=0; downNet=0; BatchPaste=1; BatchSelected=null; apacheVersion=; phpVersion=0; p0=1; backup_path=/www/backup; rank=a; memSize=3790; pnull=1; PHPSESSID=qgvf4cpq3slc7abh86lb7lv7c4; workspaceParam=userList%7CUser',
  'connection' => 'keep-alive',
  'upgrade-insecure-requests' => '1',
  'content-type' => '',
  'content-length' => '',
)
[ info ] [ PARAM ] array (
)
[ info ] [ DB ] INIT mysql
[ info ] [ CACHE ] INIT File
[ info ] [ RUN ] app\admin\controller\User->userList[ /opt/php/jraz/application/admin/controller/User.php ]
[ info ] [ VIEW ] ./application/admin/view/user/userList.html [ array (
  0 => 'action',
  1 => 'tpshop_config',
  2 => 'navigate_admin',
  3 => 'list',
  4 => 'page',
  5 => 'pager',
) ]
[ info ] [ LOG ] INIT File
[ error ] [8]未定义数组索引: userList[/opt/php/jraz/application/admin/common.php:60]
[ error ] [8]未定义变量: where[/opt/php/jraz/application/admin/controller/User.php:12]
[ error ] [8]未定义变量: where[/opt/php/jraz/application/admin/controller/User.php:24]
[ error ] [8]未定义变量: category[/opt/php/jraz/runtime/temp/5c24e154cb7e590445a76098df0686e1.php:147]
[ error ] [8]未定义变量: category[/opt/php/jraz/runtime/temp/5c24e154cb7e590445a76098df0686e1.php:147]
[ error ] [8]未定义变量: category[/opt/php/jraz/runtime/temp/5c24e154cb7e590445a76098df0686e1.php:147]
[ sql ] [ DB ] CONNECT:[ UseTime:0.000839s ] mysql:dbname=jraz;host=106.15.199.8;port=3306;charset=utf8
[ sql ] [ SQL ] SHOW COLUMNS FROM `user` [ RunTime:0.001252s ]
[ sql ] [ SQL ] SELECT * FROM `user` LIMIT 0,7 [ RunTime:0.000527s ]
[ sql ] [ SQL ] SELECT COUNT(*) AS tp_count FROM `user` LIMIT 1 [ RunTime:0.000455s ]

---------------------------------------------------------------
[ 2018-03-28T23:05:59+08:00 ] 172.19.27.227 121.237.190.232 GET /jraz/admin/Admin/index
[ log ] 106.15.199.8/jraz/admin/Admin/index [运行时间：0.033496s][吞吐率：29.85req/s] [内存消耗：3,585.51kb] [文件加载：65]
[ info ] [ LANG ] /opt/php/jraz/thinkphp/lang/zh-cn.php
[ info ] [ ROUTE ] array (
  'type' => 'module',
  'module' => 
  array (
    0 => 'admin',
    1 => 'Admin',
    2 => 'index',
  ),
)
[ info ] [ HEADER ] array (
  'host' => '106.15.199.8',
  'user-agent' => 'Mozilla/5.0 (Windows NT 6.3; Win64; x64; rv:57.0) Gecko/20100101 Firefox/57.0',
  'accept' => 'text/html,application/xhtml+xml,application/xml;q=0.9,*/*;q=0.8',
  'accept-language' => 'zh-CN,zh;q=0.8,zh-TW;q=0.7,zh-HK;q=0.5,en-US;q=0.3,en;q=0.2',
  'accept-encoding' => 'gzip, deflate',
  'referer' => 'http://106.15.199.8/jraz/admin/index/index.html',
  'cookie' => 'thinkphp_show_page_trace=0|0; serverType=nginx; order=id%20desc; uploadSize=1073741824; Path=/opt/php/blue/application/index/controller; copyFileName=null; cutFileName=null; memRealUsed=1552; mem-before=1552/3790%20%28MB%29; upNet=0; downNet=0; BatchPaste=1; BatchSelected=null; apacheVersion=; phpVersion=0; p0=1; backup_path=/www/backup; rank=a; memSize=3790; pnull=1; PHPSESSID=qgvf4cpq3slc7abh86lb7lv7c4; workspaceParam=index%7CAdmin',
  'connection' => 'keep-alive',
  'upgrade-insecure-requests' => '1',
  'content-type' => '',
  'content-length' => '',
)
[ info ] [ PARAM ] array (
)
[ info ] [ DB ] INIT mysql
[ info ] [ CACHE ] INIT File
[ info ] [ RUN ] app\admin\controller\Admin->index[ /opt/php/jraz/application/admin/controller/Admin.php ]
[ info ] [ VIEW ] ./application/admin/view/admin/index.html [ array (
  0 => 'action',
  1 => 'tpshop_config',
  2 => 'navigate_admin',
  3 => 'list',
) ]
[ info ] [ LOG ] INIT File
[ error ] [8]未定义变量: class[/opt/php/jraz/thinkphp/helper.php:587]
[ error ] [8]未定义变量: class[/opt/php/jraz/thinkphp/helper.php:587]
[ error ] [8]未定义变量: page[/opt/php/jraz/runtime/temp/6ff8dd09f3cb126a50cfe3343c2ac840.php:240]
[ sql ] [ DB ] CONNECT:[ UseTime:0.000783s ] mysql:dbname=jraz;host=106.15.199.8;port=3306;charset=utf8
[ sql ] [ SQL ] SHOW COLUMNS FROM `admin` [ RunTime:0.001113s ]
[ sql ] [ SQL ] SELECT * FROM `admin` [ RunTime:0.000580s ]
[ sql ] [ SQL ] SHOW COLUMNS FROM `admin_role` [ RunTime:0.000863s ]
[ sql ] [ SQL ] SELECT `role_id`,`role_name` FROM `admin_role` [ RunTime:0.000453s ]

---------------------------------------------------------------
[ 2018-03-28T23:06:00+08:00 ] 172.19.27.227 121.237.190.232 GET /jraz/admin/News/getNews
[ log ] 106.15.199.8/jraz/admin/News/getNews [运行时间：0.022148s][吞吐率：45.15req/s] [内存消耗：2,642.46kb] [文件加载：58]
[ info ] [ LANG ] /opt/php/jraz/thinkphp/lang/zh-cn.php
[ info ] [ ROUTE ] array (
  'type' => 'module',
  'module' => 
  array (
    0 => 'admin',
    1 => 'News',
    2 => 'getNews',
  ),
)
[ info ] [ HEADER ] array (
  'host' => '106.15.199.8',
  'user-agent' => 'Mozilla/5.0 (Windows NT 6.3; Win64; x64; rv:57.0) Gecko/20100101 Firefox/57.0',
  'accept' => 'text/html,application/xhtml+xml,application/xml;q=0.9,*/*;q=0.8',
  'accept-language' => 'zh-CN,zh;q=0.8,zh-TW;q=0.7,zh-HK;q=0.5,en-US;q=0.3,en;q=0.2',
  'accept-encoding' => 'gzip, deflate',
  'referer' => 'http://106.15.199.8/jraz/admin/index/index.html',
  'cookie' => 'serverType=nginx; order=id%20desc; uploadSize=1073741824; Path=/opt/php/blue/application/index/controller; copyFileName=null; cutFileName=null; memRealUsed=1552; mem-before=1552/3790%20%28MB%29; upNet=0; downNet=0; BatchPaste=1; BatchSelected=null; apacheVersion=; phpVersion=0; p0=1; backup_path=/www/backup; rank=a; memSize=3790; pnull=1; PHPSESSID=qgvf4cpq3slc7abh86lb7lv7c4; workspaceParam=getNews%7CNews',
  'connection' => 'keep-alive',
  'upgrade-insecure-requests' => '1',
  'content-type' => '',
  'content-length' => '',
)
[ info ] [ PARAM ] array (
)
[ info ] [ RUN ] app\admin\controller\News->getNews[ /opt/php/jraz/application/admin/controller/News.php ]
[ info ] [ VIEW ] ./application/admin/view/news/getNews.html [ array (
  0 => 'action',
  1 => 'navigate_admin',
) ]
[ info ] [ LOG ] INIT File
[ error ] [8]未定义数组索引: admin/news[/opt/php/jraz/application/admin/common.php:59]
[ error ] [8]未定义数组索引: admin/news[/opt/php/jraz/application/admin/common.php:60]
[ error ] [8]Use of undefined constant url - assumed 'url'[/opt/php/jraz/runtime/temp/e5c37f4ab8b4b2095af89dbeedd651d4.php:131]
[ error ] [8]未定义变量: news[/opt/php/jraz/runtime/temp/e5c37f4ab8b4b2095af89dbeedd651d4.php:131]
[ error ] [8]Use of undefined constant url - assumed 'url'[/opt/php/jraz/runtime/temp/e5c37f4ab8b4b2095af89dbeedd651d4.php:132]
[ error ] [8]未定义变量: news[/opt/php/jraz/runtime/temp/e5c37f4ab8b4b2095af89dbeedd651d4.php:132]
[ error ] [8]Use of undefined constant url - assumed 'url'[/opt/php/jraz/runtime/temp/e5c37f4ab8b4b2095af89dbeedd651d4.php:133]
[ error ] [8]未定义变量: news[/opt/php/jraz/runtime/temp/e5c37f4ab8b4b2095af89dbeedd651d4.php:133]
[ error ] [8]Use of undefined constant url - assumed 'url'[/opt/php/jraz/runtime/temp/e5c37f4ab8b4b2095af89dbeedd651d4.php:134]
[ error ] [8]未定义变量: news[/opt/php/jraz/runtime/temp/e5c37f4ab8b4b2095af89dbeedd651d4.php:134]

---------------------------------------------------------------
[ 2018-03-28T23:06:01+08:00 ] 172.19.27.227 121.237.190.232 GET /jraz/admin/Admin/index
[ log ] 106.15.199.8/jraz/admin/Admin/index [运行时间：0.032781s][吞吐率：30.51req/s] [内存消耗：3,585.51kb] [文件加载：65]
[ info ] [ LANG ] /opt/php/jraz/thinkphp/lang/zh-cn.php
[ info ] [ ROUTE ] array (
  'type' => 'module',
  'module' => 
  array (
    0 => 'admin',
    1 => 'Admin',
    2 => 'index',
  ),
)
[ info ] [ HEADER ] array (
  'host' => '106.15.199.8',
  'user-agent' => 'Mozilla/5.0 (Windows NT 6.3; Win64; x64; rv:57.0) Gecko/20100101 Firefox/57.0',
  'accept' => 'text/html,application/xhtml+xml,application/xml;q=0.9,*/*;q=0.8',
  'accept-language' => 'zh-CN,zh;q=0.8,zh-TW;q=0.7,zh-HK;q=0.5,en-US;q=0.3,en;q=0.2',
  'accept-encoding' => 'gzip, deflate',
  'referer' => 'http://106.15.199.8/jraz/admin/index/index.html',
  'cookie' => 'thinkphp_show_page_trace=0|0; serverType=nginx; order=id%20desc; uploadSize=1073741824; Path=/opt/php/blue/application/index/controller; copyFileName=null; cutFileName=null; memRealUsed=1552; mem-before=1552/3790%20%28MB%29; upNet=0; downNet=0; BatchPaste=1; BatchSelected=null; apacheVersion=; phpVersion=0; p0=1; backup_path=/www/backup; rank=a; memSize=3790; pnull=1; PHPSESSID=qgvf4cpq3slc7abh86lb7lv7c4; workspaceParam=index%7CAdmin',
  'connection' => 'keep-alive',
  'upgrade-insecure-requests' => '1',
  'content-type' => '',
  'content-length' => '',
)
[ info ] [ PARAM ] array (
)
[ info ] [ DB ] INIT mysql
[ info ] [ CACHE ] INIT File
[ info ] [ RUN ] app\admin\controller\Admin->index[ /opt/php/jraz/application/admin/controller/Admin.php ]
[ info ] [ VIEW ] ./application/admin/view/admin/index.html [ array (
  0 => 'action',
  1 => 'tpshop_config',
  2 => 'navigate_admin',
  3 => 'list',
) ]
[ info ] [ LOG ] INIT File
[ error ] [8]未定义变量: class[/opt/php/jraz/thinkphp/helper.php:587]
[ error ] [8]未定义变量: class[/opt/php/jraz/thinkphp/helper.php:587]
[ error ] [8]未定义变量: page[/opt/php/jraz/runtime/temp/6ff8dd09f3cb126a50cfe3343c2ac840.php:240]
[ sql ] [ DB ] CONNECT:[ UseTime:0.000866s ] mysql:dbname=jraz;host=106.15.199.8;port=3306;charset=utf8
[ sql ] [ SQL ] SHOW COLUMNS FROM `admin` [ RunTime:0.001112s ]
[ sql ] [ SQL ] SELECT * FROM `admin` [ RunTime:0.000646s ]
[ sql ] [ SQL ] SHOW COLUMNS FROM `admin_role` [ RunTime:0.000848s ]
[ sql ] [ SQL ] SELECT `role_id`,`role_name` FROM `admin_role` [ RunTime:0.000455s ]

---------------------------------------------------------------
[ 2018-03-28T23:06:01+08:00 ] 172.19.27.227 121.237.190.232 GET /jraz/admin/Admin/index
[ log ] 106.15.199.8/jraz/admin/Admin/index [运行时间：0.031633s][吞吐率：31.61req/s] [内存消耗：3,585.51kb] [文件加载：65]
[ info ] [ LANG ] /opt/php/jraz/thinkphp/lang/zh-cn.php
[ info ] [ ROUTE ] array (
  'type' => 'module',
  'module' => 
  array (
    0 => 'admin',
    1 => 'Admin',
    2 => 'index',
  ),
)
[ info ] [ HEADER ] array (
  'host' => '106.15.199.8',
  'user-agent' => 'Mozilla/5.0 (Windows NT 6.3; Win64; x64; rv:57.0) Gecko/20100101 Firefox/57.0',
  'accept' => 'text/html,application/xhtml+xml,application/xml;q=0.9,*/*;q=0.8',
  'accept-language' => 'zh-CN,zh;q=0.8,zh-TW;q=0.7,zh-HK;q=0.5,en-US;q=0.3,en;q=0.2',
  'accept-encoding' => 'gzip, deflate',
  'referer' => 'http://106.15.199.8/jraz/admin/index/index.html',
  'cookie' => 'thinkphp_show_page_trace=0|0; serverType=nginx; order=id%20desc; uploadSize=1073741824; Path=/opt/php/blue/application/index/controller; copyFileName=null; cutFileName=null; memRealUsed=1552; mem-before=1552/3790%20%28MB%29; upNet=0; downNet=0; BatchPaste=1; BatchSelected=null; apacheVersion=; phpVersion=0; p0=1; backup_path=/www/backup; rank=a; memSize=3790; pnull=1; PHPSESSID=qgvf4cpq3slc7abh86lb7lv7c4; workspaceParam=index%7CAdmin',
  'connection' => 'keep-alive',
  'upgrade-insecure-requests' => '1',
  'content-type' => '',
  'content-length' => '',
)
[ info ] [ PARAM ] array (
)
[ info ] [ DB ] INIT mysql
[ info ] [ CACHE ] INIT File
[ info ] [ RUN ] app\admin\controller\Admin->index[ /opt/php/jraz/application/admin/controller/Admin.php ]
[ info ] [ VIEW ] ./application/admin/view/admin/index.html [ array (
  0 => 'action',
  1 => 'tpshop_config',
  2 => 'navigate_admin',
  3 => 'list',
) ]
[ info ] [ LOG ] INIT File
[ error ] [8]未定义变量: class[/opt/php/jraz/thinkphp/helper.php:587]
[ error ] [8]未定义变量: class[/opt/php/jraz/thinkphp/helper.php:587]
[ error ] [8]未定义变量: page[/opt/php/jraz/runtime/temp/6ff8dd09f3cb126a50cfe3343c2ac840.php:240]
[ sql ] [ DB ] CONNECT:[ UseTime:0.000797s ] mysql:dbname=jraz;host=106.15.199.8;port=3306;charset=utf8
[ sql ] [ SQL ] SHOW COLUMNS FROM `admin` [ RunTime:0.001116s ]
[ sql ] [ SQL ] SELECT * FROM `admin` [ RunTime:0.000582s ]
[ sql ] [ SQL ] SHOW COLUMNS FROM `admin_role` [ RunTime:0.000874s ]
[ sql ] [ SQL ] SELECT `role_id`,`role_name` FROM `admin_role` [ RunTime:0.000433s ]

---------------------------------------------------------------
[ 2018-03-28T23:06:01+08:00 ] 172.19.27.227 121.237.190.232 GET /jraz/admin/System/index
[ log ] 106.15.199.8/jraz/admin/System/index [运行时间：0.027264s][吞吐率：36.68req/s] [内存消耗：3,493.10kb] [文件加载：65]
[ info ] [ LANG ] /opt/php/jraz/thinkphp/lang/zh-cn.php
[ info ] [ ROUTE ] array (
  'type' => 'module',
  'module' => 
  array (
    0 => 'admin',
    1 => 'System',
    2 => 'index',
  ),
)
[ info ] [ HEADER ] array (
  'host' => '106.15.199.8',
  'user-agent' => 'Mozilla/5.0 (Windows NT 6.3; Win64; x64; rv:57.0) Gecko/20100101 Firefox/57.0',
  'accept' => 'text/html,application/xhtml+xml,application/xml;q=0.9,*/*;q=0.8',
  'accept-language' => 'zh-CN,zh;q=0.8,zh-TW;q=0.7,zh-HK;q=0.5,en-US;q=0.3,en;q=0.2',
  'accept-encoding' => 'gzip, deflate',
  'referer' => 'http://106.15.199.8/jraz/admin/index/index.html',
  'cookie' => 'thinkphp_show_page_trace=0|0; serverType=nginx; order=id%20desc; uploadSize=1073741824; Path=/opt/php/blue/application/index/controller; copyFileName=null; cutFileName=null; memRealUsed=1552; mem-before=1552/3790%20%28MB%29; upNet=0; downNet=0; BatchPaste=1; BatchSelected=null; apacheVersion=; phpVersion=0; p0=1; backup_path=/www/backup; rank=a; memSize=3790; pnull=1; PHPSESSID=qgvf4cpq3slc7abh86lb7lv7c4; workspaceParam=index%7CSystem',
  'connection' => 'keep-alive',
  'upgrade-insecure-requests' => '1',
  'content-type' => '',
  'content-length' => '',
)
[ info ] [ PARAM ] array (
)
[ info ] [ DB ] INIT mysql
[ info ] [ CACHE ] INIT File
[ info ] [ RUN ] app\admin\controller\System->index[ /opt/php/jraz/application/admin/controller/System.php ]
[ info ] [ VIEW ] ./application/admin/view/system/news_set.html [ array (
  0 => 'action',
  1 => 'tpshop_config',
  2 => 'navigate_admin',
  3 => 'group_list',
  4 => 'inc_type',
  5 => 'config',
) ]
[ info ] [ LOG ] INIT File
[ error ] [8]Use of undefined constant search_cate - assumed 'search_cate'[/opt/php/jraz/runtime/temp/972ded7d084a0efa5754f778bb17c7b0.php:191]
[ error ] [8]Use of undefined constant search_cate - assumed 'search_cate'[/opt/php/jraz/runtime/temp/972ded7d084a0efa5754f778bb17c7b0.php:192]
[ error ] [8]Use of undefined constant search_cate - assumed 'search_cate'[/opt/php/jraz/runtime/temp/972ded7d084a0efa5754f778bb17c7b0.php:193]

---------------------------------------------------------------
[ 2018-03-28T23:06:34+08:00 ] 172.19.27.227 121.237.190.232 GET /jraz/admin/Admin/index
[ log ] 106.15.199.8/jraz/admin/Admin/index [运行时间：0.234025s][吞吐率：4.27req/s] [内存消耗：3,585.51kb] [文件加载：65]
[ info ] [ LANG ] /opt/php/jraz/thinkphp/lang/zh-cn.php
[ info ] [ ROUTE ] array (
  'type' => 'module',
  'module' => 
  array (
    0 => 'admin',
    1 => 'Admin',
    2 => 'index',
  ),
)
[ info ] [ HEADER ] array (
  'host' => '106.15.199.8',
  'user-agent' => 'Mozilla/5.0 (Windows NT 6.3; Win64; x64; rv:57.0) Gecko/20100101 Firefox/57.0',
  'accept' => 'text/html,application/xhtml+xml,application/xml;q=0.9,*/*;q=0.8',
  'accept-language' => 'zh-CN,zh;q=0.8,zh-TW;q=0.7,zh-HK;q=0.5,en-US;q=0.3,en;q=0.2',
  'accept-encoding' => 'gzip, deflate',
  'referer' => 'http://106.15.199.8/jraz/admin/index/index.html',
  'cookie' => 'thinkphp_show_page_trace=0|0; serverType=nginx; order=id%20desc; uploadSize=1073741824; Path=/opt/php/blue/application/index/controller; copyFileName=null; cutFileName=null; memRealUsed=1552; mem-before=1552/3790%20%28MB%29; upNet=0; downNet=0; BatchPaste=1; BatchSelected=null; apacheVersion=; phpVersion=0; p0=1; backup_path=/www/backup; rank=a; memSize=3790; pnull=1; PHPSESSID=qgvf4cpq3slc7abh86lb7lv7c4; workspaceParam=index%7CAdmin',
  'connection' => 'keep-alive',
  'upgrade-insecure-requests' => '1',
  'content-type' => '',
  'content-length' => '',
)
[ info ] [ PARAM ] array (
)
[ info ] [ DB ] INIT mysql
[ info ] [ CACHE ] INIT File
[ info ] [ RUN ] app\admin\controller\Admin->index[ /opt/php/jraz/application/admin/controller/Admin.php ]
[ info ] [ VIEW ] ./application/admin/view/admin/index.html [ array (
  0 => 'action',
  1 => 'tpshop_config',
  2 => 'navigate_admin',
  3 => 'list',
) ]
[ info ] [ LOG ] INIT File
[ error ] [8]未定义变量: class[/opt/php/jraz/thinkphp/helper.php:587]
[ error ] [8]未定义变量: class[/opt/php/jraz/thinkphp/helper.php:587]
[ error ] [8]未定义变量: page[/opt/php/jraz/runtime/temp/6ff8dd09f3cb126a50cfe3343c2ac840.php:240]
[ sql ] [ DB ] CONNECT:[ UseTime:0.000791s ] mysql:dbname=jraz;host=106.15.199.8;port=3306;charset=utf8
[ sql ] [ SQL ] SHOW COLUMNS FROM `admin` [ RunTime:0.001114s ]
[ sql ] [ SQL ] SELECT * FROM `admin` [ RunTime:0.201387s ]
[ sql ] [ SQL ] SHOW COLUMNS FROM `admin_role` [ RunTime:0.001092s ]
[ sql ] [ SQL ] SELECT `role_id`,`role_name` FROM `admin_role` [ RunTime:0.000496s ]

---------------------------------------------------------------
[ 2018-03-28T23:06:34+08:00 ] 172.19.27.227 121.237.190.232 GET /jraz/admin/User/userList
[ log ] 106.15.199.8/jraz/admin/User/userList [运行时间：0.254298s][吞吐率：3.93req/s] [内存消耗：3,545.74kb] [文件加载：66]
[ info ] [ LANG ] /opt/php/jraz/thinkphp/lang/zh-cn.php
[ info ] [ ROUTE ] array (
  'type' => 'module',
  'module' => 
  array (
    0 => 'admin',
    1 => 'User',
    2 => 'userList',
  ),
)
[ info ] [ HEADER ] array (
  'host' => '106.15.199.8',
  'user-agent' => 'Mozilla/5.0 (Windows NT 6.3; Win64; x64; rv:57.0) Gecko/20100101 Firefox/57.0',
  'accept' => 'text/html,application/xhtml+xml,application/xml;q=0.9,*/*;q=0.8',
  'accept-language' => 'zh-CN,zh;q=0.8,zh-TW;q=0.7,zh-HK;q=0.5,en-US;q=0.3,en;q=0.2',
  'accept-encoding' => 'gzip, deflate',
  'referer' => 'http://106.15.199.8/jraz/admin/index/index.html',
  'cookie' => 'thinkphp_show_page_trace=0|0; serverType=nginx; order=id%20desc; uploadSize=1073741824; Path=/opt/php/blue/application/index/controller; copyFileName=null; cutFileName=null; memRealUsed=1552; mem-before=1552/3790%20%28MB%29; upNet=0; downNet=0; BatchPaste=1; BatchSelected=null; apacheVersion=; phpVersion=0; p0=1; backup_path=/www/backup; rank=a; memSize=3790; pnull=1; PHPSESSID=qgvf4cpq3slc7abh86lb7lv7c4; workspaceParam=userList%7CUser',
  'connection' => 'keep-alive',
  'upgrade-insecure-requests' => '1',
  'content-type' => '',
  'content-length' => '',
)
[ info ] [ PARAM ] array (
)
[ info ] [ DB ] INIT mysql
[ info ] [ CACHE ] INIT File
[ info ] [ RUN ] app\admin\controller\User->userList[ /opt/php/jraz/application/admin/controller/User.php ]
[ info ] [ VIEW ] ./application/admin/view/user/userList.html [ array (
  0 => 'action',
  1 => 'tpshop_config',
  2 => 'navigate_admin',
  3 => 'list',
  4 => 'page',
  5 => 'pager',
) ]
[ info ] [ LOG ] INIT File
[ error ] [8]未定义数组索引: userList[/opt/php/jraz/application/admin/common.php:60]
[ error ] [8]未定义变量: where[/opt/php/jraz/application/admin/controller/User.php:12]
[ error ] [8]未定义变量: where[/opt/php/jraz/application/admin/controller/User.php:24]
[ error ] [8]未定义变量: category[/opt/php/jraz/runtime/temp/5c24e154cb7e590445a76098df0686e1.php:147]
[ error ] [8]未定义变量: category[/opt/php/jraz/runtime/temp/5c24e154cb7e590445a76098df0686e1.php:147]
[ error ] [8]未定义变量: category[/opt/php/jraz/runtime/temp/5c24e154cb7e590445a76098df0686e1.php:147]
[ sql ] [ DB ] CONNECT:[ UseTime:0.000895s ] mysql:dbname=jraz;host=106.15.199.8;port=3306;charset=utf8
[ sql ] [ SQL ] SHOW COLUMNS FROM `user` [ RunTime:0.001049s ]
[ sql ] [ SQL ] SELECT * FROM `user` LIMIT 0,7 [ RunTime:0.213105s ]
[ sql ] [ SQL ] SELECT COUNT(*) AS tp_count FROM `user` LIMIT 1 [ RunTime:0.009845s ]

---------------------------------------------------------------
[ 2018-03-28T23:06:35+08:00 ] 172.19.27.227 121.237.190.232 GET /jraz/admin/User/levelList
[ log ] 106.15.199.8/jraz/admin/User/levelList [运行时间：0.027221s][吞吐率：36.74req/s] [内存消耗：3,388.67kb] [文件加载：63]
[ info ] [ LANG ] /opt/php/jraz/thinkphp/lang/zh-cn.php
[ info ] [ ROUTE ] array (
  'type' => 'module',
  'module' => 
  array (
    0 => 'admin',
    1 => 'User',
    2 => 'levelList',
  ),
)
[ info ] [ HEADER ] array (
  'host' => '106.15.199.8',
  'user-agent' => 'Mozilla/5.0 (Windows NT 6.3; Win64; x64; rv:57.0) Gecko/20100101 Firefox/57.0',
  'accept' => 'text/html,application/xhtml+xml,application/xml;q=0.9,*/*;q=0.8',
  'accept-language' => 'zh-CN,zh;q=0.8,zh-TW;q=0.7,zh-HK;q=0.5,en-US;q=0.3,en;q=0.2',
  'accept-encoding' => 'gzip, deflate',
  'referer' => 'http://106.15.199.8/jraz/admin/index/index.html',
  'cookie' => 'thinkphp_show_page_trace=0|0; serverType=nginx; order=id%20desc; uploadSize=1073741824; Path=/opt/php/blue/application/index/controller; copyFileName=null; cutFileName=null; memRealUsed=1552; mem-before=1552/3790%20%28MB%29; upNet=0; downNet=0; BatchPaste=1; BatchSelected=null; apacheVersion=; phpVersion=0; p0=1; backup_path=/www/backup; rank=a; memSize=3790; pnull=1; PHPSESSID=qgvf4cpq3slc7abh86lb7lv7c4; workspaceParam=levelList%7CUser',
  'connection' => 'keep-alive',
  'upgrade-insecure-requests' => '1',
  'content-type' => '',
  'content-length' => '',
)
[ info ] [ PARAM ] array (
)
[ info ] [ DB ] INIT mysql
[ info ] [ CACHE ] INIT File
[ info ] [ LOG ] INIT File

---------------------------------------------------------------
[ 2018-03-28T23:06:36+08:00 ] 172.19.27.227 121.237.190.232 GET /jraz/admin/System/index
[ log ] 106.15.199.8/jraz/admin/System/index [运行时间：0.027667s][吞吐率：36.14req/s] [内存消耗：3,493.10kb] [文件加载：65]
[ info ] [ LANG ] /opt/php/jraz/thinkphp/lang/zh-cn.php
[ info ] [ ROUTE ] array (
  'type' => 'module',
  'module' => 
  array (
    0 => 'admin',
    1 => 'System',
    2 => 'index',
  ),
)
[ info ] [ HEADER ] array (
  'host' => '106.15.199.8',
  'user-agent' => 'Mozilla/5.0 (Windows NT 6.3; Win64; x64; rv:57.0) Gecko/20100101 Firefox/57.0',
  'accept' => 'text/html,application/xhtml+xml,application/xml;q=0.9,*/*;q=0.8',
  'accept-language' => 'zh-CN,zh;q=0.8,zh-TW;q=0.7,zh-HK;q=0.5,en-US;q=0.3,en;q=0.2',
  'accept-encoding' => 'gzip, deflate',
  'referer' => 'http://106.15.199.8/jraz/admin/index/index.html',
  'cookie' => 'thinkphp_show_page_trace=0|0; serverType=nginx; order=id%20desc; uploadSize=1073741824; Path=/opt/php/blue/application/index/controller; copyFileName=null; cutFileName=null; memRealUsed=1552; mem-before=1552/3790%20%28MB%29; upNet=0; downNet=0; BatchPaste=1; BatchSelected=null; apacheVersion=; phpVersion=0; p0=1; backup_path=/www/backup; rank=a; memSize=3790; pnull=1; PHPSESSID=qgvf4cpq3slc7abh86lb7lv7c4; workspaceParam=index%7CSystem',
  'connection' => 'keep-alive',
  'upgrade-insecure-requests' => '1',
  'content-type' => '',
  'content-length' => '',
)
[ info ] [ PARAM ] array (
)
[ info ] [ DB ] INIT mysql
[ info ] [ CACHE ] INIT File
[ info ] [ RUN ] app\admin\controller\System->index[ /opt/php/jraz/application/admin/controller/System.php ]
[ info ] [ VIEW ] ./application/admin/view/system/news_set.html [ array (
  0 => 'action',
  1 => 'tpshop_config',
  2 => 'navigate_admin',
  3 => 'group_list',
  4 => 'inc_type',
  5 => 'config',
) ]
[ info ] [ LOG ] INIT File
[ error ] [8]Use of undefined constant search_cate - assumed 'search_cate'[/opt/php/jraz/runtime/temp/972ded7d084a0efa5754f778bb17c7b0.php:191]
[ error ] [8]Use of undefined constant search_cate - assumed 'search_cate'[/opt/php/jraz/runtime/temp/972ded7d084a0efa5754f778bb17c7b0.php:192]
[ error ] [8]Use of undefined constant search_cate - assumed 'search_cate'[/opt/php/jraz/runtime/temp/972ded7d084a0efa5754f778bb17c7b0.php:193]

---------------------------------------------------------------
[ 2018-03-28T23:06:38+08:00 ] 172.19.27.227 121.237.190.232 GET /jraz/admin/Admin/index
[ log ] 106.15.199.8/jraz/admin/Admin/index [运行时间：0.232908s][吞吐率：4.29req/s] [内存消耗：3,585.51kb] [文件加载：65]
[ info ] [ LANG ] /opt/php/jraz/thinkphp/lang/zh-cn.php
[ info ] [ ROUTE ] array (
  'type' => 'module',
  'module' => 
  array (
    0 => 'admin',
    1 => 'Admin',
    2 => 'index',
  ),
)
[ info ] [ HEADER ] array (
  'host' => '106.15.199.8',
  'user-agent' => 'Mozilla/5.0 (Windows NT 6.3; Win64; x64; rv:57.0) Gecko/20100101 Firefox/57.0',
  'accept' => 'text/html,application/xhtml+xml,application/xml;q=0.9,*/*;q=0.8',
  'accept-language' => 'zh-CN,zh;q=0.8,zh-TW;q=0.7,zh-HK;q=0.5,en-US;q=0.3,en;q=0.2',
  'accept-encoding' => 'gzip, deflate',
  'referer' => 'http://106.15.199.8/jraz/admin/index/index.html',
  'cookie' => 'thinkphp_show_page_trace=0|0; serverType=nginx; order=id%20desc; uploadSize=1073741824; Path=/opt/php/blue/application/index/controller; copyFileName=null; cutFileName=null; memRealUsed=1552; mem-before=1552/3790%20%28MB%29; upNet=0; downNet=0; BatchPaste=1; BatchSelected=null; apacheVersion=; phpVersion=0; p0=1; backup_path=/www/backup; rank=a; memSize=3790; pnull=1; PHPSESSID=qgvf4cpq3slc7abh86lb7lv7c4; workspaceParam=index%7CAdmin',
  'connection' => 'keep-alive',
  'upgrade-insecure-requests' => '1',
  'content-type' => '',
  'content-length' => '',
)
[ info ] [ PARAM ] array (
)
[ info ] [ DB ] INIT mysql
[ info ] [ CACHE ] INIT File
[ info ] [ RUN ] app\admin\controller\Admin->index[ /opt/php/jraz/application/admin/controller/Admin.php ]
[ info ] [ VIEW ] ./application/admin/view/admin/index.html [ array (
  0 => 'action',
  1 => 'tpshop_config',
  2 => 'navigate_admin',
  3 => 'list',
) ]
[ info ] [ LOG ] INIT File
[ error ] [8]未定义变量: class[/opt/php/jraz/thinkphp/helper.php:587]
[ error ] [8]未定义变量: class[/opt/php/jraz/thinkphp/helper.php:587]
[ error ] [8]未定义变量: page[/opt/php/jraz/runtime/temp/6ff8dd09f3cb126a50cfe3343c2ac840.php:240]
[ sql ] [ DB ] CONNECT:[ UseTime:0.000826s ] mysql:dbname=jraz;host=106.15.199.8;port=3306;charset=utf8
[ sql ] [ SQL ] SHOW COLUMNS FROM `admin` [ RunTime:0.001132s ]
[ sql ] [ SQL ] SELECT * FROM `admin` [ RunTime:0.000587s ]
[ sql ] [ SQL ] SHOW COLUMNS FROM `admin_role` [ RunTime:0.000859s ]
[ sql ] [ SQL ] SELECT `role_id`,`role_name` FROM `admin_role` [ RunTime:0.200722s ]

---------------------------------------------------------------
[ 2018-03-28T23:06:39+08:00 ] 172.19.27.227 121.237.190.232 GET /jraz/admin/Admin/index
[ log ] 106.15.199.8/jraz/admin/Admin/index [运行时间：0.234996s][吞吐率：4.26req/s] [内存消耗：3,585.51kb] [文件加载：65]
[ info ] [ LANG ] /opt/php/jraz/thinkphp/lang/zh-cn.php
[ info ] [ ROUTE ] array (
  'type' => 'module',
  'module' => 
  array (
    0 => 'admin',
    1 => 'Admin',
    2 => 'index',
  ),
)
[ info ] [ HEADER ] array (
  'host' => '106.15.199.8',
  'user-agent' => 'Mozilla/5.0 (Windows NT 6.3; Win64; x64; rv:57.0) Gecko/20100101 Firefox/57.0',
  'accept' => 'text/html,application/xhtml+xml,application/xml;q=0.9,*/*;q=0.8',
  'accept-language' => 'zh-CN,zh;q=0.8,zh-TW;q=0.7,zh-HK;q=0.5,en-US;q=0.3,en;q=0.2',
  'accept-encoding' => 'gzip, deflate',
  'referer' => 'http://106.15.199.8/jraz/admin/index/index.html',
  'cookie' => 'thinkphp_show_page_trace=0|0; serverType=nginx; order=id%20desc; uploadSize=1073741824; Path=/opt/php/blue/application/index/controller; copyFileName=null; cutFileName=null; memRealUsed=1552; mem-before=1552/3790%20%28MB%29; upNet=0; downNet=0; BatchPaste=1; BatchSelected=null; apacheVersion=; phpVersion=0; p0=1; backup_path=/www/backup; rank=a; memSize=3790; pnull=1; PHPSESSID=qgvf4cpq3slc7abh86lb7lv7c4; workspaceParam=index%7CAdmin',
  'connection' => 'keep-alive',
  'upgrade-insecure-requests' => '1',
  'content-type' => '',
  'content-length' => '',
)
[ info ] [ PARAM ] array (
)
[ info ] [ DB ] INIT mysql
[ info ] [ CACHE ] INIT File
[ info ] [ RUN ] app\admin\controller\Admin->index[ /opt/php/jraz/application/admin/controller/Admin.php ]
[ info ] [ VIEW ] ./application/admin/view/admin/index.html [ array (
  0 => 'action',
  1 => 'tpshop_config',
  2 => 'navigate_admin',
  3 => 'list',
) ]
[ info ] [ LOG ] INIT File
[ error ] [8]未定义变量: class[/opt/php/jraz/thinkphp/helper.php:587]
[ error ] [8]未定义变量: class[/opt/php/jraz/thinkphp/helper.php:587]
[ error ] [8]未定义变量: page[/opt/php/jraz/runtime/temp/6ff8dd09f3cb126a50cfe3343c2ac840.php:240]
[ sql ] [ DB ] CONNECT:[ UseTime:0.000857s ] mysql:dbname=jraz;host=106.15.199.8;port=3306;charset=utf8
[ sql ] [ SQL ] SHOW COLUMNS FROM `admin` [ RunTime:0.001117s ]
[ sql ] [ SQL ] SELECT * FROM `admin` [ RunTime:0.000593s ]
[ sql ] [ SQL ] SHOW COLUMNS FROM `admin_role` [ RunTime:0.201618s ]
[ sql ] [ SQL ] SELECT `role_id`,`role_name` FROM `admin_role` [ RunTime:0.000583s ]

---------------------------------------------------------------
