[ 2018-01-06T19:06:56+08:00 ] 172.19.27.227 223.104.147.160 POST /jraz/api/news/newsCate
[ log ] 106.15.199.8/jraz/api/news/newsCate [运行时间：0.024575s][吞吐率：40.69req/s] [内存消耗：3,175.03kb] [文件加载：52]
[ info ] [ LANG ] /opt/php/jraz/thinkphp/lang/zh-cn.php
[ info ] [ ROUTE ] array (
  'type' => 'module',
  'module' => 
  array (
    0 => 'api',
    1 => 'news',
    2 => 'newsCate',
  ),
)
[ info ] [ HEADER ] array (
  'host' => '106.15.199.8',
  'content-type' => 'application/x-www-form-urlencoded',
  'connection' => 'keep-alive',
  'accept' => '*/*',
  'user-agent' => 'Ant/1.0 (iPhone; iOS 11.2.1; Scale/2.00)',
  'accept-language' => 'zh-Hans-CN;q=1, zh-Hant-CN;q=0.9',
  'content-length' => '6',
  'accept-encoding' => 'gzip, deflate',
)
[ info ] [ PARAM ] array (
  'type' => '1',
)
[ info ] [ RUN ] app\api\controller\News->newsCate[ /opt/php/jraz/application/api/controller/News.php ]
[ info ] [ DB ] INIT mysql
[ info ] [ LOG ] INIT File
[ sql ] [ DB ] CONNECT:[ UseTime:0.000737s ] mysql:dbname=jraz;host=106.15.199.8;port=3306;charset=utf8
[ sql ] [ SQL ] SHOW COLUMNS FROM `news_category` [ RunTime:0.001012s ]
[ sql ] [ SQL ] SELECT `id`,`name`,`description` FROM `news_category` WHERE  `cate` = 1 [ RunTime:0.000666s ]

---------------------------------------------------------------
[ 2018-01-06T19:06:56+08:00 ] 172.19.27.227 223.104.147.160 POST /jraz/api/news/newsList
[ log ] 106.15.199.8/jraz/api/news/newsList [运行时间：0.025992s][吞吐率：38.47req/s] [内存消耗：3,289.34kb] [文件加载：56]
[ info ] [ LANG ] /opt/php/jraz/thinkphp/lang/zh-cn.php
[ info ] [ ROUTE ] array (
  'type' => 'module',
  'module' => 
  array (
    0 => 'api',
    1 => 'news',
    2 => 'newsList',
  ),
)
[ info ] [ HEADER ] array (
  'host' => '106.15.199.8',
  'content-type' => 'application/x-www-form-urlencoded',
  'connection' => 'keep-alive',
  'accept' => '*/*',
  'user-agent' => 'Ant/1.0 (iPhone; iOS 11.2.1; Scale/2.00)',
  'accept-language' => 'zh-Hans-CN;q=1, zh-Hant-CN;q=0.9',
  'content-length' => '13',
  'accept-encoding' => 'gzip, deflate',
)
[ info ] [ PARAM ] array (
  'cate_id' => '1',
  'p' => '1',
)
[ info ] [ RUN ] app\api\controller\News->newsList[ /opt/php/jraz/application/api/controller/News.php ]
[ info ] [ DB ] INIT mysql
[ info ] [ LOG ] INIT File
[ sql ] [ DB ] CONNECT:[ UseTime:0.000717s ] mysql:dbname=jraz;host=106.15.199.8;port=3306;charset=utf8
[ sql ] [ SQL ] SHOW COLUMNS FROM `news` [ RunTime:0.001108s ]
[ sql ] [ SQL ] SELECT `id`,`title`,`picture`,`source`,`comment` FROM `news` WHERE  `cate` = 1  AND `status` = 1 ORDER BY publish_time desc LIMIT 0,5 [ RunTime:0.000682s ]
[ sql ] [ SQL ] SELECT COUNT(*) AS tp_count FROM `news` WHERE  `cate` = 1  AND `status` = 1 LIMIT 1 [ RunTime:0.000508s ]
[ error ] [8]未定义变量: class[/opt/php/jraz/thinkphp/helper.php:587]

---------------------------------------------------------------
[ 2018-01-06T19:06:56+08:00 ] 172.19.27.227 223.104.147.160 POST /jraz/api/news/rotationList
[ log ] 106.15.199.8/jraz/api/news/rotationList [运行时间：0.023697s][吞吐率：42.20req/s] [内存消耗：3,181.60kb] [文件加载：52]
[ info ] [ LANG ] /opt/php/jraz/thinkphp/lang/zh-cn.php
[ info ] [ ROUTE ] array (
  'type' => 'module',
  'module' => 
  array (
    0 => 'api',
    1 => 'news',
    2 => 'rotationList',
  ),
)
[ info ] [ HEADER ] array (
  'host' => '106.15.199.8',
  'content-type' => 'application/x-www-form-urlencoded',
  'connection' => 'keep-alive',
  'accept' => '*/*',
  'user-agent' => 'Ant/1.0 (iPhone; iOS 11.2.1; Scale/2.00)',
  'accept-language' => 'zh-Hans-CN;q=1, zh-Hant-CN;q=0.9',
  'content-length' => '9',
  'accept-encoding' => 'gzip, deflate',
)
[ info ] [ PARAM ] array (
  'cate_id' => '2',
)
[ info ] [ RUN ] app\api\controller\News->rotationList[ /opt/php/jraz/application/api/controller/News.php ]
[ info ] [ DB ] INIT mysql
[ info ] [ LOG ] INIT File
[ sql ] [ DB ] CONNECT:[ UseTime:0.000655s ] mysql:dbname=jraz;host=106.15.199.8;port=3306;charset=utf8
[ sql ] [ SQL ] SHOW COLUMNS FROM `news` [ RunTime:0.000914s ]
[ sql ] [ SQL ] SELECT `id`,`title`,`picture` FROM `news` WHERE  `cate` = 2  AND `status` = 1  AND `is_rotation` = 1 ORDER BY publish_time desc LIMIT 5 [ RunTime:0.000588s ]

---------------------------------------------------------------
[ 2018-01-06T19:07:01+08:00 ] 172.19.27.227 223.104.147.160 POST /jraz/api/news/weather
[ log ] 106.15.199.8/jraz/api/news/weather [运行时间：5.170234s][吞吐率：0.19req/s] [内存消耗：2,223.22kb] [文件加载：45]
[ info ] [ LANG ] /opt/php/jraz/thinkphp/lang/zh-cn.php
[ info ] [ ROUTE ] array (
  'type' => 'module',
  'module' => 
  array (
    0 => 'api',
    1 => 'news',
    2 => 'weather',
  ),
)
[ info ] [ HEADER ] array (
  'host' => '106.15.199.8',
  'content-type' => 'application/x-www-form-urlencoded',
  'connection' => 'keep-alive',
  'accept' => '*/*',
  'user-agent' => 'Ant/1.0 (iPhone; iOS 11.2.1; Scale/2.00)',
  'accept-language' => 'zh-Hans-CN;q=1, zh-Hant-CN;q=0.9',
  'content-length' => '13',
  'accept-encoding' => 'gzip, deflate',
)
[ info ] [ PARAM ] array (
  'city' => 'Canberra',
)
[ info ] [ RUN ] app\api\controller\News->weather[ /opt/php/jraz/application/api/controller/News.php ]
[ info ] [ LOG ] INIT File

---------------------------------------------------------------
[ 2018-01-06T19:07:05+08:00 ] 172.19.27.227 223.104.147.160 POST /jraz/api/news/newsDet
[ log ] 106.15.199.8/jraz/api/news/newsDet [运行时间：0.037863s][吞吐率：26.41req/s] [内存消耗：3,226.68kb] [文件加载：52]
[ info ] [ LANG ] /opt/php/jraz/thinkphp/lang/zh-cn.php
[ info ] [ ROUTE ] array (
  'type' => 'module',
  'module' => 
  array (
    0 => 'api',
    1 => 'news',
    2 => 'newsDet',
  ),
)
[ info ] [ HEADER ] array (
  'host' => '106.15.199.8',
  'content-type' => 'application/x-www-form-urlencoded',
  'connection' => 'keep-alive',
  'accept' => '*/*',
  'user-agent' => 'Ant/1.0 (iPhone; iOS 11.2.1; Scale/2.00)',
  'accept-language' => 'zh-Hans-CN;q=1, zh-Hant-CN;q=0.9',
  'content-length' => '6',
  'accept-encoding' => 'gzip, deflate',
)
[ info ] [ PARAM ] array (
  'id' => '169',
)
[ info ] [ RUN ] app\api\controller\News->newsDet[ /opt/php/jraz/application/api/controller/News.php ]
[ info ] [ DB ] INIT mysql
[ info ] [ LOG ] INIT File
[ sql ] [ DB ] CONNECT:[ UseTime:0.000769s ] mysql:dbname=jraz;host=106.15.199.8;port=3306;charset=utf8
[ sql ] [ SQL ] SHOW COLUMNS FROM `news` [ RunTime:0.001095s ]
[ sql ] [ SQL ] SELECT `id`,`author_id`,`title`,`publish_time`,`source`,`statement`,`interest` FROM `news` WHERE  `id` = 169 LIMIT 1 [ RunTime:0.000570s ]
[ sql ] [ SQL ] SHOW COLUMNS FROM `config` [ RunTime:0.000796s ]
[ sql ] [ SQL ] SELECT `value` FROM `config` WHERE  `desc` = '1' LIMIT 1 [ RunTime:0.000459s ]
[ sql ] [ SQL ] SHOW COLUMNS FROM `admin` [ RunTime:0.000809s ]
[ sql ] [ SQL ] SELECT `nickname`,`head_portrait` FROM `admin` WHERE  (  admin_id=1 ) LIMIT 1 [ RunTime:0.000441s ]
[ sql ] [ SQL ] SHOW COLUMNS FROM `user_post_reply` [ RunTime:0.000827s ]
[ sql ] [ SQL ] SELECT `id`,`post_id`,`msg_id`,`time`,`content`,`pid` FROM `user_post_reply` WHERE  `post_id` = 169  AND `pid` = 0 LIMIT 3 [ RunTime:0.001259s ]
[ sql ] [ SQL ] SHOW COLUMNS FROM `user` [ RunTime:0.000780s ]
[ sql ] [ SQL ] SELECT `name`,`head_portrait`,`create_time`,`area` FROM `user` WHERE  `uid` = 2 LIMIT 1 [ RunTime:0.000456s ]
[ sql ] [ SQL ] SELECT `msg_id`,`content` FROM `user_post_reply` WHERE  `post_id` = 169  AND `pid` = 1 LIMIT 3 [ RunTime:0.000484s ]
[ sql ] [ SQL ] SELECT `name` FROM `user` WHERE  `uid` = 3 LIMIT 1 [ RunTime:0.000447s ]
[ sql ] [ SQL ] SELECT `name` FROM `user` WHERE  `uid` = 3 LIMIT 1 [ RunTime:0.000249s ]
[ sql ] [ SQL ] SELECT `name`,`head_portrait`,`create_time`,`area` FROM `user` WHERE  `uid` = 5 LIMIT 1 [ RunTime:0.000452s ]
[ sql ] [ SQL ] SELECT `msg_id`,`content` FROM `user_post_reply` WHERE  `post_id` = 169  AND `pid` = 7 LIMIT 3 [ RunTime:0.000467s ]
[ sql ] [ SQL ] SELECT `name`,`head_portrait`,`create_time`,`area` FROM `user` WHERE  `uid` = 6 LIMIT 1 [ RunTime:0.000472s ]
[ sql ] [ SQL ] SELECT `msg_id`,`content` FROM `user_post_reply` WHERE  `post_id` = 169  AND `pid` = 8 LIMIT 3 [ RunTime:0.000523s ]
[ sql ] [ SQL ] SELECT `id`,`title`,`publish_time`,`source`,`picture` FROM `news` WHERE  `publish_time` <= 1515168000  AND `status` = 1 ORDER BY id desc LIMIT 3 [ RunTime:0.000542s ]

---------------------------------------------------------------
[ 2018-01-06T19:07:06+08:00 ] 172.19.27.227 223.104.147.160 GET /jraz/admin/news/test/id/166
[ log ] 106.15.199.8/jraz/admin/news/test/id/166 [运行时间：0.029360s][吞吐率：34.06req/s] [内存消耗：3,482.90kb] [文件加载：62]
[ info ] [ LANG ] /opt/php/jraz/thinkphp/lang/zh-cn.php
[ info ] [ ROUTE ] array (
  'type' => 'module',
  'module' => 
  array (
    0 => 'admin',
    1 => 'news',
    2 => 'test',
  ),
)
[ info ] [ HEADER ] array (
  'host' => '106.15.199.8',
  'upgrade-insecure-requests' => '1',
  'accept' => 'text/html,application/xhtml+xml,application/xml;q=0.9,*/*;q=0.8',
  'user-agent' => 'Mozilla/5.0 (iPhone; CPU iPhone OS 11_2_1 like Mac OS X) AppleWebKit/604.4.7 (KHTML, like Gecko) Mobile/15C153',
  'accept-language' => 'zh-cn',
  'accept-encoding' => 'gzip, deflate',
  'connection' => 'keep-alive',
  'content-type' => '',
  'content-length' => '',
)
[ info ] [ PARAM ] array (
  'id' => '166',
)
[ info ] [ RUN ] app\admin\controller\News->test[ /opt/php/jraz/application/admin/controller/News.php ]
[ info ] [ DB ] INIT mysql
[ info ] [ VIEW ] ./application/admin/view/news/test.html [ array (
  0 => 'action',
  1 => 'navigate_admin',
  2 => 'list',
) ]
[ info ] [ LOG ] INIT File
[ error ] [8]未定义数组索引: admin/news[/opt/php/jraz/application/admin/common.php:59]
[ error ] [8]未定义数组索引: admin/news[/opt/php/jraz/application/admin/common.php:60]
[ sql ] [ DB ] CONNECT:[ UseTime:0.000798s ] mysql:dbname=jraz;host=106.15.199.8;port=3306;charset=utf8
[ sql ] [ SQL ] SHOW COLUMNS FROM `news` [ RunTime:0.001035s ]
[ sql ] [ SQL ] SELECT * FROM `news` WHERE  `id` = 166 LIMIT 1 [ RunTime:0.000636s ]

---------------------------------------------------------------
[ 2018-01-06T19:07:11+08:00 ] 172.19.27.227 223.104.147.160 POST /jraz/api/news/newsDet
[ log ] 106.15.199.8/jraz/api/news/newsDet [运行时间：0.037420s][吞吐率：26.72req/s] [内存消耗：3,226.68kb] [文件加载：52]
[ info ] [ LANG ] /opt/php/jraz/thinkphp/lang/zh-cn.php
[ info ] [ ROUTE ] array (
  'type' => 'module',
  'module' => 
  array (
    0 => 'api',
    1 => 'news',
    2 => 'newsDet',
  ),
)
[ info ] [ HEADER ] array (
  'host' => '106.15.199.8',
  'content-type' => 'application/x-www-form-urlencoded',
  'connection' => 'keep-alive',
  'accept' => '*/*',
  'user-agent' => 'Ant/1.0 (iPhone; iOS 11.2.1; Scale/2.00)',
  'accept-language' => 'zh-Hans-CN;q=1, zh-Hant-CN;q=0.9',
  'content-length' => '6',
  'accept-encoding' => 'gzip, deflate',
)
[ info ] [ PARAM ] array (
  'id' => '169',
)
[ info ] [ RUN ] app\api\controller\News->newsDet[ /opt/php/jraz/application/api/controller/News.php ]
[ info ] [ DB ] INIT mysql
[ info ] [ LOG ] INIT File
[ sql ] [ DB ] CONNECT:[ UseTime:0.000767s ] mysql:dbname=jraz;host=106.15.199.8;port=3306;charset=utf8
[ sql ] [ SQL ] SHOW COLUMNS FROM `news` [ RunTime:0.001085s ]
[ sql ] [ SQL ] SELECT `id`,`author_id`,`title`,`publish_time`,`source`,`statement`,`interest` FROM `news` WHERE  `id` = 169 LIMIT 1 [ RunTime:0.000578s ]
[ sql ] [ SQL ] SHOW COLUMNS FROM `config` [ RunTime:0.000813s ]
[ sql ] [ SQL ] SELECT `value` FROM `config` WHERE  `desc` = '1' LIMIT 1 [ RunTime:0.000463s ]
[ sql ] [ SQL ] SHOW COLUMNS FROM `admin` [ RunTime:0.000848s ]
[ sql ] [ SQL ] SELECT `nickname`,`head_portrait` FROM `admin` WHERE  (  admin_id=1 ) LIMIT 1 [ RunTime:0.000444s ]
[ sql ] [ SQL ] SHOW COLUMNS FROM `user_post_reply` [ RunTime:0.000817s ]
[ sql ] [ SQL ] SELECT `id`,`post_id`,`msg_id`,`time`,`content`,`pid` FROM `user_post_reply` WHERE  `post_id` = 169  AND `pid` = 0 LIMIT 3 [ RunTime:0.000531s ]
[ sql ] [ SQL ] SHOW COLUMNS FROM `user` [ RunTime:0.000830s ]
[ sql ] [ SQL ] SELECT `name`,`head_portrait`,`create_time`,`area` FROM `user` WHERE  `uid` = 2 LIMIT 1 [ RunTime:0.000462s ]
[ sql ] [ SQL ] SELECT `msg_id`,`content` FROM `user_post_reply` WHERE  `post_id` = 169  AND `pid` = 1 LIMIT 3 [ RunTime:0.000482s ]
[ sql ] [ SQL ] SELECT `name` FROM `user` WHERE  `uid` = 3 LIMIT 1 [ RunTime:0.000441s ]
[ sql ] [ SQL ] SELECT `name` FROM `user` WHERE  `uid` = 3 LIMIT 1 [ RunTime:0.000253s ]
[ sql ] [ SQL ] SELECT `name`,`head_portrait`,`create_time`,`area` FROM `user` WHERE  `uid` = 5 LIMIT 1 [ RunTime:0.000452s ]
[ sql ] [ SQL ] SELECT `msg_id`,`content` FROM `user_post_reply` WHERE  `post_id` = 169  AND `pid` = 7 LIMIT 3 [ RunTime:0.000460s ]
[ sql ] [ SQL ] SELECT `name`,`head_portrait`,`create_time`,`area` FROM `user` WHERE  `uid` = 6 LIMIT 1 [ RunTime:0.000467s ]
[ sql ] [ SQL ] SELECT `msg_id`,`content` FROM `user_post_reply` WHERE  `post_id` = 169  AND `pid` = 8 LIMIT 3 [ RunTime:0.000528s ]
[ sql ] [ SQL ] SELECT `id`,`title`,`publish_time`,`source`,`picture` FROM `news` WHERE  `publish_time` <= 1515168000  AND `status` = 1 ORDER BY id desc LIMIT 3 [ RunTime:0.000554s ]

---------------------------------------------------------------
[ 2018-01-06T19:07:11+08:00 ] 172.19.27.227 223.104.147.160 GET /jraz/admin/news/test/id/166
[ log ] 106.15.199.8/jraz/admin/news/test/id/166 [运行时间：0.029046s][吞吐率：34.43req/s] [内存消耗：3,482.90kb] [文件加载：62]
[ info ] [ LANG ] /opt/php/jraz/thinkphp/lang/zh-cn.php
[ info ] [ ROUTE ] array (
  'type' => 'module',
  'module' => 
  array (
    0 => 'admin',
    1 => 'news',
    2 => 'test',
  ),
)
[ info ] [ HEADER ] array (
  'host' => '106.15.199.8',
  'upgrade-insecure-requests' => '1',
  'accept' => 'text/html,application/xhtml+xml,application/xml;q=0.9,*/*;q=0.8',
  'user-agent' => 'Mozilla/5.0 (iPhone; CPU iPhone OS 11_2_1 like Mac OS X) AppleWebKit/604.4.7 (KHTML, like Gecko) Mobile/15C153',
  'accept-language' => 'zh-cn',
  'accept-encoding' => 'gzip, deflate',
  'connection' => 'keep-alive',
  'content-type' => '',
  'content-length' => '',
)
[ info ] [ PARAM ] array (
  'id' => '166',
)
[ info ] [ RUN ] app\admin\controller\News->test[ /opt/php/jraz/application/admin/controller/News.php ]
[ info ] [ DB ] INIT mysql
[ info ] [ VIEW ] ./application/admin/view/news/test.html [ array (
  0 => 'action',
  1 => 'navigate_admin',
  2 => 'list',
) ]
[ info ] [ LOG ] INIT File
[ error ] [8]未定义数组索引: admin/news[/opt/php/jraz/application/admin/common.php:59]
[ error ] [8]未定义数组索引: admin/news[/opt/php/jraz/application/admin/common.php:60]
[ sql ] [ DB ] CONNECT:[ UseTime:0.000707s ] mysql:dbname=jraz;host=106.15.199.8;port=3306;charset=utf8
[ sql ] [ SQL ] SHOW COLUMNS FROM `news` [ RunTime:0.001046s ]
[ sql ] [ SQL ] SELECT * FROM `news` WHERE  `id` = 166 LIMIT 1 [ RunTime:0.000651s ]

---------------------------------------------------------------
[ 2018-01-06T19:07:31+08:00 ] 172.19.27.227 223.104.147.160 POST /jraz/api/news/newsDet
[ log ] 106.15.199.8/jraz/api/news/newsDet [运行时间：0.038279s][吞吐率：26.12req/s] [内存消耗：3,226.68kb] [文件加载：52]
[ info ] [ LANG ] /opt/php/jraz/thinkphp/lang/zh-cn.php
[ info ] [ ROUTE ] array (
  'type' => 'module',
  'module' => 
  array (
    0 => 'api',
    1 => 'news',
    2 => 'newsDet',
  ),
)
[ info ] [ HEADER ] array (
  'host' => '106.15.199.8',
  'content-type' => 'application/x-www-form-urlencoded',
  'connection' => 'keep-alive',
  'accept' => '*/*',
  'user-agent' => 'Ant/1.0 (iPhone; iOS 11.2.1; Scale/2.00)',
  'accept-language' => 'zh-Hans-CN;q=1, zh-Hant-CN;q=0.9',
  'content-length' => '6',
  'accept-encoding' => 'gzip, deflate',
)
[ info ] [ PARAM ] array (
  'id' => '169',
)
[ info ] [ RUN ] app\api\controller\News->newsDet[ /opt/php/jraz/application/api/controller/News.php ]
[ info ] [ DB ] INIT mysql
[ info ] [ LOG ] INIT File
[ sql ] [ DB ] CONNECT:[ UseTime:0.000718s ] mysql:dbname=jraz;host=106.15.199.8;port=3306;charset=utf8
[ sql ] [ SQL ] SHOW COLUMNS FROM `news` [ RunTime:0.002300s ]
[ sql ] [ SQL ] SELECT `id`,`author_id`,`title`,`publish_time`,`source`,`statement`,`interest` FROM `news` WHERE  `id` = 169 LIMIT 1 [ RunTime:0.000561s ]
[ sql ] [ SQL ] SHOW COLUMNS FROM `config` [ RunTime:0.000816s ]
[ sql ] [ SQL ] SELECT `value` FROM `config` WHERE  `desc` = '1' LIMIT 1 [ RunTime:0.000453s ]
[ sql ] [ SQL ] SHOW COLUMNS FROM `admin` [ RunTime:0.000850s ]
[ sql ] [ SQL ] SELECT `nickname`,`head_portrait` FROM `admin` WHERE  (  admin_id=1 ) LIMIT 1 [ RunTime:0.000469s ]
[ sql ] [ SQL ] SHOW COLUMNS FROM `user_post_reply` [ RunTime:0.000818s ]
[ sql ] [ SQL ] SELECT `id`,`post_id`,`msg_id`,`time`,`content`,`pid` FROM `user_post_reply` WHERE  `post_id` = 169  AND `pid` = 0 LIMIT 3 [ RunTime:0.000490s ]
[ sql ] [ SQL ] SHOW COLUMNS FROM `user` [ RunTime:0.000786s ]
[ sql ] [ SQL ] SELECT `name`,`head_portrait`,`create_time`,`area` FROM `user` WHERE  `uid` = 2 LIMIT 1 [ RunTime:0.000442s ]
[ sql ] [ SQL ] SELECT `msg_id`,`content` FROM `user_post_reply` WHERE  `post_id` = 169  AND `pid` = 1 LIMIT 3 [ RunTime:0.000458s ]
[ sql ] [ SQL ] SELECT `name` FROM `user` WHERE  `uid` = 3 LIMIT 1 [ RunTime:0.000443s ]
[ sql ] [ SQL ] SELECT `name` FROM `user` WHERE  `uid` = 3 LIMIT 1 [ RunTime:0.000252s ]
[ sql ] [ SQL ] SELECT `name`,`head_portrait`,`create_time`,`area` FROM `user` WHERE  `uid` = 5 LIMIT 1 [ RunTime:0.000442s ]
[ sql ] [ SQL ] SELECT `msg_id`,`content` FROM `user_post_reply` WHERE  `post_id` = 169  AND `pid` = 7 LIMIT 3 [ RunTime:0.000462s ]
[ sql ] [ SQL ] SELECT `name`,`head_portrait`,`create_time`,`area` FROM `user` WHERE  `uid` = 6 LIMIT 1 [ RunTime:0.000449s ]
[ sql ] [ SQL ] SELECT `msg_id`,`content` FROM `user_post_reply` WHERE  `post_id` = 169  AND `pid` = 8 LIMIT 3 [ RunTime:0.000479s ]
[ sql ] [ SQL ] SELECT `id`,`title`,`publish_time`,`source`,`picture` FROM `news` WHERE  `publish_time` <= 1515168000  AND `status` = 1 ORDER BY id desc LIMIT 3 [ RunTime:0.000540s ]

---------------------------------------------------------------
[ 2018-01-06T19:07:31+08:00 ] 172.19.27.227 223.104.147.160 GET /jraz/admin/news/test/id/168
[ log ] 106.15.199.8/jraz/admin/news/test/id/168 [运行时间：0.029049s][吞吐率：34.42req/s] [内存消耗：3,484.38kb] [文件加载：62]
[ info ] [ LANG ] /opt/php/jraz/thinkphp/lang/zh-cn.php
[ info ] [ ROUTE ] array (
  'type' => 'module',
  'module' => 
  array (
    0 => 'admin',
    1 => 'news',
    2 => 'test',
  ),
)
[ info ] [ HEADER ] array (
  'host' => '106.15.199.8',
  'upgrade-insecure-requests' => '1',
  'accept' => 'text/html,application/xhtml+xml,application/xml;q=0.9,*/*;q=0.8',
  'user-agent' => 'Mozilla/5.0 (iPhone; CPU iPhone OS 11_2_1 like Mac OS X) AppleWebKit/604.4.7 (KHTML, like Gecko) Mobile/15C153',
  'accept-language' => 'zh-cn',
  'accept-encoding' => 'gzip, deflate',
  'connection' => 'keep-alive',
  'content-type' => '',
  'content-length' => '',
)
[ info ] [ PARAM ] array (
  'id' => '168',
)
[ info ] [ RUN ] app\admin\controller\News->test[ /opt/php/jraz/application/admin/controller/News.php ]
[ info ] [ DB ] INIT mysql
[ info ] [ VIEW ] ./application/admin/view/news/test.html [ array (
  0 => 'action',
  1 => 'navigate_admin',
  2 => 'list',
) ]
[ info ] [ LOG ] INIT File
[ error ] [8]未定义数组索引: admin/news[/opt/php/jraz/application/admin/common.php:59]
[ error ] [8]未定义数组索引: admin/news[/opt/php/jraz/application/admin/common.php:60]
[ sql ] [ DB ] CONNECT:[ UseTime:0.000721s ] mysql:dbname=jraz;host=106.15.199.8;port=3306;charset=utf8
[ sql ] [ SQL ] SHOW COLUMNS FROM `news` [ RunTime:0.001089s ]
[ sql ] [ SQL ] SELECT * FROM `news` WHERE  `id` = 168 LIMIT 1 [ RunTime:0.000651s ]

---------------------------------------------------------------
[ 2018-01-06T19:07:35+08:00 ] 172.19.27.227 223.104.147.160 POST /jraz/api/news/newsList
[ log ] 106.15.199.8/jraz/api/news/newsList [运行时间：0.027187s][吞吐率：36.78req/s] [内存消耗：3,277.46kb] [文件加载：56]
[ info ] [ LANG ] /opt/php/jraz/thinkphp/lang/zh-cn.php
[ info ] [ ROUTE ] array (
  'type' => 'module',
  'module' => 
  array (
    0 => 'api',
    1 => 'news',
    2 => 'newsList',
  ),
)
[ info ] [ HEADER ] array (
  'host' => '106.15.199.8',
  'content-type' => 'application/x-www-form-urlencoded',
  'connection' => 'keep-alive',
  'accept' => '*/*',
  'user-agent' => 'Ant/1.0 (iPhone; iOS 11.2.1; Scale/2.00)',
  'accept-language' => 'zh-Hans-CN;q=1, zh-Hant-CN;q=0.9',
  'content-length' => '13',
  'accept-encoding' => 'gzip, deflate',
)
[ info ] [ PARAM ] array (
  'cate_id' => '1',
  'p' => '2',
)
[ info ] [ RUN ] app\api\controller\News->newsList[ /opt/php/jraz/application/api/controller/News.php ]
[ info ] [ DB ] INIT mysql
[ info ] [ LOG ] INIT File
[ sql ] [ DB ] CONNECT:[ UseTime:0.000778s ] mysql:dbname=jraz;host=106.15.199.8;port=3306;charset=utf8
[ sql ] [ SQL ] SHOW COLUMNS FROM `news` [ RunTime:0.001058s ]
[ sql ] [ SQL ] SELECT `id`,`title`,`picture`,`source`,`comment` FROM `news` WHERE  `cate` = 1  AND `status` = 1 ORDER BY publish_time desc LIMIT 5,5 [ RunTime:0.000668s ]
[ sql ] [ SQL ] SELECT COUNT(*) AS tp_count FROM `news` WHERE  `cate` = 1  AND `status` = 1 LIMIT 1 [ RunTime:0.000538s ]
[ error ] [8]未定义变量: class[/opt/php/jraz/thinkphp/helper.php:587]

---------------------------------------------------------------
[ 2018-01-06T19:07:36+08:00 ] 172.19.27.227 223.104.147.160 POST /jraz/api/news/newsDet
[ log ] 106.15.199.8/jraz/api/news/newsDet [运行时间：0.038353s][吞吐率：26.07req/s] [内存消耗：3,226.68kb] [文件加载：52]
[ info ] [ LANG ] /opt/php/jraz/thinkphp/lang/zh-cn.php
[ info ] [ ROUTE ] array (
  'type' => 'module',
  'module' => 
  array (
    0 => 'api',
    1 => 'news',
    2 => 'newsDet',
  ),
)
[ info ] [ HEADER ] array (
  'host' => '106.15.199.8',
  'content-type' => 'application/x-www-form-urlencoded',
  'connection' => 'keep-alive',
  'accept' => '*/*',
  'user-agent' => 'Ant/1.0 (iPhone; iOS 11.2.1; Scale/2.00)',
  'accept-language' => 'zh-Hans-CN;q=1, zh-Hant-CN;q=0.9',
  'content-length' => '6',
  'accept-encoding' => 'gzip, deflate',
)
[ info ] [ PARAM ] array (
  'id' => '169',
)
[ info ] [ RUN ] app\api\controller\News->newsDet[ /opt/php/jraz/application/api/controller/News.php ]
[ info ] [ DB ] INIT mysql
[ info ] [ LOG ] INIT File
[ sql ] [ DB ] CONNECT:[ UseTime:0.000761s ] mysql:dbname=jraz;host=106.15.199.8;port=3306;charset=utf8
[ sql ] [ SQL ] SHOW COLUMNS FROM `news` [ RunTime:0.002354s ]
[ sql ] [ SQL ] SELECT `id`,`author_id`,`title`,`publish_time`,`source`,`statement`,`interest` FROM `news` WHERE  `id` = 169 LIMIT 1 [ RunTime:0.000581s ]
[ sql ] [ SQL ] SHOW COLUMNS FROM `config` [ RunTime:0.000775s ]
[ sql ] [ SQL ] SELECT `value` FROM `config` WHERE  `desc` = '1' LIMIT 1 [ RunTime:0.000449s ]
[ sql ] [ SQL ] SHOW COLUMNS FROM `admin` [ RunTime:0.000859s ]
[ sql ] [ SQL ] SELECT `nickname`,`head_portrait` FROM `admin` WHERE  (  admin_id=1 ) LIMIT 1 [ RunTime:0.000450s ]
[ sql ] [ SQL ] SHOW COLUMNS FROM `user_post_reply` [ RunTime:0.000818s ]
[ sql ] [ SQL ] SELECT `id`,`post_id`,`msg_id`,`time`,`content`,`pid` FROM `user_post_reply` WHERE  `post_id` = 169  AND `pid` = 0 LIMIT 3 [ RunTime:0.000485s ]
[ sql ] [ SQL ] SHOW COLUMNS FROM `user` [ RunTime:0.000819s ]
[ sql ] [ SQL ] SELECT `name`,`head_portrait`,`create_time`,`area` FROM `user` WHERE  `uid` = 2 LIMIT 1 [ RunTime:0.000476s ]
[ sql ] [ SQL ] SELECT `msg_id`,`content` FROM `user_post_reply` WHERE  `post_id` = 169  AND `pid` = 1 LIMIT 3 [ RunTime:0.000467s ]
[ sql ] [ SQL ] SELECT `name` FROM `user` WHERE  `uid` = 3 LIMIT 1 [ RunTime:0.000461s ]
[ sql ] [ SQL ] SELECT `name` FROM `user` WHERE  `uid` = 3 LIMIT 1 [ RunTime:0.000273s ]
[ sql ] [ SQL ] SELECT `name`,`head_portrait`,`create_time`,`area` FROM `user` WHERE  `uid` = 5 LIMIT 1 [ RunTime:0.000444s ]
[ sql ] [ SQL ] SELECT `msg_id`,`content` FROM `user_post_reply` WHERE  `post_id` = 169  AND `pid` = 7 LIMIT 3 [ RunTime:0.000478s ]
[ sql ] [ SQL ] SELECT `name`,`head_portrait`,`create_time`,`area` FROM `user` WHERE  `uid` = 6 LIMIT 1 [ RunTime:0.000480s ]
[ sql ] [ SQL ] SELECT `msg_id`,`content` FROM `user_post_reply` WHERE  `post_id` = 169  AND `pid` = 8 LIMIT 3 [ RunTime:0.000463s ]
[ sql ] [ SQL ] SELECT `id`,`title`,`publish_time`,`source`,`picture` FROM `news` WHERE  `publish_time` <= 1515168000  AND `status` = 1 ORDER BY id desc LIMIT 3 [ RunTime:0.000535s ]

---------------------------------------------------------------
[ 2018-01-06T19:07:37+08:00 ] 172.19.27.227 223.104.147.160 GET /jraz/admin/news/test/id/168
[ log ] 106.15.199.8/jraz/admin/news/test/id/168 [运行时间：0.028404s][吞吐率：35.21req/s] [内存消耗：3,484.38kb] [文件加载：62]
[ info ] [ LANG ] /opt/php/jraz/thinkphp/lang/zh-cn.php
[ info ] [ ROUTE ] array (
  'type' => 'module',
  'module' => 
  array (
    0 => 'admin',
    1 => 'news',
    2 => 'test',
  ),
)
[ info ] [ HEADER ] array (
  'host' => '106.15.199.8',
  'upgrade-insecure-requests' => '1',
  'accept' => 'text/html,application/xhtml+xml,application/xml;q=0.9,*/*;q=0.8',
  'user-agent' => 'Mozilla/5.0 (iPhone; CPU iPhone OS 11_2_1 like Mac OS X) AppleWebKit/604.4.7 (KHTML, like Gecko) Mobile/15C153',
  'accept-language' => 'zh-cn',
  'accept-encoding' => 'gzip, deflate',
  'connection' => 'keep-alive',
  'content-type' => '',
  'content-length' => '',
)
[ info ] [ PARAM ] array (
  'id' => '168',
)
[ info ] [ RUN ] app\admin\controller\News->test[ /opt/php/jraz/application/admin/controller/News.php ]
[ info ] [ DB ] INIT mysql
[ info ] [ VIEW ] ./application/admin/view/news/test.html [ array (
  0 => 'action',
  1 => 'navigate_admin',
  2 => 'list',
) ]
[ info ] [ LOG ] INIT File
[ error ] [8]未定义数组索引: admin/news[/opt/php/jraz/application/admin/common.php:59]
[ error ] [8]未定义数组索引: admin/news[/opt/php/jraz/application/admin/common.php:60]
[ sql ] [ DB ] CONNECT:[ UseTime:0.000747s ] mysql:dbname=jraz;host=106.15.199.8;port=3306;charset=utf8
[ sql ] [ SQL ] SHOW COLUMNS FROM `news` [ RunTime:0.001078s ]
[ sql ] [ SQL ] SELECT * FROM `news` WHERE  `id` = 168 LIMIT 1 [ RunTime:0.000649s ]

---------------------------------------------------------------
[ 2018-01-06T19:07:40+08:00 ] 172.19.27.227 223.104.147.160 POST /jraz/api/news/newsDet
[ log ] 106.15.199.8/jraz/api/news/newsDet [运行时间：0.037293s][吞吐率：26.81req/s] [内存消耗：3,226.68kb] [文件加载：52]
[ info ] [ LANG ] /opt/php/jraz/thinkphp/lang/zh-cn.php
[ info ] [ ROUTE ] array (
  'type' => 'module',
  'module' => 
  array (
    0 => 'api',
    1 => 'news',
    2 => 'newsDet',
  ),
)
[ info ] [ HEADER ] array (
  'host' => '106.15.199.8',
  'content-type' => 'application/x-www-form-urlencoded',
  'connection' => 'keep-alive',
  'accept' => '*/*',
  'user-agent' => 'Ant/1.0 (iPhone; iOS 11.2.1; Scale/2.00)',
  'accept-language' => 'zh-Hans-CN;q=1, zh-Hant-CN;q=0.9',
  'content-length' => '6',
  'accept-encoding' => 'gzip, deflate',
)
[ info ] [ PARAM ] array (
  'id' => '169',
)
[ info ] [ RUN ] app\api\controller\News->newsDet[ /opt/php/jraz/application/api/controller/News.php ]
[ info ] [ DB ] INIT mysql
[ info ] [ LOG ] INIT File
[ sql ] [ DB ] CONNECT:[ UseTime:0.000782s ] mysql:dbname=jraz;host=106.15.199.8;port=3306;charset=utf8
[ sql ] [ SQL ] SHOW COLUMNS FROM `news` [ RunTime:0.001169s ]
[ sql ] [ SQL ] SELECT `id`,`author_id`,`title`,`publish_time`,`source`,`statement`,`interest` FROM `news` WHERE  `id` = 169 LIMIT 1 [ RunTime:0.000573s ]
[ sql ] [ SQL ] SHOW COLUMNS FROM `config` [ RunTime:0.000789s ]
[ sql ] [ SQL ] SELECT `value` FROM `config` WHERE  `desc` = '1' LIMIT 1 [ RunTime:0.000464s ]
[ sql ] [ SQL ] SHOW COLUMNS FROM `admin` [ RunTime:0.000820s ]
[ sql ] [ SQL ] SELECT `nickname`,`head_portrait` FROM `admin` WHERE  (  admin_id=1 ) LIMIT 1 [ RunTime:0.000442s ]
[ sql ] [ SQL ] SHOW COLUMNS FROM `user_post_reply` [ RunTime:0.000831s ]
[ sql ] [ SQL ] SELECT `id`,`post_id`,`msg_id`,`time`,`content`,`pid` FROM `user_post_reply` WHERE  `post_id` = 169  AND `pid` = 0 LIMIT 3 [ RunTime:0.000500s ]
[ sql ] [ SQL ] SHOW COLUMNS FROM `user` [ RunTime:0.000787s ]
[ sql ] [ SQL ] SELECT `name`,`head_portrait`,`create_time`,`area` FROM `user` WHERE  `uid` = 2 LIMIT 1 [ RunTime:0.000472s ]
[ sql ] [ SQL ] SELECT `msg_id`,`content` FROM `user_post_reply` WHERE  `post_id` = 169  AND `pid` = 1 LIMIT 3 [ RunTime:0.000495s ]
[ sql ] [ SQL ] SELECT `name` FROM `user` WHERE  `uid` = 3 LIMIT 1 [ RunTime:0.000432s ]
[ sql ] [ SQL ] SELECT `name` FROM `user` WHERE  `uid` = 3 LIMIT 1 [ RunTime:0.000249s ]
[ sql ] [ SQL ] SELECT `name`,`head_portrait`,`create_time`,`area` FROM `user` WHERE  `uid` = 5 LIMIT 1 [ RunTime:0.000468s ]
[ sql ] [ SQL ] SELECT `msg_id`,`content` FROM `user_post_reply` WHERE  `post_id` = 169  AND `pid` = 7 LIMIT 3 [ RunTime:0.000464s ]
[ sql ] [ SQL ] SELECT `name`,`head_portrait`,`create_time`,`area` FROM `user` WHERE  `uid` = 6 LIMIT 1 [ RunTime:0.000468s ]
[ sql ] [ SQL ] SELECT `msg_id`,`content` FROM `user_post_reply` WHERE  `post_id` = 169  AND `pid` = 8 LIMIT 3 [ RunTime:0.000450s ]
[ sql ] [ SQL ] SELECT `id`,`title`,`publish_time`,`source`,`picture` FROM `news` WHERE  `publish_time` <= 1515168000  AND `status` = 1 ORDER BY id desc LIMIT 3 [ RunTime:0.000560s ]

---------------------------------------------------------------
[ 2018-01-06T19:07:40+08:00 ] 172.19.27.227 223.104.147.160 GET /jraz/admin/news/test/id/164
[ log ] 106.15.199.8/jraz/admin/news/test/id/164 [运行时间：0.029065s][吞吐率：34.41req/s] [内存消耗：3,477.19kb] [文件加载：62]
[ info ] [ LANG ] /opt/php/jraz/thinkphp/lang/zh-cn.php
[ info ] [ ROUTE ] array (
  'type' => 'module',
  'module' => 
  array (
    0 => 'admin',
    1 => 'news',
    2 => 'test',
  ),
)
[ info ] [ HEADER ] array (
  'host' => '106.15.199.8',
  'upgrade-insecure-requests' => '1',
  'accept' => 'text/html,application/xhtml+xml,application/xml;q=0.9,*/*;q=0.8',
  'user-agent' => 'Mozilla/5.0 (iPhone; CPU iPhone OS 11_2_1 like Mac OS X) AppleWebKit/604.4.7 (KHTML, like Gecko) Mobile/15C153',
  'accept-language' => 'zh-cn',
  'accept-encoding' => 'gzip, deflate',
  'connection' => 'keep-alive',
  'content-type' => '',
  'content-length' => '',
)
[ info ] [ PARAM ] array (
  'id' => '164',
)
[ info ] [ RUN ] app\admin\controller\News->test[ /opt/php/jraz/application/admin/controller/News.php ]
[ info ] [ DB ] INIT mysql
[ info ] [ VIEW ] ./application/admin/view/news/test.html [ array (
  0 => 'action',
  1 => 'navigate_admin',
  2 => 'list',
) ]
[ info ] [ LOG ] INIT File
[ error ] [8]未定义数组索引: admin/news[/opt/php/jraz/application/admin/common.php:59]
[ error ] [8]未定义数组索引: admin/news[/opt/php/jraz/application/admin/common.php:60]
[ sql ] [ DB ] CONNECT:[ UseTime:0.000810s ] mysql:dbname=jraz;host=106.15.199.8;port=3306;charset=utf8
[ sql ] [ SQL ] SHOW COLUMNS FROM `news` [ RunTime:0.001043s ]
[ sql ] [ SQL ] SELECT * FROM `news` WHERE  `id` = 164 LIMIT 1 [ RunTime:0.000630s ]

---------------------------------------------------------------
[ 2018-01-06T19:07:49+08:00 ] 172.19.27.227 223.104.147.160 POST /jraz/api/news/newsDet
[ log ] 106.15.199.8/jraz/api/news/newsDet [运行时间：0.037068s][吞吐率：26.98req/s] [内存消耗：3,226.68kb] [文件加载：52]
[ info ] [ LANG ] /opt/php/jraz/thinkphp/lang/zh-cn.php
[ info ] [ ROUTE ] array (
  'type' => 'module',
  'module' => 
  array (
    0 => 'api',
    1 => 'news',
    2 => 'newsDet',
  ),
)
[ info ] [ HEADER ] array (
  'host' => '106.15.199.8',
  'content-type' => 'application/x-www-form-urlencoded',
  'connection' => 'keep-alive',
  'accept' => '*/*',
  'user-agent' => 'Ant/1.0 (iPhone; iOS 11.2.1; Scale/2.00)',
  'accept-language' => 'zh-Hans-CN;q=1, zh-Hant-CN;q=0.9',
  'content-length' => '6',
  'accept-encoding' => 'gzip, deflate',
)
[ info ] [ PARAM ] array (
  'id' => '169',
)
[ info ] [ RUN ] app\api\controller\News->newsDet[ /opt/php/jraz/application/api/controller/News.php ]
[ info ] [ DB ] INIT mysql
[ info ] [ LOG ] INIT File
[ sql ] [ DB ] CONNECT:[ UseTime:0.000753s ] mysql:dbname=jraz;host=106.15.199.8;port=3306;charset=utf8
[ sql ] [ SQL ] SHOW COLUMNS FROM `news` [ RunTime:0.001080s ]
[ sql ] [ SQL ] SELECT `id`,`author_id`,`title`,`publish_time`,`source`,`statement`,`interest` FROM `news` WHERE  `id` = 169 LIMIT 1 [ RunTime:0.000565s ]
[ sql ] [ SQL ] SHOW COLUMNS FROM `config` [ RunTime:0.000791s ]
[ sql ] [ SQL ] SELECT `value` FROM `config` WHERE  `desc` = '1' LIMIT 1 [ RunTime:0.000437s ]
[ sql ] [ SQL ] SHOW COLUMNS FROM `admin` [ RunTime:0.000828s ]
[ sql ] [ SQL ] SELECT `nickname`,`head_portrait` FROM `admin` WHERE  (  admin_id=1 ) LIMIT 1 [ RunTime:0.000445s ]
[ sql ] [ SQL ] SHOW COLUMNS FROM `user_post_reply` [ RunTime:0.000827s ]
[ sql ] [ SQL ] SELECT `id`,`post_id`,`msg_id`,`time`,`content`,`pid` FROM `user_post_reply` WHERE  `post_id` = 169  AND `pid` = 0 LIMIT 3 [ RunTime:0.000520s ]
[ sql ] [ SQL ] SHOW COLUMNS FROM `user` [ RunTime:0.000789s ]
[ sql ] [ SQL ] SELECT `name`,`head_portrait`,`create_time`,`area` FROM `user` WHERE  `uid` = 2 LIMIT 1 [ RunTime:0.000488s ]
[ sql ] [ SQL ] SELECT `msg_id`,`content` FROM `user_post_reply` WHERE  `post_id` = 169  AND `pid` = 1 LIMIT 3 [ RunTime:0.000586s ]
[ sql ] [ SQL ] SELECT `name` FROM `user` WHERE  `uid` = 3 LIMIT 1 [ RunTime:0.000418s ]
[ sql ] [ SQL ] SELECT `name` FROM `user` WHERE  `uid` = 3 LIMIT 1 [ RunTime:0.000239s ]
[ sql ] [ SQL ] SELECT `name`,`head_portrait`,`create_time`,`area` FROM `user` WHERE  `uid` = 5 LIMIT 1 [ RunTime:0.000472s ]
[ sql ] [ SQL ] SELECT `msg_id`,`content` FROM `user_post_reply` WHERE  `post_id` = 169  AND `pid` = 7 LIMIT 3 [ RunTime:0.000443s ]
[ sql ] [ SQL ] SELECT `name`,`head_portrait`,`create_time`,`area` FROM `user` WHERE  `uid` = 6 LIMIT 1 [ RunTime:0.000457s ]
[ sql ] [ SQL ] SELECT `msg_id`,`content` FROM `user_post_reply` WHERE  `post_id` = 169  AND `pid` = 8 LIMIT 3 [ RunTime:0.000450s ]
[ sql ] [ SQL ] SELECT `id`,`title`,`publish_time`,`source`,`picture` FROM `news` WHERE  `publish_time` <= 1515168000  AND `status` = 1 ORDER BY id desc LIMIT 3 [ RunTime:0.000527s ]

---------------------------------------------------------------
[ 2018-01-06T19:07:49+08:00 ] 172.19.27.227 223.104.147.160 GET /jraz/admin/news/test/id/218
[ log ] 106.15.199.8/jraz/admin/news/test/id/218 [运行时间：0.029035s][吞吐率：34.44req/s] [内存消耗：3,479.80kb] [文件加载：62]
[ info ] [ LANG ] /opt/php/jraz/thinkphp/lang/zh-cn.php
[ info ] [ ROUTE ] array (
  'type' => 'module',
  'module' => 
  array (
    0 => 'admin',
    1 => 'news',
    2 => 'test',
  ),
)
[ info ] [ HEADER ] array (
  'host' => '106.15.199.8',
  'upgrade-insecure-requests' => '1',
  'accept' => 'text/html,application/xhtml+xml,application/xml;q=0.9,*/*;q=0.8',
  'user-agent' => 'Mozilla/5.0 (iPhone; CPU iPhone OS 11_2_1 like Mac OS X) AppleWebKit/604.4.7 (KHTML, like Gecko) Mobile/15C153',
  'accept-language' => 'zh-cn',
  'accept-encoding' => 'gzip, deflate',
  'connection' => 'keep-alive',
  'content-type' => '',
  'content-length' => '',
)
[ info ] [ PARAM ] array (
  'id' => '218',
)
[ info ] [ RUN ] app\admin\controller\News->test[ /opt/php/jraz/application/admin/controller/News.php ]
[ info ] [ DB ] INIT mysql
[ info ] [ VIEW ] ./application/admin/view/news/test.html [ array (
  0 => 'action',
  1 => 'navigate_admin',
  2 => 'list',
) ]
[ info ] [ LOG ] INIT File
[ error ] [8]未定义数组索引: admin/news[/opt/php/jraz/application/admin/common.php:59]
[ error ] [8]未定义数组索引: admin/news[/opt/php/jraz/application/admin/common.php:60]
[ sql ] [ DB ] CONNECT:[ UseTime:0.000773s ] mysql:dbname=jraz;host=106.15.199.8;port=3306;charset=utf8
[ sql ] [ SQL ] SHOW COLUMNS FROM `news` [ RunTime:0.001064s ]
[ sql ] [ SQL ] SELECT * FROM `news` WHERE  `id` = 218 LIMIT 1 [ RunTime:0.000624s ]

---------------------------------------------------------------
