[ 2017-11-01T09:13:44+08:00 ] 172.19.27.227 180.102.125.20 POST /jraz/api/news/rotationList
[ log ] 106.15.199.8/jraz/api/news/rotationList [运行时间：0.025291s][吞吐率：39.54req/s] [内存消耗：3,181.66kb] [文件加载：52]
[ info ] [ LANG ] /opt/php/jraz/thinkphp/lang/zh-cn.php
[ info ] [ ROUTE ] array (
  'type' => 'module',
  'module' => 
  array (
    0 => 'api',
    1 => 'news',
    2 => 'rotationList',
  ),
)
[ info ] [ HEADER ] array (
  'host' => '106.15.199.8',
  'content-type' => 'application/x-www-form-urlencoded',
  'connection' => 'keep-alive',
  'accept' => '*/*',
  'user-agent' => 'Neighbourhoods/1.0 (iPhone; iOS 11.0; Scale/3.00)',
  'accept-language' => 'en;q=1',
  'content-length' => '9',
  'accept-encoding' => 'gzip, deflate',
)
[ info ] [ PARAM ] array (
  'cate_id' => '2',
)
[ info ] [ RUN ] app\api\controller\News->rotationList[ /opt/php/jraz/application/api/controller/News.php ]
[ info ] [ DB ] INIT mysql
[ info ] [ LOG ] INIT File
[ sql ] [ DB ] CONNECT:[ UseTime:0.000759s ] mysql:dbname=jraz;host=106.15.199.8;port=3306;charset=utf8
[ sql ] [ SQL ] SHOW COLUMNS FROM `news` [ RunTime:0.001001s ]
[ sql ] [ SQL ] SELECT `id`,`title`,`picture` FROM `news` WHERE  `cate` = 2  AND `status` = 1  AND `is_rotation` = 1 ORDER BY publish_time desc LIMIT 5 [ RunTime:0.000637s ]

---------------------------------------------------------------
[ 2017-11-01T09:17:25+08:00 ] 172.19.27.227 180.102.125.20 POST /jraz/api/news/rotationList
[ log ] 106.15.199.8/jraz/api/news/rotationList [运行时间：0.023761s][吞吐率：42.09req/s] [内存消耗：3,181.64kb] [文件加载：52]
[ info ] [ LANG ] /opt/php/jraz/thinkphp/lang/zh-cn.php
[ info ] [ ROUTE ] array (
  'type' => 'module',
  'module' => 
  array (
    0 => 'api',
    1 => 'news',
    2 => 'rotationList',
  ),
)
[ info ] [ HEADER ] array (
  'host' => '106.15.199.8',
  'content-type' => 'application/x-www-form-urlencoded',
  'connection' => 'keep-alive',
  'accept' => '*/*',
  'user-agent' => 'Neighbourhoods/1.0 (iPhone; iOS 11.0; Scale/3.00)',
  'accept-language' => 'en;q=1',
  'content-length' => '9',
  'accept-encoding' => 'gzip, deflate',
)
[ info ] [ PARAM ] array (
  'cate_id' => '2',
)
[ info ] [ RUN ] app\api\controller\News->rotationList[ /opt/php/jraz/application/api/controller/News.php ]
[ info ] [ DB ] INIT mysql
[ info ] [ LOG ] INIT File
[ sql ] [ DB ] CONNECT:[ UseTime:0.000715s ] mysql:dbname=jraz;host=106.15.199.8;port=3306;charset=utf8
[ sql ] [ SQL ] SHOW COLUMNS FROM `news` [ RunTime:0.001028s ]
[ sql ] [ SQL ] SELECT `id`,`title`,`picture` FROM `news` WHERE  `cate` = 2  AND `status` = 1  AND `is_rotation` = 1 ORDER BY publish_time desc LIMIT 5 [ RunTime:0.000647s ]

---------------------------------------------------------------
[ 2017-11-01T09:18:37+08:00 ] 172.19.27.227 180.102.125.20 POST /jraz/api/news/rotationList
[ log ] 106.15.199.8/jraz/api/news/rotationList [运行时间：0.025005s][吞吐率：39.99req/s] [内存消耗：3,181.64kb] [文件加载：52]
[ info ] [ LANG ] /opt/php/jraz/thinkphp/lang/zh-cn.php
[ info ] [ ROUTE ] array (
  'type' => 'module',
  'module' => 
  array (
    0 => 'api',
    1 => 'news',
    2 => 'rotationList',
  ),
)
[ info ] [ HEADER ] array (
  'host' => '106.15.199.8',
  'content-type' => 'application/x-www-form-urlencoded',
  'connection' => 'keep-alive',
  'accept' => '*/*',
  'user-agent' => 'Neighbourhoods/1.0 (iPhone; iOS 11.0; Scale/3.00)',
  'accept-language' => 'en;q=1',
  'content-length' => '9',
  'accept-encoding' => 'gzip, deflate',
)
[ info ] [ PARAM ] array (
  'cate_id' => '2',
)
[ info ] [ RUN ] app\api\controller\News->rotationList[ /opt/php/jraz/application/api/controller/News.php ]
[ info ] [ DB ] INIT mysql
[ info ] [ LOG ] INIT File
[ sql ] [ DB ] CONNECT:[ UseTime:0.000754s ] mysql:dbname=jraz;host=106.15.199.8;port=3306;charset=utf8
[ sql ] [ SQL ] SHOW COLUMNS FROM `news` [ RunTime:0.001038s ]
[ sql ] [ SQL ] SELECT `id`,`title`,`picture` FROM `news` WHERE  `cate` = 2  AND `status` = 1  AND `is_rotation` = 1 ORDER BY publish_time desc LIMIT 5 [ RunTime:0.000664s ]

---------------------------------------------------------------
[ 2017-11-01T09:22:03+08:00 ] 172.19.27.227 180.102.125.20 POST /jraz/api/news/rotationList
[ log ] 106.15.199.8/jraz/api/news/rotationList [运行时间：0.025391s][吞吐率：39.38req/s] [内存消耗：3,181.64kb] [文件加载：52]
[ info ] [ LANG ] /opt/php/jraz/thinkphp/lang/zh-cn.php
[ info ] [ ROUTE ] array (
  'type' => 'module',
  'module' => 
  array (
    0 => 'api',
    1 => 'news',
    2 => 'rotationList',
  ),
)
[ info ] [ HEADER ] array (
  'host' => '106.15.199.8',
  'content-type' => 'application/x-www-form-urlencoded',
  'connection' => 'keep-alive',
  'accept' => '*/*',
  'user-agent' => 'Neighbourhoods/1.0 (iPhone; iOS 11.0; Scale/3.00)',
  'accept-language' => 'en;q=1',
  'content-length' => '9',
  'accept-encoding' => 'gzip, deflate',
)
[ info ] [ PARAM ] array (
  'cate_id' => '2',
)
[ info ] [ RUN ] app\api\controller\News->rotationList[ /opt/php/jraz/application/api/controller/News.php ]
[ info ] [ DB ] INIT mysql
[ info ] [ LOG ] INIT File
[ sql ] [ DB ] CONNECT:[ UseTime:0.000733s ] mysql:dbname=jraz;host=106.15.199.8;port=3306;charset=utf8
[ sql ] [ SQL ] SHOW COLUMNS FROM `news` [ RunTime:0.001119s ]
[ sql ] [ SQL ] SELECT `id`,`title`,`picture` FROM `news` WHERE  `cate` = 2  AND `status` = 1  AND `is_rotation` = 1 ORDER BY publish_time desc LIMIT 5 [ RunTime:0.000663s ]

---------------------------------------------------------------
[ 2017-11-01T09:23:46+08:00 ] 172.19.27.227 180.102.125.20 POST /jraz/api/news/rotationList
[ log ] 106.15.199.8/jraz/api/news/rotationList [运行时间：0.024919s][吞吐率：40.13req/s] [内存消耗：3,181.64kb] [文件加载：52]
[ info ] [ LANG ] /opt/php/jraz/thinkphp/lang/zh-cn.php
[ info ] [ ROUTE ] array (
  'type' => 'module',
  'module' => 
  array (
    0 => 'api',
    1 => 'news',
    2 => 'rotationList',
  ),
)
[ info ] [ HEADER ] array (
  'host' => '106.15.199.8',
  'content-type' => 'application/x-www-form-urlencoded',
  'connection' => 'keep-alive',
  'accept' => '*/*',
  'user-agent' => 'Neighbourhoods/1.0 (iPhone; iOS 11.0; Scale/3.00)',
  'accept-language' => 'en;q=1',
  'content-length' => '9',
  'accept-encoding' => 'gzip, deflate',
)
[ info ] [ PARAM ] array (
  'cate_id' => '2',
)
[ info ] [ RUN ] app\api\controller\News->rotationList[ /opt/php/jraz/application/api/controller/News.php ]
[ info ] [ DB ] INIT mysql
[ info ] [ LOG ] INIT File
[ sql ] [ DB ] CONNECT:[ UseTime:0.000756s ] mysql:dbname=jraz;host=106.15.199.8;port=3306;charset=utf8
[ sql ] [ SQL ] SHOW COLUMNS FROM `news` [ RunTime:0.001028s ]
[ sql ] [ SQL ] SELECT `id`,`title`,`picture` FROM `news` WHERE  `cate` = 2  AND `status` = 1  AND `is_rotation` = 1 ORDER BY publish_time desc LIMIT 5 [ RunTime:0.000687s ]

---------------------------------------------------------------
[ 2017-11-01T09:30:13+08:00 ] 172.19.27.227 180.102.125.20 POST /jraz/api/news/rotationList
[ log ] 106.15.199.8/jraz/api/news/rotationList [运行时间：0.024023s][吞吐率：41.63req/s] [内存消耗：3,181.64kb] [文件加载：52]
[ info ] [ LANG ] /opt/php/jraz/thinkphp/lang/zh-cn.php
[ info ] [ ROUTE ] array (
  'type' => 'module',
  'module' => 
  array (
    0 => 'api',
    1 => 'news',
    2 => 'rotationList',
  ),
)
[ info ] [ HEADER ] array (
  'host' => '106.15.199.8',
  'content-type' => 'application/x-www-form-urlencoded',
  'connection' => 'keep-alive',
  'accept' => '*/*',
  'user-agent' => 'Neighbourhoods/1.0 (iPhone; iOS 11.0; Scale/3.00)',
  'accept-language' => 'en;q=1',
  'content-length' => '9',
  'accept-encoding' => 'gzip, deflate',
)
[ info ] [ PARAM ] array (
  'cate_id' => '2',
)
[ info ] [ RUN ] app\api\controller\News->rotationList[ /opt/php/jraz/application/api/controller/News.php ]
[ info ] [ DB ] INIT mysql
[ info ] [ LOG ] INIT File
[ sql ] [ DB ] CONNECT:[ UseTime:0.000735s ] mysql:dbname=jraz;host=106.15.199.8;port=3306;charset=utf8
[ sql ] [ SQL ] SHOW COLUMNS FROM `news` [ RunTime:0.001079s ]
[ sql ] [ SQL ] SELECT `id`,`title`,`picture` FROM `news` WHERE  `cate` = 2  AND `status` = 1  AND `is_rotation` = 1 ORDER BY publish_time desc LIMIT 5 [ RunTime:0.000639s ]

---------------------------------------------------------------
[ 2017-11-01T09:40:13+08:00 ] 172.19.27.227 180.102.125.20 POST /jraz/api/news/rotationList
[ log ] 106.15.199.8/jraz/api/news/rotationList [运行时间：0.024991s][吞吐率：40.01req/s] [内存消耗：3,181.64kb] [文件加载：52]
[ info ] [ LANG ] /opt/php/jraz/thinkphp/lang/zh-cn.php
[ info ] [ ROUTE ] array (
  'type' => 'module',
  'module' => 
  array (
    0 => 'api',
    1 => 'news',
    2 => 'rotationList',
  ),
)
[ info ] [ HEADER ] array (
  'host' => '106.15.199.8',
  'content-type' => 'application/x-www-form-urlencoded',
  'connection' => 'keep-alive',
  'accept' => '*/*',
  'user-agent' => 'Neighbourhoods/1.0 (iPhone; iOS 11.0; Scale/3.00)',
  'accept-language' => 'en;q=1',
  'content-length' => '9',
  'accept-encoding' => 'gzip, deflate',
)
[ info ] [ PARAM ] array (
  'cate_id' => '2',
)
[ info ] [ RUN ] app\api\controller\News->rotationList[ /opt/php/jraz/application/api/controller/News.php ]
[ info ] [ DB ] INIT mysql
[ info ] [ LOG ] INIT File
[ sql ] [ DB ] CONNECT:[ UseTime:0.000716s ] mysql:dbname=jraz;host=106.15.199.8;port=3306;charset=utf8
[ sql ] [ SQL ] SHOW COLUMNS FROM `news` [ RunTime:0.001108s ]
[ sql ] [ SQL ] SELECT `id`,`title`,`picture` FROM `news` WHERE  `cate` = 2  AND `status` = 1  AND `is_rotation` = 1 ORDER BY publish_time desc LIMIT 5 [ RunTime:0.000662s ]

---------------------------------------------------------------
[ 2017-11-01T10:06:09+08:00 ] 172.19.27.227 180.102.125.20 POST /jraz/api/news/newsCate
[ log ] 106.15.199.8/jraz/api/news/newsCate [运行时间：0.023692s][吞吐率：42.21req/s] [内存消耗：3,175.01kb] [文件加载：52]
[ info ] [ LANG ] /opt/php/jraz/thinkphp/lang/zh-cn.php
[ info ] [ ROUTE ] array (
  'type' => 'module',
  'module' => 
  array (
    0 => 'api',
    1 => 'news',
    2 => 'newsCate',
  ),
)
[ info ] [ HEADER ] array (
  'host' => '106.15.199.8',
  'content-type' => 'application/x-www-form-urlencoded',
  'connection' => 'keep-alive',
  'accept' => '*/*',
  'user-agent' => 'Ant/1.0 (iPhone; iOS 11.0; Scale/3.00)',
  'accept-language' => 'en;q=1',
  'content-length' => '6',
  'accept-encoding' => 'gzip, deflate',
)
[ info ] [ PARAM ] array (
  'type' => '1',
)
[ info ] [ RUN ] app\api\controller\News->newsCate[ /opt/php/jraz/application/api/controller/News.php ]
[ info ] [ DB ] INIT mysql
[ info ] [ LOG ] INIT File
[ sql ] [ DB ] CONNECT:[ UseTime:0.000802s ] mysql:dbname=jraz;host=106.15.199.8;port=3306;charset=utf8
[ sql ] [ SQL ] SHOW COLUMNS FROM `news_category` [ RunTime:0.001078s ]
[ sql ] [ SQL ] SELECT `id`,`name`,`description` FROM `news_category` WHERE  `cate` = 1 [ RunTime:0.000543s ]

---------------------------------------------------------------
[ 2017-11-01T10:06:10+08:00 ] 172.19.27.227 180.102.125.20 POST /jraz/api/news/newsList
[ log ] 106.15.199.8/jraz/api/news/newsList [运行时间：0.026837s][吞吐率：37.26req/s] [内存消耗：3,288.89kb] [文件加载：56]
[ info ] [ LANG ] /opt/php/jraz/thinkphp/lang/zh-cn.php
[ info ] [ ROUTE ] array (
  'type' => 'module',
  'module' => 
  array (
    0 => 'api',
    1 => 'news',
    2 => 'newsList',
  ),
)
[ info ] [ HEADER ] array (
  'host' => '106.15.199.8',
  'content-type' => 'application/x-www-form-urlencoded',
  'connection' => 'keep-alive',
  'accept' => '*/*',
  'user-agent' => 'Ant/1.0 (iPhone; iOS 11.0; Scale/3.00)',
  'accept-language' => 'en;q=1',
  'content-length' => '13',
  'accept-encoding' => 'gzip, deflate',
)
[ info ] [ PARAM ] array (
  'cate_id' => '1',
  'p' => '1',
)
[ info ] [ RUN ] app\api\controller\News->newsList[ /opt/php/jraz/application/api/controller/News.php ]
[ info ] [ DB ] INIT mysql
[ info ] [ LOG ] INIT File
[ sql ] [ DB ] CONNECT:[ UseTime:0.000759s ] mysql:dbname=jraz;host=106.15.199.8;port=3306;charset=utf8
[ sql ] [ SQL ] SHOW COLUMNS FROM `news` [ RunTime:0.001027s ]
[ sql ] [ SQL ] SELECT `id`,`title`,`picture`,`source`,`comment` FROM `news` WHERE  `cate` = 1  AND `status` = 1 ORDER BY publish_time desc LIMIT 0,5 [ RunTime:0.000691s ]
[ sql ] [ SQL ] SELECT COUNT(*) AS tp_count FROM `news` WHERE  `cate` = 1  AND `status` = 1 LIMIT 1 [ RunTime:0.000456s ]
[ error ] [8]未定义变量: class[/opt/php/jraz/thinkphp/helper.php:587]

---------------------------------------------------------------
[ 2017-11-01T20:11:32+08:00 ] 172.19.27.227 113.68.67.240 POST /jraz/api/news/newsCate
[ log ] 106.15.199.8/jraz/api/news/newsCate [运行时间：0.024829s][吞吐率：40.28req/s] [内存消耗：3,175.23kb] [文件加载：52]
[ info ] [ LANG ] /opt/php/jraz/thinkphp/lang/zh-cn.php
[ info ] [ ROUTE ] array (
  'type' => 'module',
  'module' => 
  array (
    0 => 'api',
    1 => 'news',
    2 => 'newsCate',
  ),
)
[ info ] [ HEADER ] array (
  'host' => '106.15.199.8',
  'content-type' => 'application/x-www-form-urlencoded',
  'connection' => 'keep-alive',
  'accept' => '*/*',
  'user-agent' => 'Ant/1.0 (iPhone; iOS 11.0.1; Scale/2.00)',
  'accept-language' => 'en;q=1',
  'content-length' => '6',
  'accept-encoding' => 'gzip, deflate',
)
[ info ] [ PARAM ] array (
  'type' => '1',
)
[ info ] [ RUN ] app\api\controller\News->newsCate[ /opt/php/jraz/application/api/controller/News.php ]
[ info ] [ DB ] INIT mysql
[ info ] [ LOG ] INIT File
[ sql ] [ DB ] CONNECT:[ UseTime:0.000767s ] mysql:dbname=jraz;host=106.15.199.8;port=3306;charset=utf8
[ sql ] [ SQL ] SHOW COLUMNS FROM `news_category` [ RunTime:0.000970s ]
[ sql ] [ SQL ] SELECT `id`,`name`,`description` FROM `news_category` WHERE  `cate` = 1 [ RunTime:0.000612s ]

---------------------------------------------------------------
[ 2017-11-01T20:11:32+08:00 ] 172.19.27.227 113.68.67.240 POST /jraz/api/news/newsList
[ log ] 106.15.199.8/jraz/api/news/newsList [运行时间：0.024887s][吞吐率：40.18req/s] [内存消耗：3,289.09kb] [文件加载：56]
[ info ] [ LANG ] /opt/php/jraz/thinkphp/lang/zh-cn.php
[ info ] [ ROUTE ] array (
  'type' => 'module',
  'module' => 
  array (
    0 => 'api',
    1 => 'news',
    2 => 'newsList',
  ),
)
[ info ] [ HEADER ] array (
  'host' => '106.15.199.8',
  'content-type' => 'application/x-www-form-urlencoded',
  'connection' => 'keep-alive',
  'accept' => '*/*',
  'user-agent' => 'Ant/1.0 (iPhone; iOS 11.0.1; Scale/2.00)',
  'accept-language' => 'en;q=1',
  'content-length' => '13',
  'accept-encoding' => 'gzip, deflate',
)
[ info ] [ PARAM ] array (
  'cate_id' => '1',
  'p' => '1',
)
[ info ] [ RUN ] app\api\controller\News->newsList[ /opt/php/jraz/application/api/controller/News.php ]
[ info ] [ DB ] INIT mysql
[ info ] [ LOG ] INIT File
[ sql ] [ DB ] CONNECT:[ UseTime:0.000669s ] mysql:dbname=jraz;host=106.15.199.8;port=3306;charset=utf8
[ sql ] [ SQL ] SHOW COLUMNS FROM `news` [ RunTime:0.000930s ]
[ sql ] [ SQL ] SELECT `id`,`title`,`picture`,`source`,`comment` FROM `news` WHERE  `cate` = 1  AND `status` = 1 ORDER BY publish_time desc LIMIT 0,5 [ RunTime:0.000630s ]
[ sql ] [ SQL ] SELECT COUNT(*) AS tp_count FROM `news` WHERE  `cate` = 1  AND `status` = 1 LIMIT 1 [ RunTime:0.000483s ]
[ error ] [8]未定义变量: class[/opt/php/jraz/thinkphp/helper.php:587]

---------------------------------------------------------------
[ 2017-11-01T20:11:32+08:00 ] 172.19.27.227 113.68.67.240 POST /jraz/api/news/rotationList
[ log ] 106.15.199.8/jraz/api/news/rotationList [运行时间：0.023091s][吞吐率：43.31req/s] [内存消耗：3,181.64kb] [文件加载：52]
[ info ] [ LANG ] /opt/php/jraz/thinkphp/lang/zh-cn.php
[ info ] [ ROUTE ] array (
  'type' => 'module',
  'module' => 
  array (
    0 => 'api',
    1 => 'news',
    2 => 'rotationList',
  ),
)
[ info ] [ HEADER ] array (
  'host' => '106.15.199.8',
  'content-type' => 'application/x-www-form-urlencoded',
  'connection' => 'keep-alive',
  'accept' => '*/*',
  'user-agent' => 'Ant/1.0 (iPhone; iOS 11.0.1; Scale/2.00)',
  'accept-language' => 'en;q=1',
  'content-length' => '9',
  'accept-encoding' => 'gzip, deflate',
)
[ info ] [ PARAM ] array (
  'cate_id' => '2',
)
[ info ] [ RUN ] app\api\controller\News->rotationList[ /opt/php/jraz/application/api/controller/News.php ]
[ info ] [ DB ] INIT mysql
[ info ] [ LOG ] INIT File
[ sql ] [ DB ] CONNECT:[ UseTime:0.000681s ] mysql:dbname=jraz;host=106.15.199.8;port=3306;charset=utf8
[ sql ] [ SQL ] SHOW COLUMNS FROM `news` [ RunTime:0.000875s ]
[ sql ] [ SQL ] SELECT `id`,`title`,`picture` FROM `news` WHERE  `cate` = 2  AND `status` = 1  AND `is_rotation` = 1 ORDER BY publish_time desc LIMIT 5 [ RunTime:0.000540s ]

---------------------------------------------------------------
[ 2017-11-01T20:11:33+08:00 ] 172.19.27.227 113.68.67.240 POST /jraz/api/news/weather
[ log ] 106.15.199.8/jraz/api/news/weather [运行时间：0.223586s][吞吐率：4.47req/s] [内存消耗：2,223.14kb] [文件加载：45]
[ info ] [ LANG ] /opt/php/jraz/thinkphp/lang/zh-cn.php
[ info ] [ ROUTE ] array (
  'type' => 'module',
  'module' => 
  array (
    0 => 'api',
    1 => 'news',
    2 => 'weather',
  ),
)
[ info ] [ HEADER ] array (
  'host' => '106.15.199.8',
  'content-type' => 'application/x-www-form-urlencoded',
  'connection' => 'keep-alive',
  'accept' => '*/*',
  'user-agent' => 'Ant/1.0 (iPhone; iOS 11.0.1; Scale/2.00)',
  'accept-language' => 'en;q=1',
  'content-length' => '13',
  'accept-encoding' => 'gzip, deflate',
)
[ info ] [ PARAM ] array (
  'city' => 'Canberra',
)
[ info ] [ RUN ] app\api\controller\News->weather[ /opt/php/jraz/application/api/controller/News.php ]
[ info ] [ LOG ] INIT File

---------------------------------------------------------------
[ 2017-11-01T20:11:38+08:00 ] 172.19.27.227 113.68.67.240 POST /jraz/api/news/newsList
[ log ] 106.15.199.8/jraz/api/news/newsList [运行时间：0.026639s][吞吐率：37.54req/s] [内存消耗：3,287.79kb] [文件加载：56]
[ info ] [ LANG ] /opt/php/jraz/thinkphp/lang/zh-cn.php
[ info ] [ ROUTE ] array (
  'type' => 'module',
  'module' => 
  array (
    0 => 'api',
    1 => 'news',
    2 => 'newsList',
  ),
)
[ info ] [ HEADER ] array (
  'host' => '106.15.199.8',
  'content-type' => 'application/x-www-form-urlencoded',
  'connection' => 'keep-alive',
  'accept' => '*/*',
  'user-agent' => 'Ant/1.0 (iPhone; iOS 11.0.1; Scale/2.00)',
  'accept-language' => 'en;q=1',
  'content-length' => '13',
  'accept-encoding' => 'gzip, deflate',
)
[ info ] [ PARAM ] array (
  'cate_id' => '2',
  'p' => '1',
)
[ info ] [ RUN ] app\api\controller\News->newsList[ /opt/php/jraz/application/api/controller/News.php ]
[ info ] [ DB ] INIT mysql
[ info ] [ LOG ] INIT File
[ sql ] [ DB ] CONNECT:[ UseTime:0.000772s ] mysql:dbname=jraz;host=106.15.199.8;port=3306;charset=utf8
[ sql ] [ SQL ] SHOW COLUMNS FROM `news` [ RunTime:0.000973s ]
[ sql ] [ SQL ] SELECT `id`,`title`,`picture`,`source`,`comment` FROM `news` WHERE  `cate` = 2  AND `status` = 1 ORDER BY publish_time desc LIMIT 0,5 [ RunTime:0.000661s ]
[ sql ] [ SQL ] SELECT COUNT(*) AS tp_count FROM `news` WHERE  `cate` = 2  AND `status` = 1 LIMIT 1 [ RunTime:0.000482s ]
[ error ] [8]未定义变量: class[/opt/php/jraz/thinkphp/helper.php:587]

---------------------------------------------------------------
[ 2017-11-01T20:11:40+08:00 ] 172.19.27.227 113.68.67.240 POST /jraz/api/news/newsList
[ log ] 106.15.199.8/jraz/api/news/newsList [运行时间：0.026685s][吞吐率：37.47req/s] [内存消耗：3,287.28kb] [文件加载：56]
[ info ] [ LANG ] /opt/php/jraz/thinkphp/lang/zh-cn.php
[ info ] [ ROUTE ] array (
  'type' => 'module',
  'module' => 
  array (
    0 => 'api',
    1 => 'news',
    2 => 'newsList',
  ),
)
[ info ] [ HEADER ] array (
  'host' => '106.15.199.8',
  'content-type' => 'application/x-www-form-urlencoded',
  'connection' => 'keep-alive',
  'accept' => '*/*',
  'user-agent' => 'Ant/1.0 (iPhone; iOS 11.0.1; Scale/2.00)',
  'accept-language' => 'en;q=1',
  'content-length' => '13',
  'accept-encoding' => 'gzip, deflate',
)
[ info ] [ PARAM ] array (
  'cate_id' => '3',
  'p' => '1',
)
[ info ] [ RUN ] app\api\controller\News->newsList[ /opt/php/jraz/application/api/controller/News.php ]
[ info ] [ DB ] INIT mysql
[ info ] [ LOG ] INIT File
[ sql ] [ DB ] CONNECT:[ UseTime:0.000788s ] mysql:dbname=jraz;host=106.15.199.8;port=3306;charset=utf8
[ sql ] [ SQL ] SHOW COLUMNS FROM `news` [ RunTime:0.001069s ]
[ sql ] [ SQL ] SELECT `id`,`title`,`picture`,`source`,`comment` FROM `news` WHERE  `cate` = 3  AND `status` = 1 ORDER BY publish_time desc LIMIT 0,5 [ RunTime:0.000645s ]
[ sql ] [ SQL ] SELECT COUNT(*) AS tp_count FROM `news` WHERE  `cate` = 3  AND `status` = 1 LIMIT 1 [ RunTime:0.000519s ]
[ error ] [8]未定义变量: class[/opt/php/jraz/thinkphp/helper.php:587]

---------------------------------------------------------------
[ 2017-11-01T20:12:02+08:00 ] 172.19.27.227 113.68.67.240 POST /jraz/api/news/newsCate
[ log ] 106.15.199.8/jraz/api/news/newsCate [运行时间：0.023532s][吞吐率：42.50req/s] [内存消耗：3,175.23kb] [文件加载：52]
[ info ] [ LANG ] /opt/php/jraz/thinkphp/lang/zh-cn.php
[ info ] [ ROUTE ] array (
  'type' => 'module',
  'module' => 
  array (
    0 => 'api',
    1 => 'news',
    2 => 'newsCate',
  ),
)
[ info ] [ HEADER ] array (
  'host' => '106.15.199.8',
  'content-type' => 'application/x-www-form-urlencoded',
  'connection' => 'keep-alive',
  'accept' => '*/*',
  'user-agent' => 'Ant/1.0 (iPhone; iOS 11.0.1; Scale/2.00)',
  'accept-language' => 'en;q=1',
  'content-length' => '6',
  'accept-encoding' => 'gzip, deflate',
)
[ info ] [ PARAM ] array (
  'type' => '1',
)
[ info ] [ RUN ] app\api\controller\News->newsCate[ /opt/php/jraz/application/api/controller/News.php ]
[ info ] [ DB ] INIT mysql
[ info ] [ LOG ] INIT File
[ sql ] [ DB ] CONNECT:[ UseTime:0.000740s ] mysql:dbname=jraz;host=106.15.199.8;port=3306;charset=utf8
[ sql ] [ SQL ] SHOW COLUMNS FROM `news_category` [ RunTime:0.000987s ]
[ sql ] [ SQL ] SELECT `id`,`name`,`description` FROM `news_category` WHERE  `cate` = 1 [ RunTime:0.000593s ]

---------------------------------------------------------------
[ 2017-11-01T20:12:02+08:00 ] 172.19.27.227 113.68.67.240 POST /jraz/api/news/newsList
[ log ] 106.15.199.8/jraz/api/news/newsList [运行时间：0.024654s][吞吐率：40.56req/s] [内存消耗：3,289.09kb] [文件加载：56]
[ info ] [ LANG ] /opt/php/jraz/thinkphp/lang/zh-cn.php
[ info ] [ ROUTE ] array (
  'type' => 'module',
  'module' => 
  array (
    0 => 'api',
    1 => 'news',
    2 => 'newsList',
  ),
)
[ info ] [ HEADER ] array (
  'host' => '106.15.199.8',
  'content-type' => 'application/x-www-form-urlencoded',
  'connection' => 'keep-alive',
  'accept' => '*/*',
  'user-agent' => 'Ant/1.0 (iPhone; iOS 11.0.1; Scale/2.00)',
  'accept-language' => 'en;q=1',
  'content-length' => '13',
  'accept-encoding' => 'gzip, deflate',
)
[ info ] [ PARAM ] array (
  'cate_id' => '1',
  'p' => '1',
)
[ info ] [ RUN ] app\api\controller\News->newsList[ /opt/php/jraz/application/api/controller/News.php ]
[ info ] [ DB ] INIT mysql
[ info ] [ LOG ] INIT File
[ sql ] [ DB ] CONNECT:[ UseTime:0.000644s ] mysql:dbname=jraz;host=106.15.199.8;port=3306;charset=utf8
[ sql ] [ SQL ] SHOW COLUMNS FROM `news` [ RunTime:0.000910s ]
[ sql ] [ SQL ] SELECT `id`,`title`,`picture`,`source`,`comment` FROM `news` WHERE  `cate` = 1  AND `status` = 1 ORDER BY publish_time desc LIMIT 0,5 [ RunTime:0.000646s ]
[ sql ] [ SQL ] SELECT COUNT(*) AS tp_count FROM `news` WHERE  `cate` = 1  AND `status` = 1 LIMIT 1 [ RunTime:0.000467s ]
[ error ] [8]未定义变量: class[/opt/php/jraz/thinkphp/helper.php:587]

---------------------------------------------------------------
[ 2017-11-01T20:12:02+08:00 ] 172.19.27.227 113.68.67.240 POST /jraz/api/news/rotationList
[ log ] 106.15.199.8/jraz/api/news/rotationList [运行时间：0.022611s][吞吐率：44.23req/s] [内存消耗：3,181.64kb] [文件加载：52]
[ info ] [ LANG ] /opt/php/jraz/thinkphp/lang/zh-cn.php
[ info ] [ ROUTE ] array (
  'type' => 'module',
  'module' => 
  array (
    0 => 'api',
    1 => 'news',
    2 => 'rotationList',
  ),
)
[ info ] [ HEADER ] array (
  'host' => '106.15.199.8',
  'content-type' => 'application/x-www-form-urlencoded',
  'connection' => 'keep-alive',
  'accept' => '*/*',
  'user-agent' => 'Ant/1.0 (iPhone; iOS 11.0.1; Scale/2.00)',
  'accept-language' => 'en;q=1',
  'content-length' => '9',
  'accept-encoding' => 'gzip, deflate',
)
[ info ] [ PARAM ] array (
  'cate_id' => '2',
)
[ info ] [ RUN ] app\api\controller\News->rotationList[ /opt/php/jraz/application/api/controller/News.php ]
[ info ] [ DB ] INIT mysql
[ info ] [ LOG ] INIT File
[ sql ] [ DB ] CONNECT:[ UseTime:0.000695s ] mysql:dbname=jraz;host=106.15.199.8;port=3306;charset=utf8
[ sql ] [ SQL ] SHOW COLUMNS FROM `news` [ RunTime:0.000894s ]
[ sql ] [ SQL ] SELECT `id`,`title`,`picture` FROM `news` WHERE  `cate` = 2  AND `status` = 1  AND `is_rotation` = 1 ORDER BY publish_time desc LIMIT 5 [ RunTime:0.000578s ]

---------------------------------------------------------------
[ 2017-11-01T20:12:02+08:00 ] 172.19.27.227 113.68.67.240 POST /jraz/api/news/weather
[ log ] 106.15.199.8/jraz/api/news/weather [运行时间：0.145186s][吞吐率：6.89req/s] [内存消耗：2,223.14kb] [文件加载：45]
[ info ] [ LANG ] /opt/php/jraz/thinkphp/lang/zh-cn.php
[ info ] [ ROUTE ] array (
  'type' => 'module',
  'module' => 
  array (
    0 => 'api',
    1 => 'news',
    2 => 'weather',
  ),
)
[ info ] [ HEADER ] array (
  'host' => '106.15.199.8',
  'content-type' => 'application/x-www-form-urlencoded',
  'connection' => 'keep-alive',
  'accept' => '*/*',
  'user-agent' => 'Ant/1.0 (iPhone; iOS 11.0.1; Scale/2.00)',
  'accept-language' => 'en;q=1',
  'content-length' => '13',
  'accept-encoding' => 'gzip, deflate',
)
[ info ] [ PARAM ] array (
  'city' => 'Canberra',
)
[ info ] [ RUN ] app\api\controller\News->weather[ /opt/php/jraz/application/api/controller/News.php ]
[ info ] [ LOG ] INIT File

---------------------------------------------------------------
[ 2017-11-01T20:12:19+08:00 ] 172.19.27.227 113.68.67.240 POST /jraz/api/forum/forumList
[ log ] 106.15.199.8/jraz/api/forum/forumList [运行时间：0.027423s][吞吐率：36.47req/s] [内存消耗：3,248.80kb] [文件加载：56]
[ info ] [ LANG ] /opt/php/jraz/thinkphp/lang/zh-cn.php
[ info ] [ ROUTE ] array (
  'type' => 'module',
  'module' => 
  array (
    0 => 'api',
    1 => 'forum',
    2 => 'forumList',
  ),
)
[ info ] [ HEADER ] array (
  'host' => '106.15.199.8',
  'content-type' => 'application/x-www-form-urlencoded',
  'connection' => 'keep-alive',
  'accept' => '*/*',
  'user-agent' => 'Ant/1.0 (iPhone; iOS 11.0.1; Scale/2.00)',
  'accept-language' => 'en;q=1',
  'content-length' => '42',
  'accept-encoding' => 'gzip, deflate',
)
[ info ] [ PARAM ] array (
  'cate_1' => 'friends',
  'cate_2' => '',
  'cate_3' => '',
  'cate_4' => '',
  'p' => '1',
)
[ info ] [ RUN ] app\api\controller\Forum->forumList[ /opt/php/jraz/application/api/controller/Forum.php ]
[ info ] [ DB ] INIT mysql
[ info ] [ LOG ] INIT File
[ error ] [8]未定义变量: class[/opt/php/jraz/thinkphp/helper.php:587]
[ error ] [8]未定义变量: where[/opt/php/jraz/application/api/controller/Forum.php:49]
[ error ] [8]未定义变量: where[/opt/php/jraz/application/api/controller/Forum.php:62]
[ sql ] [ DB ] CONNECT:[ UseTime:0.000752s ] mysql:dbname=jraz;host=106.15.199.8;port=3306;charset=utf8
[ sql ] [ SQL ] SHOW COLUMNS FROM `life_city_friends` [ RunTime:0.002412s ]
[ sql ] [ SQL ] SELECT * FROM `life_city_friends` ORDER BY `time` LIMIT 0,5 [ RunTime:0.000582s ]
[ sql ] [ SQL ] SELECT COUNT(*) AS tp_count FROM `life_city_friends` LIMIT 1 [ RunTime:0.000424s ]

---------------------------------------------------------------
[ 2017-11-01T20:12:23+08:00 ] 172.19.27.227 113.68.67.240 POST /jraz/api/forum/forumList
[ log ] 106.15.199.8/jraz/api/forum/forumList [运行时间：0.025710s][吞吐率：38.90req/s] [内存消耗：3,248.80kb] [文件加载：56]
[ info ] [ LANG ] /opt/php/jraz/thinkphp/lang/zh-cn.php
[ info ] [ ROUTE ] array (
  'type' => 'module',
  'module' => 
  array (
    0 => 'api',
    1 => 'forum',
    2 => 'forumList',
  ),
)
[ info ] [ HEADER ] array (
  'host' => '106.15.199.8',
  'content-type' => 'application/x-www-form-urlencoded',
  'connection' => 'keep-alive',
  'accept' => '*/*',
  'user-agent' => 'Ant/1.0 (iPhone; iOS 11.0.1; Scale/2.00)',
  'accept-language' => 'en;q=1',
  'content-length' => '42',
  'accept-encoding' => 'gzip, deflate',
)
[ info ] [ PARAM ] array (
  'cate_1' => 'friends',
  'cate_2' => '',
  'cate_3' => '',
  'cate_4' => '',
  'p' => '1',
)
[ info ] [ RUN ] app\api\controller\Forum->forumList[ /opt/php/jraz/application/api/controller/Forum.php ]
[ info ] [ DB ] INIT mysql
[ info ] [ LOG ] INIT File
[ error ] [8]未定义变量: class[/opt/php/jraz/thinkphp/helper.php:587]
[ error ] [8]未定义变量: where[/opt/php/jraz/application/api/controller/Forum.php:49]
[ error ] [8]未定义变量: where[/opt/php/jraz/application/api/controller/Forum.php:62]
[ sql ] [ DB ] CONNECT:[ UseTime:0.000755s ] mysql:dbname=jraz;host=106.15.199.8;port=3306;charset=utf8
[ sql ] [ SQL ] SHOW COLUMNS FROM `life_city_friends` [ RunTime:0.001043s ]
[ sql ] [ SQL ] SELECT * FROM `life_city_friends` ORDER BY `time` LIMIT 0,5 [ RunTime:0.000579s ]
[ sql ] [ SQL ] SELECT COUNT(*) AS tp_count FROM `life_city_friends` LIMIT 1 [ RunTime:0.000414s ]

---------------------------------------------------------------
[ 2017-11-01T20:12:28+08:00 ] 172.19.27.227 113.68.67.240 POST /jraz/api/forum/forumInfo
[ log ] 106.15.199.8/jraz/api/forum/forumInfo [运行时间：0.024609s][吞吐率：40.64req/s] [内存消耗：3,208.38kb] [文件加载：55]
[ info ] [ LANG ] /opt/php/jraz/thinkphp/lang/zh-cn.php
[ info ] [ ROUTE ] array (
  'type' => 'module',
  'module' => 
  array (
    0 => 'api',
    1 => 'forum',
    2 => 'forumInfo',
  ),
)
[ info ] [ HEADER ] array (
  'host' => '106.15.199.8',
  'content-type' => 'application/x-www-form-urlencoded',
  'connection' => 'keep-alive',
  'accept' => '*/*',
  'user-agent' => 'Ant/1.0 (iPhone; iOS 11.0.1; Scale/2.00)',
  'accept-language' => 'en;q=1',
  'content-length' => '19',
  'accept-encoding' => 'gzip, deflate',
)
[ info ] [ PARAM ] array (
  'cate_1' => 'friends',
  'id' => '5',
)
[ info ] [ RUN ] app\api\controller\Forum->forumInfo[ /opt/php/jraz/application/api/controller/Forum.php ]
[ info ] [ DB ] INIT mysql
[ info ] [ LOG ] INIT File
[ error ] [8]未定义变量: class[/opt/php/jraz/thinkphp/helper.php:587]
[ sql ] [ DB ] CONNECT:[ UseTime:0.000725s ] mysql:dbname=jraz;host=106.15.199.8;port=3306;charset=utf8
[ sql ] [ SQL ] SHOW COLUMNS FROM `life_city_friends` [ RunTime:0.001016s ]
[ sql ] [ SQL ] SELECT * FROM `life_city_friends` WHERE  `id` = 5 LIMIT 1 [ RunTime:0.000597s ]

---------------------------------------------------------------
[ 2017-11-01T20:12:51+08:00 ] 172.19.27.227 113.68.67.240 POST /jraz/api/forum/forumList
[ log ] 106.15.199.8/jraz/api/forum/forumList [运行时间：0.026010s][吞吐率：38.45req/s] [内存消耗：3,228.21kb] [文件加载：56]
[ info ] [ LANG ] /opt/php/jraz/thinkphp/lang/zh-cn.php
[ info ] [ ROUTE ] array (
  'type' => 'module',
  'module' => 
  array (
    0 => 'api',
    1 => 'forum',
    2 => 'forumList',
  ),
)
[ info ] [ HEADER ] array (
  'host' => '106.15.199.8',
  'content-type' => 'application/x-www-form-urlencoded',
  'connection' => 'keep-alive',
  'accept' => '*/*',
  'user-agent' => 'Ant/1.0 (iPhone; iOS 11.0.1; Scale/2.00)',
  'accept-language' => 'en;q=1',
  'content-length' => '39',
  'accept-encoding' => 'gzip, deflate',
)
[ info ] [ PARAM ] array (
  'cate_1' => 'job',
  'cate_2' => '',
  'cate_3' => '',
  'cate_4' => '1',
  'p' => '1',
)
[ info ] [ RUN ] app\api\controller\Forum->forumList[ /opt/php/jraz/application/api/controller/Forum.php ]
[ info ] [ DB ] INIT mysql
[ info ] [ LOG ] INIT File
[ error ] [8]未定义变量: class[/opt/php/jraz/thinkphp/helper.php:587]
[ sql ] [ DB ] CONNECT:[ UseTime:0.000750s ] mysql:dbname=jraz;host=106.15.199.8;port=3306;charset=utf8
[ sql ] [ SQL ] SHOW COLUMNS FROM `life_job_search` [ RunTime:0.001067s ]
[ sql ] [ SQL ] SELECT * FROM `life_job_search` WHERE  `type` = 1 ORDER BY `time` LIMIT 0,5 [ RunTime:0.000674s ]
[ sql ] [ SQL ] SELECT COUNT(*) AS tp_count FROM `life_job_search` WHERE  `type` = 1 LIMIT 1 [ RunTime:0.000433s ]

---------------------------------------------------------------
[ 2017-11-01T20:12:53+08:00 ] 172.19.27.227 113.68.67.240 POST /jraz/api/forum/forumList
[ log ] 106.15.199.8/jraz/api/forum/forumList [运行时间：0.026077s][吞吐率：38.35req/s] [内存消耗：3,247.89kb] [文件加载：56]
[ info ] [ LANG ] /opt/php/jraz/thinkphp/lang/zh-cn.php
[ info ] [ ROUTE ] array (
  'type' => 'module',
  'module' => 
  array (
    0 => 'api',
    1 => 'forum',
    2 => 'forumList',
  ),
)
[ info ] [ HEADER ] array (
  'host' => '106.15.199.8',
  'content-type' => 'application/x-www-form-urlencoded',
  'connection' => 'keep-alive',
  'accept' => '*/*',
  'user-agent' => 'Ant/1.0 (iPhone; iOS 11.0.1; Scale/2.00)',
  'accept-language' => 'en;q=1',
  'content-length' => '39',
  'accept-encoding' => 'gzip, deflate',
)
[ info ] [ PARAM ] array (
  'cate_1' => 'job',
  'cate_2' => '',
  'cate_3' => '',
  'cate_4' => '2',
  'p' => '1',
)
[ info ] [ RUN ] app\api\controller\Forum->forumList[ /opt/php/jraz/application/api/controller/Forum.php ]
[ info ] [ DB ] INIT mysql
[ info ] [ LOG ] INIT File
[ error ] [8]未定义变量: class[/opt/php/jraz/thinkphp/helper.php:587]
[ sql ] [ DB ] CONNECT:[ UseTime:0.000747s ] mysql:dbname=jraz;host=106.15.199.8;port=3306;charset=utf8
[ sql ] [ SQL ] SHOW COLUMNS FROM `life_job_search` [ RunTime:0.001036s ]
[ sql ] [ SQL ] SELECT * FROM `life_job_search` WHERE  `type` = 2 ORDER BY `time` LIMIT 0,5 [ RunTime:0.000659s ]
[ sql ] [ SQL ] SELECT COUNT(*) AS tp_count FROM `life_job_search` WHERE  `type` = 2 LIMIT 1 [ RunTime:0.000458s ]

---------------------------------------------------------------
[ 2017-11-01T20:12:58+08:00 ] 172.19.27.227 113.68.67.240 POST /jraz/api/forum/forumList
[ log ] 106.15.199.8/jraz/api/forum/forumList [运行时间：0.025368s][吞吐率：39.42req/s] [内存消耗：3,247.89kb] [文件加载：56]
[ info ] [ LANG ] /opt/php/jraz/thinkphp/lang/zh-cn.php
[ info ] [ ROUTE ] array (
  'type' => 'module',
  'module' => 
  array (
    0 => 'api',
    1 => 'forum',
    2 => 'forumList',
  ),
)
[ info ] [ HEADER ] array (
  'host' => '106.15.199.8',
  'content-type' => 'application/x-www-form-urlencoded',
  'connection' => 'keep-alive',
  'accept' => '*/*',
  'user-agent' => 'Ant/1.0 (iPhone; iOS 11.0.1; Scale/2.00)',
  'accept-language' => 'en;q=1',
  'content-length' => '39',
  'accept-encoding' => 'gzip, deflate',
)
[ info ] [ PARAM ] array (
  'cate_1' => 'job',
  'cate_2' => '',
  'cate_3' => '',
  'cate_4' => '2',
  'p' => '1',
)
[ info ] [ RUN ] app\api\controller\Forum->forumList[ /opt/php/jraz/application/api/controller/Forum.php ]
[ info ] [ DB ] INIT mysql
[ info ] [ LOG ] INIT File
[ error ] [8]未定义变量: class[/opt/php/jraz/thinkphp/helper.php:587]
[ sql ] [ DB ] CONNECT:[ UseTime:0.000745s ] mysql:dbname=jraz;host=106.15.199.8;port=3306;charset=utf8
[ sql ] [ SQL ] SHOW COLUMNS FROM `life_job_search` [ RunTime:0.001062s ]
[ sql ] [ SQL ] SELECT * FROM `life_job_search` WHERE  `type` = 2 ORDER BY `time` LIMIT 0,5 [ RunTime:0.000697s ]
[ sql ] [ SQL ] SELECT COUNT(*) AS tp_count FROM `life_job_search` WHERE  `type` = 2 LIMIT 1 [ RunTime:0.000465s ]

---------------------------------------------------------------
