[ 2017-11-16T16:55:48+08:00 ] 172.19.27.227 180.102.124.186 POST /jraz/api/user/nbor_publish
[ log ] 106.15.199.8/jraz/api/user/nbor_publish [运行时间：0.026469s][吞吐率：37.78req/s] [内存消耗：3,359.59kb] [文件加载：56]
[ info ] [ LANG ] /opt/php/jraz/thinkphp/lang/zh-cn.php
[ info ] [ ROUTE ] array (
  'type' => 'module',
  'module' => 
  array (
    0 => 'api',
    1 => 'user',
    2 => 'nbor_publish',
  ),
)
[ info ] [ HEADER ] array (
  'host' => '106.15.199.8',
  'content-type' => 'multipart/form-data; boundary=Boundary+893E2D179D1D09D1',
  'accept-encoding' => 'gzip, deflate',
  'connection' => 'keep-alive',
  'accept' => '*/*',
  'user-agent' => 'Neighbourhoods/1.0 (iPhone; iOS 11.0; Scale/3.00)',
  'accept-language' => 'en;q=1',
  'content-length' => '218',
  'token' => '3b0c831e2c86917f75a1d854269e26c0',
)
[ info ] [ PARAM ] array (
  'content' => '发布动态sdfsfsdfsdfs',
  'up_cate' => '2',
)
[ info ] [ CACHE ] INIT File
[ info ] [ DB ] INIT mysql
[ info ] [ LOG ] INIT File
[ sql ] [ DB ] CONNECT:[ UseTime:0.000629s ] mysql:dbname=jraz;host=106.15.199.8;port=3306;charset=utf8
[ sql ] [ SQL ] SHOW COLUMNS FROM `token` [ RunTime:0.000843s ]
[ sql ] [ SQL ] SELECT * FROM `token` WHERE  `token` = '3b0c831e2c86917f75a1d854269e26c0' LIMIT 1 [ RunTime:0.001018s ]

---------------------------------------------------------------
[ 2017-11-16T16:55:48+08:00 ] 172.19.27.227 180.102.124.186 POST /jraz/api/user/nbor_publish
[ log ] 106.15.199.8/jraz/api/user/nbor_publish [运行时间：0.027715s][吞吐率：36.08req/s] [内存消耗：3,359.59kb] [文件加载：56]
[ info ] [ LANG ] /opt/php/jraz/thinkphp/lang/zh-cn.php
[ info ] [ ROUTE ] array (
  'type' => 'module',
  'module' => 
  array (
    0 => 'api',
    1 => 'user',
    2 => 'nbor_publish',
  ),
)
[ info ] [ HEADER ] array (
  'host' => '106.15.199.8',
  'content-type' => 'multipart/form-data; boundary=Boundary+C798C8C863E0C2F5',
  'accept-encoding' => 'gzip, deflate',
  'connection' => 'keep-alive',
  'accept' => '*/*',
  'user-agent' => 'Neighbourhoods/1.0 (iPhone; iOS 11.0; Scale/3.00)',
  'accept-language' => 'en;q=1',
  'content-length' => '218',
  'token' => '3b0c831e2c86917f75a1d854269e26c0',
)
[ info ] [ PARAM ] array (
  'content' => '发布动态sdfsfsdfsdfs',
  'up_cate' => '2',
)
[ info ] [ CACHE ] INIT File
[ info ] [ DB ] INIT mysql
[ info ] [ LOG ] INIT File
[ sql ] [ DB ] CONNECT:[ UseTime:0.000727s ] mysql:dbname=jraz;host=106.15.199.8;port=3306;charset=utf8
[ sql ] [ SQL ] SHOW COLUMNS FROM `token` [ RunTime:0.000997s ]
[ sql ] [ SQL ] SELECT * FROM `token` WHERE  `token` = '3b0c831e2c86917f75a1d854269e26c0' LIMIT 1 [ RunTime:0.001336s ]

---------------------------------------------------------------
[ 2017-11-16T16:55:48+08:00 ] 172.19.27.227 180.102.124.186 POST /jraz/api/user/nbor_publish
[ log ] 106.15.199.8/jraz/api/user/nbor_publish [运行时间：0.026149s][吞吐率：38.24req/s] [内存消耗：3,359.59kb] [文件加载：56]
[ info ] [ LANG ] /opt/php/jraz/thinkphp/lang/zh-cn.php
[ info ] [ ROUTE ] array (
  'type' => 'module',
  'module' => 
  array (
    0 => 'api',
    1 => 'user',
    2 => 'nbor_publish',
  ),
)
[ info ] [ HEADER ] array (
  'host' => '106.15.199.8',
  'content-type' => 'multipart/form-data; boundary=Boundary+F0419B3FDA18DF94',
  'accept-encoding' => 'gzip, deflate',
  'connection' => 'keep-alive',
  'accept' => '*/*',
  'user-agent' => 'Neighbourhoods/1.0 (iPhone; iOS 11.0; Scale/3.00)',
  'accept-language' => 'en;q=1',
  'content-length' => '218',
  'token' => '3b0c831e2c86917f75a1d854269e26c0',
)
[ info ] [ PARAM ] array (
  'content' => '发布动态sdfsfsdfsdfs',
  'up_cate' => '2',
)
[ info ] [ CACHE ] INIT File
[ info ] [ DB ] INIT mysql
[ info ] [ LOG ] INIT File
[ sql ] [ DB ] CONNECT:[ UseTime:0.000725s ] mysql:dbname=jraz;host=106.15.199.8;port=3306;charset=utf8
[ sql ] [ SQL ] SHOW COLUMNS FROM `token` [ RunTime:0.000898s ]
[ sql ] [ SQL ] SELECT * FROM `token` WHERE  `token` = '3b0c831e2c86917f75a1d854269e26c0' LIMIT 1 [ RunTime:0.000551s ]

---------------------------------------------------------------
[ 2017-11-16T16:55:48+08:00 ] 172.19.27.227 180.102.124.186 POST /jraz/api/user/nbor_publish
[ log ] 106.15.199.8/jraz/api/user/nbor_publish [运行时间：0.028926s][吞吐率：34.57req/s] [内存消耗：3,359.59kb] [文件加载：56]
[ info ] [ LANG ] /opt/php/jraz/thinkphp/lang/zh-cn.php
[ info ] [ ROUTE ] array (
  'type' => 'module',
  'module' => 
  array (
    0 => 'api',
    1 => 'user',
    2 => 'nbor_publish',
  ),
)
[ info ] [ HEADER ] array (
  'host' => '106.15.199.8',
  'content-type' => 'multipart/form-data; boundary=Boundary+A88F5B44D2CC9388',
  'accept-encoding' => 'gzip, deflate',
  'connection' => 'keep-alive',
  'accept' => '*/*',
  'user-agent' => 'Neighbourhoods/1.0 (iPhone; iOS 11.0; Scale/3.00)',
  'accept-language' => 'en;q=1',
  'content-length' => '218',
  'token' => '3b0c831e2c86917f75a1d854269e26c0',
)
[ info ] [ PARAM ] array (
  'content' => '发布动态sdfsfsdfsdfs',
  'up_cate' => '2',
)
[ info ] [ CACHE ] INIT File
[ info ] [ DB ] INIT mysql
[ info ] [ LOG ] INIT File
[ sql ] [ DB ] CONNECT:[ UseTime:0.000625s ] mysql:dbname=jraz;host=106.15.199.8;port=3306;charset=utf8
[ sql ] [ SQL ] SHOW COLUMNS FROM `token` [ RunTime:0.000840s ]
[ sql ] [ SQL ] SELECT * FROM `token` WHERE  `token` = '3b0c831e2c86917f75a1d854269e26c0' LIMIT 1 [ RunTime:0.000447s ]

---------------------------------------------------------------
[ 2017-11-16T16:55:48+08:00 ] 172.19.27.227 180.102.124.186 POST /jraz/api/user/nbor_publish
[ log ] 106.15.199.8/jraz/api/user/nbor_publish [运行时间：0.025917s][吞吐率：38.58req/s] [内存消耗：3,359.59kb] [文件加载：56]
[ info ] [ LANG ] /opt/php/jraz/thinkphp/lang/zh-cn.php
[ info ] [ ROUTE ] array (
  'type' => 'module',
  'module' => 
  array (
    0 => 'api',
    1 => 'user',
    2 => 'nbor_publish',
  ),
)
[ info ] [ HEADER ] array (
  'host' => '106.15.199.8',
  'content-type' => 'multipart/form-data; boundary=Boundary+3222CED0ABF5C60C',
  'accept-encoding' => 'gzip, deflate',
  'connection' => 'keep-alive',
  'accept' => '*/*',
  'user-agent' => 'Neighbourhoods/1.0 (iPhone; iOS 11.0; Scale/3.00)',
  'accept-language' => 'en;q=1',
  'content-length' => '218',
  'token' => '3b0c831e2c86917f75a1d854269e26c0',
)
[ info ] [ PARAM ] array (
  'content' => '发布动态sdfsfsdfsdfs',
  'up_cate' => '2',
)
[ info ] [ CACHE ] INIT File
[ info ] [ DB ] INIT mysql
[ info ] [ LOG ] INIT File
[ sql ] [ DB ] CONNECT:[ UseTime:0.000778s ] mysql:dbname=jraz;host=106.15.199.8;port=3306;charset=utf8
[ sql ] [ SQL ] SHOW COLUMNS FROM `token` [ RunTime:0.000955s ]
[ sql ] [ SQL ] SELECT * FROM `token` WHERE  `token` = '3b0c831e2c86917f75a1d854269e26c0' LIMIT 1 [ RunTime:0.000487s ]

---------------------------------------------------------------
[ 2017-11-16T16:57:42+08:00 ] 172.19.27.227 180.102.124.186 POST /jraz/api/user/nbor_publish
[ log ] 106.15.199.8/jraz/api/user/nbor_publish [运行时间：0.025118s][吞吐率：39.81req/s] [内存消耗：3,359.48kb] [文件加载：56]
[ info ] [ LANG ] /opt/php/jraz/thinkphp/lang/zh-cn.php
[ info ] [ ROUTE ] array (
  'type' => 'module',
  'module' => 
  array (
    0 => 'api',
    1 => 'user',
    2 => 'nbor_publish',
  ),
)
[ info ] [ HEADER ] array (
  'host' => '106.15.199.8',
  'content-type' => 'multipart/form-data; boundary=Boundary+F8D51320A250F9B3',
  'accept-encoding' => 'gzip, deflate',
  'connection' => 'keep-alive',
  'accept' => '*/*',
  'user-agent' => 'Neighbourhoods/1.0 (iPhone; iOS 11.0; Scale/3.00)',
  'accept-language' => 'en;q=1',
  'content-length' => '206',
  'token' => '3b0c831e2c86917f75a1d854269e26c0',
)
[ info ] [ PARAM ] array (
  'content' => '发布动态',
  'up_cate' => '2',
)
[ info ] [ CACHE ] INIT File
[ info ] [ DB ] INIT mysql
[ info ] [ LOG ] INIT File
[ sql ] [ DB ] CONNECT:[ UseTime:0.000783s ] mysql:dbname=jraz;host=106.15.199.8;port=3306;charset=utf8
[ sql ] [ SQL ] SHOW COLUMNS FROM `token` [ RunTime:0.000952s ]
[ sql ] [ SQL ] SELECT * FROM `token` WHERE  `token` = '3b0c831e2c86917f75a1d854269e26c0' LIMIT 1 [ RunTime:0.000558s ]

---------------------------------------------------------------
[ 2017-11-16T17:01:20+08:00 ] 172.19.27.227 180.102.124.186 POST /jraz/api/user/nbor_publish
[ log ] 106.15.199.8/jraz/api/user/nbor_publish [运行时间：0.025921s][吞吐率：38.58req/s] [内存消耗：3,359.14kb] [文件加载：56]
[ info ] [ LANG ] /opt/php/jraz/thinkphp/lang/zh-cn.php
[ info ] [ ROUTE ] array (
  'type' => 'module',
  'module' => 
  array (
    0 => 'api',
    1 => 'user',
    2 => 'nbor_publish',
  ),
)
[ info ] [ HEADER ] array (
  'host' => '106.15.199.8',
  'content-type' => 'multipart/form-data; boundary=Boundary+DC2B21B096228D89',
  'accept-encoding' => 'gzip, deflate',
  'cookie' => 'PHPSESSID=ar94qaa4otjflc5s862tplj490',
  'connection' => 'keep-alive',
  'accept' => '*/*',
  'user-agent' => 'Neighbourhoods/1.0 (iPhone; iOS 11.0; Scale/3.00)',
  'accept-language' => 'en;q=1',
  'content-length' => '59528',
  'token' => '3b0c831e2c86917f75a1d854269e26c0',
)
[ info ] [ PARAM ] array (
  'content' => '发布动态',
  'up_cate' => '1',
)
[ info ] [ CACHE ] INIT File
[ info ] [ DB ] INIT mysql
[ info ] [ LOG ] INIT File
[ sql ] [ DB ] CONNECT:[ UseTime:0.000741s ] mysql:dbname=jraz;host=106.15.199.8;port=3306;charset=utf8
[ sql ] [ SQL ] SHOW COLUMNS FROM `token` [ RunTime:0.000910s ]
[ sql ] [ SQL ] SELECT * FROM `token` WHERE  `token` = '3b0c831e2c86917f75a1d854269e26c0' LIMIT 1 [ RunTime:0.000485s ]

---------------------------------------------------------------
[ 2017-11-16T17:04:18+08:00 ] 172.19.27.227 180.102.124.186 POST /jraz/api/user/nbor_publish
[ log ] 106.15.199.8/jraz/api/user/nbor_publish [运行时间：0.025739s][吞吐率：38.85req/s] [内存消耗：3,359.14kb] [文件加载：56]
[ info ] [ LANG ] /opt/php/jraz/thinkphp/lang/zh-cn.php
[ info ] [ ROUTE ] array (
  'type' => 'module',
  'module' => 
  array (
    0 => 'api',
    1 => 'user',
    2 => 'nbor_publish',
  ),
)
[ info ] [ HEADER ] array (
  'host' => '106.15.199.8',
  'content-type' => 'multipart/form-data; boundary=Boundary+73F7147F81E940F6',
  'accept-encoding' => 'gzip, deflate',
  'cookie' => 'PHPSESSID=ar94qaa4otjflc5s862tplj490',
  'connection' => 'keep-alive',
  'accept' => '*/*',
  'user-agent' => 'Neighbourhoods/1.0 (iPhone; iOS 11.0; Scale/3.00)',
  'accept-language' => 'en;q=1',
  'content-length' => '59528',
  'token' => '3b0c831e2c86917f75a1d854269e26c0',
)
[ info ] [ PARAM ] array (
  'content' => '发布动态',
  'up_cate' => '1',
)
[ info ] [ CACHE ] INIT File
[ info ] [ DB ] INIT mysql
[ info ] [ LOG ] INIT File
[ sql ] [ DB ] CONNECT:[ UseTime:0.000777s ] mysql:dbname=jraz;host=106.15.199.8;port=3306;charset=utf8
[ sql ] [ SQL ] SHOW COLUMNS FROM `token` [ RunTime:0.000958s ]
[ sql ] [ SQL ] SELECT * FROM `token` WHERE  `token` = '3b0c831e2c86917f75a1d854269e26c0' LIMIT 1 [ RunTime:0.000567s ]

---------------------------------------------------------------
[ 2017-11-16T17:10:07+08:00 ] 172.19.27.227 180.102.124.186 POST /jraz/api/user/nbor_publish
[ log ] 106.15.199.8/jraz/api/user/nbor_publish [运行时间：0.024835s][吞吐率：40.27req/s] [内存消耗：3,359.42kb] [文件加载：56]
[ info ] [ LANG ] /opt/php/jraz/thinkphp/lang/zh-cn.php
[ info ] [ ROUTE ] array (
  'type' => 'module',
  'module' => 
  array (
    0 => 'api',
    1 => 'user',
    2 => 'nbor_publish',
  ),
)
[ info ] [ HEADER ] array (
  'host' => '106.15.199.8',
  'content-type' => 'multipart/form-data; boundary=Boundary+834098F4B45AADE5',
  'accept-encoding' => 'gzip, deflate',
  'cookie' => 'PHPSESSID=ar94qaa4otjflc5s862tplj490',
  'connection' => 'keep-alive',
  'accept' => '*/*',
  'user-agent' => 'Neighbourhoods/1.0 (iPhone; iOS 11.0; Scale/3.00)',
  'accept-language' => 'en;q=1',
  'content-length' => '59536',
  'token' => '61159a9d412caf7dbd1be0efd14fd603',
)
[ info ] [ PARAM ] array (
  'content' => '发布动态wewqeqwe',
  'up_cate' => '1',
)
[ info ] [ CACHE ] INIT File
[ info ] [ DB ] INIT mysql
[ info ] [ LOG ] INIT File
[ sql ] [ DB ] CONNECT:[ UseTime:0.000773s ] mysql:dbname=jraz;host=106.15.199.8;port=3306;charset=utf8
[ sql ] [ SQL ] SHOW COLUMNS FROM `token` [ RunTime:0.000942s ]
[ sql ] [ SQL ] SELECT * FROM `token` WHERE  `token` = '61159a9d412caf7dbd1be0efd14fd603' LIMIT 1 [ RunTime:0.000491s ]

---------------------------------------------------------------
[ 2017-11-16T17:11:49+08:00 ] 172.19.27.227 180.102.124.186 GET /jraz/api/user/nbor_publish
[ log ] 106.15.199.8/jraz/api/user/nbor_publish [运行时间：0.017054s][吞吐率：58.64req/s] [内存消耗：2,307.05kb] [文件加载：46]
[ info ] [ LANG ] /opt/php/jraz/thinkphp/lang/zh-cn.php
[ info ] [ ROUTE ] array (
  'type' => 'module',
  'module' => 
  array (
    0 => 'api',
    1 => 'user',
    2 => 'nbor_publish',
  ),
)
[ info ] [ HEADER ] array (
  'host' => '106.15.199.8',
  'upgrade-insecure-requests' => '1',
  'accept' => 'text/html,application/xhtml+xml,application/xml;q=0.9,*/*;q=0.8',
  'user-agent' => 'Mozilla/5.0 (Macintosh; Intel Mac OS X 10_13) AppleWebKit/604.1.38 (KHTML, like Gecko) Version/11.0 Safari/604.1.38',
  'accept-language' => 'zh-cn',
  'accept-encoding' => 'gzip, deflate',
  'connection' => 'keep-alive',
  'content-type' => '',
  'content-length' => '',
)
[ info ] [ PARAM ] array (
)
[ info ] [ LOG ] INIT File

---------------------------------------------------------------
[ 2017-11-16T17:15:34+08:00 ] 172.19.27.227 180.102.124.186 POST /jraz/api/user/nbor_publish
[ log ] 106.15.199.8/jraz/api/user/nbor_publish [运行时间：0.026088s][吞吐率：38.33req/s] [内存消耗：3,359.28kb] [文件加载：56]
[ info ] [ LANG ] /opt/php/jraz/thinkphp/lang/zh-cn.php
[ info ] [ ROUTE ] array (
  'type' => 'module',
  'module' => 
  array (
    0 => 'api',
    1 => 'user',
    2 => 'nbor_publish',
  ),
)
[ info ] [ HEADER ] array (
  'host' => '106.15.199.8',
  'content-type' => 'multipart/form-data; boundary=Boundary+CCA214EF50F08D9E',
  'accept-encoding' => 'gzip, deflate',
  'connection' => 'keep-alive',
  'accept' => '*/*',
  'user-agent' => 'Neighbourhoods/1.0 (iPhone; iOS 11.0; Scale/3.00)',
  'accept-language' => 'en;q=1',
  'content-length' => '65569',
  'token' => '61159a9d412caf7dbd1be0efd14fd603',
)
[ info ] [ PARAM ] array (
  'content' => '发布动态',
  'up_cate' => '1',
)
[ info ] [ CACHE ] INIT File
[ info ] [ DB ] INIT mysql
[ info ] [ LOG ] INIT File
[ sql ] [ DB ] CONNECT:[ UseTime:0.000720s ] mysql:dbname=jraz;host=106.15.199.8;port=3306;charset=utf8
[ sql ] [ SQL ] SHOW COLUMNS FROM `token` [ RunTime:0.000923s ]
[ sql ] [ SQL ] SELECT * FROM `token` WHERE  `token` = '61159a9d412caf7dbd1be0efd14fd603' LIMIT 1 [ RunTime:0.000502s ]

---------------------------------------------------------------
[ 2017-11-16T17:18:45+08:00 ] 172.19.27.227 118.190.20.240 POST /jraz/api/user/nbor_publish?atool_timestamp=1510823925
[ log ] 106.15.199.8/jraz/api/user/nbor_publish?atool_timestamp=1510823925 [运行时间：0.026334s][吞吐率：37.97req/s] [内存消耗：3,358.62kb] [文件加载：56]
[ info ] [ LANG ] /opt/php/jraz/thinkphp/lang/zh-cn.php
[ info ] [ ROUTE ] array (
  'type' => 'module',
  'module' => 
  array (
    0 => 'api',
    1 => 'user',
    2 => 'nbor_publish',
  ),
)
[ info ] [ HEADER ] array (
  'user-agent' => 'Mozilla/5.0 (compatible; MSIE 5.01; Windows NT 5.1)',
  'host' => '106.15.199.8',
  'accept' => '*/*',
  'token' => '61159a9d412caf7dbd1be0efd14fd603',
  'content-length' => '80',
  'content-type' => 'application/x-www-form-urlencoded',
)
[ info ] [ PARAM ] array (
  'atool_timestamp' => '1510823925',
  'content' => '刘，，，，，，，',
)
[ info ] [ CACHE ] INIT File
[ info ] [ DB ] INIT mysql
[ info ] [ LOG ] INIT File
[ sql ] [ DB ] CONNECT:[ UseTime:0.000793s ] mysql:dbname=jraz;host=106.15.199.8;port=3306;charset=utf8
[ sql ] [ SQL ] SHOW COLUMNS FROM `token` [ RunTime:0.000931s ]
[ sql ] [ SQL ] SELECT * FROM `token` WHERE  `token` = '61159a9d412caf7dbd1be0efd14fd603' LIMIT 1 [ RunTime:0.000500s ]

---------------------------------------------------------------
