[ 2017-09-23T11:00:07+08:00 ] 172.19.27.227 223.104.4.41 POST /jraz/api/news/newsCate
[ log ] 106.15.199.8/jraz/api/news/newsCate [运行时间：0.025240s][吞吐率：39.62req/s] [内存消耗：3,174.45kb] [文件加载：52]
[ info ] [ LANG ] /opt/php/jraz/thinkphp/lang/zh-cn.php
[ info ] [ ROUTE ] array (
  'type' => 'module',
  'module' => 
  array (
    0 => 'api',
    1 => 'news',
    2 => 'newsCate',
  ),
)
[ info ] [ HEADER ] array (
  'token' => '',
  'content-type' => 'application/x-www-form-urlencoded',
  'content-length' => '6',
  'host' => '106.15.199.8',
  'connection' => 'Keep-Alive',
  'accept-encoding' => 'gzip',
  'user-agent' => 'okhttp/3.8.0',
)
[ info ] [ PARAM ] array (
  'type' => '1',
)
[ info ] [ RUN ] app\api\controller\News->newsCate[ /opt/php/jraz/application/api/controller/News.php ]
[ info ] [ DB ] INIT mysql
[ info ] [ LOG ] INIT File
[ sql ] [ DB ] CONNECT:[ UseTime:0.000843s ] mysql:dbname=jraz;host=106.15.199.8;port=3306;charset=utf8
[ sql ] [ SQL ] SHOW COLUMNS FROM `news_category` [ RunTime:0.000950s ]
[ sql ] [ SQL ] SELECT `id`,`name`,`description` FROM `news_category` WHERE  `cate` = 1 [ RunTime:0.000524s ]

---------------------------------------------------------------
[ 2017-09-23T11:00:07+08:00 ] 172.19.27.227 223.104.4.41 POST /jraz/api/news/newsList
[ log ] 106.15.199.8/jraz/api/news/newsList [运行时间：0.026007s][吞吐率：38.45req/s] [内存消耗：3,288.73kb] [文件加载：56]
[ info ] [ LANG ] /opt/php/jraz/thinkphp/lang/zh-cn.php
[ info ] [ ROUTE ] array (
  'type' => 'module',
  'module' => 
  array (
    0 => 'api',
    1 => 'news',
    2 => 'newsList',
  ),
)
[ info ] [ HEADER ] array (
  'token' => '',
  'content-type' => 'application/x-www-form-urlencoded',
  'content-length' => '13',
  'host' => '106.15.199.8',
  'connection' => 'Keep-Alive',
  'accept-encoding' => 'gzip',
  'user-agent' => 'okhttp/3.8.0',
)
[ info ] [ PARAM ] array (
  'cate_id' => '1',
  'p' => '1',
)
[ info ] [ RUN ] app\api\controller\News->newsList[ /opt/php/jraz/application/api/controller/News.php ]
[ info ] [ DB ] INIT mysql
[ info ] [ LOG ] INIT File
[ sql ] [ DB ] CONNECT:[ UseTime:0.000720s ] mysql:dbname=jraz;host=106.15.199.8;port=3306;charset=utf8
[ sql ] [ SQL ] SHOW COLUMNS FROM `news` [ RunTime:0.001012s ]
[ sql ] [ SQL ] SELECT `id`,`title`,`picture`,`source`,`comment` FROM `news` WHERE  `cate` = 1  AND `status` = 1 ORDER BY publish_time desc LIMIT 0,5 [ RunTime:0.000747s ]
[ sql ] [ SQL ] SELECT COUNT(*) AS tp_count FROM `news` WHERE  `cate` = 1  AND `status` = 1 LIMIT 1 [ RunTime:0.000495s ]
[ error ] [8]未定义变量: class[/opt/php/jraz/thinkphp/helper.php:587]

---------------------------------------------------------------
[ 2017-09-23T11:00:07+08:00 ] 172.19.27.227 223.104.4.41 POST /jraz/api/news/newsList
[ log ] 106.15.199.8/jraz/api/news/newsList [运行时间：0.025963s][吞吐率：38.52req/s] [内存消耗：3,287.41kb] [文件加载：56]
[ info ] [ LANG ] /opt/php/jraz/thinkphp/lang/zh-cn.php
[ info ] [ ROUTE ] array (
  'type' => 'module',
  'module' => 
  array (
    0 => 'api',
    1 => 'news',
    2 => 'newsList',
  ),
)
[ info ] [ HEADER ] array (
  'token' => '',
  'content-type' => 'application/x-www-form-urlencoded',
  'content-length' => '13',
  'host' => '106.15.199.8',
  'connection' => 'Keep-Alive',
  'accept-encoding' => 'gzip',
  'user-agent' => 'okhttp/3.8.0',
)
[ info ] [ PARAM ] array (
  'cate_id' => '2',
  'p' => '1',
)
[ info ] [ RUN ] app\api\controller\News->newsList[ /opt/php/jraz/application/api/controller/News.php ]
[ info ] [ DB ] INIT mysql
[ info ] [ LOG ] INIT File
[ sql ] [ DB ] CONNECT:[ UseTime:0.000725s ] mysql:dbname=jraz;host=106.15.199.8;port=3306;charset=utf8
[ sql ] [ SQL ] SHOW COLUMNS FROM `news` [ RunTime:0.000989s ]
[ sql ] [ SQL ] SELECT `id`,`title`,`picture`,`source`,`comment` FROM `news` WHERE  `cate` = 2  AND `status` = 1 ORDER BY publish_time desc LIMIT 0,5 [ RunTime:0.000629s ]
[ sql ] [ SQL ] SELECT COUNT(*) AS tp_count FROM `news` WHERE  `cate` = 2  AND `status` = 1 LIMIT 1 [ RunTime:0.000488s ]
[ error ] [8]未定义变量: class[/opt/php/jraz/thinkphp/helper.php:587]

---------------------------------------------------------------
[ 2017-09-23T11:00:07+08:00 ] 172.19.27.227 223.104.4.41 POST /jraz/api/news/rotationList
[ log ] 106.15.199.8/jraz/api/news/rotationList [运行时间：0.024034s][吞吐率：41.61req/s] [内存消耗：3,172.63kb] [文件加载：52]
[ info ] [ LANG ] /opt/php/jraz/thinkphp/lang/zh-cn.php
[ info ] [ ROUTE ] array (
  'type' => 'module',
  'module' => 
  array (
    0 => 'api',
    1 => 'news',
    2 => 'rotationList',
  ),
)
[ info ] [ HEADER ] array (
  'token' => '',
  'content-type' => 'application/x-www-form-urlencoded',
  'content-length' => '9',
  'host' => '106.15.199.8',
  'connection' => 'Keep-Alive',
  'accept-encoding' => 'gzip',
  'user-agent' => 'okhttp/3.8.0',
)
[ info ] [ PARAM ] array (
  'cate_id' => '1',
)
[ info ] [ RUN ] app\api\controller\News->rotationList[ /opt/php/jraz/application/api/controller/News.php ]
[ info ] [ DB ] INIT mysql
[ info ] [ LOG ] INIT File
[ sql ] [ DB ] CONNECT:[ UseTime:0.000716s ] mysql:dbname=jraz;host=106.15.199.8;port=3306;charset=utf8
[ sql ] [ SQL ] SHOW COLUMNS FROM `news` [ RunTime:0.001013s ]
[ sql ] [ SQL ] SELECT `id`,`title`,`picture` FROM `news` WHERE  `cate` = 1  AND `status` = 1  AND `is_rotation` = 1 ORDER BY publish_time desc LIMIT 5 [ RunTime:0.000615s ]

---------------------------------------------------------------
[ 2017-09-23T11:00:07+08:00 ] 172.19.27.227 223.104.4.41 POST /jraz/api/news/rotationList
[ log ] 106.15.199.8/jraz/api/news/rotationList [运行时间：0.023648s][吞吐率：42.29req/s] [内存消耗：3,181.27kb] [文件加载：52]
[ info ] [ LANG ] /opt/php/jraz/thinkphp/lang/zh-cn.php
[ info ] [ ROUTE ] array (
  'type' => 'module',
  'module' => 
  array (
    0 => 'api',
    1 => 'news',
    2 => 'rotationList',
  ),
)
[ info ] [ HEADER ] array (
  'token' => '',
  'content-type' => 'application/x-www-form-urlencoded',
  'content-length' => '9',
  'host' => '106.15.199.8',
  'connection' => 'Keep-Alive',
  'accept-encoding' => 'gzip',
  'user-agent' => 'okhttp/3.8.0',
)
[ info ] [ PARAM ] array (
  'cate_id' => '2',
)
[ info ] [ RUN ] app\api\controller\News->rotationList[ /opt/php/jraz/application/api/controller/News.php ]
[ info ] [ DB ] INIT mysql
[ info ] [ LOG ] INIT File
[ sql ] [ DB ] CONNECT:[ UseTime:0.000619s ] mysql:dbname=jraz;host=106.15.199.8;port=3306;charset=utf8
[ sql ] [ SQL ] SHOW COLUMNS FROM `news` [ RunTime:0.000945s ]
[ sql ] [ SQL ] SELECT `id`,`title`,`picture` FROM `news` WHERE  `cate` = 2  AND `status` = 1  AND `is_rotation` = 1 ORDER BY publish_time desc LIMIT 5 [ RunTime:0.000578s ]

---------------------------------------------------------------
[ 2017-09-23T11:00:07+08:00 ] 172.19.27.227 223.104.4.41 POST /jraz/api/news/weather
[ log ] 106.15.199.8/jraz/api/news/weather [运行时间：0.178182s][吞吐率：5.61req/s] [内存消耗：2,222.72kb] [文件加载：45]
[ info ] [ LANG ] /opt/php/jraz/thinkphp/lang/zh-cn.php
[ info ] [ ROUTE ] array (
  'type' => 'module',
  'module' => 
  array (
    0 => 'api',
    1 => 'news',
    2 => 'weather',
  ),
)
[ info ] [ HEADER ] array (
  'token' => '',
  'content-type' => 'application/x-www-form-urlencoded',
  'content-length' => '13',
  'host' => '106.15.199.8',
  'connection' => 'Keep-Alive',
  'accept-encoding' => 'gzip',
  'user-agent' => 'okhttp/3.8.0',
)
[ info ] [ PARAM ] array (
  'city' => 'Canberra',
)
[ info ] [ RUN ] app\api\controller\News->weather[ /opt/php/jraz/application/api/controller/News.php ]
[ info ] [ LOG ] INIT File

---------------------------------------------------------------
[ 2017-09-23T11:00:09+08:00 ] 172.19.27.227 223.104.4.41 POST /jraz/api/news/newsList
[ log ] 106.15.199.8/jraz/api/news/newsList [运行时间：0.030754s][吞吐率：32.52req/s] [内存消耗：3,286.92kb] [文件加载：56]
[ info ] [ LANG ] /opt/php/jraz/thinkphp/lang/zh-cn.php
[ info ] [ ROUTE ] array (
  'type' => 'module',
  'module' => 
  array (
    0 => 'api',
    1 => 'news',
    2 => 'newsList',
  ),
)
[ info ] [ HEADER ] array (
  'token' => '',
  'content-type' => 'application/x-www-form-urlencoded',
  'content-length' => '13',
  'host' => '106.15.199.8',
  'connection' => 'Keep-Alive',
  'accept-encoding' => 'gzip',
  'user-agent' => 'okhttp/3.8.0',
)
[ info ] [ PARAM ] array (
  'cate_id' => '3',
  'p' => '1',
)
[ info ] [ RUN ] app\api\controller\News->newsList[ /opt/php/jraz/application/api/controller/News.php ]
[ info ] [ DB ] INIT mysql
[ info ] [ LOG ] INIT File
[ sql ] [ DB ] CONNECT:[ UseTime:0.000779s ] mysql:dbname=jraz;host=106.15.199.8;port=3306;charset=utf8
[ sql ] [ SQL ] SHOW COLUMNS FROM `news` [ RunTime:0.001043s ]
[ sql ] [ SQL ] SELECT `id`,`title`,`picture`,`source`,`comment` FROM `news` WHERE  `cate` = 3  AND `status` = 1 ORDER BY publish_time desc LIMIT 0,5 [ RunTime:0.000663s ]
[ sql ] [ SQL ] SELECT COUNT(*) AS tp_count FROM `news` WHERE  `cate` = 3  AND `status` = 1 LIMIT 1 [ RunTime:0.000467s ]
[ error ] [8]未定义变量: class[/opt/php/jraz/thinkphp/helper.php:587]

---------------------------------------------------------------
[ 2017-09-23T11:00:09+08:00 ] 172.19.27.227 223.104.4.41 POST /jraz/api/news/rotationList
[ log ] 106.15.199.8/jraz/api/news/rotationList [运行时间：0.023952s][吞吐率：41.75req/s] [内存消耗：3,172.63kb] [文件加载：52]
[ info ] [ LANG ] /opt/php/jraz/thinkphp/lang/zh-cn.php
[ info ] [ ROUTE ] array (
  'type' => 'module',
  'module' => 
  array (
    0 => 'api',
    1 => 'news',
    2 => 'rotationList',
  ),
)
[ info ] [ HEADER ] array (
  'token' => '',
  'content-type' => 'application/x-www-form-urlencoded',
  'content-length' => '9',
  'host' => '106.15.199.8',
  'connection' => 'Keep-Alive',
  'accept-encoding' => 'gzip',
  'user-agent' => 'okhttp/3.8.0',
)
[ info ] [ PARAM ] array (
  'cate_id' => '3',
)
[ info ] [ RUN ] app\api\controller\News->rotationList[ /opt/php/jraz/application/api/controller/News.php ]
[ info ] [ DB ] INIT mysql
[ info ] [ LOG ] INIT File
[ sql ] [ DB ] CONNECT:[ UseTime:0.000765s ] mysql:dbname=jraz;host=106.15.199.8;port=3306;charset=utf8
[ sql ] [ SQL ] SHOW COLUMNS FROM `news` [ RunTime:0.001011s ]
[ sql ] [ SQL ] SELECT `id`,`title`,`picture` FROM `news` WHERE  `cate` = 3  AND `status` = 1  AND `is_rotation` = 1 ORDER BY publish_time desc LIMIT 5 [ RunTime:0.000603s ]

---------------------------------------------------------------
[ 2017-09-23T11:00:11+08:00 ] 172.19.27.227 223.104.4.41 POST /jraz/api/news/newsList
[ log ] 106.15.199.8/jraz/api/news/newsList [运行时间：0.026851s][吞吐率：37.24req/s] [内存消耗：3,286.98kb] [文件加载：56]
[ info ] [ LANG ] /opt/php/jraz/thinkphp/lang/zh-cn.php
[ info ] [ ROUTE ] array (
  'type' => 'module',
  'module' => 
  array (
    0 => 'api',
    1 => 'news',
    2 => 'newsList',
  ),
)
[ info ] [ HEADER ] array (
  'token' => '',
  'content-type' => 'application/x-www-form-urlencoded',
  'content-length' => '13',
  'host' => '106.15.199.8',
  'connection' => 'Keep-Alive',
  'accept-encoding' => 'gzip',
  'user-agent' => 'okhttp/3.8.0',
)
[ info ] [ PARAM ] array (
  'cate_id' => '4',
  'p' => '1',
)
[ info ] [ RUN ] app\api\controller\News->newsList[ /opt/php/jraz/application/api/controller/News.php ]
[ info ] [ DB ] INIT mysql
[ info ] [ LOG ] INIT File
[ sql ] [ DB ] CONNECT:[ UseTime:0.000759s ] mysql:dbname=jraz;host=106.15.199.8;port=3306;charset=utf8
[ sql ] [ SQL ] SHOW COLUMNS FROM `news` [ RunTime:0.001060s ]
[ sql ] [ SQL ] SELECT `id`,`title`,`picture`,`source`,`comment` FROM `news` WHERE  `cate` = 4  AND `status` = 1 ORDER BY publish_time desc LIMIT 0,5 [ RunTime:0.000621s ]
[ sql ] [ SQL ] SELECT COUNT(*) AS tp_count FROM `news` WHERE  `cate` = 4  AND `status` = 1 LIMIT 1 [ RunTime:0.000479s ]
[ error ] [8]未定义变量: class[/opt/php/jraz/thinkphp/helper.php:587]

---------------------------------------------------------------
[ 2017-09-23T11:00:11+08:00 ] 172.19.27.227 223.104.4.41 POST /jraz/api/news/rotationList
[ log ] 106.15.199.8/jraz/api/news/rotationList [运行时间：0.024066s][吞吐率：41.55req/s] [内存消耗：3,172.63kb] [文件加载：52]
[ info ] [ LANG ] /opt/php/jraz/thinkphp/lang/zh-cn.php
[ info ] [ ROUTE ] array (
  'type' => 'module',
  'module' => 
  array (
    0 => 'api',
    1 => 'news',
    2 => 'rotationList',
  ),
)
[ info ] [ HEADER ] array (
  'token' => '',
  'content-type' => 'application/x-www-form-urlencoded',
  'content-length' => '9',
  'host' => '106.15.199.8',
  'connection' => 'Keep-Alive',
  'accept-encoding' => 'gzip',
  'user-agent' => 'okhttp/3.8.0',
)
[ info ] [ PARAM ] array (
  'cate_id' => '4',
)
[ info ] [ RUN ] app\api\controller\News->rotationList[ /opt/php/jraz/application/api/controller/News.php ]
[ info ] [ DB ] INIT mysql
[ info ] [ LOG ] INIT File
[ sql ] [ DB ] CONNECT:[ UseTime:0.000658s ] mysql:dbname=jraz;host=106.15.199.8;port=3306;charset=utf8
[ sql ] [ SQL ] SHOW COLUMNS FROM `news` [ RunTime:0.000910s ]
[ sql ] [ SQL ] SELECT `id`,`title`,`picture` FROM `news` WHERE  `cate` = 4  AND `status` = 1  AND `is_rotation` = 1 ORDER BY publish_time desc LIMIT 5 [ RunTime:0.000539s ]

---------------------------------------------------------------
[ 2017-09-23T11:00:12+08:00 ] 172.19.27.227 223.104.4.41 POST /jraz/api/news/newsList
[ log ] 106.15.199.8/jraz/api/news/newsList [运行时间：0.027432s][吞吐率：36.45req/s] [内存消耗：3,287.60kb] [文件加载：56]
[ info ] [ LANG ] /opt/php/jraz/thinkphp/lang/zh-cn.php
[ info ] [ ROUTE ] array (
  'type' => 'module',
  'module' => 
  array (
    0 => 'api',
    1 => 'news',
    2 => 'newsList',
  ),
)
[ info ] [ HEADER ] array (
  'token' => '',
  'content-type' => 'application/x-www-form-urlencoded',
  'content-length' => '13',
  'host' => '106.15.199.8',
  'connection' => 'Keep-Alive',
  'accept-encoding' => 'gzip',
  'user-agent' => 'okhttp/3.8.0',
)
[ info ] [ PARAM ] array (
  'cate_id' => '5',
  'p' => '1',
)
[ info ] [ RUN ] app\api\controller\News->newsList[ /opt/php/jraz/application/api/controller/News.php ]
[ info ] [ DB ] INIT mysql
[ info ] [ LOG ] INIT File
[ sql ] [ DB ] CONNECT:[ UseTime:0.000781s ] mysql:dbname=jraz;host=106.15.199.8;port=3306;charset=utf8
[ sql ] [ SQL ] SHOW COLUMNS FROM `news` [ RunTime:0.002543s ]
[ sql ] [ SQL ] SELECT `id`,`title`,`picture`,`source`,`comment` FROM `news` WHERE  `cate` = 5  AND `status` = 1 ORDER BY publish_time desc LIMIT 0,5 [ RunTime:0.000668s ]
[ sql ] [ SQL ] SELECT COUNT(*) AS tp_count FROM `news` WHERE  `cate` = 5  AND `status` = 1 LIMIT 1 [ RunTime:0.000508s ]
[ error ] [8]未定义变量: class[/opt/php/jraz/thinkphp/helper.php:587]

---------------------------------------------------------------
[ 2017-09-23T11:00:12+08:00 ] 172.19.27.227 223.104.4.41 POST /jraz/api/news/rotationList
[ log ] 106.15.199.8/jraz/api/news/rotationList [运行时间：0.025177s][吞吐率：39.72req/s] [内存消耗：3,172.63kb] [文件加载：52]
[ info ] [ LANG ] /opt/php/jraz/thinkphp/lang/zh-cn.php
[ info ] [ ROUTE ] array (
  'type' => 'module',
  'module' => 
  array (
    0 => 'api',
    1 => 'news',
    2 => 'rotationList',
  ),
)
[ info ] [ HEADER ] array (
  'token' => '',
  'content-type' => 'application/x-www-form-urlencoded',
  'content-length' => '9',
  'host' => '106.15.199.8',
  'connection' => 'Keep-Alive',
  'accept-encoding' => 'gzip',
  'user-agent' => 'okhttp/3.8.0',
)
[ info ] [ PARAM ] array (
  'cate_id' => '5',
)
[ info ] [ RUN ] app\api\controller\News->rotationList[ /opt/php/jraz/application/api/controller/News.php ]
[ info ] [ DB ] INIT mysql
[ info ] [ LOG ] INIT File
[ sql ] [ DB ] CONNECT:[ UseTime:0.000750s ] mysql:dbname=jraz;host=106.15.199.8;port=3306;charset=utf8
[ sql ] [ SQL ] SHOW COLUMNS FROM `news` [ RunTime:0.000980s ]
[ sql ] [ SQL ] SELECT `id`,`title`,`picture` FROM `news` WHERE  `cate` = 5  AND `status` = 1  AND `is_rotation` = 1 ORDER BY publish_time desc LIMIT 5 [ RunTime:0.000654s ]

---------------------------------------------------------------
[ 2017-09-23T11:00:13+08:00 ] 172.19.27.227 223.104.4.41 POST /jraz/api/news/newsList
[ log ] 106.15.199.8/jraz/api/news/newsList [运行时间：0.025285s][吞吐率：39.55req/s] [内存消耗：3,289.31kb] [文件加载：56]
[ info ] [ LANG ] /opt/php/jraz/thinkphp/lang/zh-cn.php
[ info ] [ ROUTE ] array (
  'type' => 'module',
  'module' => 
  array (
    0 => 'api',
    1 => 'news',
    2 => 'newsList',
  ),
)
[ info ] [ HEADER ] array (
  'token' => '',
  'content-type' => 'application/x-www-form-urlencoded',
  'content-length' => '13',
  'host' => '106.15.199.8',
  'connection' => 'Keep-Alive',
  'accept-encoding' => 'gzip',
  'user-agent' => 'okhttp/3.8.0',
)
[ info ] [ PARAM ] array (
  'cate_id' => '6',
  'p' => '1',
)
[ info ] [ RUN ] app\api\controller\News->newsList[ /opt/php/jraz/application/api/controller/News.php ]
[ info ] [ DB ] INIT mysql
[ info ] [ LOG ] INIT File
[ sql ] [ DB ] CONNECT:[ UseTime:0.000799s ] mysql:dbname=jraz;host=106.15.199.8;port=3306;charset=utf8
[ sql ] [ SQL ] SHOW COLUMNS FROM `news` [ RunTime:0.001065s ]
[ sql ] [ SQL ] SELECT `id`,`title`,`picture`,`source`,`comment` FROM `news` WHERE  `cate` = 6  AND `status` = 1 ORDER BY publish_time desc LIMIT 0,5 [ RunTime:0.000641s ]
[ sql ] [ SQL ] SELECT COUNT(*) AS tp_count FROM `news` WHERE  `cate` = 6  AND `status` = 1 LIMIT 1 [ RunTime:0.000479s ]
[ error ] [8]未定义变量: class[/opt/php/jraz/thinkphp/helper.php:587]

---------------------------------------------------------------
[ 2017-09-23T11:00:13+08:00 ] 172.19.27.227 223.104.4.41 POST /jraz/api/news/rotationList
[ log ] 106.15.199.8/jraz/api/news/rotationList [运行时间：0.024613s][吞吐率：40.63req/s] [内存消耗：3,172.63kb] [文件加载：52]
[ info ] [ LANG ] /opt/php/jraz/thinkphp/lang/zh-cn.php
[ info ] [ ROUTE ] array (
  'type' => 'module',
  'module' => 
  array (
    0 => 'api',
    1 => 'news',
    2 => 'rotationList',
  ),
)
[ info ] [ HEADER ] array (
  'token' => '',
  'content-type' => 'application/x-www-form-urlencoded',
  'content-length' => '9',
  'host' => '106.15.199.8',
  'connection' => 'Keep-Alive',
  'accept-encoding' => 'gzip',
  'user-agent' => 'okhttp/3.8.0',
)
[ info ] [ PARAM ] array (
  'cate_id' => '6',
)
[ info ] [ RUN ] app\api\controller\News->rotationList[ /opt/php/jraz/application/api/controller/News.php ]
[ info ] [ DB ] INIT mysql
[ info ] [ LOG ] INIT File
[ sql ] [ DB ] CONNECT:[ UseTime:0.000740s ] mysql:dbname=jraz;host=106.15.199.8;port=3306;charset=utf8
[ sql ] [ SQL ] SHOW COLUMNS FROM `news` [ RunTime:0.000966s ]
[ sql ] [ SQL ] SELECT `id`,`title`,`picture` FROM `news` WHERE  `cate` = 6  AND `status` = 1  AND `is_rotation` = 1 ORDER BY publish_time desc LIMIT 5 [ RunTime:0.000679s ]

---------------------------------------------------------------
[ 2017-09-23T11:00:13+08:00 ] 172.19.27.227 223.104.4.41 POST /jraz/api/news/newsList
[ log ] 106.15.199.8/jraz/api/news/newsList [运行时间：0.026348s][吞吐率：37.95req/s] [内存消耗：3,276.96kb] [文件加载：56]
[ info ] [ LANG ] /opt/php/jraz/thinkphp/lang/zh-cn.php
[ info ] [ ROUTE ] array (
  'type' => 'module',
  'module' => 
  array (
    0 => 'api',
    1 => 'news',
    2 => 'newsList',
  ),
)
[ info ] [ HEADER ] array (
  'token' => '',
  'content-type' => 'application/x-www-form-urlencoded',
  'content-length' => '13',
  'host' => '106.15.199.8',
  'connection' => 'Keep-Alive',
  'accept-encoding' => 'gzip',
  'user-agent' => 'okhttp/3.8.0',
)
[ info ] [ PARAM ] array (
  'cate_id' => '7',
  'p' => '1',
)
[ info ] [ RUN ] app\api\controller\News->newsList[ /opt/php/jraz/application/api/controller/News.php ]
[ info ] [ DB ] INIT mysql
[ info ] [ LOG ] INIT File
[ sql ] [ DB ] CONNECT:[ UseTime:0.000822s ] mysql:dbname=jraz;host=106.15.199.8;port=3306;charset=utf8
[ sql ] [ SQL ] SHOW COLUMNS FROM `news` [ RunTime:0.001040s ]
[ sql ] [ SQL ] SELECT `id`,`title`,`picture`,`source`,`comment` FROM `news` WHERE  `cate` = 7  AND `status` = 1 ORDER BY publish_time desc LIMIT 0,5 [ RunTime:0.000623s ]
[ sql ] [ SQL ] SELECT COUNT(*) AS tp_count FROM `news` WHERE  `cate` = 7  AND `status` = 1 LIMIT 1 [ RunTime:0.000482s ]
[ error ] [8]未定义变量: class[/opt/php/jraz/thinkphp/helper.php:587]

---------------------------------------------------------------
[ 2017-09-23T11:00:13+08:00 ] 172.19.27.227 223.104.4.41 POST /jraz/api/news/rotationList
[ log ] 106.15.199.8/jraz/api/news/rotationList [运行时间：0.024544s][吞吐率：40.74req/s] [内存消耗：3,172.63kb] [文件加载：52]
[ info ] [ LANG ] /opt/php/jraz/thinkphp/lang/zh-cn.php
[ info ] [ ROUTE ] array (
  'type' => 'module',
  'module' => 
  array (
    0 => 'api',
    1 => 'news',
    2 => 'rotationList',
  ),
)
[ info ] [ HEADER ] array (
  'token' => '',
  'content-type' => 'application/x-www-form-urlencoded',
  'content-length' => '9',
  'host' => '106.15.199.8',
  'connection' => 'Keep-Alive',
  'accept-encoding' => 'gzip',
  'user-agent' => 'okhttp/3.8.0',
)
[ info ] [ PARAM ] array (
  'cate_id' => '7',
)
[ info ] [ RUN ] app\api\controller\News->rotationList[ /opt/php/jraz/application/api/controller/News.php ]
[ info ] [ DB ] INIT mysql
[ info ] [ LOG ] INIT File
[ sql ] [ DB ] CONNECT:[ UseTime:0.000747s ] mysql:dbname=jraz;host=106.15.199.8;port=3306;charset=utf8
[ sql ] [ SQL ] SHOW COLUMNS FROM `news` [ RunTime:0.000939s ]
[ sql ] [ SQL ] SELECT `id`,`title`,`picture` FROM `news` WHERE  `cate` = 7  AND `status` = 1  AND `is_rotation` = 1 ORDER BY publish_time desc LIMIT 5 [ RunTime:0.000601s ]

---------------------------------------------------------------
[ 2017-09-23T11:00:14+08:00 ] 172.19.27.227 223.104.4.41 POST /jraz/api/news/newsList
[ log ] 106.15.199.8/jraz/api/news/newsList [运行时间：0.027348s][吞吐率：36.57req/s] [内存消耗：3,286.49kb] [文件加载：56]
[ info ] [ LANG ] /opt/php/jraz/thinkphp/lang/zh-cn.php
[ info ] [ ROUTE ] array (
  'type' => 'module',
  'module' => 
  array (
    0 => 'api',
    1 => 'news',
    2 => 'newsList',
  ),
)
[ info ] [ HEADER ] array (
  'token' => '',
  'content-type' => 'application/x-www-form-urlencoded',
  'content-length' => '13',
  'host' => '106.15.199.8',
  'connection' => 'Keep-Alive',
  'accept-encoding' => 'gzip',
  'user-agent' => 'okhttp/3.8.0',
)
[ info ] [ PARAM ] array (
  'cate_id' => '8',
  'p' => '1',
)
[ info ] [ RUN ] app\api\controller\News->newsList[ /opt/php/jraz/application/api/controller/News.php ]
[ info ] [ DB ] INIT mysql
[ info ] [ LOG ] INIT File
[ sql ] [ DB ] CONNECT:[ UseTime:0.000811s ] mysql:dbname=jraz;host=106.15.199.8;port=3306;charset=utf8
[ sql ] [ SQL ] SHOW COLUMNS FROM `news` [ RunTime:0.001099s ]
[ sql ] [ SQL ] SELECT `id`,`title`,`picture`,`source`,`comment` FROM `news` WHERE  `cate` = 8  AND `status` = 1 ORDER BY publish_time desc LIMIT 0,5 [ RunTime:0.000690s ]
[ sql ] [ SQL ] SELECT COUNT(*) AS tp_count FROM `news` WHERE  `cate` = 8  AND `status` = 1 LIMIT 1 [ RunTime:0.000532s ]
[ error ] [8]未定义变量: class[/opt/php/jraz/thinkphp/helper.php:587]

---------------------------------------------------------------
[ 2017-09-23T11:00:14+08:00 ] 172.19.27.227 223.104.4.41 POST /jraz/api/news/rotationList
[ log ] 106.15.199.8/jraz/api/news/rotationList [运行时间：0.025413s][吞吐率：39.35req/s] [内存消耗：3,172.63kb] [文件加载：52]
[ info ] [ LANG ] /opt/php/jraz/thinkphp/lang/zh-cn.php
[ info ] [ ROUTE ] array (
  'type' => 'module',
  'module' => 
  array (
    0 => 'api',
    1 => 'news',
    2 => 'rotationList',
  ),
)
[ info ] [ HEADER ] array (
  'token' => '',
  'content-type' => 'application/x-www-form-urlencoded',
  'content-length' => '9',
  'host' => '106.15.199.8',
  'connection' => 'Keep-Alive',
  'accept-encoding' => 'gzip',
  'user-agent' => 'okhttp/3.8.0',
)
[ info ] [ PARAM ] array (
  'cate_id' => '8',
)
[ info ] [ RUN ] app\api\controller\News->rotationList[ /opt/php/jraz/application/api/controller/News.php ]
[ info ] [ DB ] INIT mysql
[ info ] [ LOG ] INIT File
[ sql ] [ DB ] CONNECT:[ UseTime:0.000686s ] mysql:dbname=jraz;host=106.15.199.8;port=3306;charset=utf8
[ sql ] [ SQL ] SHOW COLUMNS FROM `news` [ RunTime:0.000903s ]
[ sql ] [ SQL ] SELECT `id`,`title`,`picture` FROM `news` WHERE  `cate` = 8  AND `status` = 1  AND `is_rotation` = 1 ORDER BY publish_time desc LIMIT 5 [ RunTime:0.000563s ]

---------------------------------------------------------------
[ 2017-09-23T11:00:16+08:00 ] 172.19.27.227 223.104.4.41 POST /jraz/api/news/newsList
[ log ] 106.15.199.8/jraz/api/news/newsList [运行时间：0.025294s][吞吐率：39.54req/s] [内存消耗：3,281.19kb] [文件加载：56]
[ info ] [ LANG ] /opt/php/jraz/thinkphp/lang/zh-cn.php
[ info ] [ ROUTE ] array (
  'type' => 'module',
  'module' => 
  array (
    0 => 'api',
    1 => 'news',
    2 => 'newsList',
  ),
)
[ info ] [ HEADER ] array (
  'token' => '',
  'content-type' => 'application/x-www-form-urlencoded',
  'content-length' => '13',
  'host' => '106.15.199.8',
  'connection' => 'Keep-Alive',
  'accept-encoding' => 'gzip',
  'user-agent' => 'okhttp/3.8.0',
)
[ info ] [ PARAM ] array (
  'cate_id' => '9',
  'p' => '1',
)
[ info ] [ RUN ] app\api\controller\News->newsList[ /opt/php/jraz/application/api/controller/News.php ]
[ info ] [ DB ] INIT mysql
[ info ] [ LOG ] INIT File
[ sql ] [ DB ] CONNECT:[ UseTime:0.000827s ] mysql:dbname=jraz;host=106.15.199.8;port=3306;charset=utf8
[ sql ] [ SQL ] SHOW COLUMNS FROM `news` [ RunTime:0.001047s ]
[ sql ] [ SQL ] SELECT `id`,`title`,`picture`,`source`,`comment` FROM `news` WHERE  `cate` = 9  AND `status` = 1 ORDER BY publish_time desc LIMIT 0,5 [ RunTime:0.000619s ]
[ sql ] [ SQL ] SELECT COUNT(*) AS tp_count FROM `news` WHERE  `cate` = 9  AND `status` = 1 LIMIT 1 [ RunTime:0.000519s ]
[ error ] [8]未定义变量: class[/opt/php/jraz/thinkphp/helper.php:587]

---------------------------------------------------------------
[ 2017-09-23T11:00:16+08:00 ] 172.19.27.227 223.104.4.41 POST /jraz/api/news/rotationList
[ log ] 106.15.199.8/jraz/api/news/rotationList [运行时间：0.024318s][吞吐率：41.12req/s] [内存消耗：3,172.63kb] [文件加载：52]
[ info ] [ LANG ] /opt/php/jraz/thinkphp/lang/zh-cn.php
[ info ] [ ROUTE ] array (
  'type' => 'module',
  'module' => 
  array (
    0 => 'api',
    1 => 'news',
    2 => 'rotationList',
  ),
)
[ info ] [ HEADER ] array (
  'token' => '',
  'content-type' => 'application/x-www-form-urlencoded',
  'content-length' => '9',
  'host' => '106.15.199.8',
  'connection' => 'Keep-Alive',
  'accept-encoding' => 'gzip',
  'user-agent' => 'okhttp/3.8.0',
)
[ info ] [ PARAM ] array (
  'cate_id' => '9',
)
[ info ] [ RUN ] app\api\controller\News->rotationList[ /opt/php/jraz/application/api/controller/News.php ]
[ info ] [ DB ] INIT mysql
[ info ] [ LOG ] INIT File
[ sql ] [ DB ] CONNECT:[ UseTime:0.000696s ] mysql:dbname=jraz;host=106.15.199.8;port=3306;charset=utf8
[ sql ] [ SQL ] SHOW COLUMNS FROM `news` [ RunTime:0.000916s ]
[ sql ] [ SQL ] SELECT `id`,`title`,`picture` FROM `news` WHERE  `cate` = 9  AND `status` = 1  AND `is_rotation` = 1 ORDER BY publish_time desc LIMIT 5 [ RunTime:0.000558s ]

---------------------------------------------------------------
[ 2017-09-23T11:00:20+08:00 ] 172.19.27.227 223.104.4.41 POST /jraz/api/news/newsDet
[ log ] 106.15.199.8/jraz/api/news/newsDet [运行时间：0.029476s][吞吐率：33.93req/s] [内存消耗：3,207.30kb] [文件加载：52]
[ info ] [ LANG ] /opt/php/jraz/thinkphp/lang/zh-cn.php
[ info ] [ ROUTE ] array (
  'type' => 'module',
  'module' => 
  array (
    0 => 'api',
    1 => 'news',
    2 => 'newsDet',
  ),
)
[ info ] [ HEADER ] array (
  'token' => '',
  'content-type' => 'application/x-www-form-urlencoded',
  'content-length' => '6',
  'host' => '106.15.199.8',
  'connection' => 'Keep-Alive',
  'accept-encoding' => 'gzip',
  'user-agent' => 'okhttp/3.8.0',
)
[ info ] [ PARAM ] array (
  'id' => '245',
)
[ info ] [ RUN ] app\api\controller\News->newsDet[ /opt/php/jraz/application/api/controller/News.php ]
[ info ] [ DB ] INIT mysql
[ info ] [ LOG ] INIT File
[ sql ] [ DB ] CONNECT:[ UseTime:0.000735s ] mysql:dbname=jraz;host=106.15.199.8;port=3306;charset=utf8
[ sql ] [ SQL ] SHOW COLUMNS FROM `news` [ RunTime:0.001014s ]
[ sql ] [ SQL ] SELECT `id`,`author_id`,`title`,`publish_time`,`source`,`statement`,`interest` FROM `news` WHERE  `id` = 245 LIMIT 1 [ RunTime:0.000543s ]
[ sql ] [ SQL ] SHOW COLUMNS FROM `config` [ RunTime:0.000737s ]
[ sql ] [ SQL ] SELECT `value` FROM `config` WHERE  `desc` = '1' LIMIT 1 [ RunTime:0.000422s ]
[ sql ] [ SQL ] SHOW COLUMNS FROM `admin` [ RunTime:0.000779s ]
[ sql ] [ SQL ] SELECT `nickname`,`head_portrait` FROM `admin` WHERE  (  admin_id=1 ) LIMIT 1 [ RunTime:0.000431s ]
[ sql ] [ SQL ] SHOW COLUMNS FROM `user_post_reply` [ RunTime:0.000800s ]
[ sql ] [ SQL ] SELECT `id`,`post_id`,`msg_id`,`time`,`content`,`pid` FROM `user_post_reply` WHERE  `post_id` = 245  AND `pid` = 0 LIMIT 3 [ RunTime:0.000458s ]
[ sql ] [ SQL ] SELECT `id`,`title`,`publish_time`,`source`,`picture` FROM `news` WHERE  `publish_time` <= 1506096000  AND `status` = 1 ORDER BY id desc LIMIT 3 [ RunTime:0.000483s ]

---------------------------------------------------------------
[ 2017-09-23T11:00:20+08:00 ] 172.19.27.227 223.104.4.41 GET /jraz/admin/news/test/id/245
[ log ] 106.15.199.8/jraz/admin/news/test/id/245 [运行时间：0.027504s][吞吐率：36.36req/s] [内存消耗：3,492.78kb] [文件加载：62]
[ info ] [ LANG ] /opt/php/jraz/thinkphp/lang/zh-cn.php
[ info ] [ ROUTE ] array (
  'type' => 'module',
  'module' => 
  array (
    0 => 'admin',
    1 => 'news',
    2 => 'test',
  ),
)
[ info ] [ HEADER ] array (
  'host' => '106.15.199.8',
  'connection' => 'keep-alive',
  'accept' => 'text/html,application/xhtml+xml,application/xml;q=0.9,image/webp,*/*;q=0.8',
  'upgrade-insecure-requests' => '1',
  'user-agent' => 'Mozilla/5.0 (Linux; Android 6.0; PRO 6 Build/MRA58K; wv) AppleWebKit/537.36 (KHTML, like Gecko) Version/4.0 Chrome/44.0.2403.146 Mobile Safari/537.36',
  'accept-encoding' => 'gzip, deflate',
  'accept-language' => 'zh-CN,en-US;q=0.8',
  'cookie' => 'PHPSESSID=hv3ug38guuesqr0u5p761l97o5',
  'x-requested-with' => 'com.ant',
  'content-type' => '',
  'content-length' => '',
)
[ info ] [ PARAM ] array (
  'id' => '245',
)
[ info ] [ RUN ] app\admin\controller\News->test[ /opt/php/jraz/application/admin/controller/News.php ]
[ info ] [ DB ] INIT mysql
[ info ] [ VIEW ] ./application/admin/view/news/test.html [ array (
  0 => 'action',
  1 => 'navigate_admin',
  2 => 'list',
) ]
[ info ] [ LOG ] INIT File
[ error ] [8]未定义数组索引: admin/news[/opt/php/jraz/application/admin/common.php:59]
[ error ] [8]未定义数组索引: admin/news[/opt/php/jraz/application/admin/common.php:60]
[ sql ] [ DB ] CONNECT:[ UseTime:0.000787s ] mysql:dbname=jraz;host=106.15.199.8;port=3306;charset=utf8
[ sql ] [ SQL ] SHOW COLUMNS FROM `news` [ RunTime:0.001066s ]
[ sql ] [ SQL ] SELECT * FROM `news` WHERE  `id` = 245 LIMIT 1 [ RunTime:0.000660s ]

---------------------------------------------------------------
[ 2017-09-23T11:00:27+08:00 ] 172.19.27.227 223.104.4.41 POST /jraz/api/news/newsList
[ log ] 106.15.199.8/jraz/api/news/newsList [运行时间：0.026318s][吞吐率：38.00req/s] [内存消耗：3,287.41kb] [文件加载：56]
[ info ] [ LANG ] /opt/php/jraz/thinkphp/lang/zh-cn.php
[ info ] [ ROUTE ] array (
  'type' => 'module',
  'module' => 
  array (
    0 => 'api',
    1 => 'news',
    2 => 'newsList',
  ),
)
[ info ] [ HEADER ] array (
  'token' => '',
  'content-type' => 'application/x-www-form-urlencoded',
  'content-length' => '13',
  'host' => '106.15.199.8',
  'connection' => 'Keep-Alive',
  'accept-encoding' => 'gzip',
  'user-agent' => 'okhttp/3.8.0',
)
[ info ] [ PARAM ] array (
  'cate_id' => '2',
  'p' => '1',
)
[ info ] [ RUN ] app\api\controller\News->newsList[ /opt/php/jraz/application/api/controller/News.php ]
[ info ] [ DB ] INIT mysql
[ info ] [ LOG ] INIT File
[ sql ] [ DB ] CONNECT:[ UseTime:0.000755s ] mysql:dbname=jraz;host=106.15.199.8;port=3306;charset=utf8
[ sql ] [ SQL ] SHOW COLUMNS FROM `news` [ RunTime:0.001017s ]
[ sql ] [ SQL ] SELECT `id`,`title`,`picture`,`source`,`comment` FROM `news` WHERE  `cate` = 2  AND `status` = 1 ORDER BY publish_time desc LIMIT 0,5 [ RunTime:0.000627s ]
[ sql ] [ SQL ] SELECT COUNT(*) AS tp_count FROM `news` WHERE  `cate` = 2  AND `status` = 1 LIMIT 1 [ RunTime:0.000483s ]
[ error ] [8]未定义变量: class[/opt/php/jraz/thinkphp/helper.php:587]

---------------------------------------------------------------
[ 2017-09-23T11:00:28+08:00 ] 172.19.27.227 223.104.4.41 GET /jraz/admin/news/test/id/245
[ log ] 106.15.199.8/jraz/admin/news/test/id/245 [运行时间：0.027846s][吞吐率：35.91req/s] [内存消耗：3,492.78kb] [文件加载：62]
[ info ] [ LANG ] /opt/php/jraz/thinkphp/lang/zh-cn.php
[ info ] [ ROUTE ] array (
  'type' => 'module',
  'module' => 
  array (
    0 => 'admin',
    1 => 'news',
    2 => 'test',
  ),
)
[ info ] [ HEADER ] array (
  'host' => '106.15.199.8',
  'connection' => 'keep-alive',
  'accept' => 'text/html,application/xhtml+xml,application/xml;q=0.9,image/webp,*/*;q=0.8',
  'upgrade-insecure-requests' => '1',
  'user-agent' => 'Mozilla/5.0 (Linux; Android 6.0; PRO 6 Build/MRA58K; wv) AppleWebKit/537.36 (KHTML, like Gecko) Version/4.0 Chrome/44.0.2403.146 Mobile Safari/537.36',
  'accept-encoding' => 'gzip, deflate',
  'accept-language' => 'zh-CN,en-US;q=0.8',
  'cookie' => 'PHPSESSID=hv3ug38guuesqr0u5p761l97o5',
  'x-requested-with' => 'com.ant',
  'content-type' => '',
  'content-length' => '',
)
[ info ] [ PARAM ] array (
  'id' => '245',
)
[ info ] [ RUN ] app\admin\controller\News->test[ /opt/php/jraz/application/admin/controller/News.php ]
[ info ] [ DB ] INIT mysql
[ info ] [ VIEW ] ./application/admin/view/news/test.html [ array (
  0 => 'action',
  1 => 'navigate_admin',
  2 => 'list',
) ]
[ info ] [ LOG ] INIT File
[ error ] [8]未定义数组索引: admin/news[/opt/php/jraz/application/admin/common.php:59]
[ error ] [8]未定义数组索引: admin/news[/opt/php/jraz/application/admin/common.php:60]
[ sql ] [ DB ] CONNECT:[ UseTime:0.000742s ] mysql:dbname=jraz;host=106.15.199.8;port=3306;charset=utf8
[ sql ] [ SQL ] SHOW COLUMNS FROM `news` [ RunTime:0.001031s ]
[ sql ] [ SQL ] SELECT * FROM `news` WHERE  `id` = 245 LIMIT 1 [ RunTime:0.000613s ]

---------------------------------------------------------------
[ 2017-09-23T11:00:49+08:00 ] 172.19.27.227 223.104.4.41 POST /jraz/api/news/newsDet
[ log ] 106.15.199.8/jraz/api/news/newsDet [运行时间：0.028568s][吞吐率：35.00req/s] [内存消耗：3,207.30kb] [文件加载：52]
[ info ] [ LANG ] /opt/php/jraz/thinkphp/lang/zh-cn.php
[ info ] [ ROUTE ] array (
  'type' => 'module',
  'module' => 
  array (
    0 => 'api',
    1 => 'news',
    2 => 'newsDet',
  ),
)
[ info ] [ HEADER ] array (
  'token' => '',
  'content-type' => 'application/x-www-form-urlencoded',
  'content-length' => '6',
  'host' => '106.15.199.8',
  'connection' => 'Keep-Alive',
  'accept-encoding' => 'gzip',
  'user-agent' => 'okhttp/3.8.0',
)
[ info ] [ PARAM ] array (
  'id' => '170',
)
[ info ] [ RUN ] app\api\controller\News->newsDet[ /opt/php/jraz/application/api/controller/News.php ]
[ info ] [ DB ] INIT mysql
[ info ] [ LOG ] INIT File
[ sql ] [ DB ] CONNECT:[ UseTime:0.000750s ] mysql:dbname=jraz;host=106.15.199.8;port=3306;charset=utf8
[ sql ] [ SQL ] SHOW COLUMNS FROM `news` [ RunTime:0.001014s ]
[ sql ] [ SQL ] SELECT `id`,`author_id`,`title`,`publish_time`,`source`,`statement`,`interest` FROM `news` WHERE  `id` = 170 LIMIT 1 [ RunTime:0.000539s ]
[ sql ] [ SQL ] SHOW COLUMNS FROM `config` [ RunTime:0.000732s ]
[ sql ] [ SQL ] SELECT `value` FROM `config` WHERE  `desc` = '1' LIMIT 1 [ RunTime:0.000410s ]
[ sql ] [ SQL ] SHOW COLUMNS FROM `admin` [ RunTime:0.000753s ]
[ sql ] [ SQL ] SELECT `nickname`,`head_portrait` FROM `admin` WHERE  (  admin_id=1 ) LIMIT 1 [ RunTime:0.000472s ]
[ sql ] [ SQL ] SHOW COLUMNS FROM `user_post_reply` [ RunTime:0.000710s ]
[ sql ] [ SQL ] SELECT `id`,`post_id`,`msg_id`,`time`,`content`,`pid` FROM `user_post_reply` WHERE  `post_id` = 170  AND `pid` = 0 LIMIT 3 [ RunTime:0.000482s ]
[ sql ] [ SQL ] SELECT `id`,`title`,`publish_time`,`source`,`picture` FROM `news` WHERE  `publish_time` <= 1506096000  AND `status` = 1 ORDER BY id desc LIMIT 3 [ RunTime:0.000495s ]

---------------------------------------------------------------
[ 2017-09-23T11:00:49+08:00 ] 172.19.27.227 223.104.4.41 GET /jraz/admin/news/test/id/170
[ log ] 106.15.199.8/jraz/admin/news/test/id/170 [运行时间：0.027149s][吞吐率：36.83req/s] [内存消耗：3,480.99kb] [文件加载：62]
[ info ] [ LANG ] /opt/php/jraz/thinkphp/lang/zh-cn.php
[ info ] [ ROUTE ] array (
  'type' => 'module',
  'module' => 
  array (
    0 => 'admin',
    1 => 'news',
    2 => 'test',
  ),
)
[ info ] [ HEADER ] array (
  'host' => '106.15.199.8',
  'connection' => 'keep-alive',
  'accept' => 'text/html,application/xhtml+xml,application/xml;q=0.9,image/webp,*/*;q=0.8',
  'upgrade-insecure-requests' => '1',
  'user-agent' => 'Mozilla/5.0 (Linux; Android 6.0; PRO 6 Build/MRA58K; wv) AppleWebKit/537.36 (KHTML, like Gecko) Version/4.0 Chrome/44.0.2403.146 Mobile Safari/537.36',
  'accept-encoding' => 'gzip, deflate',
  'accept-language' => 'zh-CN,en-US;q=0.8',
  'cookie' => 'PHPSESSID=hv3ug38guuesqr0u5p761l97o5',
  'x-requested-with' => 'com.ant',
  'content-type' => '',
  'content-length' => '',
)
[ info ] [ PARAM ] array (
  'id' => '170',
)
[ info ] [ RUN ] app\admin\controller\News->test[ /opt/php/jraz/application/admin/controller/News.php ]
[ info ] [ DB ] INIT mysql
[ info ] [ VIEW ] ./application/admin/view/news/test.html [ array (
  0 => 'action',
  1 => 'navigate_admin',
  2 => 'list',
) ]
[ info ] [ LOG ] INIT File
[ error ] [8]未定义数组索引: admin/news[/opt/php/jraz/application/admin/common.php:59]
[ error ] [8]未定义数组索引: admin/news[/opt/php/jraz/application/admin/common.php:60]
[ sql ] [ DB ] CONNECT:[ UseTime:0.000743s ] mysql:dbname=jraz;host=106.15.199.8;port=3306;charset=utf8
[ sql ] [ SQL ] SHOW COLUMNS FROM `news` [ RunTime:0.000987s ]
[ sql ] [ SQL ] SELECT * FROM `news` WHERE  `id` = 170 LIMIT 1 [ RunTime:0.000616s ]

---------------------------------------------------------------
[ 2017-09-23T11:01:00+08:00 ] 172.19.27.227 223.104.4.41 POST /jraz/api/forum/forumList
[ log ] 106.15.199.8/jraz/api/forum/forumList [运行时间：0.027093s][吞吐率：36.91req/s] [内存消耗：3,248.91kb] [文件加载：56]
[ info ] [ LANG ] /opt/php/jraz/thinkphp/lang/zh-cn.php
[ info ] [ ROUTE ] array (
  'type' => 'module',
  'module' => 
  array (
    0 => 'api',
    1 => 'forum',
    2 => 'forumList',
  ),
)
[ info ] [ HEADER ] array (
  'token' => '',
  'content-type' => 'application/x-www-form-urlencoded',
  'content-length' => '173',
  'host' => '106.15.199.8',
  'connection' => 'Keep-Alive',
  'accept-encoding' => 'gzip',
  'user-agent' => 'okhttp/3.8.0',
)
[ info ] [ PARAM ] array (
  'rent_way' => '不限',
  'cate_1' => 'house',
  'house_source' => '不限',
  'area' => '不限',
  'p' => '1',
  'cate_2' => 'area',
  'house_type' => '不限',
  'create_time' => '不限',
)
[ info ] [ RUN ] app\api\controller\Forum->forumList[ /opt/php/jraz/application/api/controller/Forum.php ]
[ info ] [ DB ] INIT mysql
[ info ] [ LOG ] INIT File
[ error ] [8]未定义变量: class[/opt/php/jraz/thinkphp/helper.php:587]
[ error ] [8]未定义变量: where[/opt/php/jraz/application/api/controller/Forum.php:49]
[ error ] [8]未定义变量: where[/opt/php/jraz/application/api/controller/Forum.php:62]
[ sql ] [ DB ] CONNECT:[ UseTime:0.000829s ] mysql:dbname=jraz;host=106.15.199.8;port=3306;charset=utf8
[ sql ] [ SQL ] SHOW COLUMNS FROM `life_house_rent` [ RunTime:0.000988s ]
[ sql ] [ SQL ] SELECT * FROM `life_house_rent` ORDER BY `area` LIMIT 0,5 [ RunTime:0.000614s ]
[ sql ] [ SQL ] SELECT COUNT(*) AS tp_count FROM `life_house_rent` LIMIT 1 [ RunTime:0.000402s ]

---------------------------------------------------------------
[ 2017-09-23T11:01:01+08:00 ] 172.19.27.227 223.104.4.41 POST /jraz/api/forum/forumList
[ log ] 106.15.199.8/jraz/api/forum/forumList [运行时间：0.026371s][吞吐率：37.92req/s] [内存消耗：3,255.52kb] [文件加载：56]
[ info ] [ LANG ] /opt/php/jraz/thinkphp/lang/zh-cn.php
[ info ] [ ROUTE ] array (
  'type' => 'module',
  'module' => 
  array (
    0 => 'api',
    1 => 'forum',
    2 => 'forumList',
  ),
)
[ info ] [ HEADER ] array (
  'token' => '',
  'content-type' => 'application/x-www-form-urlencoded',
  'content-length' => '173',
  'host' => '106.15.199.8',
  'connection' => 'Keep-Alive',
  'accept-encoding' => 'gzip',
  'user-agent' => 'okhttp/3.8.0',
)
[ info ] [ PARAM ] array (
  'rent_way' => '不限',
  'cate_1' => 'house',
  'house_source' => '不限',
  'area' => '不限',
  'p' => '2',
  'cate_2' => 'area',
  'house_type' => '不限',
  'create_time' => '不限',
)
[ info ] [ RUN ] app\api\controller\Forum->forumList[ /opt/php/jraz/application/api/controller/Forum.php ]
[ info ] [ DB ] INIT mysql
[ info ] [ LOG ] INIT File
[ error ] [8]未定义变量: class[/opt/php/jraz/thinkphp/helper.php:587]
[ error ] [8]未定义变量: where[/opt/php/jraz/application/api/controller/Forum.php:49]
[ error ] [8]未定义变量: where[/opt/php/jraz/application/api/controller/Forum.php:62]
[ sql ] [ DB ] CONNECT:[ UseTime:0.000795s ] mysql:dbname=jraz;host=106.15.199.8;port=3306;charset=utf8
[ sql ] [ SQL ] SHOW COLUMNS FROM `life_house_rent` [ RunTime:0.001023s ]
[ sql ] [ SQL ] SELECT * FROM `life_house_rent` ORDER BY `area` LIMIT 5,5 [ RunTime:0.000638s ]
[ sql ] [ SQL ] SELECT COUNT(*) AS tp_count FROM `life_house_rent` LIMIT 1 [ RunTime:0.000397s ]

---------------------------------------------------------------
[ 2017-09-23T11:01:02+08:00 ] 172.19.27.227 223.104.4.41 POST /jraz/api/forum/forumInfo
[ log ] 106.15.199.8/jraz/api/forum/forumInfo [运行时间：0.025566s][吞吐率：39.11req/s] [内存消耗：3,203.65kb] [文件加载：55]
[ info ] [ LANG ] /opt/php/jraz/thinkphp/lang/zh-cn.php
[ info ] [ ROUTE ] array (
  'type' => 'module',
  'module' => 
  array (
    0 => 'api',
    1 => 'forum',
    2 => 'forumInfo',
  ),
)
[ info ] [ HEADER ] array (
  'token' => '',
  'content-type' => 'application/x-www-form-urlencoded',
  'content-length' => '18',
  'host' => '106.15.199.8',
  'connection' => 'Keep-Alive',
  'accept-encoding' => 'gzip',
  'user-agent' => 'okhttp/3.8.0',
)
[ info ] [ PARAM ] array (
  'id' => '22',
  'cate_1' => 'house',
)
[ info ] [ RUN ] app\api\controller\Forum->forumInfo[ /opt/php/jraz/application/api/controller/Forum.php ]
[ info ] [ DB ] INIT mysql
[ info ] [ LOG ] INIT File
[ error ] [8]未定义变量: class[/opt/php/jraz/thinkphp/helper.php:587]
[ sql ] [ DB ] CONNECT:[ UseTime:0.000878s ] mysql:dbname=jraz;host=106.15.199.8;port=3306;charset=utf8
[ sql ] [ SQL ] SHOW COLUMNS FROM `life_house_rent` [ RunTime:0.001050s ]
[ sql ] [ SQL ] SELECT * FROM `life_house_rent` WHERE  `id` = 22 LIMIT 1 [ RunTime:0.000600s ]

---------------------------------------------------------------
[ 2017-09-23T11:01:04+08:00 ] 172.19.27.227 223.104.4.41 POST /jraz/api/forum/forumList
[ log ] 106.15.199.8/jraz/api/forum/forumList [运行时间：0.238845s][吞吐率：4.19req/s] [内存消耗：3,245.97kb] [文件加载：56]
[ info ] [ LANG ] /opt/php/jraz/thinkphp/lang/zh-cn.php
[ info ] [ ROUTE ] array (
  'type' => 'module',
  'module' => 
  array (
    0 => 'api',
    1 => 'forum',
    2 => 'forumList',
  ),
)
[ info ] [ HEADER ] array (
  'token' => '',
  'content-type' => 'application/x-www-form-urlencoded',
  'content-length' => '173',
  'host' => '106.15.199.8',
  'connection' => 'Keep-Alive',
  'accept-encoding' => 'gzip',
  'user-agent' => 'okhttp/3.8.0',
)
[ info ] [ PARAM ] array (
  'rent_way' => '不限',
  'cate_1' => 'house',
  'house_source' => '不限',
  'area' => '不限',
  'p' => '3',
  'cate_2' => 'area',
  'house_type' => '不限',
  'create_time' => '不限',
)
[ info ] [ RUN ] app\api\controller\Forum->forumList[ /opt/php/jraz/application/api/controller/Forum.php ]
[ info ] [ DB ] INIT mysql
[ info ] [ LOG ] INIT File
[ error ] [8]未定义变量: class[/opt/php/jraz/thinkphp/helper.php:587]
[ error ] [8]未定义变量: where[/opt/php/jraz/application/api/controller/Forum.php:49]
[ error ] [8]未定义变量: where[/opt/php/jraz/application/api/controller/Forum.php:62]
[ sql ] [ DB ] CONNECT:[ UseTime:0.000748s ] mysql:dbname=jraz;host=106.15.199.8;port=3306;charset=utf8
[ sql ] [ SQL ] SHOW COLUMNS FROM `life_house_rent` [ RunTime:0.001015s ]
[ sql ] [ SQL ] SELECT * FROM `life_house_rent` ORDER BY `area` LIMIT 10,5 [ RunTime:0.213684s ]
[ sql ] [ SQL ] SELECT COUNT(*) AS tp_count FROM `life_house_rent` LIMIT 1 [ RunTime:0.000484s ]

---------------------------------------------------------------
[ 2017-09-23T11:01:19+08:00 ] 172.19.27.227 223.104.4.41 POST /jraz/api/forum/forumList
[ log ] 106.15.199.8/jraz/api/forum/forumList [运行时间：0.025688s][吞吐率：38.93req/s] [内存消耗：3,246.72kb] [文件加载：56]
[ info ] [ LANG ] /opt/php/jraz/thinkphp/lang/zh-cn.php
[ info ] [ ROUTE ] array (
  'type' => 'module',
  'module' => 
  array (
    0 => 'api',
    1 => 'forum',
    2 => 'forumList',
  ),
)
[ info ] [ HEADER ] array (
  'token' => '',
  'content-type' => 'application/x-www-form-urlencoded',
  'content-length' => '23',
  'host' => '106.15.199.8',
  'connection' => 'Keep-Alive',
  'accept-encoding' => 'gzip',
  'user-agent' => 'okhttp/3.8.0',
)
[ info ] [ PARAM ] array (
  'cate_4' => '2',
  'p' => '1',
  'cate_1' => 'job',
)
[ info ] [ RUN ] app\api\controller\Forum->forumList[ /opt/php/jraz/application/api/controller/Forum.php ]
[ info ] [ DB ] INIT mysql
[ info ] [ LOG ] INIT File
[ error ] [8]未定义变量: class[/opt/php/jraz/thinkphp/helper.php:587]
[ sql ] [ DB ] CONNECT:[ UseTime:0.000778s ] mysql:dbname=jraz;host=106.15.199.8;port=3306;charset=utf8
[ sql ] [ SQL ] SHOW COLUMNS FROM `life_job_search` [ RunTime:0.001057s ]
[ sql ] [ SQL ] SELECT * FROM `life_job_search` WHERE  `type` = 2 ORDER BY `time` LIMIT 0,5 [ RunTime:0.000678s ]
[ sql ] [ SQL ] SELECT COUNT(*) AS tp_count FROM `life_job_search` WHERE  `type` = 2 LIMIT 1 [ RunTime:0.000432s ]

---------------------------------------------------------------
[ 2017-09-23T11:01:26+08:00 ] 172.19.27.227 223.104.4.41 POST /jraz/api/forum/forumList
[ log ] 106.15.199.8/jraz/api/forum/forumList [运行时间：0.026532s][吞吐率：37.69req/s] [内存消耗：3,248.91kb] [文件加载：56]
[ info ] [ LANG ] /opt/php/jraz/thinkphp/lang/zh-cn.php
[ info ] [ ROUTE ] array (
  'type' => 'module',
  'module' => 
  array (
    0 => 'api',
    1 => 'forum',
    2 => 'forumList',
  ),
)
[ info ] [ HEADER ] array (
  'token' => '',
  'content-type' => 'application/x-www-form-urlencoded',
  'content-length' => '173',
  'host' => '106.15.199.8',
  'connection' => 'Keep-Alive',
  'accept-encoding' => 'gzip',
  'user-agent' => 'okhttp/3.8.0',
)
[ info ] [ PARAM ] array (
  'rent_way' => '不限',
  'cate_1' => 'house',
  'house_source' => '不限',
  'area' => '不限',
  'p' => '1',
  'cate_2' => 'area',
  'house_type' => '不限',
  'create_time' => '不限',
)
[ info ] [ RUN ] app\api\controller\Forum->forumList[ /opt/php/jraz/application/api/controller/Forum.php ]
[ info ] [ DB ] INIT mysql
[ info ] [ LOG ] INIT File
[ error ] [8]未定义变量: class[/opt/php/jraz/thinkphp/helper.php:587]
[ error ] [8]未定义变量: where[/opt/php/jraz/application/api/controller/Forum.php:49]
[ error ] [8]未定义变量: where[/opt/php/jraz/application/api/controller/Forum.php:62]
[ sql ] [ DB ] CONNECT:[ UseTime:0.000768s ] mysql:dbname=jraz;host=106.15.199.8;port=3306;charset=utf8
[ sql ] [ SQL ] SHOW COLUMNS FROM `life_house_rent` [ RunTime:0.001008s ]
[ sql ] [ SQL ] SELECT * FROM `life_house_rent` ORDER BY `area` LIMIT 0,5 [ RunTime:0.000615s ]
[ sql ] [ SQL ] SELECT COUNT(*) AS tp_count FROM `life_house_rent` LIMIT 1 [ RunTime:0.000424s ]

---------------------------------------------------------------
[ 2017-09-23T11:01:30+08:00 ] 172.19.27.227 223.104.4.41 POST /jraz/api/forum/forumList
[ log ] 106.15.199.8/jraz/api/forum/forumList [运行时间：0.026189s][吞吐率：38.18req/s] [内存消耗：3,255.52kb] [文件加载：56]
[ info ] [ LANG ] /opt/php/jraz/thinkphp/lang/zh-cn.php
[ info ] [ ROUTE ] array (
  'type' => 'module',
  'module' => 
  array (
    0 => 'api',
    1 => 'forum',
    2 => 'forumList',
  ),
)
[ info ] [ HEADER ] array (
  'token' => '',
  'content-type' => 'application/x-www-form-urlencoded',
  'content-length' => '173',
  'host' => '106.15.199.8',
  'connection' => 'Keep-Alive',
  'accept-encoding' => 'gzip',
  'user-agent' => 'okhttp/3.8.0',
)
[ info ] [ PARAM ] array (
  'rent_way' => '不限',
  'cate_1' => 'house',
  'house_source' => '不限',
  'area' => '不限',
  'p' => '2',
  'cate_2' => 'area',
  'house_type' => '不限',
  'create_time' => '不限',
)
[ info ] [ RUN ] app\api\controller\Forum->forumList[ /opt/php/jraz/application/api/controller/Forum.php ]
[ info ] [ DB ] INIT mysql
[ info ] [ LOG ] INIT File
[ error ] [8]未定义变量: class[/opt/php/jraz/thinkphp/helper.php:587]
[ error ] [8]未定义变量: where[/opt/php/jraz/application/api/controller/Forum.php:49]
[ error ] [8]未定义变量: where[/opt/php/jraz/application/api/controller/Forum.php:62]
[ sql ] [ DB ] CONNECT:[ UseTime:0.000755s ] mysql:dbname=jraz;host=106.15.199.8;port=3306;charset=utf8
[ sql ] [ SQL ] SHOW COLUMNS FROM `life_house_rent` [ RunTime:0.001142s ]
[ sql ] [ SQL ] SELECT * FROM `life_house_rent` ORDER BY `area` LIMIT 5,5 [ RunTime:0.000639s ]
[ sql ] [ SQL ] SELECT COUNT(*) AS tp_count FROM `life_house_rent` LIMIT 1 [ RunTime:0.000422s ]

---------------------------------------------------------------
[ 2017-09-23T11:01:31+08:00 ] 172.19.27.227 223.104.4.41 POST /jraz/api/forum/forumList
[ log ] 106.15.199.8/jraz/api/forum/forumList [运行时间：0.225540s][吞吐率：4.43req/s] [内存消耗：3,245.97kb] [文件加载：56]
[ info ] [ LANG ] /opt/php/jraz/thinkphp/lang/zh-cn.php
[ info ] [ ROUTE ] array (
  'type' => 'module',
  'module' => 
  array (
    0 => 'api',
    1 => 'forum',
    2 => 'forumList',
  ),
)
[ info ] [ HEADER ] array (
  'token' => '',
  'content-type' => 'application/x-www-form-urlencoded',
  'content-length' => '173',
  'host' => '106.15.199.8',
  'connection' => 'Keep-Alive',
  'accept-encoding' => 'gzip',
  'user-agent' => 'okhttp/3.8.0',
)
[ info ] [ PARAM ] array (
  'rent_way' => '不限',
  'cate_1' => 'house',
  'house_source' => '不限',
  'area' => '不限',
  'p' => '3',
  'cate_2' => 'area',
  'house_type' => '不限',
  'create_time' => '不限',
)
[ info ] [ RUN ] app\api\controller\Forum->forumList[ /opt/php/jraz/application/api/controller/Forum.php ]
[ info ] [ DB ] INIT mysql
[ info ] [ LOG ] INIT File
[ error ] [8]未定义变量: class[/opt/php/jraz/thinkphp/helper.php:587]
[ error ] [8]未定义变量: where[/opt/php/jraz/application/api/controller/Forum.php:49]
[ error ] [8]未定义变量: where[/opt/php/jraz/application/api/controller/Forum.php:62]
[ sql ] [ DB ] CONNECT:[ UseTime:0.000796s ] mysql:dbname=jraz;host=106.15.199.8;port=3306;charset=utf8
[ sql ] [ SQL ] SHOW COLUMNS FROM `life_house_rent` [ RunTime:0.201192s ]
[ sql ] [ SQL ] SELECT * FROM `life_house_rent` ORDER BY `area` LIMIT 10,5 [ RunTime:0.000720s ]
[ sql ] [ SQL ] SELECT COUNT(*) AS tp_count FROM `life_house_rent` LIMIT 1 [ RunTime:0.000422s ]

---------------------------------------------------------------
[ 2017-09-23T11:01:32+08:00 ] 172.19.27.227 223.104.4.41 POST /jraz/api/forum/forumList
[ log ] 106.15.199.8/jraz/api/forum/forumList [运行时间：0.047349s][吞吐率：21.12req/s] [内存消耗：3,249.10kb] [文件加载：56]
[ info ] [ LANG ] /opt/php/jraz/thinkphp/lang/zh-cn.php
[ info ] [ ROUTE ] array (
  'type' => 'module',
  'module' => 
  array (
    0 => 'api',
    1 => 'forum',
    2 => 'forumList',
  ),
)
[ info ] [ HEADER ] array (
  'token' => '',
  'content-type' => 'application/x-www-form-urlencoded',
  'content-length' => '173',
  'host' => '106.15.199.8',
  'connection' => 'Keep-Alive',
  'accept-encoding' => 'gzip',
  'user-agent' => 'okhttp/3.8.0',
)
[ info ] [ PARAM ] array (
  'rent_way' => '不限',
  'cate_1' => 'house',
  'house_source' => '不限',
  'area' => '不限',
  'p' => '4',
  'cate_2' => 'area',
  'house_type' => '不限',
  'create_time' => '不限',
)
[ info ] [ RUN ] app\api\controller\Forum->forumList[ /opt/php/jraz/application/api/controller/Forum.php ]
[ info ] [ DB ] INIT mysql
[ info ] [ LOG ] INIT File
[ error ] [8]未定义变量: class[/opt/php/jraz/thinkphp/helper.php:587]
[ error ] [8]未定义变量: where[/opt/php/jraz/application/api/controller/Forum.php:49]
[ error ] [8]未定义变量: where[/opt/php/jraz/application/api/controller/Forum.php:62]
[ sql ] [ DB ] CONNECT:[ UseTime:0.000828s ] mysql:dbname=jraz;host=106.15.199.8;port=3306;charset=utf8
[ sql ] [ SQL ] SHOW COLUMNS FROM `life_house_rent` [ RunTime:0.001065s ]
[ sql ] [ SQL ] SELECT * FROM `life_house_rent` ORDER BY `area` LIMIT 15,5 [ RunTime:0.022193s ]
[ sql ] [ SQL ] SELECT COUNT(*) AS tp_count FROM `life_house_rent` LIMIT 1 [ RunTime:0.000470s ]

---------------------------------------------------------------
[ 2017-09-23T11:01:33+08:00 ] 172.19.27.227 223.104.4.41 POST /jraz/api/forum/forumList
[ log ] 106.15.199.8/jraz/api/forum/forumList [运行时间：0.025699s][吞吐率：38.91req/s] [内存消耗：3,247.21kb] [文件加载：56]
[ info ] [ LANG ] /opt/php/jraz/thinkphp/lang/zh-cn.php
[ info ] [ ROUTE ] array (
  'type' => 'module',
  'module' => 
  array (
    0 => 'api',
    1 => 'forum',
    2 => 'forumList',
  ),
)
[ info ] [ HEADER ] array (
  'token' => '',
  'content-type' => 'application/x-www-form-urlencoded',
  'content-length' => '173',
  'host' => '106.15.199.8',
  'connection' => 'Keep-Alive',
  'accept-encoding' => 'gzip',
  'user-agent' => 'okhttp/3.8.0',
)
[ info ] [ PARAM ] array (
  'rent_way' => '不限',
  'cate_1' => 'house',
  'house_source' => '不限',
  'area' => '不限',
  'p' => '5',
  'cate_2' => 'area',
  'house_type' => '不限',
  'create_time' => '不限',
)
[ info ] [ RUN ] app\api\controller\Forum->forumList[ /opt/php/jraz/application/api/controller/Forum.php ]
[ info ] [ DB ] INIT mysql
[ info ] [ LOG ] INIT File
[ error ] [8]未定义变量: class[/opt/php/jraz/thinkphp/helper.php:587]
[ error ] [8]未定义变量: where[/opt/php/jraz/application/api/controller/Forum.php:49]
[ error ] [8]未定义变量: where[/opt/php/jraz/application/api/controller/Forum.php:62]
[ sql ] [ DB ] CONNECT:[ UseTime:0.000697s ] mysql:dbname=jraz;host=106.15.199.8;port=3306;charset=utf8
[ sql ] [ SQL ] SHOW COLUMNS FROM `life_house_rent` [ RunTime:0.000993s ]
[ sql ] [ SQL ] SELECT * FROM `life_house_rent` ORDER BY `area` LIMIT 20,5 [ RunTime:0.000683s ]
[ sql ] [ SQL ] SELECT COUNT(*) AS tp_count FROM `life_house_rent` LIMIT 1 [ RunTime:0.000393s ]

---------------------------------------------------------------
[ 2017-09-23T11:01:34+08:00 ] 172.19.27.227 223.104.4.41 POST /jraz/api/forum/forumList
[ log ] 106.15.199.8/jraz/api/forum/forumList [运行时间：0.238814s][吞吐率：4.19req/s] [内存消耗：3,248.96kb] [文件加载：56]
[ info ] [ LANG ] /opt/php/jraz/thinkphp/lang/zh-cn.php
[ info ] [ ROUTE ] array (
  'type' => 'module',
  'module' => 
  array (
    0 => 'api',
    1 => 'forum',
    2 => 'forumList',
  ),
)
[ info ] [ HEADER ] array (
  'token' => '',
  'content-type' => 'application/x-www-form-urlencoded',
  'content-length' => '173',
  'host' => '106.15.199.8',
  'connection' => 'Keep-Alive',
  'accept-encoding' => 'gzip',
  'user-agent' => 'okhttp/3.8.0',
)
[ info ] [ PARAM ] array (
  'rent_way' => '不限',
  'cate_1' => 'house',
  'house_source' => '不限',
  'area' => '不限',
  'p' => '6',
  'cate_2' => 'area',
  'house_type' => '不限',
  'create_time' => '不限',
)
[ info ] [ RUN ] app\api\controller\Forum->forumList[ /opt/php/jraz/application/api/controller/Forum.php ]
[ info ] [ DB ] INIT mysql
[ info ] [ LOG ] INIT File
[ error ] [8]未定义变量: class[/opt/php/jraz/thinkphp/helper.php:587]
[ error ] [8]未定义变量: where[/opt/php/jraz/application/api/controller/Forum.php:49]
[ error ] [8]未定义变量: where[/opt/php/jraz/application/api/controller/Forum.php:62]
[ sql ] [ DB ] CONNECT:[ UseTime:0.000777s ] mysql:dbname=jraz;host=106.15.199.8;port=3306;charset=utf8
[ sql ] [ SQL ] SHOW COLUMNS FROM `life_house_rent` [ RunTime:0.001011s ]
[ sql ] [ SQL ] SELECT * FROM `life_house_rent` ORDER BY `area` LIMIT 25,5 [ RunTime:0.012584s ]
[ sql ] [ SQL ] SELECT COUNT(*) AS tp_count FROM `life_house_rent` LIMIT 1 [ RunTime:0.201351s ]

---------------------------------------------------------------
[ 2017-09-23T11:01:35+08:00 ] 172.19.27.227 223.104.4.41 POST /jraz/api/forum/forumList
[ log ] 106.15.199.8/jraz/api/forum/forumList [运行时间：0.026607s][吞吐率：37.58req/s] [内存消耗：3,235.85kb] [文件加载：56]
[ info ] [ LANG ] /opt/php/jraz/thinkphp/lang/zh-cn.php
[ info ] [ ROUTE ] array (
  'type' => 'module',
  'module' => 
  array (
    0 => 'api',
    1 => 'forum',
    2 => 'forumList',
  ),
)
[ info ] [ HEADER ] array (
  'token' => '',
  'content-type' => 'application/x-www-form-urlencoded',
  'content-length' => '173',
  'host' => '106.15.199.8',
  'connection' => 'Keep-Alive',
  'accept-encoding' => 'gzip',
  'user-agent' => 'okhttp/3.8.0',
)
[ info ] [ PARAM ] array (
  'rent_way' => '不限',
  'cate_1' => 'house',
  'house_source' => '不限',
  'area' => '不限',
  'p' => '7',
  'cate_2' => 'area',
  'house_type' => '不限',
  'create_time' => '不限',
)
[ info ] [ RUN ] app\api\controller\Forum->forumList[ /opt/php/jraz/application/api/controller/Forum.php ]
[ info ] [ DB ] INIT mysql
[ info ] [ LOG ] INIT File
[ error ] [8]未定义变量: class[/opt/php/jraz/thinkphp/helper.php:587]
[ error ] [8]未定义变量: where[/opt/php/jraz/application/api/controller/Forum.php:49]
[ error ] [8]未定义变量: where[/opt/php/jraz/application/api/controller/Forum.php:62]
[ sql ] [ DB ] CONNECT:[ UseTime:0.000785s ] mysql:dbname=jraz;host=106.15.199.8;port=3306;charset=utf8
[ sql ] [ SQL ] SHOW COLUMNS FROM `life_house_rent` [ RunTime:0.001014s ]
[ sql ] [ SQL ] SELECT * FROM `life_house_rent` ORDER BY `area` LIMIT 30,5 [ RunTime:0.000660s ]
[ sql ] [ SQL ] SELECT COUNT(*) AS tp_count FROM `life_house_rent` LIMIT 1 [ RunTime:0.000393s ]

---------------------------------------------------------------
[ 2017-09-23T11:01:37+08:00 ] 172.19.27.227 223.104.4.41 POST /jraz/api/forum/forumInfo
[ log ] 106.15.199.8/jraz/api/forum/forumInfo [运行时间：0.026357s][吞吐率：37.94req/s] [内存消耗：3,204.98kb] [文件加载：55]
[ info ] [ LANG ] /opt/php/jraz/thinkphp/lang/zh-cn.php
[ info ] [ ROUTE ] array (
  'type' => 'module',
  'module' => 
  array (
    0 => 'api',
    1 => 'forum',
    2 => 'forumInfo',
  ),
)
[ info ] [ HEADER ] array (
  'token' => '',
  'content-type' => 'application/x-www-form-urlencoded',
  'content-length' => '17',
  'host' => '106.15.199.8',
  'connection' => 'Keep-Alive',
  'accept-encoding' => 'gzip',
  'user-agent' => 'okhttp/3.8.0',
)
[ info ] [ PARAM ] array (
  'id' => '3',
  'cate_1' => 'house',
)
[ info ] [ RUN ] app\api\controller\Forum->forumInfo[ /opt/php/jraz/application/api/controller/Forum.php ]
[ info ] [ DB ] INIT mysql
[ info ] [ LOG ] INIT File
[ error ] [8]未定义变量: class[/opt/php/jraz/thinkphp/helper.php:587]
[ sql ] [ DB ] CONNECT:[ UseTime:0.000825s ] mysql:dbname=jraz;host=106.15.199.8;port=3306;charset=utf8
[ sql ] [ SQL ] SHOW COLUMNS FROM `life_house_rent` [ RunTime:0.001039s ]
[ sql ] [ SQL ] SELECT * FROM `life_house_rent` WHERE  `id` = 3 LIMIT 1 [ RunTime:0.000615s ]

---------------------------------------------------------------
[ 2017-09-23T11:11:34+08:00 ] 172.19.27.227 223.104.4.41 POST /jraz/api/forum/forumList
[ log ] 106.15.199.8/jraz/api/forum/forumList [运行时间：0.025603s][吞吐率：39.06req/s] [内存消耗：3,231.09kb] [文件加载：56]
[ info ] [ LANG ] /opt/php/jraz/thinkphp/lang/zh-cn.php
[ info ] [ ROUTE ] array (
  'type' => 'module',
  'module' => 
  array (
    0 => 'api',
    1 => 'forum',
    2 => 'forumList',
  ),
)
[ info ] [ HEADER ] array (
  'token' => '',
  'content-type' => 'application/x-www-form-urlencoded',
  'content-length' => '17',
  'host' => '106.15.199.8',
  'connection' => 'Keep-Alive',
  'accept-encoding' => 'gzip',
  'user-agent' => 'okhttp/3.8.0',
)
[ info ] [ PARAM ] array (
  'p' => '1',
  'cate_1' => 'market',
)
[ info ] [ RUN ] app\api\controller\Forum->forumList[ /opt/php/jraz/application/api/controller/Forum.php ]
[ info ] [ DB ] INIT mysql
[ info ] [ LOG ] INIT File
[ error ] [8]未定义变量: class[/opt/php/jraz/thinkphp/helper.php:587]
[ error ] [8]未定义变量: where[/opt/php/jraz/application/api/controller/Forum.php:49]
[ error ] [8]未定义变量: where[/opt/php/jraz/application/api/controller/Forum.php:62]
[ sql ] [ DB ] CONNECT:[ UseTime:0.000811s ] mysql:dbname=jraz;host=106.15.199.8;port=3306;charset=utf8
[ sql ] [ SQL ] SHOW COLUMNS FROM `life_second_market` [ RunTime:0.001017s ]
[ sql ] [ SQL ] SELECT * FROM `life_second_market` ORDER BY `time` LIMIT 0,5 [ RunTime:0.000592s ]
[ sql ] [ SQL ] SELECT COUNT(*) AS tp_count FROM `life_second_market` LIMIT 1 [ RunTime:0.000410s ]

---------------------------------------------------------------
[ 2017-09-23T11:11:35+08:00 ] 172.19.27.227 223.104.4.41 POST /jraz/api/forum/forumInfo
[ log ] 106.15.199.8/jraz/api/forum/forumInfo [运行时间：0.025789s][吞吐率：38.78req/s] [内存消耗：3,199.75kb] [文件加载：55]
[ info ] [ LANG ] /opt/php/jraz/thinkphp/lang/zh-cn.php
[ info ] [ ROUTE ] array (
  'type' => 'module',
  'module' => 
  array (
    0 => 'api',
    1 => 'forum',
    2 => 'forumInfo',
  ),
)
[ info ] [ HEADER ] array (
  'token' => '',
  'content-type' => 'application/x-www-form-urlencoded',
  'content-length' => '18',
  'host' => '106.15.199.8',
  'connection' => 'Keep-Alive',
  'accept-encoding' => 'gzip',
  'user-agent' => 'okhttp/3.8.0',
)
[ info ] [ PARAM ] array (
  'id' => '1',
  'cate_1' => 'market',
)
[ info ] [ RUN ] app\api\controller\Forum->forumInfo[ /opt/php/jraz/application/api/controller/Forum.php ]
[ info ] [ DB ] INIT mysql
[ info ] [ LOG ] INIT File
[ error ] [8]未定义变量: class[/opt/php/jraz/thinkphp/helper.php:587]
[ sql ] [ DB ] CONNECT:[ UseTime:0.000821s ] mysql:dbname=jraz;host=106.15.199.8;port=3306;charset=utf8
[ sql ] [ SQL ] SHOW COLUMNS FROM `life_second_market` [ RunTime:0.001046s ]
[ sql ] [ SQL ] SELECT * FROM `life_second_market` WHERE  `id` = 1 LIMIT 1 [ RunTime:0.000659s ]

---------------------------------------------------------------
[ 2017-09-23T11:11:41+08:00 ] 172.19.27.227 223.104.4.41 POST /jraz/api/forum/forumList
[ log ] 106.15.199.8/jraz/api/forum/forumList [运行时间：0.025444s][吞吐率：39.30req/s] [内存消耗：3,241.34kb] [文件加载：56]
[ info ] [ LANG ] /opt/php/jraz/thinkphp/lang/zh-cn.php
[ info ] [ ROUTE ] array (
  'type' => 'module',
  'module' => 
  array (
    0 => 'api',
    1 => 'forum',
    2 => 'forumList',
  ),
)
[ info ] [ HEADER ] array (
  'token' => '',
  'content-type' => 'application/x-www-form-urlencoded',
  'content-length' => '15',
  'host' => '106.15.199.8',
  'connection' => 'Keep-Alive',
  'accept-encoding' => 'gzip',
  'user-agent' => 'okhttp/3.8.0',
)
[ info ] [ PARAM ] array (
  'p' => '1',
  'cate_1' => 'seek',
)
[ info ] [ RUN ] app\api\controller\Forum->forumList[ /opt/php/jraz/application/api/controller/Forum.php ]
[ info ] [ DB ] INIT mysql
[ info ] [ LOG ] INIT File
[ error ] [8]未定义变量: class[/opt/php/jraz/thinkphp/helper.php:587]
[ error ] [8]未定义变量: where[/opt/php/jraz/application/api/controller/Forum.php:49]
[ error ] [8]未定义变量: where[/opt/php/jraz/application/api/controller/Forum.php:62]
[ sql ] [ DB ] CONNECT:[ UseTime:0.000748s ] mysql:dbname=jraz;host=106.15.199.8;port=3306;charset=utf8
[ sql ] [ SQL ] SHOW COLUMNS FROM `life_house_seek` [ RunTime:0.001000s ]
[ sql ] [ SQL ] SELECT * FROM `life_house_seek` ORDER BY `time` LIMIT 0,5 [ RunTime:0.000634s ]
[ sql ] [ SQL ] SELECT COUNT(*) AS tp_count FROM `life_house_seek` LIMIT 1 [ RunTime:0.000421s ]

---------------------------------------------------------------
[ 2017-09-23T11:11:41+08:00 ] 172.19.27.227 223.104.4.41 POST /jraz/api/forum/forumList
[ log ] 106.15.199.8/jraz/api/forum/forumList [运行时间：0.025992s][吞吐率：38.47req/s] [内存消耗：3,241.34kb] [文件加载：56]
[ info ] [ LANG ] /opt/php/jraz/thinkphp/lang/zh-cn.php
[ info ] [ ROUTE ] array (
  'type' => 'module',
  'module' => 
  array (
    0 => 'api',
    1 => 'forum',
    2 => 'forumList',
  ),
)
[ info ] [ HEADER ] array (
  'token' => '',
  'content-type' => 'application/x-www-form-urlencoded',
  'content-length' => '15',
  'host' => '106.15.199.8',
  'connection' => 'Keep-Alive',
  'accept-encoding' => 'gzip',
  'user-agent' => 'okhttp/3.8.0',
)
[ info ] [ PARAM ] array (
  'p' => '2',
  'cate_1' => 'seek',
)
[ info ] [ RUN ] app\api\controller\Forum->forumList[ /opt/php/jraz/application/api/controller/Forum.php ]
[ info ] [ DB ] INIT mysql
[ info ] [ LOG ] INIT File
[ error ] [8]未定义变量: class[/opt/php/jraz/thinkphp/helper.php:587]
[ error ] [8]未定义变量: where[/opt/php/jraz/application/api/controller/Forum.php:49]
[ error ] [8]未定义变量: where[/opt/php/jraz/application/api/controller/Forum.php:62]
[ sql ] [ DB ] CONNECT:[ UseTime:0.000715s ] mysql:dbname=jraz;host=106.15.199.8;port=3306;charset=utf8
[ sql ] [ SQL ] SHOW COLUMNS FROM `life_house_seek` [ RunTime:0.001018s ]
[ sql ] [ SQL ] SELECT * FROM `life_house_seek` ORDER BY `time` LIMIT 5,5 [ RunTime:0.000582s ]
[ sql ] [ SQL ] SELECT COUNT(*) AS tp_count FROM `life_house_seek` LIMIT 1 [ RunTime:0.000400s ]

---------------------------------------------------------------
[ 2017-09-23T11:11:43+08:00 ] 172.19.27.227 223.104.4.41 POST /jraz/api/forum/forumInfo
[ log ] 106.15.199.8/jraz/api/forum/forumInfo [运行时间：0.024959s][吞吐率：40.07req/s] [内存消耗：3,205.23kb] [文件加载：55]
[ info ] [ LANG ] /opt/php/jraz/thinkphp/lang/zh-cn.php
[ info ] [ ROUTE ] array (
  'type' => 'module',
  'module' => 
  array (
    0 => 'api',
    1 => 'forum',
    2 => 'forumInfo',
  ),
)
[ info ] [ HEADER ] array (
  'token' => '',
  'content-type' => 'application/x-www-form-urlencoded',
  'content-length' => '16',
  'host' => '106.15.199.8',
  'connection' => 'Keep-Alive',
  'accept-encoding' => 'gzip',
  'user-agent' => 'okhttp/3.8.0',
)
[ info ] [ PARAM ] array (
  'id' => '1',
  'cate_1' => 'seek',
)
[ info ] [ RUN ] app\api\controller\Forum->forumInfo[ /opt/php/jraz/application/api/controller/Forum.php ]
[ info ] [ DB ] INIT mysql
[ info ] [ LOG ] INIT File
[ error ] [8]未定义变量: class[/opt/php/jraz/thinkphp/helper.php:587]
[ sql ] [ DB ] CONNECT:[ UseTime:0.000732s ] mysql:dbname=jraz;host=106.15.199.8;port=3306;charset=utf8
[ sql ] [ SQL ] SHOW COLUMNS FROM `life_house_seek` [ RunTime:0.001048s ]
[ sql ] [ SQL ] SELECT * FROM `life_house_seek` WHERE  `id` = 1 LIMIT 1 [ RunTime:0.000649s ]

---------------------------------------------------------------
[ 2017-09-23T23:08:18+08:00 ] 172.19.27.227 117.136.45.102 POST /jraz/api/news/newsCate
[ log ] 106.15.199.8/jraz/api/news/newsCate [运行时间：0.025141s][吞吐率：39.78req/s] [内存消耗：3,174.62kb] [文件加载：52]
[ info ] [ LANG ] /opt/php/jraz/thinkphp/lang/zh-cn.php
[ info ] [ ROUTE ] array (
  'type' => 'module',
  'module' => 
  array (
    0 => 'api',
    1 => 'news',
    2 => 'newsCate',
  ),
)
[ info ] [ HEADER ] array (
  'token' => 'c1cd0ed01286545524f8194ec3ce14b4',
  'content-type' => 'application/x-www-form-urlencoded',
  'content-length' => '6',
  'host' => '106.15.199.8',
  'connection' => 'Keep-Alive',
  'accept-encoding' => 'gzip',
  'user-agent' => 'okhttp/3.8.0',
)
[ info ] [ PARAM ] array (
  'type' => '1',
)
[ info ] [ RUN ] app\api\controller\News->newsCate[ /opt/php/jraz/application/api/controller/News.php ]
[ info ] [ DB ] INIT mysql
[ info ] [ LOG ] INIT File
[ sql ] [ DB ] CONNECT:[ UseTime:0.000738s ] mysql:dbname=jraz;host=106.15.199.8;port=3306;charset=utf8
[ sql ] [ SQL ] SHOW COLUMNS FROM `news_category` [ RunTime:0.000968s ]
[ sql ] [ SQL ] SELECT `id`,`name`,`description` FROM `news_category` WHERE  `cate` = 1 [ RunTime:0.000531s ]

---------------------------------------------------------------
[ 2017-09-23T23:08:19+08:00 ] 172.19.27.227 117.136.45.102 POST /jraz/api/news/newsList
[ log ] 106.15.199.8/jraz/api/news/newsList [运行时间：0.025586s][吞吐率：39.08req/s] [内存消耗：3,288.63kb] [文件加载：56]
[ info ] [ LANG ] /opt/php/jraz/thinkphp/lang/zh-cn.php
[ info ] [ ROUTE ] array (
  'type' => 'module',
  'module' => 
  array (
    0 => 'api',
    1 => 'news',
    2 => 'newsList',
  ),
)
[ info ] [ HEADER ] array (
  'token' => 'c1cd0ed01286545524f8194ec3ce14b4',
  'content-type' => 'application/x-www-form-urlencoded',
  'content-length' => '13',
  'host' => '106.15.199.8',
  'connection' => 'Keep-Alive',
  'accept-encoding' => 'gzip',
  'user-agent' => 'okhttp/3.8.0',
)
[ info ] [ PARAM ] array (
  'cate_id' => '1',
  'p' => '1',
)
[ info ] [ RUN ] app\api\controller\News->newsList[ /opt/php/jraz/application/api/controller/News.php ]
[ info ] [ DB ] INIT mysql
[ info ] [ LOG ] INIT File
[ sql ] [ DB ] CONNECT:[ UseTime:0.000807s ] mysql:dbname=jraz;host=106.15.199.8;port=3306;charset=utf8
[ sql ] [ SQL ] SHOW COLUMNS FROM `news` [ RunTime:0.001039s ]
[ sql ] [ SQL ] SELECT `id`,`title`,`picture`,`source`,`comment` FROM `news` WHERE  `cate` = 1  AND `status` = 1 ORDER BY publish_time desc LIMIT 0,5 [ RunTime:0.000658s ]
[ sql ] [ SQL ] SELECT COUNT(*) AS tp_count FROM `news` WHERE  `cate` = 1  AND `status` = 1 LIMIT 1 [ RunTime:0.000533s ]
[ error ] [8]未定义变量: class[/opt/php/jraz/thinkphp/helper.php:587]

---------------------------------------------------------------
[ 2017-09-23T23:08:19+08:00 ] 172.19.27.227 117.136.45.102 POST /jraz/api/news/newsList
[ log ] 106.15.199.8/jraz/api/news/newsList [运行时间：0.026314s][吞吐率：38.00req/s] [内存消耗：3,287.33kb] [文件加载：56]
[ info ] [ LANG ] /opt/php/jraz/thinkphp/lang/zh-cn.php
[ info ] [ ROUTE ] array (
  'type' => 'module',
  'module' => 
  array (
    0 => 'api',
    1 => 'news',
    2 => 'newsList',
  ),
)
[ info ] [ HEADER ] array (
  'token' => 'c1cd0ed01286545524f8194ec3ce14b4',
  'content-type' => 'application/x-www-form-urlencoded',
  'content-length' => '13',
  'host' => '106.15.199.8',
  'connection' => 'Keep-Alive',
  'accept-encoding' => 'gzip',
  'user-agent' => 'okhttp/3.8.0',
)
[ info ] [ PARAM ] array (
  'cate_id' => '2',
  'p' => '1',
)
[ info ] [ RUN ] app\api\controller\News->newsList[ /opt/php/jraz/application/api/controller/News.php ]
[ info ] [ DB ] INIT mysql
[ info ] [ LOG ] INIT File
[ sql ] [ DB ] CONNECT:[ UseTime:0.000754s ] mysql:dbname=jraz;host=106.15.199.8;port=3306;charset=utf8
[ sql ] [ SQL ] SHOW COLUMNS FROM `news` [ RunTime:0.000928s ]
[ sql ] [ SQL ] SELECT `id`,`title`,`picture`,`source`,`comment` FROM `news` WHERE  `cate` = 2  AND `status` = 1 ORDER BY publish_time desc LIMIT 0,5 [ RunTime:0.000605s ]
[ sql ] [ SQL ] SELECT COUNT(*) AS tp_count FROM `news` WHERE  `cate` = 2  AND `status` = 1 LIMIT 1 [ RunTime:0.000480s ]
[ error ] [8]未定义变量: class[/opt/php/jraz/thinkphp/helper.php:587]

---------------------------------------------------------------
[ 2017-09-23T23:08:19+08:00 ] 172.19.27.227 117.136.45.102 POST /jraz/api/news/rotationList
[ log ] 106.15.199.8/jraz/api/news/rotationList [运行时间：0.024932s][吞吐率：40.11req/s] [内存消耗：3,173.16kb] [文件加载：52]
[ info ] [ LANG ] /opt/php/jraz/thinkphp/lang/zh-cn.php
[ info ] [ ROUTE ] array (
  'type' => 'module',
  'module' => 
  array (
    0 => 'api',
    1 => 'news',
    2 => 'rotationList',
  ),
)
[ info ] [ HEADER ] array (
  'token' => 'c1cd0ed01286545524f8194ec3ce14b4',
  'content-type' => 'application/x-www-form-urlencoded',
  'content-length' => '9',
  'host' => '106.15.199.8',
  'connection' => 'Keep-Alive',
  'accept-encoding' => 'gzip',
  'user-agent' => 'okhttp/3.8.0',
)
[ info ] [ PARAM ] array (
  'cate_id' => '1',
)
[ info ] [ RUN ] app\api\controller\News->rotationList[ /opt/php/jraz/application/api/controller/News.php ]
[ info ] [ DB ] INIT mysql
[ info ] [ LOG ] INIT File
[ sql ] [ DB ] CONNECT:[ UseTime:0.000715s ] mysql:dbname=jraz;host=106.15.199.8;port=3306;charset=utf8
[ sql ] [ SQL ] SHOW COLUMNS FROM `news` [ RunTime:0.000888s ]
[ sql ] [ SQL ] SELECT `id`,`title`,`picture` FROM `news` WHERE  `cate` = 1  AND `status` = 1  AND `is_rotation` = 1 ORDER BY publish_time desc LIMIT 5 [ RunTime:0.000540s ]

---------------------------------------------------------------
[ 2017-09-23T23:08:19+08:00 ] 172.19.27.227 117.136.45.102 POST /jraz/api/news/rotationList
[ log ] 106.15.199.8/jraz/api/news/rotationList [运行时间：0.023021s][吞吐率：43.44req/s] [内存消耗：3,181.83kb] [文件加载：52]
[ info ] [ LANG ] /opt/php/jraz/thinkphp/lang/zh-cn.php
[ info ] [ ROUTE ] array (
  'type' => 'module',
  'module' => 
  array (
    0 => 'api',
    1 => 'news',
    2 => 'rotationList',
  ),
)
[ info ] [ HEADER ] array (
  'token' => 'c1cd0ed01286545524f8194ec3ce14b4',
  'content-type' => 'application/x-www-form-urlencoded',
  'content-length' => '9',
  'host' => '106.15.199.8',
  'connection' => 'Keep-Alive',
  'accept-encoding' => 'gzip',
  'user-agent' => 'okhttp/3.8.0',
)
[ info ] [ PARAM ] array (
  'cate_id' => '2',
)
[ info ] [ RUN ] app\api\controller\News->rotationList[ /opt/php/jraz/application/api/controller/News.php ]
[ info ] [ DB ] INIT mysql
[ info ] [ LOG ] INIT File
[ sql ] [ DB ] CONNECT:[ UseTime:0.000645s ] mysql:dbname=jraz;host=106.15.199.8;port=3306;charset=utf8
[ sql ] [ SQL ] SHOW COLUMNS FROM `news` [ RunTime:0.000850s ]
[ sql ] [ SQL ] SELECT `id`,`title`,`picture` FROM `news` WHERE  `cate` = 2  AND `status` = 1  AND `is_rotation` = 1 ORDER BY publish_time desc LIMIT 5 [ RunTime:0.000558s ]

---------------------------------------------------------------
[ 2017-09-23T23:08:19+08:00 ] 172.19.27.227 117.136.45.102 POST /jraz/api/news/weather
[ log ] 106.15.199.8/jraz/api/news/weather [运行时间：0.158040s][吞吐率：6.33req/s] [内存消耗：2,222.90kb] [文件加载：45]
[ info ] [ LANG ] /opt/php/jraz/thinkphp/lang/zh-cn.php
[ info ] [ ROUTE ] array (
  'type' => 'module',
  'module' => 
  array (
    0 => 'api',
    1 => 'news',
    2 => 'weather',
  ),
)
[ info ] [ HEADER ] array (
  'token' => 'c1cd0ed01286545524f8194ec3ce14b4',
  'content-type' => 'application/x-www-form-urlencoded',
  'content-length' => '13',
  'host' => '106.15.199.8',
  'connection' => 'Keep-Alive',
  'accept-encoding' => 'gzip',
  'user-agent' => 'okhttp/3.8.0',
)
[ info ] [ PARAM ] array (
  'city' => 'Canberra',
)
[ info ] [ RUN ] app\api\controller\News->weather[ /opt/php/jraz/application/api/controller/News.php ]
[ info ] [ LOG ] INIT File

---------------------------------------------------------------
[ 2017-09-23T23:08:22+08:00 ] 172.19.27.227 117.136.45.102 POST /jraz/api/news/newsList
[ log ] 106.15.199.8/jraz/api/news/newsList [运行时间：0.026011s][吞吐率：38.45req/s] [内存消耗：3,286.81kb] [文件加载：56]
[ info ] [ LANG ] /opt/php/jraz/thinkphp/lang/zh-cn.php
[ info ] [ ROUTE ] array (
  'type' => 'module',
  'module' => 
  array (
    0 => 'api',
    1 => 'news',
    2 => 'newsList',
  ),
)
[ info ] [ HEADER ] array (
  'token' => 'c1cd0ed01286545524f8194ec3ce14b4',
  'content-type' => 'application/x-www-form-urlencoded',
  'content-length' => '13',
  'host' => '106.15.199.8',
  'connection' => 'Keep-Alive',
  'accept-encoding' => 'gzip',
  'user-agent' => 'okhttp/3.8.0',
)
[ info ] [ PARAM ] array (
  'cate_id' => '3',
  'p' => '1',
)
[ info ] [ RUN ] app\api\controller\News->newsList[ /opt/php/jraz/application/api/controller/News.php ]
[ info ] [ DB ] INIT mysql
[ info ] [ LOG ] INIT File
[ sql ] [ DB ] CONNECT:[ UseTime:0.000801s ] mysql:dbname=jraz;host=106.15.199.8;port=3306;charset=utf8
[ sql ] [ SQL ] SHOW COLUMNS FROM `news` [ RunTime:0.001038s ]
[ sql ] [ SQL ] SELECT `id`,`title`,`picture`,`source`,`comment` FROM `news` WHERE  `cate` = 3  AND `status` = 1 ORDER BY publish_time desc LIMIT 0,5 [ RunTime:0.000689s ]
[ sql ] [ SQL ] SELECT COUNT(*) AS tp_count FROM `news` WHERE  `cate` = 3  AND `status` = 1 LIMIT 1 [ RunTime:0.000470s ]
[ error ] [8]未定义变量: class[/opt/php/jraz/thinkphp/helper.php:587]

---------------------------------------------------------------
[ 2017-09-23T23:08:22+08:00 ] 172.19.27.227 117.136.45.102 POST /jraz/api/news/rotationList
[ log ] 106.15.199.8/jraz/api/news/rotationList [运行时间：0.024270s][吞吐率：41.20req/s] [内存消耗：3,173.16kb] [文件加载：52]
[ info ] [ LANG ] /opt/php/jraz/thinkphp/lang/zh-cn.php
[ info ] [ ROUTE ] array (
  'type' => 'module',
  'module' => 
  array (
    0 => 'api',
    1 => 'news',
    2 => 'rotationList',
  ),
)
[ info ] [ HEADER ] array (
  'token' => 'c1cd0ed01286545524f8194ec3ce14b4',
  'content-type' => 'application/x-www-form-urlencoded',
  'content-length' => '9',
  'host' => '106.15.199.8',
  'connection' => 'Keep-Alive',
  'accept-encoding' => 'gzip',
  'user-agent' => 'okhttp/3.8.0',
)
[ info ] [ PARAM ] array (
  'cate_id' => '3',
)
[ info ] [ RUN ] app\api\controller\News->rotationList[ /opt/php/jraz/application/api/controller/News.php ]
[ info ] [ DB ] INIT mysql
[ info ] [ LOG ] INIT File
[ sql ] [ DB ] CONNECT:[ UseTime:0.000806s ] mysql:dbname=jraz;host=106.15.199.8;port=3306;charset=utf8
[ sql ] [ SQL ] SHOW COLUMNS FROM `news` [ RunTime:0.001004s ]
[ sql ] [ SQL ] SELECT `id`,`title`,`picture` FROM `news` WHERE  `cate` = 3  AND `status` = 1  AND `is_rotation` = 1 ORDER BY publish_time desc LIMIT 5 [ RunTime:0.000623s ]

---------------------------------------------------------------
[ 2017-09-23T23:08:24+08:00 ] 172.19.27.227 117.136.45.102 POST /jraz/api/news/newsList
[ log ] 106.15.199.8/jraz/api/news/newsList [运行时间：0.025478s][吞吐率：39.25req/s] [内存消耗：3,286.84kb] [文件加载：56]
[ info ] [ LANG ] /opt/php/jraz/thinkphp/lang/zh-cn.php
[ info ] [ ROUTE ] array (
  'type' => 'module',
  'module' => 
  array (
    0 => 'api',
    1 => 'news',
    2 => 'newsList',
  ),
)
[ info ] [ HEADER ] array (
  'token' => 'c1cd0ed01286545524f8194ec3ce14b4',
  'content-type' => 'application/x-www-form-urlencoded',
  'content-length' => '13',
  'host' => '106.15.199.8',
  'connection' => 'Keep-Alive',
  'accept-encoding' => 'gzip',
  'user-agent' => 'okhttp/3.8.0',
)
[ info ] [ PARAM ] array (
  'cate_id' => '4',
  'p' => '1',
)
[ info ] [ RUN ] app\api\controller\News->newsList[ /opt/php/jraz/application/api/controller/News.php ]
[ info ] [ DB ] INIT mysql
[ info ] [ LOG ] INIT File
[ sql ] [ DB ] CONNECT:[ UseTime:0.000751s ] mysql:dbname=jraz;host=106.15.199.8;port=3306;charset=utf8
[ sql ] [ SQL ] SHOW COLUMNS FROM `news` [ RunTime:0.001037s ]
[ sql ] [ SQL ] SELECT `id`,`title`,`picture`,`source`,`comment` FROM `news` WHERE  `cate` = 4  AND `status` = 1 ORDER BY publish_time desc LIMIT 0,5 [ RunTime:0.000637s ]
[ sql ] [ SQL ] SELECT COUNT(*) AS tp_count FROM `news` WHERE  `cate` = 4  AND `status` = 1 LIMIT 1 [ RunTime:0.000478s ]
[ error ] [8]未定义变量: class[/opt/php/jraz/thinkphp/helper.php:587]

---------------------------------------------------------------
[ 2017-09-23T23:08:24+08:00 ] 172.19.27.227 117.136.45.102 POST /jraz/api/news/rotationList
[ log ] 106.15.199.8/jraz/api/news/rotationList [运行时间：0.024326s][吞吐率：41.11req/s] [内存消耗：3,173.16kb] [文件加载：52]
[ info ] [ LANG ] /opt/php/jraz/thinkphp/lang/zh-cn.php
[ info ] [ ROUTE ] array (
  'type' => 'module',
  'module' => 
  array (
    0 => 'api',
    1 => 'news',
    2 => 'rotationList',
  ),
)
[ info ] [ HEADER ] array (
  'token' => 'c1cd0ed01286545524f8194ec3ce14b4',
  'content-type' => 'application/x-www-form-urlencoded',
  'content-length' => '9',
  'host' => '106.15.199.8',
  'connection' => 'Keep-Alive',
  'accept-encoding' => 'gzip',
  'user-agent' => 'okhttp/3.8.0',
)
[ info ] [ PARAM ] array (
  'cate_id' => '4',
)
[ info ] [ RUN ] app\api\controller\News->rotationList[ /opt/php/jraz/application/api/controller/News.php ]
[ info ] [ DB ] INIT mysql
[ info ] [ LOG ] INIT File
[ sql ] [ DB ] CONNECT:[ UseTime:0.000735s ] mysql:dbname=jraz;host=106.15.199.8;port=3306;charset=utf8
[ sql ] [ SQL ] SHOW COLUMNS FROM `news` [ RunTime:0.000921s ]
[ sql ] [ SQL ] SELECT `id`,`title`,`picture` FROM `news` WHERE  `cate` = 4  AND `status` = 1  AND `is_rotation` = 1 ORDER BY publish_time desc LIMIT 5 [ RunTime:0.000586s ]

---------------------------------------------------------------
