[ 2017-09-29T10:25:07+08:00 ] 172.19.27.227 180.99.143.97 POST /jraz/api/news/newsCate
[ log ] 106.15.199.8/jraz/api/news/newsCate [运行时间：0.023368s][吞吐率：42.79req/s] [内存消耗：3,175.23kb] [文件加载：52]
[ info ] [ LANG ] /opt/php/jraz/thinkphp/lang/zh-cn.php
[ info ] [ ROUTE ] array (
  'type' => 'module',
  'module' => 
  array (
    0 => 'api',
    1 => 'news',
    2 => 'newsCate',
  ),
)
[ info ] [ HEADER ] array (
  'host' => '106.15.199.8',
  'content-type' => 'application/x-www-form-urlencoded',
  'connection' => 'keep-alive',
  'accept' => '*/*',
  'user-agent' => 'Ant/1.0 (iPhone; iOS 11.0; Scale/3.00)',
  'accept-language' => 'en-CN;q=1, zh-Hans-CN;q=0.9, fr-FR;q=0.8, de-DE;q=0.7',
  'content-length' => '6',
  'accept-encoding' => 'gzip, deflate',
)
[ info ] [ PARAM ] array (
  'type' => '1',
)
[ info ] [ RUN ] app\api\controller\News->newsCate[ /opt/php/jraz/application/api/controller/News.php ]
[ info ] [ DB ] INIT mysql
[ info ] [ LOG ] INIT File
[ sql ] [ DB ] CONNECT:[ UseTime:0.000731s ] mysql:dbname=jraz;host=106.15.199.8;port=3306;charset=utf8
[ sql ] [ SQL ] SHOW COLUMNS FROM `news_category` [ RunTime:0.001024s ]
[ sql ] [ SQL ] SELECT `id`,`name`,`description` FROM `news_category` WHERE  `cate` = 1 [ RunTime:0.000568s ]

---------------------------------------------------------------
[ 2017-09-29T10:25:08+08:00 ] 172.19.27.227 180.99.143.97 POST /jraz/api/news/newsList
[ log ] 106.15.199.8/jraz/api/news/newsList [运行时间：0.025387s][吞吐率：39.39req/s] [内存消耗：3,289.23kb] [文件加载：56]
[ info ] [ LANG ] /opt/php/jraz/thinkphp/lang/zh-cn.php
[ info ] [ ROUTE ] array (
  'type' => 'module',
  'module' => 
  array (
    0 => 'api',
    1 => 'news',
    2 => 'newsList',
  ),
)
[ info ] [ HEADER ] array (
  'host' => '106.15.199.8',
  'content-type' => 'application/x-www-form-urlencoded',
  'connection' => 'keep-alive',
  'accept' => '*/*',
  'user-agent' => 'Ant/1.0 (iPhone; iOS 11.0; Scale/3.00)',
  'accept-language' => 'en-CN;q=1, zh-Hans-CN;q=0.9, fr-FR;q=0.8, de-DE;q=0.7',
  'content-length' => '13',
  'accept-encoding' => 'gzip, deflate',
)
[ info ] [ PARAM ] array (
  'cate_id' => '1',
  'p' => '1',
)
[ info ] [ RUN ] app\api\controller\News->newsList[ /opt/php/jraz/application/api/controller/News.php ]
[ info ] [ DB ] INIT mysql
[ info ] [ LOG ] INIT File
[ sql ] [ DB ] CONNECT:[ UseTime:0.000742s ] mysql:dbname=jraz;host=106.15.199.8;port=3306;charset=utf8
[ sql ] [ SQL ] SHOW COLUMNS FROM `news` [ RunTime:0.001020s ]
[ sql ] [ SQL ] SELECT `id`,`title`,`picture`,`source`,`comment` FROM `news` WHERE  `cate` = 1  AND `status` = 1 ORDER BY publish_time desc LIMIT 0,5 [ RunTime:0.000672s ]
[ sql ] [ SQL ] SELECT COUNT(*) AS tp_count FROM `news` WHERE  `cate` = 1  AND `status` = 1 LIMIT 1 [ RunTime:0.000502s ]
[ error ] [8]未定义变量: class[/opt/php/jraz/thinkphp/helper.php:587]

---------------------------------------------------------------
[ 2017-09-29T10:25:08+08:00 ] 172.19.27.227 180.99.143.97 POST /jraz/api/news/rotationList
[ log ] 106.15.199.8/jraz/api/news/rotationList [运行时间：0.023675s][吞吐率：42.24req/s] [内存消耗：3,181.89kb] [文件加载：52]
[ info ] [ LANG ] /opt/php/jraz/thinkphp/lang/zh-cn.php
[ info ] [ ROUTE ] array (
  'type' => 'module',
  'module' => 
  array (
    0 => 'api',
    1 => 'news',
    2 => 'rotationList',
  ),
)
[ info ] [ HEADER ] array (
  'host' => '106.15.199.8',
  'content-type' => 'application/x-www-form-urlencoded',
  'connection' => 'keep-alive',
  'accept' => '*/*',
  'user-agent' => 'Ant/1.0 (iPhone; iOS 11.0; Scale/3.00)',
  'accept-language' => 'en-CN;q=1, zh-Hans-CN;q=0.9, fr-FR;q=0.8, de-DE;q=0.7',
  'content-length' => '9',
  'accept-encoding' => 'gzip, deflate',
)
[ info ] [ PARAM ] array (
  'cate_id' => '2',
)
[ info ] [ RUN ] app\api\controller\News->rotationList[ /opt/php/jraz/application/api/controller/News.php ]
[ info ] [ DB ] INIT mysql
[ info ] [ LOG ] INIT File
[ sql ] [ DB ] CONNECT:[ UseTime:0.000801s ] mysql:dbname=jraz;host=106.15.199.8;port=3306;charset=utf8
[ sql ] [ SQL ] SHOW COLUMNS FROM `news` [ RunTime:0.001063s ]
[ sql ] [ SQL ] SELECT `id`,`title`,`picture` FROM `news` WHERE  `cate` = 2  AND `status` = 1  AND `is_rotation` = 1 ORDER BY publish_time desc LIMIT 5 [ RunTime:0.000669s ]

---------------------------------------------------------------
[ 2017-09-29T10:25:08+08:00 ] 172.19.27.227 180.99.143.97 POST /jraz/api/news/weather
[ log ] 106.15.199.8/jraz/api/news/weather [运行时间：0.223724s][吞吐率：4.47req/s] [内存消耗：2,223.23kb] [文件加载：45]
[ info ] [ LANG ] /opt/php/jraz/thinkphp/lang/zh-cn.php
[ info ] [ ROUTE ] array (
  'type' => 'module',
  'module' => 
  array (
    0 => 'api',
    1 => 'news',
    2 => 'weather',
  ),
)
[ info ] [ HEADER ] array (
  'host' => '106.15.199.8',
  'content-type' => 'application/x-www-form-urlencoded',
  'connection' => 'keep-alive',
  'accept' => '*/*',
  'user-agent' => 'Ant/1.0 (iPhone; iOS 11.0; Scale/3.00)',
  'accept-language' => 'en-CN;q=1, zh-Hans-CN;q=0.9, fr-FR;q=0.8, de-DE;q=0.7',
  'content-length' => '13',
  'accept-encoding' => 'gzip, deflate',
)
[ info ] [ PARAM ] array (
  'city' => 'Canberra',
)
[ info ] [ RUN ] app\api\controller\News->weather[ /opt/php/jraz/application/api/controller/News.php ]
[ info ] [ LOG ] INIT File

---------------------------------------------------------------
[ 2017-09-29T10:25:20+08:00 ] 172.19.27.227 180.99.143.97 POST /jraz/api/news/newsDet
[ log ] 106.15.199.8/jraz/api/news/newsDet [运行时间：0.035637s][吞吐率：28.06req/s] [内存消耗：3,226.77kb] [文件加载：52]
[ info ] [ LANG ] /opt/php/jraz/thinkphp/lang/zh-cn.php
[ info ] [ ROUTE ] array (
  'type' => 'module',
  'module' => 
  array (
    0 => 'api',
    1 => 'news',
    2 => 'newsDet',
  ),
)
[ info ] [ HEADER ] array (
  'host' => '106.15.199.8',
  'content-type' => 'application/x-www-form-urlencoded',
  'connection' => 'keep-alive',
  'accept' => '*/*',
  'user-agent' => 'Ant/1.0 (iPhone; iOS 11.0; Scale/3.00)',
  'accept-language' => 'en-CN;q=1, zh-Hans-CN;q=0.9, fr-FR;q=0.8, de-DE;q=0.7',
  'content-length' => '6',
  'accept-encoding' => 'gzip, deflate',
)
[ info ] [ PARAM ] array (
  'id' => '169',
)
[ info ] [ RUN ] app\api\controller\News->newsDet[ /opt/php/jraz/application/api/controller/News.php ]
[ info ] [ DB ] INIT mysql
[ info ] [ LOG ] INIT File
[ sql ] [ DB ] CONNECT:[ UseTime:0.000774s ] mysql:dbname=jraz;host=106.15.199.8;port=3306;charset=utf8
[ sql ] [ SQL ] SHOW COLUMNS FROM `news` [ RunTime:0.001027s ]
[ sql ] [ SQL ] SELECT `id`,`author_id`,`title`,`publish_time`,`source`,`statement`,`interest` FROM `news` WHERE  `id` = 169 LIMIT 1 [ RunTime:0.000613s ]
[ sql ] [ SQL ] SHOW COLUMNS FROM `config` [ RunTime:0.000939s ]
[ sql ] [ SQL ] SELECT `value` FROM `config` WHERE  `desc` = '1' LIMIT 1 [ RunTime:0.000579s ]
[ sql ] [ SQL ] SHOW COLUMNS FROM `admin` [ RunTime:0.000918s ]
[ sql ] [ SQL ] SELECT `nickname`,`head_portrait` FROM `admin` WHERE  (  admin_id=1 ) LIMIT 1 [ RunTime:0.000488s ]
[ sql ] [ SQL ] SHOW COLUMNS FROM `user_post_reply` [ RunTime:0.000958s ]
[ sql ] [ SQL ] SELECT `id`,`post_id`,`msg_id`,`time`,`content`,`pid` FROM `user_post_reply` WHERE  `post_id` = 169  AND `pid` = 0 LIMIT 3 [ RunTime:0.000563s ]
[ sql ] [ SQL ] SHOW COLUMNS FROM `user` [ RunTime:0.000832s ]
[ sql ] [ SQL ] SELECT `name`,`head_portrait`,`create_time`,`area` FROM `user` WHERE  `uid` = 2 LIMIT 1 [ RunTime:0.000474s ]
[ sql ] [ SQL ] SELECT `msg_id`,`content` FROM `user_post_reply` WHERE  `post_id` = 169  AND `pid` = 1 LIMIT 3 [ RunTime:0.000432s ]
[ sql ] [ SQL ] SELECT `name` FROM `user` WHERE  `uid` = 3 LIMIT 1 [ RunTime:0.000396s ]
[ sql ] [ SQL ] SELECT `name` FROM `user` WHERE  `uid` = 3 LIMIT 1 [ RunTime:0.000237s ]
[ sql ] [ SQL ] SELECT `name`,`head_portrait`,`create_time`,`area` FROM `user` WHERE  `uid` = 5 LIMIT 1 [ RunTime:0.000403s ]
[ sql ] [ SQL ] SELECT `msg_id`,`content` FROM `user_post_reply` WHERE  `post_id` = 169  AND `pid` = 7 LIMIT 3 [ RunTime:0.000436s ]
[ sql ] [ SQL ] SELECT `name`,`head_portrait`,`create_time`,`area` FROM `user` WHERE  `uid` = 6 LIMIT 1 [ RunTime:0.000441s ]
[ sql ] [ SQL ] SELECT `msg_id`,`content` FROM `user_post_reply` WHERE  `post_id` = 169  AND `pid` = 8 LIMIT 3 [ RunTime:0.000458s ]
[ sql ] [ SQL ] SELECT `id`,`title`,`publish_time`,`source`,`picture` FROM `news` WHERE  `publish_time` <= 1506614400  AND `status` = 1 ORDER BY id desc LIMIT 3 [ RunTime:0.000492s ]

---------------------------------------------------------------
[ 2017-09-29T10:25:20+08:00 ] 172.19.27.227 180.99.143.97 GET /jraz/admin/news/test/id/237
[ log ] 106.15.199.8/jraz/admin/news/test/id/237 [运行时间：0.027195s][吞吐率：36.77req/s] [内存消耗：3,484.01kb] [文件加载：62]
[ info ] [ LANG ] /opt/php/jraz/thinkphp/lang/zh-cn.php
[ info ] [ ROUTE ] array (
  'type' => 'module',
  'module' => 
  array (
    0 => 'admin',
    1 => 'news',
    2 => 'test',
  ),
)
[ info ] [ HEADER ] array (
  'host' => '106.15.199.8',
  'upgrade-insecure-requests' => '1',
  'accept' => 'text/html,application/xhtml+xml,application/xml;q=0.9,*/*;q=0.8',
  'user-agent' => 'Mozilla/5.0 (iPhone; CPU iPhone OS 11_0 like Mac OS X) AppleWebKit/604.1.38 (KHTML, like Gecko) Mobile/15A372',
  'accept-language' => 'en-us',
  'accept-encoding' => 'gzip, deflate',
  'connection' => 'keep-alive',
  'content-type' => '',
  'content-length' => '',
)
[ info ] [ PARAM ] array (
  'id' => '237',
)
[ info ] [ RUN ] app\admin\controller\News->test[ /opt/php/jraz/application/admin/controller/News.php ]
[ info ] [ DB ] INIT mysql
[ info ] [ VIEW ] ./application/admin/view/news/test.html [ array (
  0 => 'action',
  1 => 'navigate_admin',
  2 => 'list',
) ]
[ info ] [ LOG ] INIT File
[ error ] [8]未定义数组索引: admin/news[/opt/php/jraz/application/admin/common.php:59]
[ error ] [8]未定义数组索引: admin/news[/opt/php/jraz/application/admin/common.php:60]
[ sql ] [ DB ] CONNECT:[ UseTime:0.000729s ] mysql:dbname=jraz;host=106.15.199.8;port=3306;charset=utf8
[ sql ] [ SQL ] SHOW COLUMNS FROM `news` [ RunTime:0.000987s ]
[ sql ] [ SQL ] SELECT * FROM `news` WHERE  `id` = 237 LIMIT 1 [ RunTime:0.000602s ]

---------------------------------------------------------------
[ 2017-09-29T10:25:26+08:00 ] 172.19.27.227 180.99.143.97 POST /jraz/api/news/newsList
[ log ] 106.15.199.8/jraz/api/news/newsList [运行时间：0.027559s][吞吐率：36.29req/s] [内存消耗：3,287.91kb] [文件加载：56]
[ info ] [ LANG ] /opt/php/jraz/thinkphp/lang/zh-cn.php
[ info ] [ ROUTE ] array (
  'type' => 'module',
  'module' => 
  array (
    0 => 'api',
    1 => 'news',
    2 => 'newsList',
  ),
)
[ info ] [ HEADER ] array (
  'host' => '106.15.199.8',
  'content-type' => 'application/x-www-form-urlencoded',
  'connection' => 'keep-alive',
  'accept' => '*/*',
  'user-agent' => 'Ant/1.0 (iPhone; iOS 11.0; Scale/3.00)',
  'accept-language' => 'en-CN;q=1, zh-Hans-CN;q=0.9, fr-FR;q=0.8, de-DE;q=0.7',
  'content-length' => '13',
  'accept-encoding' => 'gzip, deflate',
)
[ info ] [ PARAM ] array (
  'cate_id' => '2',
  'p' => '1',
)
[ info ] [ RUN ] app\api\controller\News->newsList[ /opt/php/jraz/application/api/controller/News.php ]
[ info ] [ DB ] INIT mysql
[ info ] [ LOG ] INIT File
[ sql ] [ DB ] CONNECT:[ UseTime:0.000759s ] mysql:dbname=jraz;host=106.15.199.8;port=3306;charset=utf8
[ sql ] [ SQL ] SHOW COLUMNS FROM `news` [ RunTime:0.001115s ]
[ sql ] [ SQL ] SELECT `id`,`title`,`picture`,`source`,`comment` FROM `news` WHERE  `cate` = 2  AND `status` = 1 ORDER BY publish_time desc LIMIT 0,5 [ RunTime:0.000638s ]
[ sql ] [ SQL ] SELECT COUNT(*) AS tp_count FROM `news` WHERE  `cate` = 2  AND `status` = 1 LIMIT 1 [ RunTime:0.000485s ]
[ error ] [8]未定义变量: class[/opt/php/jraz/thinkphp/helper.php:587]

---------------------------------------------------------------
[ 2017-09-29T10:25:27+08:00 ] 172.19.27.227 180.99.143.97 POST /jraz/api/news/newsList
[ log ] 106.15.199.8/jraz/api/news/newsList [运行时间：0.025239s][吞吐率：39.62req/s] [内存消耗：3,287.44kb] [文件加载：56]
[ info ] [ LANG ] /opt/php/jraz/thinkphp/lang/zh-cn.php
[ info ] [ ROUTE ] array (
  'type' => 'module',
  'module' => 
  array (
    0 => 'api',
    1 => 'news',
    2 => 'newsList',
  ),
)
[ info ] [ HEADER ] array (
  'host' => '106.15.199.8',
  'content-type' => 'application/x-www-form-urlencoded',
  'connection' => 'keep-alive',
  'accept' => '*/*',
  'user-agent' => 'Ant/1.0 (iPhone; iOS 11.0; Scale/3.00)',
  'accept-language' => 'en-CN;q=1, zh-Hans-CN;q=0.9, fr-FR;q=0.8, de-DE;q=0.7',
  'content-length' => '13',
  'accept-encoding' => 'gzip, deflate',
)
[ info ] [ PARAM ] array (
  'cate_id' => '3',
  'p' => '1',
)
[ info ] [ RUN ] app\api\controller\News->newsList[ /opt/php/jraz/application/api/controller/News.php ]
[ info ] [ DB ] INIT mysql
[ info ] [ LOG ] INIT File
[ sql ] [ DB ] CONNECT:[ UseTime:0.000778s ] mysql:dbname=jraz;host=106.15.199.8;port=3306;charset=utf8
[ sql ] [ SQL ] SHOW COLUMNS FROM `news` [ RunTime:0.001026s ]
[ sql ] [ SQL ] SELECT `id`,`title`,`picture`,`source`,`comment` FROM `news` WHERE  `cate` = 3  AND `status` = 1 ORDER BY publish_time desc LIMIT 0,5 [ RunTime:0.000651s ]
[ sql ] [ SQL ] SELECT COUNT(*) AS tp_count FROM `news` WHERE  `cate` = 3  AND `status` = 1 LIMIT 1 [ RunTime:0.000483s ]
[ error ] [8]未定义变量: class[/opt/php/jraz/thinkphp/helper.php:587]

---------------------------------------------------------------
[ 2017-09-29T10:25:29+08:00 ] 172.19.27.227 180.99.143.97 POST /jraz/api/news/newsDet
[ log ] 106.15.199.8/jraz/api/news/newsDet [运行时间：0.035219s][吞吐率：28.39req/s] [内存消耗：3,226.77kb] [文件加载：52]
[ info ] [ LANG ] /opt/php/jraz/thinkphp/lang/zh-cn.php
[ info ] [ ROUTE ] array (
  'type' => 'module',
  'module' => 
  array (
    0 => 'api',
    1 => 'news',
    2 => 'newsDet',
  ),
)
[ info ] [ HEADER ] array (
  'host' => '106.15.199.8',
  'content-type' => 'application/x-www-form-urlencoded',
  'connection' => 'keep-alive',
  'accept' => '*/*',
  'user-agent' => 'Ant/1.0 (iPhone; iOS 11.0; Scale/3.00)',
  'accept-language' => 'en-CN;q=1, zh-Hans-CN;q=0.9, fr-FR;q=0.8, de-DE;q=0.7',
  'content-length' => '6',
  'accept-encoding' => 'gzip, deflate',
)
[ info ] [ PARAM ] array (
  'id' => '169',
)
[ info ] [ RUN ] app\api\controller\News->newsDet[ /opt/php/jraz/application/api/controller/News.php ]
[ info ] [ DB ] INIT mysql
[ info ] [ LOG ] INIT File
[ sql ] [ DB ] CONNECT:[ UseTime:0.000775s ] mysql:dbname=jraz;host=106.15.199.8;port=3306;charset=utf8
[ sql ] [ SQL ] SHOW COLUMNS FROM `news` [ RunTime:0.000995s ]
[ sql ] [ SQL ] SELECT `id`,`author_id`,`title`,`publish_time`,`source`,`statement`,`interest` FROM `news` WHERE  `id` = 169 LIMIT 1 [ RunTime:0.000565s ]
[ sql ] [ SQL ] SHOW COLUMNS FROM `config` [ RunTime:0.000875s ]
[ sql ] [ SQL ] SELECT `value` FROM `config` WHERE  `desc` = '1' LIMIT 1 [ RunTime:0.000462s ]
[ sql ] [ SQL ] SHOW COLUMNS FROM `admin` [ RunTime:0.000861s ]
[ sql ] [ SQL ] SELECT `nickname`,`head_portrait` FROM `admin` WHERE  (  admin_id=1 ) LIMIT 1 [ RunTime:0.000445s ]
[ sql ] [ SQL ] SHOW COLUMNS FROM `user_post_reply` [ RunTime:0.000795s ]
[ sql ] [ SQL ] SELECT `id`,`post_id`,`msg_id`,`time`,`content`,`pid` FROM `user_post_reply` WHERE  `post_id` = 169  AND `pid` = 0 LIMIT 3 [ RunTime:0.000474s ]
[ sql ] [ SQL ] SHOW COLUMNS FROM `user` [ RunTime:0.000816s ]
[ sql ] [ SQL ] SELECT `name`,`head_portrait`,`create_time`,`area` FROM `user` WHERE  `uid` = 2 LIMIT 1 [ RunTime:0.000467s ]
[ sql ] [ SQL ] SELECT `msg_id`,`content` FROM `user_post_reply` WHERE  `post_id` = 169  AND `pid` = 1 LIMIT 3 [ RunTime:0.000448s ]
[ sql ] [ SQL ] SELECT `name` FROM `user` WHERE  `uid` = 3 LIMIT 1 [ RunTime:0.000416s ]
[ sql ] [ SQL ] SELECT `name` FROM `user` WHERE  `uid` = 3 LIMIT 1 [ RunTime:0.000227s ]
[ sql ] [ SQL ] SELECT `name`,`head_portrait`,`create_time`,`area` FROM `user` WHERE  `uid` = 5 LIMIT 1 [ RunTime:0.000441s ]
[ sql ] [ SQL ] SELECT `msg_id`,`content` FROM `user_post_reply` WHERE  `post_id` = 169  AND `pid` = 7 LIMIT 3 [ RunTime:0.000463s ]
[ sql ] [ SQL ] SELECT `name`,`head_portrait`,`create_time`,`area` FROM `user` WHERE  `uid` = 6 LIMIT 1 [ RunTime:0.000443s ]
[ sql ] [ SQL ] SELECT `msg_id`,`content` FROM `user_post_reply` WHERE  `post_id` = 169  AND `pid` = 8 LIMIT 3 [ RunTime:0.000518s ]
[ sql ] [ SQL ] SELECT `id`,`title`,`publish_time`,`source`,`picture` FROM `news` WHERE  `publish_time` <= 1506614400  AND `status` = 1 ORDER BY id desc LIMIT 3 [ RunTime:0.000519s ]

---------------------------------------------------------------
[ 2017-09-29T10:25:29+08:00 ] 172.19.27.227 180.99.143.97 GET /jraz/admin/news/test/id/181
[ log ] 106.15.199.8/jraz/admin/news/test/id/181 [运行时间：0.027614s][吞吐率：36.21req/s] [内存消耗：3,479.91kb] [文件加载：62]
[ info ] [ LANG ] /opt/php/jraz/thinkphp/lang/zh-cn.php
[ info ] [ ROUTE ] array (
  'type' => 'module',
  'module' => 
  array (
    0 => 'admin',
    1 => 'news',
    2 => 'test',
  ),
)
[ info ] [ HEADER ] array (
  'host' => '106.15.199.8',
  'upgrade-insecure-requests' => '1',
  'accept' => 'text/html,application/xhtml+xml,application/xml;q=0.9,*/*;q=0.8',
  'user-agent' => 'Mozilla/5.0 (iPhone; CPU iPhone OS 11_0 like Mac OS X) AppleWebKit/604.1.38 (KHTML, like Gecko) Mobile/15A372',
  'accept-language' => 'en-us',
  'accept-encoding' => 'gzip, deflate',
  'connection' => 'keep-alive',
  'content-type' => '',
  'content-length' => '',
)
[ info ] [ PARAM ] array (
  'id' => '181',
)
[ info ] [ RUN ] app\admin\controller\News->test[ /opt/php/jraz/application/admin/controller/News.php ]
[ info ] [ DB ] INIT mysql
[ info ] [ VIEW ] ./application/admin/view/news/test.html [ array (
  0 => 'action',
  1 => 'navigate_admin',
  2 => 'list',
) ]
[ info ] [ LOG ] INIT File
[ error ] [8]未定义数组索引: admin/news[/opt/php/jraz/application/admin/common.php:59]
[ error ] [8]未定义数组索引: admin/news[/opt/php/jraz/application/admin/common.php:60]
[ sql ] [ DB ] CONNECT:[ UseTime:0.000768s ] mysql:dbname=jraz;host=106.15.199.8;port=3306;charset=utf8
[ sql ] [ SQL ] SHOW COLUMNS FROM `news` [ RunTime:0.000965s ]
[ sql ] [ SQL ] SELECT * FROM `news` WHERE  `id` = 181 LIMIT 1 [ RunTime:0.000587s ]

---------------------------------------------------------------
[ 2017-09-29T10:26:09+08:00 ] 172.19.27.227 180.99.143.97 POST /jraz/api/news/newsDet
[ log ] 106.15.199.8/jraz/api/news/newsDet [运行时间：0.034648s][吞吐率：28.86req/s] [内存消耗：3,226.77kb] [文件加载：52]
[ info ] [ LANG ] /opt/php/jraz/thinkphp/lang/zh-cn.php
[ info ] [ ROUTE ] array (
  'type' => 'module',
  'module' => 
  array (
    0 => 'api',
    1 => 'news',
    2 => 'newsDet',
  ),
)
[ info ] [ HEADER ] array (
  'host' => '106.15.199.8',
  'content-type' => 'application/x-www-form-urlencoded',
  'connection' => 'keep-alive',
  'accept' => '*/*',
  'user-agent' => 'Ant/1.0 (iPhone; iOS 11.0; Scale/3.00)',
  'accept-language' => 'en-CN;q=1, zh-Hans-CN;q=0.9, fr-FR;q=0.8, de-DE;q=0.7',
  'content-length' => '6',
  'accept-encoding' => 'gzip, deflate',
)
[ info ] [ PARAM ] array (
  'id' => '169',
)
[ info ] [ RUN ] app\api\controller\News->newsDet[ /opt/php/jraz/application/api/controller/News.php ]
[ info ] [ DB ] INIT mysql
[ info ] [ LOG ] INIT File
[ sql ] [ DB ] CONNECT:[ UseTime:0.000863s ] mysql:dbname=jraz;host=106.15.199.8;port=3306;charset=utf8
[ sql ] [ SQL ] SHOW COLUMNS FROM `news` [ RunTime:0.001059s ]
[ sql ] [ SQL ] SELECT `id`,`author_id`,`title`,`publish_time`,`source`,`statement`,`interest` FROM `news` WHERE  `id` = 169 LIMIT 1 [ RunTime:0.000555s ]
[ sql ] [ SQL ] SHOW COLUMNS FROM `config` [ RunTime:0.000760s ]
[ sql ] [ SQL ] SELECT `value` FROM `config` WHERE  `desc` = '1' LIMIT 1 [ RunTime:0.000435s ]
[ sql ] [ SQL ] SHOW COLUMNS FROM `admin` [ RunTime:0.000759s ]
[ sql ] [ SQL ] SELECT `nickname`,`head_portrait` FROM `admin` WHERE  (  admin_id=1 ) LIMIT 1 [ RunTime:0.000413s ]
[ sql ] [ SQL ] SHOW COLUMNS FROM `user_post_reply` [ RunTime:0.000718s ]
[ sql ] [ SQL ] SELECT `id`,`post_id`,`msg_id`,`time`,`content`,`pid` FROM `user_post_reply` WHERE  `post_id` = 169  AND `pid` = 0 LIMIT 3 [ RunTime:0.000474s ]
[ sql ] [ SQL ] SHOW COLUMNS FROM `user` [ RunTime:0.000690s ]
[ sql ] [ SQL ] SELECT `name`,`head_portrait`,`create_time`,`area` FROM `user` WHERE  `uid` = 2 LIMIT 1 [ RunTime:0.000424s ]
[ sql ] [ SQL ] SELECT `msg_id`,`content` FROM `user_post_reply` WHERE  `post_id` = 169  AND `pid` = 1 LIMIT 3 [ RunTime:0.000416s ]
[ sql ] [ SQL ] SELECT `name` FROM `user` WHERE  `uid` = 3 LIMIT 1 [ RunTime:0.000403s ]
[ sql ] [ SQL ] SELECT `name` FROM `user` WHERE  `uid` = 3 LIMIT 1 [ RunTime:0.000220s ]
[ sql ] [ SQL ] SELECT `name`,`head_portrait`,`create_time`,`area` FROM `user` WHERE  `uid` = 5 LIMIT 1 [ RunTime:0.000409s ]
[ sql ] [ SQL ] SELECT `msg_id`,`content` FROM `user_post_reply` WHERE  `post_id` = 169  AND `pid` = 7 LIMIT 3 [ RunTime:0.000415s ]
[ sql ] [ SQL ] SELECT `name`,`head_portrait`,`create_time`,`area` FROM `user` WHERE  `uid` = 6 LIMIT 1 [ RunTime:0.000407s ]
[ sql ] [ SQL ] SELECT `msg_id`,`content` FROM `user_post_reply` WHERE  `post_id` = 169  AND `pid` = 8 LIMIT 3 [ RunTime:0.000401s ]
[ sql ] [ SQL ] SELECT `id`,`title`,`publish_time`,`source`,`picture` FROM `news` WHERE  `publish_time` <= 1506614400  AND `status` = 1 ORDER BY id desc LIMIT 3 [ RunTime:0.000474s ]

---------------------------------------------------------------
[ 2017-09-29T10:26:09+08:00 ] 172.19.27.227 180.99.143.97 GET /jraz/admin/news/test/id/194
[ log ] 106.15.199.8/jraz/admin/news/test/id/194 [运行时间：0.026931s][吞吐率：37.13req/s] [内存消耗：3,478.46kb] [文件加载：62]
[ info ] [ LANG ] /opt/php/jraz/thinkphp/lang/zh-cn.php
[ info ] [ ROUTE ] array (
  'type' => 'module',
  'module' => 
  array (
    0 => 'admin',
    1 => 'news',
    2 => 'test',
  ),
)
[ info ] [ HEADER ] array (
  'host' => '106.15.199.8',
  'upgrade-insecure-requests' => '1',
  'accept' => 'text/html,application/xhtml+xml,application/xml;q=0.9,*/*;q=0.8',
  'user-agent' => 'Mozilla/5.0 (iPhone; CPU iPhone OS 11_0 like Mac OS X) AppleWebKit/604.1.38 (KHTML, like Gecko) Mobile/15A372',
  'accept-language' => 'en-us',
  'accept-encoding' => 'gzip, deflate',
  'connection' => 'keep-alive',
  'content-type' => '',
  'content-length' => '',
)
[ info ] [ PARAM ] array (
  'id' => '194',
)
[ info ] [ RUN ] app\admin\controller\News->test[ /opt/php/jraz/application/admin/controller/News.php ]
[ info ] [ DB ] INIT mysql
[ info ] [ VIEW ] ./application/admin/view/news/test.html [ array (
  0 => 'action',
  1 => 'navigate_admin',
  2 => 'list',
) ]
[ info ] [ LOG ] INIT File
[ error ] [8]未定义数组索引: admin/news[/opt/php/jraz/application/admin/common.php:59]
[ error ] [8]未定义数组索引: admin/news[/opt/php/jraz/application/admin/common.php:60]
[ sql ] [ DB ] CONNECT:[ UseTime:0.000760s ] mysql:dbname=jraz;host=106.15.199.8;port=3306;charset=utf8
[ sql ] [ SQL ] SHOW COLUMNS FROM `news` [ RunTime:0.001081s ]
[ sql ] [ SQL ] SELECT * FROM `news` WHERE  `id` = 194 LIMIT 1 [ RunTime:0.000597s ]

---------------------------------------------------------------
[ 2017-09-29T10:26:17+08:00 ] 172.19.27.227 180.99.143.97 POST /jraz/api/news/newsList
[ log ] 106.15.199.8/jraz/api/news/newsList [运行时间：0.025808s][吞吐率：38.75req/s] [内存消耗：3,277.41kb] [文件加载：56]
[ info ] [ LANG ] /opt/php/jraz/thinkphp/lang/zh-cn.php
[ info ] [ ROUTE ] array (
  'type' => 'module',
  'module' => 
  array (
    0 => 'api',
    1 => 'news',
    2 => 'newsList',
  ),
)
[ info ] [ HEADER ] array (
  'host' => '106.15.199.8',
  'content-type' => 'application/x-www-form-urlencoded',
  'connection' => 'keep-alive',
  'accept' => '*/*',
  'user-agent' => 'Ant/1.0 (iPhone; iOS 11.0; Scale/3.00)',
  'accept-language' => 'en-CN;q=1, zh-Hans-CN;q=0.9, fr-FR;q=0.8, de-DE;q=0.7',
  'content-length' => '14',
  'accept-encoding' => 'gzip, deflate',
)
[ info ] [ PARAM ] array (
  'cate_id' => '11',
  'p' => '1',
)
[ info ] [ RUN ] app\api\controller\News->newsList[ /opt/php/jraz/application/api/controller/News.php ]
[ info ] [ DB ] INIT mysql
[ info ] [ LOG ] INIT File
[ sql ] [ DB ] CONNECT:[ UseTime:0.000737s ] mysql:dbname=jraz;host=106.15.199.8;port=3306;charset=utf8
[ sql ] [ SQL ] SHOW COLUMNS FROM `news` [ RunTime:0.001051s ]
[ sql ] [ SQL ] SELECT `id`,`title`,`picture`,`source`,`comment` FROM `news` WHERE  `cate` = 11  AND `status` = 1 ORDER BY publish_time desc LIMIT 0,5 [ RunTime:0.000675s ]
[ sql ] [ SQL ] SELECT COUNT(*) AS tp_count FROM `news` WHERE  `cate` = 11  AND `status` = 1 LIMIT 1 [ RunTime:0.000493s ]
[ error ] [8]未定义变量: class[/opt/php/jraz/thinkphp/helper.php:587]

---------------------------------------------------------------
[ 2017-09-29T10:26:18+08:00 ] 172.19.27.227 180.99.143.97 POST /jraz/api/news/newsList
[ log ] 106.15.199.8/jraz/api/news/newsList [运行时间：0.026937s][吞吐率：37.12req/s] [内存消耗：3,282.30kb] [文件加载：56]
[ info ] [ LANG ] /opt/php/jraz/thinkphp/lang/zh-cn.php
[ info ] [ ROUTE ] array (
  'type' => 'module',
  'module' => 
  array (
    0 => 'api',
    1 => 'news',
    2 => 'newsList',
  ),
)
[ info ] [ HEADER ] array (
  'host' => '106.15.199.8',
  'content-type' => 'application/x-www-form-urlencoded',
  'connection' => 'keep-alive',
  'accept' => '*/*',
  'user-agent' => 'Ant/1.0 (iPhone; iOS 11.0; Scale/3.00)',
  'accept-language' => 'en-CN;q=1, zh-Hans-CN;q=0.9, fr-FR;q=0.8, de-DE;q=0.7',
  'content-length' => '14',
  'accept-encoding' => 'gzip, deflate',
)
[ info ] [ PARAM ] array (
  'cate_id' => '10',
  'p' => '1',
)
[ info ] [ RUN ] app\api\controller\News->newsList[ /opt/php/jraz/application/api/controller/News.php ]
[ info ] [ DB ] INIT mysql
[ info ] [ LOG ] INIT File
[ sql ] [ DB ] CONNECT:[ UseTime:0.000804s ] mysql:dbname=jraz;host=106.15.199.8;port=3306;charset=utf8
[ sql ] [ SQL ] SHOW COLUMNS FROM `news` [ RunTime:0.001047s ]
[ sql ] [ SQL ] SELECT `id`,`title`,`picture`,`source`,`comment` FROM `news` WHERE  `cate` = 10  AND `status` = 1 ORDER BY publish_time desc LIMIT 0,5 [ RunTime:0.000682s ]
[ sql ] [ SQL ] SELECT COUNT(*) AS tp_count FROM `news` WHERE  `cate` = 10  AND `status` = 1 LIMIT 1 [ RunTime:0.000521s ]
[ error ] [8]未定义变量: class[/opt/php/jraz/thinkphp/helper.php:587]

---------------------------------------------------------------
[ 2017-09-29T10:26:19+08:00 ] 172.19.27.227 180.99.143.97 POST /jraz/api/news/newsList
[ log ] 106.15.199.8/jraz/api/news/newsList [运行时间：0.025617s][吞吐率：39.04req/s] [内存消耗：3,281.70kb] [文件加载：56]
[ info ] [ LANG ] /opt/php/jraz/thinkphp/lang/zh-cn.php
[ info ] [ ROUTE ] array (
  'type' => 'module',
  'module' => 
  array (
    0 => 'api',
    1 => 'news',
    2 => 'newsList',
  ),
)
[ info ] [ HEADER ] array (
  'host' => '106.15.199.8',
  'content-type' => 'application/x-www-form-urlencoded',
  'connection' => 'keep-alive',
  'accept' => '*/*',
  'user-agent' => 'Ant/1.0 (iPhone; iOS 11.0; Scale/3.00)',
  'accept-language' => 'en-CN;q=1, zh-Hans-CN;q=0.9, fr-FR;q=0.8, de-DE;q=0.7',
  'content-length' => '13',
  'accept-encoding' => 'gzip, deflate',
)
[ info ] [ PARAM ] array (
  'cate_id' => '9',
  'p' => '1',
)
[ info ] [ RUN ] app\api\controller\News->newsList[ /opt/php/jraz/application/api/controller/News.php ]
[ info ] [ DB ] INIT mysql
[ info ] [ LOG ] INIT File
[ sql ] [ DB ] CONNECT:[ UseTime:0.000782s ] mysql:dbname=jraz;host=106.15.199.8;port=3306;charset=utf8
[ sql ] [ SQL ] SHOW COLUMNS FROM `news` [ RunTime:0.001026s ]
[ sql ] [ SQL ] SELECT `id`,`title`,`picture`,`source`,`comment` FROM `news` WHERE  `cate` = 9  AND `status` = 1 ORDER BY publish_time desc LIMIT 0,5 [ RunTime:0.000645s ]
[ sql ] [ SQL ] SELECT COUNT(*) AS tp_count FROM `news` WHERE  `cate` = 9  AND `status` = 1 LIMIT 1 [ RunTime:0.000491s ]
[ error ] [8]未定义变量: class[/opt/php/jraz/thinkphp/helper.php:587]

---------------------------------------------------------------
[ 2017-09-29T10:26:20+08:00 ] 172.19.27.227 180.99.143.97 POST /jraz/api/news/newsList
[ log ] 106.15.199.8/jraz/api/news/newsList [运行时间：0.025341s][吞吐率：39.46req/s] [内存消耗：3,286.99kb] [文件加载：56]
[ info ] [ LANG ] /opt/php/jraz/thinkphp/lang/zh-cn.php
[ info ] [ ROUTE ] array (
  'type' => 'module',
  'module' => 
  array (
    0 => 'api',
    1 => 'news',
    2 => 'newsList',
  ),
)
[ info ] [ HEADER ] array (
  'host' => '106.15.199.8',
  'content-type' => 'application/x-www-form-urlencoded',
  'connection' => 'keep-alive',
  'accept' => '*/*',
  'user-agent' => 'Ant/1.0 (iPhone; iOS 11.0; Scale/3.00)',
  'accept-language' => 'en-CN;q=1, zh-Hans-CN;q=0.9, fr-FR;q=0.8, de-DE;q=0.7',
  'content-length' => '13',
  'accept-encoding' => 'gzip, deflate',
)
[ info ] [ PARAM ] array (
  'cate_id' => '8',
  'p' => '1',
)
[ info ] [ RUN ] app\api\controller\News->newsList[ /opt/php/jraz/application/api/controller/News.php ]
[ info ] [ DB ] INIT mysql
[ info ] [ LOG ] INIT File
[ sql ] [ DB ] CONNECT:[ UseTime:0.000849s ] mysql:dbname=jraz;host=106.15.199.8;port=3306;charset=utf8
[ sql ] [ SQL ] SHOW COLUMNS FROM `news` [ RunTime:0.001011s ]
[ sql ] [ SQL ] SELECT `id`,`title`,`picture`,`source`,`comment` FROM `news` WHERE  `cate` = 8  AND `status` = 1 ORDER BY publish_time desc LIMIT 0,5 [ RunTime:0.000619s ]
[ sql ] [ SQL ] SELECT COUNT(*) AS tp_count FROM `news` WHERE  `cate` = 8  AND `status` = 1 LIMIT 1 [ RunTime:0.000464s ]
[ error ] [8]未定义变量: class[/opt/php/jraz/thinkphp/helper.php:587]

---------------------------------------------------------------
[ 2017-09-29T10:26:22+08:00 ] 172.19.27.227 180.99.143.97 POST /jraz/api/news/newsList
[ log ] 106.15.199.8/jraz/api/news/newsList [运行时间：0.026532s][吞吐率：37.69req/s] [内存消耗：3,277.41kb] [文件加载：56]
[ info ] [ LANG ] /opt/php/jraz/thinkphp/lang/zh-cn.php
[ info ] [ ROUTE ] array (
  'type' => 'module',
  'module' => 
  array (
    0 => 'api',
    1 => 'news',
    2 => 'newsList',
  ),
)
[ info ] [ HEADER ] array (
  'host' => '106.15.199.8',
  'content-type' => 'application/x-www-form-urlencoded',
  'connection' => 'keep-alive',
  'accept' => '*/*',
  'user-agent' => 'Ant/1.0 (iPhone; iOS 11.0; Scale/3.00)',
  'accept-language' => 'en-CN;q=1, zh-Hans-CN;q=0.9, fr-FR;q=0.8, de-DE;q=0.7',
  'content-length' => '13',
  'accept-encoding' => 'gzip, deflate',
)
[ info ] [ PARAM ] array (
  'cate_id' => '7',
  'p' => '1',
)
[ info ] [ RUN ] app\api\controller\News->newsList[ /opt/php/jraz/application/api/controller/News.php ]
[ info ] [ DB ] INIT mysql
[ info ] [ LOG ] INIT File
[ sql ] [ DB ] CONNECT:[ UseTime:0.000793s ] mysql:dbname=jraz;host=106.15.199.8;port=3306;charset=utf8
[ sql ] [ SQL ] SHOW COLUMNS FROM `news` [ RunTime:0.001121s ]
[ sql ] [ SQL ] SELECT `id`,`title`,`picture`,`source`,`comment` FROM `news` WHERE  `cate` = 7  AND `status` = 1 ORDER BY publish_time desc LIMIT 0,5 [ RunTime:0.000634s ]
[ sql ] [ SQL ] SELECT COUNT(*) AS tp_count FROM `news` WHERE  `cate` = 7  AND `status` = 1 LIMIT 1 [ RunTime:0.000494s ]
[ error ] [8]未定义变量: class[/opt/php/jraz/thinkphp/helper.php:587]

---------------------------------------------------------------
[ 2017-09-29T10:26:24+08:00 ] 172.19.27.227 180.99.143.97 POST /jraz/api/news/newsList
[ log ] 106.15.199.8/jraz/api/news/newsList [运行时间：0.026695s][吞吐率：37.46req/s] [内存消耗：3,287.45kb] [文件加载：56]
[ info ] [ LANG ] /opt/php/jraz/thinkphp/lang/zh-cn.php
[ info ] [ ROUTE ] array (
  'type' => 'module',
  'module' => 
  array (
    0 => 'api',
    1 => 'news',
    2 => 'newsList',
  ),
)
[ info ] [ HEADER ] array (
  'host' => '106.15.199.8',
  'content-type' => 'application/x-www-form-urlencoded',
  'connection' => 'keep-alive',
  'accept' => '*/*',
  'user-agent' => 'Ant/1.0 (iPhone; iOS 11.0; Scale/3.00)',
  'accept-language' => 'en-CN;q=1, zh-Hans-CN;q=0.9, fr-FR;q=0.8, de-DE;q=0.7',
  'content-length' => '13',
  'accept-encoding' => 'gzip, deflate',
)
[ info ] [ PARAM ] array (
  'cate_id' => '4',
  'p' => '1',
)
[ info ] [ RUN ] app\api\controller\News->newsList[ /opt/php/jraz/application/api/controller/News.php ]
[ info ] [ DB ] INIT mysql
[ info ] [ LOG ] INIT File
[ sql ] [ DB ] CONNECT:[ UseTime:0.000756s ] mysql:dbname=jraz;host=106.15.199.8;port=3306;charset=utf8
[ sql ] [ SQL ] SHOW COLUMNS FROM `news` [ RunTime:0.001029s ]
[ sql ] [ SQL ] SELECT `id`,`title`,`picture`,`source`,`comment` FROM `news` WHERE  `cate` = 4  AND `status` = 1 ORDER BY publish_time desc LIMIT 0,5 [ RunTime:0.000643s ]
[ sql ] [ SQL ] SELECT COUNT(*) AS tp_count FROM `news` WHERE  `cate` = 4  AND `status` = 1 LIMIT 1 [ RunTime:0.000498s ]
[ error ] [8]未定义变量: class[/opt/php/jraz/thinkphp/helper.php:587]

---------------------------------------------------------------
[ 2017-09-29T10:26:26+08:00 ] 172.19.27.227 180.99.143.97 POST /jraz/api/news/newsDet
[ log ] 106.15.199.8/jraz/api/news/newsDet [运行时间：0.034740s][吞吐率：28.79req/s] [内存消耗：3,226.77kb] [文件加载：52]
[ info ] [ LANG ] /opt/php/jraz/thinkphp/lang/zh-cn.php
[ info ] [ ROUTE ] array (
  'type' => 'module',
  'module' => 
  array (
    0 => 'api',
    1 => 'news',
    2 => 'newsDet',
  ),
)
[ info ] [ HEADER ] array (
  'host' => '106.15.199.8',
  'content-type' => 'application/x-www-form-urlencoded',
  'connection' => 'keep-alive',
  'accept' => '*/*',
  'user-agent' => 'Ant/1.0 (iPhone; iOS 11.0; Scale/3.00)',
  'accept-language' => 'en-CN;q=1, zh-Hans-CN;q=0.9, fr-FR;q=0.8, de-DE;q=0.7',
  'content-length' => '6',
  'accept-encoding' => 'gzip, deflate',
)
[ info ] [ PARAM ] array (
  'id' => '169',
)
[ info ] [ RUN ] app\api\controller\News->newsDet[ /opt/php/jraz/application/api/controller/News.php ]
[ info ] [ DB ] INIT mysql
[ info ] [ LOG ] INIT File
[ sql ] [ DB ] CONNECT:[ UseTime:0.000773s ] mysql:dbname=jraz;host=106.15.199.8;port=3306;charset=utf8
[ sql ] [ SQL ] SHOW COLUMNS FROM `news` [ RunTime:0.001094s ]
[ sql ] [ SQL ] SELECT `id`,`author_id`,`title`,`publish_time`,`source`,`statement`,`interest` FROM `news` WHERE  `id` = 169 LIMIT 1 [ RunTime:0.000551s ]
[ sql ] [ SQL ] SHOW COLUMNS FROM `config` [ RunTime:0.000752s ]
[ sql ] [ SQL ] SELECT `value` FROM `config` WHERE  `desc` = '1' LIMIT 1 [ RunTime:0.000407s ]
[ sql ] [ SQL ] SHOW COLUMNS FROM `admin` [ RunTime:0.000814s ]
[ sql ] [ SQL ] SELECT `nickname`,`head_portrait` FROM `admin` WHERE  (  admin_id=1 ) LIMIT 1 [ RunTime:0.000419s ]
[ sql ] [ SQL ] SHOW COLUMNS FROM `user_post_reply` [ RunTime:0.000743s ]
[ sql ] [ SQL ] SELECT `id`,`post_id`,`msg_id`,`time`,`content`,`pid` FROM `user_post_reply` WHERE  `post_id` = 169  AND `pid` = 0 LIMIT 3 [ RunTime:0.000480s ]
[ sql ] [ SQL ] SHOW COLUMNS FROM `user` [ RunTime:0.000722s ]
[ sql ] [ SQL ] SELECT `name`,`head_portrait`,`create_time`,`area` FROM `user` WHERE  `uid` = 2 LIMIT 1 [ RunTime:0.000430s ]
[ sql ] [ SQL ] SELECT `msg_id`,`content` FROM `user_post_reply` WHERE  `post_id` = 169  AND `pid` = 1 LIMIT 3 [ RunTime:0.000447s ]
[ sql ] [ SQL ] SELECT `name` FROM `user` WHERE  `uid` = 3 LIMIT 1 [ RunTime:0.000397s ]
[ sql ] [ SQL ] SELECT `name` FROM `user` WHERE  `uid` = 3 LIMIT 1 [ RunTime:0.000224s ]
[ sql ] [ SQL ] SELECT `name`,`head_portrait`,`create_time`,`area` FROM `user` WHERE  `uid` = 5 LIMIT 1 [ RunTime:0.000418s ]
[ sql ] [ SQL ] SELECT `msg_id`,`content` FROM `user_post_reply` WHERE  `post_id` = 169  AND `pid` = 7 LIMIT 3 [ RunTime:0.000423s ]
[ sql ] [ SQL ] SELECT `name`,`head_portrait`,`create_time`,`area` FROM `user` WHERE  `uid` = 6 LIMIT 1 [ RunTime:0.000416s ]
[ sql ] [ SQL ] SELECT `msg_id`,`content` FROM `user_post_reply` WHERE  `post_id` = 169  AND `pid` = 8 LIMIT 3 [ RunTime:0.000430s ]
[ sql ] [ SQL ] SELECT `id`,`title`,`publish_time`,`source`,`picture` FROM `news` WHERE  `publish_time` <= 1506614400  AND `status` = 1 ORDER BY id desc LIMIT 3 [ RunTime:0.000510s ]

---------------------------------------------------------------
[ 2017-09-29T10:26:26+08:00 ] 172.19.27.227 180.99.143.97 GET /jraz/admin/news/test/id/184
[ log ] 106.15.199.8/jraz/admin/news/test/id/184 [运行时间：0.031420s][吞吐率：31.83req/s] [内存消耗：3,520.57kb] [文件加载：62]
[ info ] [ LANG ] /opt/php/jraz/thinkphp/lang/zh-cn.php
[ info ] [ ROUTE ] array (
  'type' => 'module',
  'module' => 
  array (
    0 => 'admin',
    1 => 'news',
    2 => 'test',
  ),
)
[ info ] [ HEADER ] array (
  'host' => '106.15.199.8',
  'upgrade-insecure-requests' => '1',
  'accept' => 'text/html,application/xhtml+xml,application/xml;q=0.9,*/*;q=0.8',
  'user-agent' => 'Mozilla/5.0 (iPhone; CPU iPhone OS 11_0 like Mac OS X) AppleWebKit/604.1.38 (KHTML, like Gecko) Mobile/15A372',
  'accept-language' => 'en-us',
  'accept-encoding' => 'gzip, deflate',
  'connection' => 'keep-alive',
  'content-type' => '',
  'content-length' => '',
)
[ info ] [ PARAM ] array (
  'id' => '184',
)
[ info ] [ RUN ] app\admin\controller\News->test[ /opt/php/jraz/application/admin/controller/News.php ]
[ info ] [ DB ] INIT mysql
[ info ] [ VIEW ] ./application/admin/view/news/test.html [ array (
  0 => 'action',
  1 => 'navigate_admin',
  2 => 'list',
) ]
[ info ] [ LOG ] INIT File
[ error ] [8]未定义数组索引: admin/news[/opt/php/jraz/application/admin/common.php:59]
[ error ] [8]未定义数组索引: admin/news[/opt/php/jraz/application/admin/common.php:60]
[ sql ] [ DB ] CONNECT:[ UseTime:0.000740s ] mysql:dbname=jraz;host=106.15.199.8;port=3306;charset=utf8
[ sql ] [ SQL ] SHOW COLUMNS FROM `news` [ RunTime:0.000989s ]
[ sql ] [ SQL ] SELECT * FROM `news` WHERE  `id` = 184 LIMIT 1 [ RunTime:0.003105s ]

---------------------------------------------------------------
[ 2017-09-29T10:26:32+08:00 ] 172.19.27.227 180.99.143.97 POST /jraz/api/news/newsList
[ log ] 106.15.199.8/jraz/api/news/newsList [运行时间：0.025206s][吞吐率：39.67req/s] [内存消耗：3,282.80kb] [文件加载：56]
[ info ] [ LANG ] /opt/php/jraz/thinkphp/lang/zh-cn.php
[ info ] [ ROUTE ] array (
  'type' => 'module',
  'module' => 
  array (
    0 => 'api',
    1 => 'news',
    2 => 'newsList',
  ),
)
[ info ] [ HEADER ] array (
  'host' => '106.15.199.8',
  'content-type' => 'application/x-www-form-urlencoded',
  'connection' => 'keep-alive',
  'accept' => '*/*',
  'user-agent' => 'Ant/1.0 (iPhone; iOS 11.0; Scale/3.00)',
  'accept-language' => 'en-CN;q=1, zh-Hans-CN;q=0.9, fr-FR;q=0.8, de-DE;q=0.7',
  'content-length' => '13',
  'accept-encoding' => 'gzip, deflate',
)
[ info ] [ PARAM ] array (
  'cate_id' => '4',
  'p' => '2',
)
[ info ] [ RUN ] app\api\controller\News->newsList[ /opt/php/jraz/application/api/controller/News.php ]
[ info ] [ DB ] INIT mysql
[ info ] [ LOG ] INIT File
[ sql ] [ DB ] CONNECT:[ UseTime:0.000779s ] mysql:dbname=jraz;host=106.15.199.8;port=3306;charset=utf8
[ sql ] [ SQL ] SHOW COLUMNS FROM `news` [ RunTime:0.001042s ]
[ sql ] [ SQL ] SELECT `id`,`title`,`picture`,`source`,`comment` FROM `news` WHERE  `cate` = 4  AND `status` = 1 ORDER BY publish_time desc LIMIT 5,5 [ RunTime:0.000649s ]
[ sql ] [ SQL ] SELECT COUNT(*) AS tp_count FROM `news` WHERE  `cate` = 4  AND `status` = 1 LIMIT 1 [ RunTime:0.000490s ]
[ error ] [8]未定义变量: class[/opt/php/jraz/thinkphp/helper.php:587]

---------------------------------------------------------------
[ 2017-09-29T10:26:47+08:00 ] 172.19.27.227 180.99.143.97 POST /jraz/api/forum/forumList
[ log ] 106.15.199.8/jraz/api/forum/forumList [运行时间：0.025342s][吞吐率：39.46req/s] [内存消耗：3,247.86kb] [文件加载：56]
[ info ] [ LANG ] /opt/php/jraz/thinkphp/lang/zh-cn.php
[ info ] [ ROUTE ] array (
  'type' => 'module',
  'module' => 
  array (
    0 => 'api',
    1 => 'forum',
    2 => 'forumList',
  ),
)
[ info ] [ HEADER ] array (
  'host' => '106.15.199.8',
  'content-type' => 'application/x-www-form-urlencoded',
  'connection' => 'keep-alive',
  'accept' => '*/*',
  'user-agent' => 'Ant/1.0 (iPhone; iOS 11.0; Scale/3.00)',
  'accept-language' => 'en-CN;q=1, zh-Hans-CN;q=0.9, fr-FR;q=0.8, de-DE;q=0.7',
  'content-length' => '40',
  'accept-encoding' => 'gzip, deflate',
)
[ info ] [ PARAM ] array (
  'cate_1' => 'house',
  'cate_2' => '',
  'cate_3' => '',
  'cate_4' => '',
  'p' => '1',
)
[ info ] [ RUN ] app\api\controller\Forum->forumList[ /opt/php/jraz/application/api/controller/Forum.php ]
[ info ] [ DB ] INIT mysql
[ info ] [ LOG ] INIT File
[ error ] [8]未定义变量: class[/opt/php/jraz/thinkphp/helper.php:587]
[ error ] [8]未定义变量: where[/opt/php/jraz/application/api/controller/Forum.php:49]
[ error ] [8]未定义变量: where[/opt/php/jraz/application/api/controller/Forum.php:62]
[ sql ] [ DB ] CONNECT:[ UseTime:0.000828s ] mysql:dbname=jraz;host=106.15.199.8;port=3306;charset=utf8
[ sql ] [ SQL ] SHOW COLUMNS FROM `life_house_rent` [ RunTime:0.000992s ]
[ sql ] [ SQL ] SELECT * FROM `life_house_rent` ORDER BY `time` LIMIT 0,5 [ RunTime:0.000639s ]
[ sql ] [ SQL ] SELECT COUNT(*) AS tp_count FROM `life_house_rent` LIMIT 1 [ RunTime:0.000399s ]

---------------------------------------------------------------
[ 2017-09-29T10:26:52+08:00 ] 172.19.27.227 180.99.143.97 POST /jraz/api/forum/forumList
[ log ] 106.15.199.8/jraz/api/forum/forumList [运行时间：0.026748s][吞吐率：37.39req/s] [内存消耗：3,247.86kb] [文件加载：56]
[ info ] [ LANG ] /opt/php/jraz/thinkphp/lang/zh-cn.php
[ info ] [ ROUTE ] array (
  'type' => 'module',
  'module' => 
  array (
    0 => 'api',
    1 => 'forum',
    2 => 'forumList',
  ),
)
[ info ] [ HEADER ] array (
  'host' => '106.15.199.8',
  'content-type' => 'application/x-www-form-urlencoded',
  'connection' => 'keep-alive',
  'accept' => '*/*',
  'user-agent' => 'Ant/1.0 (iPhone; iOS 11.0; Scale/3.00)',
  'accept-language' => 'en-CN;q=1, zh-Hans-CN;q=0.9, fr-FR;q=0.8, de-DE;q=0.7',
  'content-length' => '40',
  'accept-encoding' => 'gzip, deflate',
)
[ info ] [ PARAM ] array (
  'cate_1' => 'house',
  'cate_2' => '',
  'cate_3' => '',
  'cate_4' => '',
  'p' => '1',
)
[ info ] [ RUN ] app\api\controller\Forum->forumList[ /opt/php/jraz/application/api/controller/Forum.php ]
[ info ] [ DB ] INIT mysql
[ info ] [ LOG ] INIT File
[ error ] [8]未定义变量: class[/opt/php/jraz/thinkphp/helper.php:587]
[ error ] [8]未定义变量: where[/opt/php/jraz/application/api/controller/Forum.php:49]
[ error ] [8]未定义变量: where[/opt/php/jraz/application/api/controller/Forum.php:62]
[ sql ] [ DB ] CONNECT:[ UseTime:0.000771s ] mysql:dbname=jraz;host=106.15.199.8;port=3306;charset=utf8
[ sql ] [ SQL ] SHOW COLUMNS FROM `life_house_rent` [ RunTime:0.002495s ]
[ sql ] [ SQL ] SELECT * FROM `life_house_rent` ORDER BY `time` LIMIT 0,5 [ RunTime:0.000610s ]
[ sql ] [ SQL ] SELECT COUNT(*) AS tp_count FROM `life_house_rent` LIMIT 1 [ RunTime:0.000456s ]

---------------------------------------------------------------
[ 2017-09-29T10:26:54+08:00 ] 172.19.27.227 180.99.143.97 POST /jraz/api/forum/forumList
[ log ] 106.15.199.8/jraz/api/forum/forumList [运行时间：0.026291s][吞吐率：38.04req/s] [内存消耗：3,254.46kb] [文件加载：56]
[ info ] [ LANG ] /opt/php/jraz/thinkphp/lang/zh-cn.php
[ info ] [ ROUTE ] array (
  'type' => 'module',
  'module' => 
  array (
    0 => 'api',
    1 => 'forum',
    2 => 'forumList',
  ),
)
[ info ] [ HEADER ] array (
  'host' => '106.15.199.8',
  'content-type' => 'application/x-www-form-urlencoded',
  'connection' => 'keep-alive',
  'accept' => '*/*',
  'user-agent' => 'Ant/1.0 (iPhone; iOS 11.0; Scale/3.00)',
  'accept-language' => 'en-CN;q=1, zh-Hans-CN;q=0.9, fr-FR;q=0.8, de-DE;q=0.7',
  'content-length' => '40',
  'accept-encoding' => 'gzip, deflate',
)
[ info ] [ PARAM ] array (
  'cate_1' => 'house',
  'cate_2' => '',
  'cate_3' => '',
  'cate_4' => '',
  'p' => '2',
)
[ info ] [ RUN ] app\api\controller\Forum->forumList[ /opt/php/jraz/application/api/controller/Forum.php ]
[ info ] [ DB ] INIT mysql
[ info ] [ LOG ] INIT File
[ error ] [8]未定义变量: class[/opt/php/jraz/thinkphp/helper.php:587]
[ error ] [8]未定义变量: where[/opt/php/jraz/application/api/controller/Forum.php:49]
[ error ] [8]未定义变量: where[/opt/php/jraz/application/api/controller/Forum.php:62]
[ sql ] [ DB ] CONNECT:[ UseTime:0.000830s ] mysql:dbname=jraz;host=106.15.199.8;port=3306;charset=utf8
[ sql ] [ SQL ] SHOW COLUMNS FROM `life_house_rent` [ RunTime:0.001031s ]
[ sql ] [ SQL ] SELECT * FROM `life_house_rent` ORDER BY `time` LIMIT 5,5 [ RunTime:0.000600s ]
[ sql ] [ SQL ] SELECT COUNT(*) AS tp_count FROM `life_house_rent` LIMIT 1 [ RunTime:0.000389s ]

---------------------------------------------------------------
[ 2017-09-29T10:26:56+08:00 ] 172.19.27.227 180.99.143.97 POST /jraz/api/forum/forumInfo
[ log ] 106.15.199.8/jraz/api/forum/forumInfo [运行时间：0.023814s][吞吐率：41.99req/s] [内存消耗：3,207.36kb] [文件加载：55]
[ info ] [ LANG ] /opt/php/jraz/thinkphp/lang/zh-cn.php
[ info ] [ ROUTE ] array (
  'type' => 'module',
  'module' => 
  array (
    0 => 'api',
    1 => 'forum',
    2 => 'forumInfo',
  ),
)
[ info ] [ HEADER ] array (
  'host' => '106.15.199.8',
  'content-type' => 'application/x-www-form-urlencoded',
  'connection' => 'keep-alive',
  'accept' => '*/*',
  'user-agent' => 'Ant/1.0 (iPhone; iOS 11.0; Scale/3.00)',
  'accept-language' => 'en-CN;q=1, zh-Hans-CN;q=0.9, fr-FR;q=0.8, de-DE;q=0.7',
  'content-length' => '18',
  'accept-encoding' => 'gzip, deflate',
)
[ info ] [ PARAM ] array (
  'cate_1' => 'house',
  'id' => '94',
)
[ info ] [ RUN ] app\api\controller\Forum->forumInfo[ /opt/php/jraz/application/api/controller/Forum.php ]
[ info ] [ DB ] INIT mysql
[ info ] [ LOG ] INIT File
[ error ] [8]未定义变量: class[/opt/php/jraz/thinkphp/helper.php:587]
[ sql ] [ DB ] CONNECT:[ UseTime:0.000770s ] mysql:dbname=jraz;host=106.15.199.8;port=3306;charset=utf8
[ sql ] [ SQL ] SHOW COLUMNS FROM `life_house_rent` [ RunTime:0.001004s ]
[ sql ] [ SQL ] SELECT * FROM `life_house_rent` WHERE  `id` = 94 LIMIT 1 [ RunTime:0.000589s ]

---------------------------------------------------------------
