[ 2017-10-03T18:09:24+08:00 ] 172.19.27.227 117.94.168.53 POST /jraz/api/news/newsCate
[ log ] 106.15.199.8/jraz/api/news/newsCate [运行时间：0.023517s][吞吐率：42.52req/s] [内存消耗：3,175.23kb] [文件加载：52]
[ info ] [ LANG ] /opt/php/jraz/thinkphp/lang/zh-cn.php
[ info ] [ ROUTE ] array (
  'type' => 'module',
  'module' => 
  array (
    0 => 'api',
    1 => 'news',
    2 => 'newsCate',
  ),
)
[ info ] [ HEADER ] array (
  'host' => '106.15.199.8',
  'content-type' => 'application/x-www-form-urlencoded',
  'connection' => 'keep-alive',
  'accept' => '*/*',
  'user-agent' => 'Ant/1.0 (iPhone; iOS 11.0; Scale/3.00)',
  'accept-language' => 'en-CN;q=1, zh-Hans-CN;q=0.9, fr-FR;q=0.8, de-DE;q=0.7',
  'content-length' => '6',
  'accept-encoding' => 'gzip, deflate',
)
[ info ] [ PARAM ] array (
  'type' => '1',
)
[ info ] [ RUN ] app\api\controller\News->newsCate[ /opt/php/jraz/application/api/controller/News.php ]
[ info ] [ DB ] INIT mysql
[ info ] [ LOG ] INIT File
[ sql ] [ DB ] CONNECT:[ UseTime:0.000763s ] mysql:dbname=jraz;host=106.15.199.8;port=3306;charset=utf8
[ sql ] [ SQL ] SHOW COLUMNS FROM `news_category` [ RunTime:0.000951s ]
[ sql ] [ SQL ] SELECT `id`,`name`,`description` FROM `news_category` WHERE  `cate` = 1 [ RunTime:0.000503s ]

---------------------------------------------------------------
[ 2017-10-03T18:09:24+08:00 ] 172.19.27.227 117.94.168.53 POST /jraz/api/news/newsList
[ log ] 106.15.199.8/jraz/api/news/newsList [运行时间：0.025178s][吞吐率：39.72req/s] [内存消耗：3,289.23kb] [文件加载：56]
[ info ] [ LANG ] /opt/php/jraz/thinkphp/lang/zh-cn.php
[ info ] [ ROUTE ] array (
  'type' => 'module',
  'module' => 
  array (
    0 => 'api',
    1 => 'news',
    2 => 'newsList',
  ),
)
[ info ] [ HEADER ] array (
  'host' => '106.15.199.8',
  'content-type' => 'application/x-www-form-urlencoded',
  'connection' => 'keep-alive',
  'accept' => '*/*',
  'user-agent' => 'Ant/1.0 (iPhone; iOS 11.0; Scale/3.00)',
  'accept-language' => 'en-CN;q=1, zh-Hans-CN;q=0.9, fr-FR;q=0.8, de-DE;q=0.7',
  'content-length' => '13',
  'accept-encoding' => 'gzip, deflate',
)
[ info ] [ PARAM ] array (
  'cate_id' => '1',
  'p' => '1',
)
[ info ] [ RUN ] app\api\controller\News->newsList[ /opt/php/jraz/application/api/controller/News.php ]
[ info ] [ DB ] INIT mysql
[ info ] [ LOG ] INIT File
[ sql ] [ DB ] CONNECT:[ UseTime:0.000652s ] mysql:dbname=jraz;host=106.15.199.8;port=3306;charset=utf8
[ sql ] [ SQL ] SHOW COLUMNS FROM `news` [ RunTime:0.000941s ]
[ sql ] [ SQL ] SELECT `id`,`title`,`picture`,`source`,`comment` FROM `news` WHERE  `cate` = 1  AND `status` = 1 ORDER BY publish_time desc LIMIT 0,5 [ RunTime:0.000662s ]
[ sql ] [ SQL ] SELECT COUNT(*) AS tp_count FROM `news` WHERE  `cate` = 1  AND `status` = 1 LIMIT 1 [ RunTime:0.000484s ]
[ error ] [8]未定义变量: class[/opt/php/jraz/thinkphp/helper.php:587]

---------------------------------------------------------------
[ 2017-10-03T18:09:24+08:00 ] 172.19.27.227 117.94.168.53 POST /jraz/api/news/rotationList
[ log ] 106.15.199.8/jraz/api/news/rotationList [运行时间：0.023039s][吞吐率：43.40req/s] [内存消耗：3,181.89kb] [文件加载：52]
[ info ] [ LANG ] /opt/php/jraz/thinkphp/lang/zh-cn.php
[ info ] [ ROUTE ] array (
  'type' => 'module',
  'module' => 
  array (
    0 => 'api',
    1 => 'news',
    2 => 'rotationList',
  ),
)
[ info ] [ HEADER ] array (
  'host' => '106.15.199.8',
  'content-type' => 'application/x-www-form-urlencoded',
  'connection' => 'keep-alive',
  'accept' => '*/*',
  'user-agent' => 'Ant/1.0 (iPhone; iOS 11.0; Scale/3.00)',
  'accept-language' => 'en-CN;q=1, zh-Hans-CN;q=0.9, fr-FR;q=0.8, de-DE;q=0.7',
  'content-length' => '9',
  'accept-encoding' => 'gzip, deflate',
)
[ info ] [ PARAM ] array (
  'cate_id' => '2',
)
[ info ] [ RUN ] app\api\controller\News->rotationList[ /opt/php/jraz/application/api/controller/News.php ]
[ info ] [ DB ] INIT mysql
[ info ] [ LOG ] INIT File
[ sql ] [ DB ] CONNECT:[ UseTime:0.000642s ] mysql:dbname=jraz;host=106.15.199.8;port=3306;charset=utf8
[ sql ] [ SQL ] SHOW COLUMNS FROM `news` [ RunTime:0.000855s ]
[ sql ] [ SQL ] SELECT `id`,`title`,`picture` FROM `news` WHERE  `cate` = 2  AND `status` = 1  AND `is_rotation` = 1 ORDER BY publish_time desc LIMIT 5 [ RunTime:0.000570s ]

---------------------------------------------------------------
[ 2017-10-03T18:09:24+08:00 ] 172.19.27.227 117.94.168.53 POST /jraz/api/news/weather
[ log ] 106.15.199.8/jraz/api/news/weather [运行时间：0.158591s][吞吐率：6.31req/s] [内存消耗：2,223.25kb] [文件加载：45]
[ info ] [ LANG ] /opt/php/jraz/thinkphp/lang/zh-cn.php
[ info ] [ ROUTE ] array (
  'type' => 'module',
  'module' => 
  array (
    0 => 'api',
    1 => 'news',
    2 => 'weather',
  ),
)
[ info ] [ HEADER ] array (
  'host' => '106.15.199.8',
  'content-type' => 'application/x-www-form-urlencoded',
  'connection' => 'keep-alive',
  'accept' => '*/*',
  'user-agent' => 'Ant/1.0 (iPhone; iOS 11.0; Scale/3.00)',
  'accept-language' => 'en-CN;q=1, zh-Hans-CN;q=0.9, fr-FR;q=0.8, de-DE;q=0.7',
  'content-length' => '13',
  'accept-encoding' => 'gzip, deflate',
)
[ info ] [ PARAM ] array (
  'city' => 'Canberra',
)
[ info ] [ RUN ] app\api\controller\News->weather[ /opt/php/jraz/application/api/controller/News.php ]
[ info ] [ LOG ] INIT File

---------------------------------------------------------------
[ 2017-10-03T18:10:14+08:00 ] 172.19.27.227 117.94.168.53 POST /jraz/api/news/newsCate
[ log ] 106.15.199.8/jraz/api/news/newsCate [运行时间：0.023679s][吞吐率：42.23req/s] [内存消耗：3,175.23kb] [文件加载：52]
[ info ] [ LANG ] /opt/php/jraz/thinkphp/lang/zh-cn.php
[ info ] [ ROUTE ] array (
  'type' => 'module',
  'module' => 
  array (
    0 => 'api',
    1 => 'news',
    2 => 'newsCate',
  ),
)
[ info ] [ HEADER ] array (
  'host' => '106.15.199.8',
  'content-type' => 'application/x-www-form-urlencoded',
  'connection' => 'keep-alive',
  'accept' => '*/*',
  'user-agent' => 'Ant/1.0 (iPhone; iOS 11.0; Scale/3.00)',
  'accept-language' => 'en-CN;q=1, zh-Hans-CN;q=0.9, fr-FR;q=0.8, de-DE;q=0.7',
  'content-length' => '6',
  'accept-encoding' => 'gzip, deflate',
)
[ info ] [ PARAM ] array (
  'type' => '1',
)
[ info ] [ RUN ] app\api\controller\News->newsCate[ /opt/php/jraz/application/api/controller/News.php ]
[ info ] [ DB ] INIT mysql
[ info ] [ LOG ] INIT File
[ sql ] [ DB ] CONNECT:[ UseTime:0.000787s ] mysql:dbname=jraz;host=106.15.199.8;port=3306;charset=utf8
[ sql ] [ SQL ] SHOW COLUMNS FROM `news_category` [ RunTime:0.000971s ]
[ sql ] [ SQL ] SELECT `id`,`name`,`description` FROM `news_category` WHERE  `cate` = 1 [ RunTime:0.000527s ]

---------------------------------------------------------------
[ 2017-10-03T18:10:15+08:00 ] 172.19.27.227 117.94.168.53 POST /jraz/api/news/rotationList
[ log ] 106.15.199.8/jraz/api/news/rotationList [运行时间：0.023883s][吞吐率：41.87req/s] [内存消耗：3,181.89kb] [文件加载：52]
[ info ] [ LANG ] /opt/php/jraz/thinkphp/lang/zh-cn.php
[ info ] [ ROUTE ] array (
  'type' => 'module',
  'module' => 
  array (
    0 => 'api',
    1 => 'news',
    2 => 'rotationList',
  ),
)
[ info ] [ HEADER ] array (
  'host' => '106.15.199.8',
  'content-type' => 'application/x-www-form-urlencoded',
  'connection' => 'keep-alive',
  'accept' => '*/*',
  'user-agent' => 'Ant/1.0 (iPhone; iOS 11.0; Scale/3.00)',
  'accept-language' => 'en-CN;q=1, zh-Hans-CN;q=0.9, fr-FR;q=0.8, de-DE;q=0.7',
  'content-length' => '9',
  'accept-encoding' => 'gzip, deflate',
)
[ info ] [ PARAM ] array (
  'cate_id' => '2',
)
[ info ] [ RUN ] app\api\controller\News->rotationList[ /opt/php/jraz/application/api/controller/News.php ]
[ info ] [ DB ] INIT mysql
[ info ] [ LOG ] INIT File
[ sql ] [ DB ] CONNECT:[ UseTime:0.000716s ] mysql:dbname=jraz;host=106.15.199.8;port=3306;charset=utf8
[ sql ] [ SQL ] SHOW COLUMNS FROM `news` [ RunTime:0.001035s ]
[ sql ] [ SQL ] SELECT `id`,`title`,`picture` FROM `news` WHERE  `cate` = 2  AND `status` = 1  AND `is_rotation` = 1 ORDER BY publish_time desc LIMIT 5 [ RunTime:0.000677s ]

---------------------------------------------------------------
[ 2017-10-03T18:10:15+08:00 ] 172.19.27.227 117.94.168.53 POST /jraz/api/news/newsList
[ log ] 106.15.199.8/jraz/api/news/newsList [运行时间：0.025967s][吞吐率：38.51req/s] [内存消耗：3,289.23kb] [文件加载：56]
[ info ] [ LANG ] /opt/php/jraz/thinkphp/lang/zh-cn.php
[ info ] [ ROUTE ] array (
  'type' => 'module',
  'module' => 
  array (
    0 => 'api',
    1 => 'news',
    2 => 'newsList',
  ),
)
[ info ] [ HEADER ] array (
  'host' => '106.15.199.8',
  'content-type' => 'application/x-www-form-urlencoded',
  'connection' => 'keep-alive',
  'accept' => '*/*',
  'user-agent' => 'Ant/1.0 (iPhone; iOS 11.0; Scale/3.00)',
  'accept-language' => 'en-CN;q=1, zh-Hans-CN;q=0.9, fr-FR;q=0.8, de-DE;q=0.7',
  'content-length' => '13',
  'accept-encoding' => 'gzip, deflate',
)
[ info ] [ PARAM ] array (
  'cate_id' => '1',
  'p' => '1',
)
[ info ] [ RUN ] app\api\controller\News->newsList[ /opt/php/jraz/application/api/controller/News.php ]
[ info ] [ DB ] INIT mysql
[ info ] [ LOG ] INIT File
[ sql ] [ DB ] CONNECT:[ UseTime:0.000608s ] mysql:dbname=jraz;host=106.15.199.8;port=3306;charset=utf8
[ sql ] [ SQL ] SHOW COLUMNS FROM `news` [ RunTime:0.000902s ]
[ sql ] [ SQL ] SELECT `id`,`title`,`picture`,`source`,`comment` FROM `news` WHERE  `cate` = 1  AND `status` = 1 ORDER BY publish_time desc LIMIT 0,5 [ RunTime:0.000578s ]
[ sql ] [ SQL ] SELECT COUNT(*) AS tp_count FROM `news` WHERE  `cate` = 1  AND `status` = 1 LIMIT 1 [ RunTime:0.000536s ]
[ error ] [8]未定义变量: class[/opt/php/jraz/thinkphp/helper.php:587]

---------------------------------------------------------------
[ 2017-10-03T18:10:15+08:00 ] 172.19.27.227 117.94.168.53 POST /jraz/api/news/weather
[ log ] 106.15.199.8/jraz/api/news/weather [运行时间：0.159007s][吞吐率：6.29req/s] [内存消耗：2,223.25kb] [文件加载：45]
[ info ] [ LANG ] /opt/php/jraz/thinkphp/lang/zh-cn.php
[ info ] [ ROUTE ] array (
  'type' => 'module',
  'module' => 
  array (
    0 => 'api',
    1 => 'news',
    2 => 'weather',
  ),
)
[ info ] [ HEADER ] array (
  'host' => '106.15.199.8',
  'content-type' => 'application/x-www-form-urlencoded',
  'connection' => 'keep-alive',
  'accept' => '*/*',
  'user-agent' => 'Ant/1.0 (iPhone; iOS 11.0; Scale/3.00)',
  'accept-language' => 'en-CN;q=1, zh-Hans-CN;q=0.9, fr-FR;q=0.8, de-DE;q=0.7',
  'content-length' => '13',
  'accept-encoding' => 'gzip, deflate',
)
[ info ] [ PARAM ] array (
  'city' => 'Canberra',
)
[ info ] [ RUN ] app\api\controller\News->weather[ /opt/php/jraz/application/api/controller/News.php ]
[ info ] [ LOG ] INIT File

---------------------------------------------------------------
[ 2017-10-03T18:10:19+08:00 ] 172.19.27.227 117.94.168.53 POST /jraz/api/news/newsCate
[ log ] 106.15.199.8/jraz/api/news/newsCate [运行时间：0.023522s][吞吐率：42.51req/s] [内存消耗：3,175.23kb] [文件加载：52]
[ info ] [ LANG ] /opt/php/jraz/thinkphp/lang/zh-cn.php
[ info ] [ ROUTE ] array (
  'type' => 'module',
  'module' => 
  array (
    0 => 'api',
    1 => 'news',
    2 => 'newsCate',
  ),
)
[ info ] [ HEADER ] array (
  'host' => '106.15.199.8',
  'content-type' => 'application/x-www-form-urlencoded',
  'connection' => 'keep-alive',
  'accept' => '*/*',
  'user-agent' => 'Ant/1.0 (iPhone; iOS 11.0; Scale/3.00)',
  'accept-language' => 'en-CN;q=1, zh-Hans-CN;q=0.9, fr-FR;q=0.8, de-DE;q=0.7',
  'content-length' => '6',
  'accept-encoding' => 'gzip, deflate',
)
[ info ] [ PARAM ] array (
  'type' => '1',
)
[ info ] [ RUN ] app\api\controller\News->newsCate[ /opt/php/jraz/application/api/controller/News.php ]
[ info ] [ DB ] INIT mysql
[ info ] [ LOG ] INIT File
[ sql ] [ DB ] CONNECT:[ UseTime:0.000780s ] mysql:dbname=jraz;host=106.15.199.8;port=3306;charset=utf8
[ sql ] [ SQL ] SHOW COLUMNS FROM `news_category` [ RunTime:0.001053s ]
[ sql ] [ SQL ] SELECT `id`,`name`,`description` FROM `news_category` WHERE  `cate` = 1 [ RunTime:0.000518s ]

---------------------------------------------------------------
[ 2017-10-03T18:10:20+08:00 ] 172.19.27.227 117.94.168.53 POST /jraz/api/news/rotationList
[ log ] 106.15.199.8/jraz/api/news/rotationList [运行时间：0.024727s][吞吐率：40.44req/s] [内存消耗：3,181.89kb] [文件加载：52]
[ info ] [ LANG ] /opt/php/jraz/thinkphp/lang/zh-cn.php
[ info ] [ ROUTE ] array (
  'type' => 'module',
  'module' => 
  array (
    0 => 'api',
    1 => 'news',
    2 => 'rotationList',
  ),
)
[ info ] [ HEADER ] array (
  'host' => '106.15.199.8',
  'content-type' => 'application/x-www-form-urlencoded',
  'connection' => 'keep-alive',
  'accept' => '*/*',
  'user-agent' => 'Ant/1.0 (iPhone; iOS 11.0; Scale/3.00)',
  'accept-language' => 'en-CN;q=1, zh-Hans-CN;q=0.9, fr-FR;q=0.8, de-DE;q=0.7',
  'content-length' => '9',
  'accept-encoding' => 'gzip, deflate',
)
[ info ] [ PARAM ] array (
  'cate_id' => '2',
)
[ info ] [ RUN ] app\api\controller\News->rotationList[ /opt/php/jraz/application/api/controller/News.php ]
[ info ] [ DB ] INIT mysql
[ info ] [ LOG ] INIT File
[ sql ] [ DB ] CONNECT:[ UseTime:0.000642s ] mysql:dbname=jraz;host=106.15.199.8;port=3306;charset=utf8
[ sql ] [ SQL ] SHOW COLUMNS FROM `news` [ RunTime:0.001650s ]
[ sql ] [ SQL ] SELECT `id`,`title`,`picture` FROM `news` WHERE  `cate` = 2  AND `status` = 1  AND `is_rotation` = 1 ORDER BY publish_time desc LIMIT 5 [ RunTime:0.000587s ]

---------------------------------------------------------------
[ 2017-10-03T18:10:20+08:00 ] 172.19.27.227 117.94.168.53 POST /jraz/api/news/newsList
[ log ] 106.15.199.8/jraz/api/news/newsList [运行时间：0.027538s][吞吐率：36.31req/s] [内存消耗：3,289.23kb] [文件加载：56]
[ info ] [ LANG ] /opt/php/jraz/thinkphp/lang/zh-cn.php
[ info ] [ ROUTE ] array (
  'type' => 'module',
  'module' => 
  array (
    0 => 'api',
    1 => 'news',
    2 => 'newsList',
  ),
)
[ info ] [ HEADER ] array (
  'host' => '106.15.199.8',
  'content-type' => 'application/x-www-form-urlencoded',
  'connection' => 'keep-alive',
  'accept' => '*/*',
  'user-agent' => 'Ant/1.0 (iPhone; iOS 11.0; Scale/3.00)',
  'accept-language' => 'en-CN;q=1, zh-Hans-CN;q=0.9, fr-FR;q=0.8, de-DE;q=0.7',
  'content-length' => '13',
  'accept-encoding' => 'gzip, deflate',
)
[ info ] [ PARAM ] array (
  'cate_id' => '1',
  'p' => '1',
)
[ info ] [ RUN ] app\api\controller\News->newsList[ /opt/php/jraz/application/api/controller/News.php ]
[ info ] [ DB ] INIT mysql
[ info ] [ LOG ] INIT File
[ sql ] [ DB ] CONNECT:[ UseTime:0.000724s ] mysql:dbname=jraz;host=106.15.199.8;port=3306;charset=utf8
[ sql ] [ SQL ] SHOW COLUMNS FROM `news` [ RunTime:0.001853s ]
[ sql ] [ SQL ] SELECT `id`,`title`,`picture`,`source`,`comment` FROM `news` WHERE  `cate` = 1  AND `status` = 1 ORDER BY publish_time desc LIMIT 0,5 [ RunTime:0.000674s ]
[ sql ] [ SQL ] SELECT COUNT(*) AS tp_count FROM `news` WHERE  `cate` = 1  AND `status` = 1 LIMIT 1 [ RunTime:0.000513s ]
[ error ] [8]未定义变量: class[/opt/php/jraz/thinkphp/helper.php:587]

---------------------------------------------------------------
[ 2017-10-03T18:10:20+08:00 ] 172.19.27.227 117.94.168.53 POST /jraz/api/news/weather
[ log ] 106.15.199.8/jraz/api/news/weather [运行时间：0.169008s][吞吐率：5.92req/s] [内存消耗：2,223.25kb] [文件加载：45]
[ info ] [ LANG ] /opt/php/jraz/thinkphp/lang/zh-cn.php
[ info ] [ ROUTE ] array (
  'type' => 'module',
  'module' => 
  array (
    0 => 'api',
    1 => 'news',
    2 => 'weather',
  ),
)
[ info ] [ HEADER ] array (
  'host' => '106.15.199.8',
  'content-type' => 'application/x-www-form-urlencoded',
  'connection' => 'keep-alive',
  'accept' => '*/*',
  'user-agent' => 'Ant/1.0 (iPhone; iOS 11.0; Scale/3.00)',
  'accept-language' => 'en-CN;q=1, zh-Hans-CN;q=0.9, fr-FR;q=0.8, de-DE;q=0.7',
  'content-length' => '13',
  'accept-encoding' => 'gzip, deflate',
)
[ info ] [ PARAM ] array (
  'city' => 'Canberra',
)
[ info ] [ RUN ] app\api\controller\News->weather[ /opt/php/jraz/application/api/controller/News.php ]
[ info ] [ LOG ] INIT File

---------------------------------------------------------------
[ 2017-10-03T18:10:24+08:00 ] 172.19.27.227 117.94.168.53 POST /jraz/api/news/newsDet
[ log ] 106.15.199.8/jraz/api/news/newsDet [运行时间：0.034393s][吞吐率：29.08req/s] [内存消耗：3,226.77kb] [文件加载：52]
[ info ] [ LANG ] /opt/php/jraz/thinkphp/lang/zh-cn.php
[ info ] [ ROUTE ] array (
  'type' => 'module',
  'module' => 
  array (
    0 => 'api',
    1 => 'news',
    2 => 'newsDet',
  ),
)
[ info ] [ HEADER ] array (
  'host' => '106.15.199.8',
  'content-type' => 'application/x-www-form-urlencoded',
  'connection' => 'keep-alive',
  'accept' => '*/*',
  'user-agent' => 'Ant/1.0 (iPhone; iOS 11.0; Scale/3.00)',
  'accept-language' => 'en-CN;q=1, zh-Hans-CN;q=0.9, fr-FR;q=0.8, de-DE;q=0.7',
  'content-length' => '6',
  'accept-encoding' => 'gzip, deflate',
)
[ info ] [ PARAM ] array (
  'id' => '169',
)
[ info ] [ RUN ] app\api\controller\News->newsDet[ /opt/php/jraz/application/api/controller/News.php ]
[ info ] [ DB ] INIT mysql
[ info ] [ LOG ] INIT File
[ sql ] [ DB ] CONNECT:[ UseTime:0.000819s ] mysql:dbname=jraz;host=106.15.199.8;port=3306;charset=utf8
[ sql ] [ SQL ] SHOW COLUMNS FROM `news` [ RunTime:0.000999s ]
[ sql ] [ SQL ] SELECT `id`,`author_id`,`title`,`publish_time`,`source`,`statement`,`interest` FROM `news` WHERE  `id` = 169 LIMIT 1 [ RunTime:0.000621s ]
[ sql ] [ SQL ] SHOW COLUMNS FROM `config` [ RunTime:0.000729s ]
[ sql ] [ SQL ] SELECT `value` FROM `config` WHERE  `desc` = '1' LIMIT 1 [ RunTime:0.000414s ]
[ sql ] [ SQL ] SHOW COLUMNS FROM `admin` [ RunTime:0.000791s ]
[ sql ] [ SQL ] SELECT `nickname`,`head_portrait` FROM `admin` WHERE  (  admin_id=1 ) LIMIT 1 [ RunTime:0.000410s ]
[ sql ] [ SQL ] SHOW COLUMNS FROM `user_post_reply` [ RunTime:0.000766s ]
[ sql ] [ SQL ] SELECT `id`,`post_id`,`msg_id`,`time`,`content`,`pid` FROM `user_post_reply` WHERE  `post_id` = 169  AND `pid` = 0 LIMIT 3 [ RunTime:0.000468s ]
[ sql ] [ SQL ] SHOW COLUMNS FROM `user` [ RunTime:0.000728s ]
[ sql ] [ SQL ] SELECT `name`,`head_portrait`,`create_time`,`area` FROM `user` WHERE  `uid` = 2 LIMIT 1 [ RunTime:0.000440s ]
[ sql ] [ SQL ] SELECT `msg_id`,`content` FROM `user_post_reply` WHERE  `post_id` = 169  AND `pid` = 1 LIMIT 3 [ RunTime:0.000449s ]
[ sql ] [ SQL ] SELECT `name` FROM `user` WHERE  `uid` = 3 LIMIT 1 [ RunTime:0.000427s ]
[ sql ] [ SQL ] SELECT `name` FROM `user` WHERE  `uid` = 3 LIMIT 1 [ RunTime:0.000238s ]
[ sql ] [ SQL ] SELECT `name`,`head_portrait`,`create_time`,`area` FROM `user` WHERE  `uid` = 5 LIMIT 1 [ RunTime:0.000424s ]
[ sql ] [ SQL ] SELECT `msg_id`,`content` FROM `user_post_reply` WHERE  `post_id` = 169  AND `pid` = 7 LIMIT 3 [ RunTime:0.000428s ]
[ sql ] [ SQL ] SELECT `name`,`head_portrait`,`create_time`,`area` FROM `user` WHERE  `uid` = 6 LIMIT 1 [ RunTime:0.000411s ]
[ sql ] [ SQL ] SELECT `msg_id`,`content` FROM `user_post_reply` WHERE  `post_id` = 169  AND `pid` = 8 LIMIT 3 [ RunTime:0.000418s ]
[ sql ] [ SQL ] SELECT `id`,`title`,`publish_time`,`source`,`picture` FROM `news` WHERE  `publish_time` <= 1506960000  AND `status` = 1 ORDER BY id desc LIMIT 3 [ RunTime:0.000495s ]

---------------------------------------------------------------
[ 2017-10-03T18:10:25+08:00 ] 172.19.27.227 117.94.168.53 GET /jraz/admin/news/test/id/245
[ log ] 106.15.199.8/jraz/admin/news/test/id/245 [运行时间：0.029893s][吞吐率：33.45req/s] [内存消耗：3,492.48kb] [文件加载：62]
[ info ] [ LANG ] /opt/php/jraz/thinkphp/lang/zh-cn.php
[ info ] [ ROUTE ] array (
  'type' => 'module',
  'module' => 
  array (
    0 => 'admin',
    1 => 'news',
    2 => 'test',
  ),
)
[ info ] [ HEADER ] array (
  'host' => '106.15.199.8',
  'upgrade-insecure-requests' => '1',
  'accept' => 'text/html,application/xhtml+xml,application/xml;q=0.9,*/*;q=0.8',
  'user-agent' => 'Mozilla/5.0 (iPhone; CPU iPhone OS 11_0 like Mac OS X) AppleWebKit/604.1.38 (KHTML, like Gecko) Mobile/15A372',
  'accept-language' => 'en-us',
  'accept-encoding' => 'gzip, deflate',
  'connection' => 'keep-alive',
  'content-type' => '',
  'content-length' => '',
)
[ info ] [ PARAM ] array (
  'id' => '245',
)
[ info ] [ RUN ] app\admin\controller\News->test[ /opt/php/jraz/application/admin/controller/News.php ]
[ info ] [ DB ] INIT mysql
[ info ] [ VIEW ] ./application/admin/view/news/test.html [ array (
  0 => 'action',
  1 => 'navigate_admin',
  2 => 'list',
) ]
[ info ] [ LOG ] INIT File
[ error ] [8]未定义数组索引: admin/news[/opt/php/jraz/application/admin/common.php:59]
[ error ] [8]未定义数组索引: admin/news[/opt/php/jraz/application/admin/common.php:60]
[ sql ] [ DB ] CONNECT:[ UseTime:0.000745s ] mysql:dbname=jraz;host=106.15.199.8;port=3306;charset=utf8
[ sql ] [ SQL ] SHOW COLUMNS FROM `news` [ RunTime:0.001006s ]
[ sql ] [ SQL ] SELECT * FROM `news` WHERE  `id` = 245 LIMIT 1 [ RunTime:0.000677s ]

---------------------------------------------------------------
[ 2017-10-03T18:10:42+08:00 ] 172.19.27.227 117.94.168.53 POST /jraz/api/news/newsList
[ log ] 106.15.199.8/jraz/api/news/newsList [运行时间：0.027091s][吞吐率：36.91req/s] [内存消耗：3,277.41kb] [文件加载：56]
[ info ] [ LANG ] /opt/php/jraz/thinkphp/lang/zh-cn.php
[ info ] [ ROUTE ] array (
  'type' => 'module',
  'module' => 
  array (
    0 => 'api',
    1 => 'news',
    2 => 'newsList',
  ),
)
[ info ] [ HEADER ] array (
  'host' => '106.15.199.8',
  'content-type' => 'application/x-www-form-urlencoded',
  'connection' => 'keep-alive',
  'accept' => '*/*',
  'user-agent' => 'Ant/1.0 (iPhone; iOS 11.0; Scale/3.00)',
  'accept-language' => 'en-CN;q=1, zh-Hans-CN;q=0.9, fr-FR;q=0.8, de-DE;q=0.7',
  'content-length' => '13',
  'accept-encoding' => 'gzip, deflate',
)
[ info ] [ PARAM ] array (
  'cate_id' => '1',
  'p' => '2',
)
[ info ] [ RUN ] app\api\controller\News->newsList[ /opt/php/jraz/application/api/controller/News.php ]
[ info ] [ DB ] INIT mysql
[ info ] [ LOG ] INIT File
[ sql ] [ DB ] CONNECT:[ UseTime:0.000792s ] mysql:dbname=jraz;host=106.15.199.8;port=3306;charset=utf8
[ sql ] [ SQL ] SHOW COLUMNS FROM `news` [ RunTime:0.001077s ]
[ sql ] [ SQL ] SELECT `id`,`title`,`picture`,`source`,`comment` FROM `news` WHERE  `cate` = 1  AND `status` = 1 ORDER BY publish_time desc LIMIT 5,5 [ RunTime:0.000653s ]
[ sql ] [ SQL ] SELECT COUNT(*) AS tp_count FROM `news` WHERE  `cate` = 1  AND `status` = 1 LIMIT 1 [ RunTime:0.000490s ]
[ error ] [8]未定义变量: class[/opt/php/jraz/thinkphp/helper.php:587]

---------------------------------------------------------------
[ 2017-10-03T18:10:44+08:00 ] 172.19.27.227 117.94.168.53 POST /jraz/api/news/newsDet
[ log ] 106.15.199.8/jraz/api/news/newsDet [运行时间：0.036212s][吞吐率：27.62req/s] [内存消耗：3,226.77kb] [文件加载：52]
[ info ] [ LANG ] /opt/php/jraz/thinkphp/lang/zh-cn.php
[ info ] [ ROUTE ] array (
  'type' => 'module',
  'module' => 
  array (
    0 => 'api',
    1 => 'news',
    2 => 'newsDet',
  ),
)
[ info ] [ HEADER ] array (
  'host' => '106.15.199.8',
  'content-type' => 'application/x-www-form-urlencoded',
  'connection' => 'keep-alive',
  'accept' => '*/*',
  'user-agent' => 'Ant/1.0 (iPhone; iOS 11.0; Scale/3.00)',
  'accept-language' => 'en-CN;q=1, zh-Hans-CN;q=0.9, fr-FR;q=0.8, de-DE;q=0.7',
  'content-length' => '6',
  'accept-encoding' => 'gzip, deflate',
)
[ info ] [ PARAM ] array (
  'id' => '169',
)
[ info ] [ RUN ] app\api\controller\News->newsDet[ /opt/php/jraz/application/api/controller/News.php ]
[ info ] [ DB ] INIT mysql
[ info ] [ LOG ] INIT File
[ sql ] [ DB ] CONNECT:[ UseTime:0.000803s ] mysql:dbname=jraz;host=106.15.199.8;port=3306;charset=utf8
[ sql ] [ SQL ] SHOW COLUMNS FROM `news` [ RunTime:0.001062s ]
[ sql ] [ SQL ] SELECT `id`,`author_id`,`title`,`publish_time`,`source`,`statement`,`interest` FROM `news` WHERE  `id` = 169 LIMIT 1 [ RunTime:0.000526s ]
[ sql ] [ SQL ] SHOW COLUMNS FROM `config` [ RunTime:0.000753s ]
[ sql ] [ SQL ] SELECT `value` FROM `config` WHERE  `desc` = '1' LIMIT 1 [ RunTime:0.000429s ]
[ sql ] [ SQL ] SHOW COLUMNS FROM `admin` [ RunTime:0.000811s ]
[ sql ] [ SQL ] SELECT `nickname`,`head_portrait` FROM `admin` WHERE  (  admin_id=1 ) LIMIT 1 [ RunTime:0.000447s ]
[ sql ] [ SQL ] SHOW COLUMNS FROM `user_post_reply` [ RunTime:0.000776s ]
[ sql ] [ SQL ] SELECT `id`,`post_id`,`msg_id`,`time`,`content`,`pid` FROM `user_post_reply` WHERE  `post_id` = 169  AND `pid` = 0 LIMIT 3 [ RunTime:0.000490s ]
[ sql ] [ SQL ] SHOW COLUMNS FROM `user` [ RunTime:0.000741s ]
[ sql ] [ SQL ] SELECT `name`,`head_portrait`,`create_time`,`area` FROM `user` WHERE  `uid` = 2 LIMIT 1 [ RunTime:0.000419s ]
[ sql ] [ SQL ] SELECT `msg_id`,`content` FROM `user_post_reply` WHERE  `post_id` = 169  AND `pid` = 1 LIMIT 3 [ RunTime:0.000442s ]
[ sql ] [ SQL ] SELECT `name` FROM `user` WHERE  `uid` = 3 LIMIT 1 [ RunTime:0.000416s ]
[ sql ] [ SQL ] SELECT `name` FROM `user` WHERE  `uid` = 3 LIMIT 1 [ RunTime:0.000229s ]
[ sql ] [ SQL ] SELECT `name`,`head_portrait`,`create_time`,`area` FROM `user` WHERE  `uid` = 5 LIMIT 1 [ RunTime:0.000428s ]
[ sql ] [ SQL ] SELECT `msg_id`,`content` FROM `user_post_reply` WHERE  `post_id` = 169  AND `pid` = 7 LIMIT 3 [ RunTime:0.000457s ]
[ sql ] [ SQL ] SELECT `name`,`head_portrait`,`create_time`,`area` FROM `user` WHERE  `uid` = 6 LIMIT 1 [ RunTime:0.000436s ]
[ sql ] [ SQL ] SELECT `msg_id`,`content` FROM `user_post_reply` WHERE  `post_id` = 169  AND `pid` = 8 LIMIT 3 [ RunTime:0.000477s ]
[ sql ] [ SQL ] SELECT `id`,`title`,`publish_time`,`source`,`picture` FROM `news` WHERE  `publish_time` <= 1506960000  AND `status` = 1 ORDER BY id desc LIMIT 3 [ RunTime:0.000506s ]

---------------------------------------------------------------
[ 2017-10-03T18:10:44+08:00 ] 172.19.27.227 117.94.168.53 GET /jraz/admin/news/test/id/168
[ log ] 106.15.199.8/jraz/admin/news/test/id/168 [运行时间：0.027365s][吞吐率：36.54req/s] [内存消耗：3,484.37kb] [文件加载：62]
[ info ] [ LANG ] /opt/php/jraz/thinkphp/lang/zh-cn.php
[ info ] [ ROUTE ] array (
  'type' => 'module',
  'module' => 
  array (
    0 => 'admin',
    1 => 'news',
    2 => 'test',
  ),
)
[ info ] [ HEADER ] array (
  'host' => '106.15.199.8',
  'upgrade-insecure-requests' => '1',
  'accept' => 'text/html,application/xhtml+xml,application/xml;q=0.9,*/*;q=0.8',
  'user-agent' => 'Mozilla/5.0 (iPhone; CPU iPhone OS 11_0 like Mac OS X) AppleWebKit/604.1.38 (KHTML, like Gecko) Mobile/15A372',
  'accept-language' => 'en-us',
  'accept-encoding' => 'gzip, deflate',
  'connection' => 'keep-alive',
  'content-type' => '',
  'content-length' => '',
)
[ info ] [ PARAM ] array (
  'id' => '168',
)
[ info ] [ RUN ] app\admin\controller\News->test[ /opt/php/jraz/application/admin/controller/News.php ]
[ info ] [ DB ] INIT mysql
[ info ] [ VIEW ] ./application/admin/view/news/test.html [ array (
  0 => 'action',
  1 => 'navigate_admin',
  2 => 'list',
) ]
[ info ] [ LOG ] INIT File
[ error ] [8]未定义数组索引: admin/news[/opt/php/jraz/application/admin/common.php:59]
[ error ] [8]未定义数组索引: admin/news[/opt/php/jraz/application/admin/common.php:60]
[ sql ] [ DB ] CONNECT:[ UseTime:0.000733s ] mysql:dbname=jraz;host=106.15.199.8;port=3306;charset=utf8
[ sql ] [ SQL ] SHOW COLUMNS FROM `news` [ RunTime:0.001098s ]
[ sql ] [ SQL ] SELECT * FROM `news` WHERE  `id` = 168 LIMIT 1 [ RunTime:0.000678s ]

---------------------------------------------------------------
[ 2017-10-03T18:11:16+08:00 ] 172.19.27.227 117.94.168.53 POST /jraz/api/forum/forumList
[ log ] 106.15.199.8/jraz/api/forum/forumList [运行时间：0.027127s][吞吐率：36.86req/s] [内存消耗：3,247.95kb] [文件加载：56]
[ info ] [ LANG ] /opt/php/jraz/thinkphp/lang/zh-cn.php
[ info ] [ ROUTE ] array (
  'type' => 'module',
  'module' => 
  array (
    0 => 'api',
    1 => 'forum',
    2 => 'forumList',
  ),
)
[ info ] [ HEADER ] array (
  'host' => '106.15.199.8',
  'content-type' => 'application/x-www-form-urlencoded',
  'connection' => 'keep-alive',
  'accept' => '*/*',
  'user-agent' => 'Ant/1.0 (iPhone; iOS 11.0; Scale/3.00)',
  'accept-language' => 'en-CN;q=1, zh-Hans-CN;q=0.9, fr-FR;q=0.8, de-DE;q=0.7',
  'content-length' => '39',
  'accept-encoding' => 'gzip, deflate',
)
[ info ] [ PARAM ] array (
  'cate_1' => 'job',
  'cate_2' => '',
  'cate_3' => '',
  'cate_4' => '2',
  'p' => '1',
)
[ info ] [ RUN ] app\api\controller\Forum->forumList[ /opt/php/jraz/application/api/controller/Forum.php ]
[ info ] [ DB ] INIT mysql
[ info ] [ LOG ] INIT File
[ error ] [8]未定义变量: class[/opt/php/jraz/thinkphp/helper.php:587]
[ sql ] [ DB ] CONNECT:[ UseTime:0.000774s ] mysql:dbname=jraz;host=106.15.199.8;port=3306;charset=utf8
[ sql ] [ SQL ] SHOW COLUMNS FROM `life_job_search` [ RunTime:0.002073s ]
[ sql ] [ SQL ] SELECT * FROM `life_job_search` WHERE  `type` = 2 ORDER BY `time` LIMIT 0,5 [ RunTime:0.000655s ]
[ sql ] [ SQL ] SELECT COUNT(*) AS tp_count FROM `life_job_search` WHERE  `type` = 2 LIMIT 1 [ RunTime:0.000432s ]

---------------------------------------------------------------
