[ 2017-10-15T17:59:37+08:00 ] 172.19.27.227 180.102.122.23 POST /jraz/api/news/newsCate
[ log ] 106.15.199.8/jraz/api/news/newsCate [运行时间：0.024631s][吞吐率：40.60req/s] [内存消耗：3,174.62kb] [文件加载：52]
[ info ] [ LANG ] /opt/php/jraz/thinkphp/lang/zh-cn.php
[ info ] [ ROUTE ] array (
  'type' => 'module',
  'module' => 
  array (
    0 => 'api',
    1 => 'news',
    2 => 'newsCate',
  ),
)
[ info ] [ HEADER ] array (
  'token' => 'c1cd0ed01286545524f8194ec3ce14b4',
  'content-type' => 'application/x-www-form-urlencoded',
  'content-length' => '6',
  'host' => '106.15.199.8',
  'connection' => 'Keep-Alive',
  'accept-encoding' => 'gzip',
  'user-agent' => 'okhttp/3.8.0',
)
[ info ] [ PARAM ] array (
  'type' => '1',
)
[ info ] [ RUN ] app\api\controller\News->newsCate[ /opt/php/jraz/application/api/controller/News.php ]
[ info ] [ DB ] INIT mysql
[ info ] [ LOG ] INIT File
[ sql ] [ DB ] CONNECT:[ UseTime:0.000734s ] mysql:dbname=jraz;host=106.15.199.8;port=3306;charset=utf8
[ sql ] [ SQL ] SHOW COLUMNS FROM `news_category` [ RunTime:0.000998s ]
[ sql ] [ SQL ] SELECT `id`,`name`,`description` FROM `news_category` WHERE  `cate` = 1 [ RunTime:0.000523s ]

---------------------------------------------------------------
[ 2017-10-15T17:59:37+08:00 ] 172.19.27.227 180.102.122.23 POST /jraz/api/news/newsList
[ log ] 106.15.199.8/jraz/api/news/newsList [运行时间：0.026102s][吞吐率：38.31req/s] [内存消耗：3,288.63kb] [文件加载：56]
[ info ] [ LANG ] /opt/php/jraz/thinkphp/lang/zh-cn.php
[ info ] [ ROUTE ] array (
  'type' => 'module',
  'module' => 
  array (
    0 => 'api',
    1 => 'news',
    2 => 'newsList',
  ),
)
[ info ] [ HEADER ] array (
  'token' => 'c1cd0ed01286545524f8194ec3ce14b4',
  'content-type' => 'application/x-www-form-urlencoded',
  'content-length' => '13',
  'host' => '106.15.199.8',
  'connection' => 'Keep-Alive',
  'accept-encoding' => 'gzip',
  'user-agent' => 'okhttp/3.8.0',
)
[ info ] [ PARAM ] array (
  'cate_id' => '1',
  'p' => '1',
)
[ info ] [ RUN ] app\api\controller\News->newsList[ /opt/php/jraz/application/api/controller/News.php ]
[ info ] [ DB ] INIT mysql
[ info ] [ LOG ] INIT File
[ sql ] [ DB ] CONNECT:[ UseTime:0.000741s ] mysql:dbname=jraz;host=106.15.199.8;port=3306;charset=utf8
[ sql ] [ SQL ] SHOW COLUMNS FROM `news` [ RunTime:0.001059s ]
[ sql ] [ SQL ] SELECT `id`,`title`,`picture`,`source`,`comment` FROM `news` WHERE  `cate` = 1  AND `status` = 1 ORDER BY publish_time desc LIMIT 0,5 [ RunTime:0.000667s ]
[ sql ] [ SQL ] SELECT COUNT(*) AS tp_count FROM `news` WHERE  `cate` = 1  AND `status` = 1 LIMIT 1 [ RunTime:0.000476s ]
[ error ] [8]未定义变量: class[/opt/php/jraz/thinkphp/helper.php:587]

---------------------------------------------------------------
[ 2017-10-15T17:59:37+08:00 ] 172.19.27.227 180.102.122.23 POST /jraz/api/news/newsList
[ log ] 106.15.199.8/jraz/api/news/newsList [运行时间：0.025984s][吞吐率：38.49req/s] [内存消耗：3,287.33kb] [文件加载：56]
[ info ] [ LANG ] /opt/php/jraz/thinkphp/lang/zh-cn.php
[ info ] [ ROUTE ] array (
  'type' => 'module',
  'module' => 
  array (
    0 => 'api',
    1 => 'news',
    2 => 'newsList',
  ),
)
[ info ] [ HEADER ] array (
  'token' => 'c1cd0ed01286545524f8194ec3ce14b4',
  'content-type' => 'application/x-www-form-urlencoded',
  'content-length' => '13',
  'host' => '106.15.199.8',
  'connection' => 'Keep-Alive',
  'accept-encoding' => 'gzip',
  'user-agent' => 'okhttp/3.8.0',
)
[ info ] [ PARAM ] array (
  'cate_id' => '2',
  'p' => '1',
)
[ info ] [ RUN ] app\api\controller\News->newsList[ /opt/php/jraz/application/api/controller/News.php ]
[ info ] [ DB ] INIT mysql
[ info ] [ LOG ] INIT File
[ sql ] [ DB ] CONNECT:[ UseTime:0.000716s ] mysql:dbname=jraz;host=106.15.199.8;port=3306;charset=utf8
[ sql ] [ SQL ] SHOW COLUMNS FROM `news` [ RunTime:0.000910s ]
[ sql ] [ SQL ] SELECT `id`,`title`,`picture`,`source`,`comment` FROM `news` WHERE  `cate` = 2  AND `status` = 1 ORDER BY publish_time desc LIMIT 0,5 [ RunTime:0.000585s ]
[ sql ] [ SQL ] SELECT COUNT(*) AS tp_count FROM `news` WHERE  `cate` = 2  AND `status` = 1 LIMIT 1 [ RunTime:0.000501s ]
[ error ] [8]未定义变量: class[/opt/php/jraz/thinkphp/helper.php:587]

---------------------------------------------------------------
[ 2017-10-15T17:59:37+08:00 ] 172.19.27.227 180.102.122.23 POST /jraz/api/news/rotationList
[ log ] 106.15.199.8/jraz/api/news/rotationList [运行时间：0.024607s][吞吐率：40.64req/s] [内存消耗：3,181.83kb] [文件加载：52]
[ info ] [ LANG ] /opt/php/jraz/thinkphp/lang/zh-cn.php
[ info ] [ ROUTE ] array (
  'type' => 'module',
  'module' => 
  array (
    0 => 'api',
    1 => 'news',
    2 => 'rotationList',
  ),
)
[ info ] [ HEADER ] array (
  'token' => 'c1cd0ed01286545524f8194ec3ce14b4',
  'content-type' => 'application/x-www-form-urlencoded',
  'content-length' => '9',
  'host' => '106.15.199.8',
  'connection' => 'Keep-Alive',
  'accept-encoding' => 'gzip',
  'user-agent' => 'okhttp/3.8.0',
)
[ info ] [ PARAM ] array (
  'cate_id' => '2',
)
[ info ] [ RUN ] app\api\controller\News->rotationList[ /opt/php/jraz/application/api/controller/News.php ]
[ info ] [ DB ] INIT mysql
[ info ] [ LOG ] INIT File
[ sql ] [ DB ] CONNECT:[ UseTime:0.000672s ] mysql:dbname=jraz;host=106.15.199.8;port=3306;charset=utf8
[ sql ] [ SQL ] SHOW COLUMNS FROM `news` [ RunTime:0.000976s ]
[ sql ] [ SQL ] SELECT `id`,`title`,`picture` FROM `news` WHERE  `cate` = 2  AND `status` = 1  AND `is_rotation` = 1 ORDER BY publish_time desc LIMIT 5 [ RunTime:0.000633s ]

---------------------------------------------------------------
[ 2017-10-15T17:59:37+08:00 ] 172.19.27.227 180.102.122.23 POST /jraz/api/news/rotationList
[ log ] 106.15.199.8/jraz/api/news/rotationList [运行时间：0.022979s][吞吐率：43.52req/s] [内存消耗：3,173.16kb] [文件加载：52]
[ info ] [ LANG ] /opt/php/jraz/thinkphp/lang/zh-cn.php
[ info ] [ ROUTE ] array (
  'type' => 'module',
  'module' => 
  array (
    0 => 'api',
    1 => 'news',
    2 => 'rotationList',
  ),
)
[ info ] [ HEADER ] array (
  'token' => 'c1cd0ed01286545524f8194ec3ce14b4',
  'content-type' => 'application/x-www-form-urlencoded',
  'content-length' => '9',
  'host' => '106.15.199.8',
  'connection' => 'Keep-Alive',
  'accept-encoding' => 'gzip',
  'user-agent' => 'okhttp/3.8.0',
)
[ info ] [ PARAM ] array (
  'cate_id' => '1',
)
[ info ] [ RUN ] app\api\controller\News->rotationList[ /opt/php/jraz/application/api/controller/News.php ]
[ info ] [ DB ] INIT mysql
[ info ] [ LOG ] INIT File
[ sql ] [ DB ] CONNECT:[ UseTime:0.000660s ] mysql:dbname=jraz;host=106.15.199.8;port=3306;charset=utf8
[ sql ] [ SQL ] SHOW COLUMNS FROM `news` [ RunTime:0.000854s ]
[ sql ] [ SQL ] SELECT `id`,`title`,`picture` FROM `news` WHERE  `cate` = 1  AND `status` = 1  AND `is_rotation` = 1 ORDER BY publish_time desc LIMIT 5 [ RunTime:0.000528s ]

---------------------------------------------------------------
[ 2017-10-15T17:59:40+08:00 ] 172.19.27.227 180.102.122.23 POST /jraz/api/news/weather
[ log ] 106.15.199.8/jraz/api/news/weather [运行时间：2.990200s][吞吐率：0.33req/s] [内存消耗：2,222.91kb] [文件加载：45]
[ info ] [ LANG ] /opt/php/jraz/thinkphp/lang/zh-cn.php
[ info ] [ ROUTE ] array (
  'type' => 'module',
  'module' => 
  array (
    0 => 'api',
    1 => 'news',
    2 => 'weather',
  ),
)
[ info ] [ HEADER ] array (
  'token' => 'c1cd0ed01286545524f8194ec3ce14b4',
  'content-type' => 'application/x-www-form-urlencoded',
  'content-length' => '13',
  'host' => '106.15.199.8',
  'connection' => 'Keep-Alive',
  'accept-encoding' => 'gzip',
  'user-agent' => 'okhttp/3.8.0',
)
[ info ] [ PARAM ] array (
  'city' => 'Canberra',
)
[ info ] [ RUN ] app\api\controller\News->weather[ /opt/php/jraz/application/api/controller/News.php ]
[ info ] [ LOG ] INIT File

---------------------------------------------------------------
[ 2017-10-15T18:01:00+08:00 ] 172.19.27.227 180.102.122.23 POST /jraz/api/news/newsList
[ log ] 106.15.199.8/jraz/api/news/newsList [运行时间：0.027226s][吞吐率：36.73req/s] [内存消耗：3,288.63kb] [文件加载：56]
[ info ] [ LANG ] /opt/php/jraz/thinkphp/lang/zh-cn.php
[ info ] [ ROUTE ] array (
  'type' => 'module',
  'module' => 
  array (
    0 => 'api',
    1 => 'news',
    2 => 'newsList',
  ),
)
[ info ] [ HEADER ] array (
  'token' => 'c1cd0ed01286545524f8194ec3ce14b4',
  'content-type' => 'application/x-www-form-urlencoded',
  'content-length' => '13',
  'host' => '106.15.199.8',
  'connection' => 'Keep-Alive',
  'accept-encoding' => 'gzip',
  'user-agent' => 'okhttp/3.8.0',
)
[ info ] [ PARAM ] array (
  'cate_id' => '1',
  'p' => '1',
)
[ info ] [ RUN ] app\api\controller\News->newsList[ /opt/php/jraz/application/api/controller/News.php ]
[ info ] [ DB ] INIT mysql
[ info ] [ LOG ] INIT File
[ sql ] [ DB ] CONNECT:[ UseTime:0.000749s ] mysql:dbname=jraz;host=106.15.199.8;port=3306;charset=utf8
[ sql ] [ SQL ] SHOW COLUMNS FROM `news` [ RunTime:0.001058s ]
[ sql ] [ SQL ] SELECT `id`,`title`,`picture`,`source`,`comment` FROM `news` WHERE  `cate` = 1  AND `status` = 1 ORDER BY publish_time desc LIMIT 0,5 [ RunTime:0.000717s ]
[ sql ] [ SQL ] SELECT COUNT(*) AS tp_count FROM `news` WHERE  `cate` = 1  AND `status` = 1 LIMIT 1 [ RunTime:0.000510s ]
[ error ] [8]未定义变量: class[/opt/php/jraz/thinkphp/helper.php:587]

---------------------------------------------------------------
[ 2017-10-15T18:01:32+08:00 ] 172.19.27.227 180.102.122.23 POST /jraz/api/news/newsDet
[ log ] 106.15.199.8/jraz/api/news/newsDet [运行时间：0.029038s][吞吐率：34.44req/s] [内存消耗：3,207.25kb] [文件加载：52]
[ info ] [ LANG ] /opt/php/jraz/thinkphp/lang/zh-cn.php
[ info ] [ ROUTE ] array (
  'type' => 'module',
  'module' => 
  array (
    0 => 'api',
    1 => 'news',
    2 => 'newsDet',
  ),
)
[ info ] [ HEADER ] array (
  'token' => 'c1cd0ed01286545524f8194ec3ce14b4',
  'content-type' => 'application/x-www-form-urlencoded',
  'content-length' => '6',
  'host' => '106.15.199.8',
  'connection' => 'Keep-Alive',
  'accept-encoding' => 'gzip',
  'user-agent' => 'okhttp/3.8.0',
)
[ info ] [ PARAM ] array (
  'id' => '164',
)
[ info ] [ RUN ] app\api\controller\News->newsDet[ /opt/php/jraz/application/api/controller/News.php ]
[ info ] [ DB ] INIT mysql
[ info ] [ LOG ] INIT File
[ sql ] [ DB ] CONNECT:[ UseTime:0.000751s ] mysql:dbname=jraz;host=106.15.199.8;port=3306;charset=utf8
[ sql ] [ SQL ] SHOW COLUMNS FROM `news` [ RunTime:0.000999s ]
[ sql ] [ SQL ] SELECT `id`,`author_id`,`title`,`publish_time`,`source`,`statement`,`interest` FROM `news` WHERE  `id` = 164 LIMIT 1 [ RunTime:0.000532s ]
[ sql ] [ SQL ] SHOW COLUMNS FROM `config` [ RunTime:0.000701s ]
[ sql ] [ SQL ] SELECT `value` FROM `config` WHERE  `desc` = '1' LIMIT 1 [ RunTime:0.000435s ]
[ sql ] [ SQL ] SHOW COLUMNS FROM `admin` [ RunTime:0.000783s ]
[ sql ] [ SQL ] SELECT `nickname`,`head_portrait` FROM `admin` WHERE  (  admin_id=1 ) LIMIT 1 [ RunTime:0.000438s ]
[ sql ] [ SQL ] SHOW COLUMNS FROM `user_post_reply` [ RunTime:0.000768s ]
[ sql ] [ SQL ] SELECT `id`,`post_id`,`msg_id`,`time`,`content`,`pid` FROM `user_post_reply` WHERE  `post_id` = 164  AND `pid` = 0 LIMIT 3 [ RunTime:0.000478s ]
[ sql ] [ SQL ] SELECT `id`,`title`,`publish_time`,`source`,`picture` FROM `news` WHERE  `publish_time` <= 1507996800  AND `status` = 1 ORDER BY id desc LIMIT 3 [ RunTime:0.000539s ]

---------------------------------------------------------------
[ 2017-10-15T18:01:33+08:00 ] 172.19.27.227 180.102.122.23 GET /jraz/admin/news/test/id/164
[ log ] 106.15.199.8/jraz/admin/news/test/id/164 [运行时间：0.029142s][吞吐率：34.31req/s] [内存消耗：3,477.24kb] [文件加载：62]
[ info ] [ LANG ] /opt/php/jraz/thinkphp/lang/zh-cn.php
[ info ] [ ROUTE ] array (
  'type' => 'module',
  'module' => 
  array (
    0 => 'admin',
    1 => 'news',
    2 => 'test',
  ),
)
[ info ] [ HEADER ] array (
  'host' => '106.15.199.8',
  'connection' => 'keep-alive',
  'upgrade-insecure-requests' => '1',
  'user-agent' => 'Mozilla/5.0 (Linux; Android 5.1.1; Redmi 3 Build/LMY47V; wv) AppleWebKit/537.36 (KHTML, like Gecko) Version/4.0 Chrome/55.0.2883.91 Mobile Safari/537.36',
  'accept' => 'text/html,application/xhtml+xml,application/xml;q=0.9,image/webp,*/*;q=0.8',
  'accept-encoding' => 'gzip, deflate',
  'accept-language' => 'zh-CN,en-US;q=0.8',
  'cookie' => 'PHPSESSID=vdhrsbl3nr06p6oahfobtl1a05',
  'x-requested-with' => 'com.ant',
  'content-type' => '',
  'content-length' => '',
)
[ info ] [ PARAM ] array (
  'id' => '164',
)
[ info ] [ RUN ] app\admin\controller\News->test[ /opt/php/jraz/application/admin/controller/News.php ]
[ info ] [ DB ] INIT mysql
[ info ] [ VIEW ] ./application/admin/view/news/test.html [ array (
  0 => 'action',
  1 => 'navigate_admin',
  2 => 'list',
) ]
[ info ] [ LOG ] INIT File
[ error ] [8]未定义数组索引: admin/news[/opt/php/jraz/application/admin/common.php:59]
[ error ] [8]未定义数组索引: admin/news[/opt/php/jraz/application/admin/common.php:60]
[ sql ] [ DB ] CONNECT:[ UseTime:0.000883s ] mysql:dbname=jraz;host=106.15.199.8;port=3306;charset=utf8
[ sql ] [ SQL ] SHOW COLUMNS FROM `news` [ RunTime:0.001003s ]
[ sql ] [ SQL ] SELECT * FROM `news` WHERE  `id` = 164 LIMIT 1 [ RunTime:0.000616s ]

---------------------------------------------------------------
[ 2017-10-15T18:01:36+08:00 ] 172.19.27.227 180.102.122.23 POST /jraz/api/news/newsDet
[ log ] 106.15.199.8/jraz/api/news/newsDet [运行时间：0.028653s][吞吐率：34.90req/s] [内存消耗：3,207.25kb] [文件加载：52]
[ info ] [ LANG ] /opt/php/jraz/thinkphp/lang/zh-cn.php
[ info ] [ ROUTE ] array (
  'type' => 'module',
  'module' => 
  array (
    0 => 'api',
    1 => 'news',
    2 => 'newsDet',
  ),
)
[ info ] [ HEADER ] array (
  'token' => 'c1cd0ed01286545524f8194ec3ce14b4',
  'content-type' => 'application/x-www-form-urlencoded',
  'content-length' => '6',
  'host' => '106.15.199.8',
  'connection' => 'Keep-Alive',
  'accept-encoding' => 'gzip',
  'user-agent' => 'okhttp/3.8.0',
)
[ info ] [ PARAM ] array (
  'id' => '164',
)
[ info ] [ RUN ] app\api\controller\News->newsDet[ /opt/php/jraz/application/api/controller/News.php ]
[ info ] [ DB ] INIT mysql
[ info ] [ LOG ] INIT File
[ sql ] [ DB ] CONNECT:[ UseTime:0.000779s ] mysql:dbname=jraz;host=106.15.199.8;port=3306;charset=utf8
[ sql ] [ SQL ] SHOW COLUMNS FROM `news` [ RunTime:0.001003s ]
[ sql ] [ SQL ] SELECT `id`,`author_id`,`title`,`publish_time`,`source`,`statement`,`interest` FROM `news` WHERE  `id` = 164 LIMIT 1 [ RunTime:0.000525s ]
[ sql ] [ SQL ] SHOW COLUMNS FROM `config` [ RunTime:0.000702s ]
[ sql ] [ SQL ] SELECT `value` FROM `config` WHERE  `desc` = '1' LIMIT 1 [ RunTime:0.000428s ]
[ sql ] [ SQL ] SHOW COLUMNS FROM `admin` [ RunTime:0.000749s ]
[ sql ] [ SQL ] SELECT `nickname`,`head_portrait` FROM `admin` WHERE  (  admin_id=1 ) LIMIT 1 [ RunTime:0.000404s ]
[ sql ] [ SQL ] SHOW COLUMNS FROM `user_post_reply` [ RunTime:0.000717s ]
[ sql ] [ SQL ] SELECT `id`,`post_id`,`msg_id`,`time`,`content`,`pid` FROM `user_post_reply` WHERE  `post_id` = 164  AND `pid` = 0 LIMIT 3 [ RunTime:0.000464s ]
[ sql ] [ SQL ] SELECT `id`,`title`,`publish_time`,`source`,`picture` FROM `news` WHERE  `publish_time` <= 1507996800  AND `status` = 1 ORDER BY id desc LIMIT 3 [ RunTime:0.000475s ]

---------------------------------------------------------------
[ 2017-10-15T18:01:36+08:00 ] 172.19.27.227 180.102.122.23 GET /jraz/admin/news/test/id/164
[ log ] 106.15.199.8/jraz/admin/news/test/id/164 [运行时间：0.027037s][吞吐率：36.99req/s] [内存消耗：3,477.24kb] [文件加载：62]
[ info ] [ LANG ] /opt/php/jraz/thinkphp/lang/zh-cn.php
[ info ] [ ROUTE ] array (
  'type' => 'module',
  'module' => 
  array (
    0 => 'admin',
    1 => 'news',
    2 => 'test',
  ),
)
[ info ] [ HEADER ] array (
  'host' => '106.15.199.8',
  'connection' => 'keep-alive',
  'upgrade-insecure-requests' => '1',
  'user-agent' => 'Mozilla/5.0 (Linux; Android 5.1.1; Redmi 3 Build/LMY47V; wv) AppleWebKit/537.36 (KHTML, like Gecko) Version/4.0 Chrome/55.0.2883.91 Mobile Safari/537.36',
  'accept' => 'text/html,application/xhtml+xml,application/xml;q=0.9,image/webp,*/*;q=0.8',
  'accept-encoding' => 'gzip, deflate',
  'accept-language' => 'zh-CN,en-US;q=0.8',
  'cookie' => 'PHPSESSID=vdhrsbl3nr06p6oahfobtl1a05',
  'x-requested-with' => 'com.ant',
  'content-type' => '',
  'content-length' => '',
)
[ info ] [ PARAM ] array (
  'id' => '164',
)
[ info ] [ RUN ] app\admin\controller\News->test[ /opt/php/jraz/application/admin/controller/News.php ]
[ info ] [ DB ] INIT mysql
[ info ] [ VIEW ] ./application/admin/view/news/test.html [ array (
  0 => 'action',
  1 => 'navigate_admin',
  2 => 'list',
) ]
[ info ] [ LOG ] INIT File
[ error ] [8]未定义数组索引: admin/news[/opt/php/jraz/application/admin/common.php:59]
[ error ] [8]未定义数组索引: admin/news[/opt/php/jraz/application/admin/common.php:60]
[ sql ] [ DB ] CONNECT:[ UseTime:0.000752s ] mysql:dbname=jraz;host=106.15.199.8;port=3306;charset=utf8
[ sql ] [ SQL ] SHOW COLUMNS FROM `news` [ RunTime:0.000983s ]
[ sql ] [ SQL ] SELECT * FROM `news` WHERE  `id` = 164 LIMIT 1 [ RunTime:0.000594s ]

---------------------------------------------------------------
[ 2017-10-15T18:02:15+08:00 ] 172.19.27.227 180.102.122.23 POST /jraz/api/news/newsDet
[ log ] 106.15.199.8/jraz/api/news/newsDet [运行时间：0.029403s][吞吐率：34.01req/s] [内存消耗：3,207.23kb] [文件加载：52]
[ info ] [ LANG ] /opt/php/jraz/thinkphp/lang/zh-cn.php
[ info ] [ ROUTE ] array (
  'type' => 'module',
  'module' => 
  array (
    0 => 'api',
    1 => 'news',
    2 => 'newsDet',
  ),
)
[ info ] [ HEADER ] array (
  'token' => 'c1cd0ed01286545524f8194ec3ce14b4',
  'content-type' => 'application/x-www-form-urlencoded',
  'content-length' => '6',
  'host' => '106.15.199.8',
  'connection' => 'Keep-Alive',
  'accept-encoding' => 'gzip',
  'user-agent' => 'okhttp/3.8.0',
)
[ info ] [ PARAM ] array (
  'id' => '168',
)
[ info ] [ RUN ] app\api\controller\News->newsDet[ /opt/php/jraz/application/api/controller/News.php ]
[ info ] [ DB ] INIT mysql
[ info ] [ LOG ] INIT File
[ sql ] [ DB ] CONNECT:[ UseTime:0.000760s ] mysql:dbname=jraz;host=106.15.199.8;port=3306;charset=utf8
[ sql ] [ SQL ] SHOW COLUMNS FROM `news` [ RunTime:0.001038s ]
[ sql ] [ SQL ] SELECT `id`,`author_id`,`title`,`publish_time`,`source`,`statement`,`interest` FROM `news` WHERE  `id` = 168 LIMIT 1 [ RunTime:0.000551s ]
[ sql ] [ SQL ] SHOW COLUMNS FROM `config` [ RunTime:0.000754s ]
[ sql ] [ SQL ] SELECT `value` FROM `config` WHERE  `desc` = '1' LIMIT 1 [ RunTime:0.000428s ]
[ sql ] [ SQL ] SHOW COLUMNS FROM `admin` [ RunTime:0.000748s ]
[ sql ] [ SQL ] SELECT `nickname`,`head_portrait` FROM `admin` WHERE  (  admin_id=1 ) LIMIT 1 [ RunTime:0.000407s ]
[ sql ] [ SQL ] SHOW COLUMNS FROM `user_post_reply` [ RunTime:0.000759s ]
[ sql ] [ SQL ] SELECT `id`,`post_id`,`msg_id`,`time`,`content`,`pid` FROM `user_post_reply` WHERE  `post_id` = 168  AND `pid` = 0 LIMIT 3 [ RunTime:0.000454s ]
[ sql ] [ SQL ] SELECT `id`,`title`,`publish_time`,`source`,`picture` FROM `news` WHERE  `publish_time` <= 1507996800  AND `status` = 1 ORDER BY id desc LIMIT 3 [ RunTime:0.000465s ]

---------------------------------------------------------------
[ 2017-10-15T18:02:15+08:00 ] 172.19.27.227 180.102.122.23 POST /jraz/api/news/newsDet
[ log ] 106.15.199.8/jraz/api/news/newsDet [运行时间：0.034634s][吞吐率：28.87req/s] [内存消耗：3,226.11kb] [文件加载：52]
[ info ] [ LANG ] /opt/php/jraz/thinkphp/lang/zh-cn.php
[ info ] [ ROUTE ] array (
  'type' => 'module',
  'module' => 
  array (
    0 => 'api',
    1 => 'news',
    2 => 'newsDet',
  ),
)
[ info ] [ HEADER ] array (
  'token' => 'c1cd0ed01286545524f8194ec3ce14b4',
  'content-type' => 'application/x-www-form-urlencoded',
  'content-length' => '6',
  'host' => '106.15.199.8',
  'connection' => 'Keep-Alive',
  'accept-encoding' => 'gzip',
  'user-agent' => 'okhttp/3.8.0',
)
[ info ] [ PARAM ] array (
  'id' => '169',
)
[ info ] [ RUN ] app\api\controller\News->newsDet[ /opt/php/jraz/application/api/controller/News.php ]
[ info ] [ DB ] INIT mysql
[ info ] [ LOG ] INIT File
[ sql ] [ DB ] CONNECT:[ UseTime:0.000734s ] mysql:dbname=jraz;host=106.15.199.8;port=3306;charset=utf8
[ sql ] [ SQL ] SHOW COLUMNS FROM `news` [ RunTime:0.000988s ]
[ sql ] [ SQL ] SELECT `id`,`author_id`,`title`,`publish_time`,`source`,`statement`,`interest` FROM `news` WHERE  `id` = 169 LIMIT 1 [ RunTime:0.000559s ]
[ sql ] [ SQL ] SHOW COLUMNS FROM `config` [ RunTime:0.000725s ]
[ sql ] [ SQL ] SELECT `value` FROM `config` WHERE  `desc` = '1' LIMIT 1 [ RunTime:0.000439s ]
[ sql ] [ SQL ] SHOW COLUMNS FROM `admin` [ RunTime:0.000774s ]
[ sql ] [ SQL ] SELECT `nickname`,`head_portrait` FROM `admin` WHERE  (  admin_id=1 ) LIMIT 1 [ RunTime:0.000445s ]
[ sql ] [ SQL ] SHOW COLUMNS FROM `user_post_reply` [ RunTime:0.000738s ]
[ sql ] [ SQL ] SELECT `id`,`post_id`,`msg_id`,`time`,`content`,`pid` FROM `user_post_reply` WHERE  `post_id` = 169  AND `pid` = 0 LIMIT 3 [ RunTime:0.000465s ]
[ sql ] [ SQL ] SHOW COLUMNS FROM `user` [ RunTime:0.000728s ]
[ sql ] [ SQL ] SELECT `name`,`head_portrait`,`create_time`,`area` FROM `user` WHERE  `uid` = 2 LIMIT 1 [ RunTime:0.000427s ]
[ sql ] [ SQL ] SELECT `msg_id`,`content` FROM `user_post_reply` WHERE  `post_id` = 169  AND `pid` = 1 LIMIT 3 [ RunTime:0.000417s ]
[ sql ] [ SQL ] SELECT `name` FROM `user` WHERE  `uid` = 3 LIMIT 1 [ RunTime:0.000434s ]
[ sql ] [ SQL ] SELECT `name` FROM `user` WHERE  `uid` = 3 LIMIT 1 [ RunTime:0.000217s ]
[ sql ] [ SQL ] SELECT `name`,`head_portrait`,`create_time`,`area` FROM `user` WHERE  `uid` = 5 LIMIT 1 [ RunTime:0.000411s ]
[ sql ] [ SQL ] SELECT `msg_id`,`content` FROM `user_post_reply` WHERE  `post_id` = 169  AND `pid` = 7 LIMIT 3 [ RunTime:0.000442s ]
[ sql ] [ SQL ] SELECT `name`,`head_portrait`,`create_time`,`area` FROM `user` WHERE  `uid` = 6 LIMIT 1 [ RunTime:0.000408s ]
[ sql ] [ SQL ] SELECT `msg_id`,`content` FROM `user_post_reply` WHERE  `post_id` = 169  AND `pid` = 8 LIMIT 3 [ RunTime:0.000411s ]
[ sql ] [ SQL ] SELECT `id`,`title`,`publish_time`,`source`,`picture` FROM `news` WHERE  `publish_time` <= 1507996800  AND `status` = 1 ORDER BY id desc LIMIT 3 [ RunTime:0.000461s ]

---------------------------------------------------------------
[ 2017-10-15T18:02:16+08:00 ] 172.19.27.227 180.102.122.23 GET /jraz/admin/news/test/id/168
[ log ] 106.15.199.8/jraz/admin/news/test/id/168 [运行时间：0.028534s][吞吐率：35.05req/s] [内存消耗：3,484.48kb] [文件加载：62]
[ info ] [ LANG ] /opt/php/jraz/thinkphp/lang/zh-cn.php
[ info ] [ ROUTE ] array (
  'type' => 'module',
  'module' => 
  array (
    0 => 'admin',
    1 => 'news',
    2 => 'test',
  ),
)
[ info ] [ HEADER ] array (
  'host' => '106.15.199.8',
  'connection' => 'keep-alive',
  'upgrade-insecure-requests' => '1',
  'user-agent' => 'Mozilla/5.0 (Linux; Android 5.1.1; Redmi 3 Build/LMY47V; wv) AppleWebKit/537.36 (KHTML, like Gecko) Version/4.0 Chrome/55.0.2883.91 Mobile Safari/537.36',
  'accept' => 'text/html,application/xhtml+xml,application/xml;q=0.9,image/webp,*/*;q=0.8',
  'accept-encoding' => 'gzip, deflate',
  'accept-language' => 'zh-CN,en-US;q=0.8',
  'cookie' => 'PHPSESSID=vdhrsbl3nr06p6oahfobtl1a05',
  'x-requested-with' => 'com.ant',
  'content-type' => '',
  'content-length' => '',
)
[ info ] [ PARAM ] array (
  'id' => '168',
)
[ info ] [ RUN ] app\admin\controller\News->test[ /opt/php/jraz/application/admin/controller/News.php ]
[ info ] [ DB ] INIT mysql
[ info ] [ VIEW ] ./application/admin/view/news/test.html [ array (
  0 => 'action',
  1 => 'navigate_admin',
  2 => 'list',
) ]
[ info ] [ LOG ] INIT File
[ error ] [8]未定义数组索引: admin/news[/opt/php/jraz/application/admin/common.php:59]
[ error ] [8]未定义数组索引: admin/news[/opt/php/jraz/application/admin/common.php:60]
[ sql ] [ DB ] CONNECT:[ UseTime:0.000775s ] mysql:dbname=jraz;host=106.15.199.8;port=3306;charset=utf8
[ sql ] [ SQL ] SHOW COLUMNS FROM `news` [ RunTime:0.001049s ]
[ sql ] [ SQL ] SELECT * FROM `news` WHERE  `id` = 168 LIMIT 1 [ RunTime:0.000613s ]

---------------------------------------------------------------
[ 2017-10-15T18:02:16+08:00 ] 172.19.27.227 180.102.122.23 GET /jraz/admin/news/test/id/169
[ log ] 106.15.199.8/jraz/admin/news/test/id/169 [运行时间：0.027952s][吞吐率：35.78req/s] [内存消耗：3,490.05kb] [文件加载：62]
[ info ] [ LANG ] /opt/php/jraz/thinkphp/lang/zh-cn.php
[ info ] [ ROUTE ] array (
  'type' => 'module',
  'module' => 
  array (
    0 => 'admin',
    1 => 'news',
    2 => 'test',
  ),
)
[ info ] [ HEADER ] array (
  'host' => '106.15.199.8',
  'connection' => 'keep-alive',
  'upgrade-insecure-requests' => '1',
  'user-agent' => 'Mozilla/5.0 (Linux; Android 5.1.1; Redmi 3 Build/LMY47V; wv) AppleWebKit/537.36 (KHTML, like Gecko) Version/4.0 Chrome/55.0.2883.91 Mobile Safari/537.36',
  'accept' => 'text/html,application/xhtml+xml,application/xml;q=0.9,image/webp,*/*;q=0.8',
  'accept-encoding' => 'gzip, deflate',
  'accept-language' => 'zh-CN,en-US;q=0.8',
  'cookie' => 'PHPSESSID=vdhrsbl3nr06p6oahfobtl1a05',
  'x-requested-with' => 'com.ant',
  'content-type' => '',
  'content-length' => '',
)
[ info ] [ PARAM ] array (
  'id' => '169',
)
[ info ] [ RUN ] app\admin\controller\News->test[ /opt/php/jraz/application/admin/controller/News.php ]
[ info ] [ DB ] INIT mysql
[ info ] [ VIEW ] ./application/admin/view/news/test.html [ array (
  0 => 'action',
  1 => 'navigate_admin',
  2 => 'list',
) ]
[ info ] [ LOG ] INIT File
[ error ] [8]未定义数组索引: admin/news[/opt/php/jraz/application/admin/common.php:59]
[ error ] [8]未定义数组索引: admin/news[/opt/php/jraz/application/admin/common.php:60]
[ sql ] [ DB ] CONNECT:[ UseTime:0.000679s ] mysql:dbname=jraz;host=106.15.199.8;port=3306;charset=utf8
[ sql ] [ SQL ] SHOW COLUMNS FROM `news` [ RunTime:0.000909s ]
[ sql ] [ SQL ] SELECT * FROM `news` WHERE  `id` = 169 LIMIT 1 [ RunTime:0.000569s ]

---------------------------------------------------------------
[ 2017-10-15T18:09:41+08:00 ] 172.19.27.227 180.102.122.23 POST /jraz/api/news/newsDet
[ log ] 106.15.199.8/jraz/api/news/newsDet [运行时间：0.035826s][吞吐率：27.91req/s] [内存消耗：3,226.11kb] [文件加载：52]
[ info ] [ LANG ] /opt/php/jraz/thinkphp/lang/zh-cn.php
[ info ] [ ROUTE ] array (
  'type' => 'module',
  'module' => 
  array (
    0 => 'api',
    1 => 'news',
    2 => 'newsDet',
  ),
)
[ info ] [ HEADER ] array (
  'token' => 'c1cd0ed01286545524f8194ec3ce14b4',
  'content-type' => 'application/x-www-form-urlencoded',
  'content-length' => '6',
  'host' => '106.15.199.8',
  'connection' => 'Keep-Alive',
  'accept-encoding' => 'gzip',
  'user-agent' => 'okhttp/3.8.0',
)
[ info ] [ PARAM ] array (
  'id' => '169',
)
[ info ] [ RUN ] app\api\controller\News->newsDet[ /opt/php/jraz/application/api/controller/News.php ]
[ info ] [ DB ] INIT mysql
[ info ] [ LOG ] INIT File
[ sql ] [ DB ] CONNECT:[ UseTime:0.000723s ] mysql:dbname=jraz;host=106.15.199.8;port=3306;charset=utf8
[ sql ] [ SQL ] SHOW COLUMNS FROM `news` [ RunTime:0.001050s ]
[ sql ] [ SQL ] SELECT `id`,`author_id`,`title`,`publish_time`,`source`,`statement`,`interest` FROM `news` WHERE  `id` = 169 LIMIT 1 [ RunTime:0.000543s ]
[ sql ] [ SQL ] SHOW COLUMNS FROM `config` [ RunTime:0.000742s ]
[ sql ] [ SQL ] SELECT `value` FROM `config` WHERE  `desc` = '1' LIMIT 1 [ RunTime:0.000429s ]
[ sql ] [ SQL ] SHOW COLUMNS FROM `admin` [ RunTime:0.000852s ]
[ sql ] [ SQL ] SELECT `nickname`,`head_portrait` FROM `admin` WHERE  (  admin_id=1 ) LIMIT 1 [ RunTime:0.000435s ]
[ sql ] [ SQL ] SHOW COLUMNS FROM `user_post_reply` [ RunTime:0.000729s ]
[ sql ] [ SQL ] SELECT `id`,`post_id`,`msg_id`,`time`,`content`,`pid` FROM `user_post_reply` WHERE  `post_id` = 169  AND `pid` = 0 LIMIT 3 [ RunTime:0.000459s ]
[ sql ] [ SQL ] SHOW COLUMNS FROM `user` [ RunTime:0.000702s ]
[ sql ] [ SQL ] SELECT `name`,`head_portrait`,`create_time`,`area` FROM `user` WHERE  `uid` = 2 LIMIT 1 [ RunTime:0.000402s ]
[ sql ] [ SQL ] SELECT `msg_id`,`content` FROM `user_post_reply` WHERE  `post_id` = 169  AND `pid` = 1 LIMIT 3 [ RunTime:0.000417s ]
[ sql ] [ SQL ] SELECT `name` FROM `user` WHERE  `uid` = 3 LIMIT 1 [ RunTime:0.000404s ]
[ sql ] [ SQL ] SELECT `name` FROM `user` WHERE  `uid` = 3 LIMIT 1 [ RunTime:0.000211s ]
[ sql ] [ SQL ] SELECT `name`,`head_portrait`,`create_time`,`area` FROM `user` WHERE  `uid` = 5 LIMIT 1 [ RunTime:0.000404s ]
[ sql ] [ SQL ] SELECT `msg_id`,`content` FROM `user_post_reply` WHERE  `post_id` = 169  AND `pid` = 7 LIMIT 3 [ RunTime:0.000401s ]
[ sql ] [ SQL ] SELECT `name`,`head_portrait`,`create_time`,`area` FROM `user` WHERE  `uid` = 6 LIMIT 1 [ RunTime:0.000424s ]
[ sql ] [ SQL ] SELECT `msg_id`,`content` FROM `user_post_reply` WHERE  `post_id` = 169  AND `pid` = 8 LIMIT 3 [ RunTime:0.000412s ]
[ sql ] [ SQL ] SELECT `id`,`title`,`publish_time`,`source`,`picture` FROM `news` WHERE  `publish_time` <= 1507996800  AND `status` = 1 ORDER BY id desc LIMIT 3 [ RunTime:0.000480s ]

---------------------------------------------------------------
[ 2017-10-15T18:09:41+08:00 ] 172.19.27.227 180.102.122.23 GET /jraz/admin/news/test/id/169
[ log ] 106.15.199.8/jraz/admin/news/test/id/169 [运行时间：0.027673s][吞吐率：36.14req/s] [内存消耗：3,490.38kb] [文件加载：62]
[ info ] [ LANG ] /opt/php/jraz/thinkphp/lang/zh-cn.php
[ info ] [ ROUTE ] array (
  'type' => 'module',
  'module' => 
  array (
    0 => 'admin',
    1 => 'news',
    2 => 'test',
  ),
)
[ info ] [ HEADER ] array (
  'host' => '106.15.199.8',
  'connection' => 'keep-alive',
  'cache-control' => 'max-age=0',
  'upgrade-insecure-requests' => '1',
  'user-agent' => 'Mozilla/5.0 (Linux; Android 5.1.1; Redmi 3 Build/LMY47V; wv) AppleWebKit/537.36 (KHTML, like Gecko) Version/4.0 Chrome/55.0.2883.91 Mobile Safari/537.36',
  'accept' => 'text/html,application/xhtml+xml,application/xml;q=0.9,image/webp,*/*;q=0.8',
  'accept-encoding' => 'gzip, deflate',
  'accept-language' => 'zh-CN,en-US;q=0.8',
  'cookie' => 'PHPSESSID=vdhrsbl3nr06p6oahfobtl1a05',
  'x-requested-with' => 'com.ant',
  'content-type' => '',
  'content-length' => '',
)
[ info ] [ PARAM ] array (
  'id' => '169',
)
[ info ] [ RUN ] app\admin\controller\News->test[ /opt/php/jraz/application/admin/controller/News.php ]
[ info ] [ DB ] INIT mysql
[ info ] [ VIEW ] ./application/admin/view/news/test.html [ array (
  0 => 'action',
  1 => 'navigate_admin',
  2 => 'list',
) ]
[ info ] [ LOG ] INIT File
[ error ] [8]未定义数组索引: admin/news[/opt/php/jraz/application/admin/common.php:59]
[ error ] [8]未定义数组索引: admin/news[/opt/php/jraz/application/admin/common.php:60]
[ sql ] [ DB ] CONNECT:[ UseTime:0.000785s ] mysql:dbname=jraz;host=106.15.199.8;port=3306;charset=utf8
[ sql ] [ SQL ] SHOW COLUMNS FROM `news` [ RunTime:0.001042s ]
[ sql ] [ SQL ] SELECT * FROM `news` WHERE  `id` = 169 LIMIT 1 [ RunTime:0.000612s ]

---------------------------------------------------------------
