[ 2017-10-20T14:43:23+08:00 ] 172.19.27.227 117.136.45.157 POST /jraz/api/news/newsCate
[ log ] 106.15.199.8/jraz/api/news/newsCate [运行时间：0.023821s][吞吐率：41.98req/s] [内存消耗：3,174.45kb] [文件加载：52]
[ info ] [ LANG ] /opt/php/jraz/thinkphp/lang/zh-cn.php
[ info ] [ ROUTE ] array (
  'type' => 'module',
  'module' => 
  array (
    0 => 'api',
    1 => 'news',
    2 => 'newsCate',
  ),
)
[ info ] [ HEADER ] array (
  'token' => '',
  'content-type' => 'application/x-www-form-urlencoded',
  'content-length' => '6',
  'host' => '106.15.199.8',
  'connection' => 'Keep-Alive',
  'accept-encoding' => 'gzip',
  'user-agent' => 'okhttp/3.8.0',
)
[ info ] [ PARAM ] array (
  'type' => '1',
)
[ info ] [ RUN ] app\api\controller\News->newsCate[ /opt/php/jraz/application/api/controller/News.php ]
[ info ] [ DB ] INIT mysql
[ info ] [ LOG ] INIT File
[ sql ] [ DB ] CONNECT:[ UseTime:0.000849s ] mysql:dbname=jraz;host=106.15.199.8;port=3306;charset=utf8
[ sql ] [ SQL ] SHOW COLUMNS FROM `news_category` [ RunTime:0.000984s ]
[ sql ] [ SQL ] SELECT `id`,`name`,`description` FROM `news_category` WHERE  `cate` = 1 [ RunTime:0.000540s ]

---------------------------------------------------------------
[ 2017-10-20T14:43:23+08:00 ] 172.19.27.227 117.136.45.157 POST /jraz/api/news/newsList
[ log ] 106.15.199.8/jraz/api/news/newsList [运行时间：0.027190s][吞吐率：36.78req/s] [内存消耗：3,288.73kb] [文件加载：56]
[ info ] [ LANG ] /opt/php/jraz/thinkphp/lang/zh-cn.php
[ info ] [ ROUTE ] array (
  'type' => 'module',
  'module' => 
  array (
    0 => 'api',
    1 => 'news',
    2 => 'newsList',
  ),
)
[ info ] [ HEADER ] array (
  'token' => '',
  'content-type' => 'application/x-www-form-urlencoded',
  'content-length' => '13',
  'host' => '106.15.199.8',
  'connection' => 'Keep-Alive',
  'accept-encoding' => 'gzip',
  'user-agent' => 'okhttp/3.8.0',
)
[ info ] [ PARAM ] array (
  'cate_id' => '1',
  'p' => '1',
)
[ info ] [ RUN ] app\api\controller\News->newsList[ /opt/php/jraz/application/api/controller/News.php ]
[ info ] [ DB ] INIT mysql
[ info ] [ LOG ] INIT File
[ sql ] [ DB ] CONNECT:[ UseTime:0.000771s ] mysql:dbname=jraz;host=106.15.199.8;port=3306;charset=utf8
[ sql ] [ SQL ] SHOW COLUMNS FROM `news` [ RunTime:0.001082s ]
[ sql ] [ SQL ] SELECT `id`,`title`,`picture`,`source`,`comment` FROM `news` WHERE  `cate` = 1  AND `status` = 1 ORDER BY publish_time desc LIMIT 0,5 [ RunTime:0.000686s ]
[ sql ] [ SQL ] SELECT COUNT(*) AS tp_count FROM `news` WHERE  `cate` = 1  AND `status` = 1 LIMIT 1 [ RunTime:0.000473s ]
[ error ] [8]未定义变量: class[/opt/php/jraz/thinkphp/helper.php:587]

---------------------------------------------------------------
[ 2017-10-20T14:43:23+08:00 ] 172.19.27.227 117.136.45.157 POST /jraz/api/news/newsList
[ log ] 106.15.199.8/jraz/api/news/newsList [运行时间：0.025245s][吞吐率：39.61req/s] [内存消耗：3,287.41kb] [文件加载：56]
[ info ] [ LANG ] /opt/php/jraz/thinkphp/lang/zh-cn.php
[ info ] [ ROUTE ] array (
  'type' => 'module',
  'module' => 
  array (
    0 => 'api',
    1 => 'news',
    2 => 'newsList',
  ),
)
[ info ] [ HEADER ] array (
  'token' => '',
  'content-type' => 'application/x-www-form-urlencoded',
  'content-length' => '13',
  'host' => '106.15.199.8',
  'connection' => 'Keep-Alive',
  'accept-encoding' => 'gzip',
  'user-agent' => 'okhttp/3.8.0',
)
[ info ] [ PARAM ] array (
  'cate_id' => '2',
  'p' => '1',
)
[ info ] [ RUN ] app\api\controller\News->newsList[ /opt/php/jraz/application/api/controller/News.php ]
[ info ] [ DB ] INIT mysql
[ info ] [ LOG ] INIT File
[ sql ] [ DB ] CONNECT:[ UseTime:0.000726s ] mysql:dbname=jraz;host=106.15.199.8;port=3306;charset=utf8
[ sql ] [ SQL ] SHOW COLUMNS FROM `news` [ RunTime:0.000950s ]
[ sql ] [ SQL ] SELECT `id`,`title`,`picture`,`source`,`comment` FROM `news` WHERE  `cate` = 2  AND `status` = 1 ORDER BY publish_time desc LIMIT 0,5 [ RunTime:0.000603s ]
[ sql ] [ SQL ] SELECT COUNT(*) AS tp_count FROM `news` WHERE  `cate` = 2  AND `status` = 1 LIMIT 1 [ RunTime:0.000486s ]
[ error ] [8]未定义变量: class[/opt/php/jraz/thinkphp/helper.php:587]

---------------------------------------------------------------
[ 2017-10-20T14:43:24+08:00 ] 172.19.27.227 117.136.45.157 POST /jraz/api/news/rotationList
[ log ] 106.15.199.8/jraz/api/news/rotationList [运行时间：0.024159s][吞吐率：41.39req/s] [内存消耗：3,181.27kb] [文件加载：52]
[ info ] [ LANG ] /opt/php/jraz/thinkphp/lang/zh-cn.php
[ info ] [ ROUTE ] array (
  'type' => 'module',
  'module' => 
  array (
    0 => 'api',
    1 => 'news',
    2 => 'rotationList',
  ),
)
[ info ] [ HEADER ] array (
  'token' => '',
  'content-type' => 'application/x-www-form-urlencoded',
  'content-length' => '9',
  'host' => '106.15.199.8',
  'connection' => 'Keep-Alive',
  'accept-encoding' => 'gzip',
  'user-agent' => 'okhttp/3.8.0',
)
[ info ] [ PARAM ] array (
  'cate_id' => '2',
)
[ info ] [ RUN ] app\api\controller\News->rotationList[ /opt/php/jraz/application/api/controller/News.php ]
[ info ] [ DB ] INIT mysql
[ info ] [ LOG ] INIT File
[ sql ] [ DB ] CONNECT:[ UseTime:0.000775s ] mysql:dbname=jraz;host=106.15.199.8;port=3306;charset=utf8
[ sql ] [ SQL ] SHOW COLUMNS FROM `news` [ RunTime:0.001035s ]
[ sql ] [ SQL ] SELECT `id`,`title`,`picture` FROM `news` WHERE  `cate` = 2  AND `status` = 1  AND `is_rotation` = 1 ORDER BY publish_time desc LIMIT 5 [ RunTime:0.000691s ]

---------------------------------------------------------------
[ 2017-10-20T14:43:24+08:00 ] 172.19.27.227 117.136.45.157 POST /jraz/api/news/rotationList
[ log ] 106.15.199.8/jraz/api/news/rotationList [运行时间：0.024413s][吞吐率：40.96req/s] [内存消耗：3,172.63kb] [文件加载：52]
[ info ] [ LANG ] /opt/php/jraz/thinkphp/lang/zh-cn.php
[ info ] [ ROUTE ] array (
  'type' => 'module',
  'module' => 
  array (
    0 => 'api',
    1 => 'news',
    2 => 'rotationList',
  ),
)
[ info ] [ HEADER ] array (
  'token' => '',
  'content-type' => 'application/x-www-form-urlencoded',
  'content-length' => '9',
  'host' => '106.15.199.8',
  'connection' => 'Keep-Alive',
  'accept-encoding' => 'gzip',
  'user-agent' => 'okhttp/3.8.0',
)
[ info ] [ PARAM ] array (
  'cate_id' => '1',
)
[ info ] [ RUN ] app\api\controller\News->rotationList[ /opt/php/jraz/application/api/controller/News.php ]
[ info ] [ DB ] INIT mysql
[ info ] [ LOG ] INIT File
[ sql ] [ DB ] CONNECT:[ UseTime:0.000625s ] mysql:dbname=jraz;host=106.15.199.8;port=3306;charset=utf8
[ sql ] [ SQL ] SHOW COLUMNS FROM `news` [ RunTime:0.000865s ]
[ sql ] [ SQL ] SELECT `id`,`title`,`picture` FROM `news` WHERE  `cate` = 1  AND `status` = 1  AND `is_rotation` = 1 ORDER BY publish_time desc LIMIT 5 [ RunTime:0.000559s ]

---------------------------------------------------------------
[ 2017-10-20T14:43:27+08:00 ] 172.19.27.227 117.136.45.157 POST /jraz/api/news/weather
[ log ] 106.15.199.8/jraz/api/news/weather [运行时间：3.643350s][吞吐率：0.27req/s] [内存消耗：2,222.56kb] [文件加载：45]
[ info ] [ LANG ] /opt/php/jraz/thinkphp/lang/zh-cn.php
[ info ] [ ROUTE ] array (
  'type' => 'module',
  'module' => 
  array (
    0 => 'api',
    1 => 'news',
    2 => 'weather',
  ),
)
[ info ] [ HEADER ] array (
  'token' => '',
  'content-type' => 'application/x-www-form-urlencoded',
  'content-length' => '13',
  'host' => '106.15.199.8',
  'connection' => 'Keep-Alive',
  'accept-encoding' => 'gzip',
  'user-agent' => 'okhttp/3.8.0',
)
[ info ] [ PARAM ] array (
  'city' => 'Canberra',
)
[ info ] [ RUN ] app\api\controller\News->weather[ /opt/php/jraz/application/api/controller/News.php ]
[ info ] [ LOG ] INIT File

---------------------------------------------------------------
[ 2017-10-20T14:43:29+08:00 ] 172.19.27.227 117.136.45.157 POST /jraz/api/news/newsCate
[ log ] 106.15.199.8/jraz/api/news/newsCate [运行时间：0.024182s][吞吐率：41.35req/s] [内存消耗：3,174.45kb] [文件加载：52]
[ info ] [ LANG ] /opt/php/jraz/thinkphp/lang/zh-cn.php
[ info ] [ ROUTE ] array (
  'type' => 'module',
  'module' => 
  array (
    0 => 'api',
    1 => 'news',
    2 => 'newsCate',
  ),
)
[ info ] [ HEADER ] array (
  'token' => '',
  'content-type' => 'application/x-www-form-urlencoded',
  'content-length' => '6',
  'host' => '106.15.199.8',
  'connection' => 'Keep-Alive',
  'accept-encoding' => 'gzip',
  'user-agent' => 'okhttp/3.8.0',
)
[ info ] [ PARAM ] array (
  'type' => '1',
)
[ info ] [ RUN ] app\api\controller\News->newsCate[ /opt/php/jraz/application/api/controller/News.php ]
[ info ] [ DB ] INIT mysql
[ info ] [ LOG ] INIT File
[ sql ] [ DB ] CONNECT:[ UseTime:0.000795s ] mysql:dbname=jraz;host=106.15.199.8;port=3306;charset=utf8
[ sql ] [ SQL ] SHOW COLUMNS FROM `news_category` [ RunTime:0.001058s ]
[ sql ] [ SQL ] SELECT `id`,`name`,`description` FROM `news_category` WHERE  `cate` = 1 [ RunTime:0.000546s ]

---------------------------------------------------------------
[ 2017-10-20T14:43:29+08:00 ] 172.19.27.227 117.136.45.157 POST /jraz/api/news/newsList
[ log ] 106.15.199.8/jraz/api/news/newsList [运行时间：0.026332s][吞吐率：37.98req/s] [内存消耗：3,288.73kb] [文件加载：56]
[ info ] [ LANG ] /opt/php/jraz/thinkphp/lang/zh-cn.php
[ info ] [ ROUTE ] array (
  'type' => 'module',
  'module' => 
  array (
    0 => 'api',
    1 => 'news',
    2 => 'newsList',
  ),
)
[ info ] [ HEADER ] array (
  'token' => '',
  'content-type' => 'application/x-www-form-urlencoded',
  'content-length' => '13',
  'host' => '106.15.199.8',
  'connection' => 'Keep-Alive',
  'accept-encoding' => 'gzip',
  'user-agent' => 'okhttp/3.8.0',
)
[ info ] [ PARAM ] array (
  'cate_id' => '1',
  'p' => '1',
)
[ info ] [ RUN ] app\api\controller\News->newsList[ /opt/php/jraz/application/api/controller/News.php ]
[ info ] [ DB ] INIT mysql
[ info ] [ LOG ] INIT File
[ sql ] [ DB ] CONNECT:[ UseTime:0.000811s ] mysql:dbname=jraz;host=106.15.199.8;port=3306;charset=utf8
[ sql ] [ SQL ] SHOW COLUMNS FROM `news` [ RunTime:0.000999s ]
[ sql ] [ SQL ] SELECT `id`,`title`,`picture`,`source`,`comment` FROM `news` WHERE  `cate` = 1  AND `status` = 1 ORDER BY publish_time desc LIMIT 0,5 [ RunTime:0.000640s ]
[ sql ] [ SQL ] SELECT COUNT(*) AS tp_count FROM `news` WHERE  `cate` = 1  AND `status` = 1 LIMIT 1 [ RunTime:0.000473s ]
[ error ] [8]未定义变量: class[/opt/php/jraz/thinkphp/helper.php:587]

---------------------------------------------------------------
[ 2017-10-20T14:43:30+08:00 ] 172.19.27.227 117.136.45.157 POST /jraz/api/news/newsList
[ log ] 106.15.199.8/jraz/api/news/newsList [运行时间：0.025344s][吞吐率：39.46req/s] [内存消耗：3,287.41kb] [文件加载：56]
[ info ] [ LANG ] /opt/php/jraz/thinkphp/lang/zh-cn.php
[ info ] [ ROUTE ] array (
  'type' => 'module',
  'module' => 
  array (
    0 => 'api',
    1 => 'news',
    2 => 'newsList',
  ),
)
[ info ] [ HEADER ] array (
  'token' => '',
  'content-type' => 'application/x-www-form-urlencoded',
  'content-length' => '13',
  'host' => '106.15.199.8',
  'connection' => 'Keep-Alive',
  'accept-encoding' => 'gzip',
  'user-agent' => 'okhttp/3.8.0',
)
[ info ] [ PARAM ] array (
  'cate_id' => '2',
  'p' => '1',
)
[ info ] [ RUN ] app\api\controller\News->newsList[ /opt/php/jraz/application/api/controller/News.php ]
[ info ] [ DB ] INIT mysql
[ info ] [ LOG ] INIT File
[ sql ] [ DB ] CONNECT:[ UseTime:0.000782s ] mysql:dbname=jraz;host=106.15.199.8;port=3306;charset=utf8
[ sql ] [ SQL ] SHOW COLUMNS FROM `news` [ RunTime:0.001007s ]
[ sql ] [ SQL ] SELECT `id`,`title`,`picture`,`source`,`comment` FROM `news` WHERE  `cate` = 2  AND `status` = 1 ORDER BY publish_time desc LIMIT 0,5 [ RunTime:0.000683s ]
[ sql ] [ SQL ] SELECT COUNT(*) AS tp_count FROM `news` WHERE  `cate` = 2  AND `status` = 1 LIMIT 1 [ RunTime:0.000492s ]
[ error ] [8]未定义变量: class[/opt/php/jraz/thinkphp/helper.php:587]

---------------------------------------------------------------
[ 2017-10-20T14:43:30+08:00 ] 172.19.27.227 117.136.45.157 POST /jraz/api/news/rotationList
[ log ] 106.15.199.8/jraz/api/news/rotationList [运行时间：0.025346s][吞吐率：39.45req/s] [内存消耗：3,172.63kb] [文件加载：52]
[ info ] [ LANG ] /opt/php/jraz/thinkphp/lang/zh-cn.php
[ info ] [ ROUTE ] array (
  'type' => 'module',
  'module' => 
  array (
    0 => 'api',
    1 => 'news',
    2 => 'rotationList',
  ),
)
[ info ] [ HEADER ] array (
  'token' => '',
  'content-type' => 'application/x-www-form-urlencoded',
  'content-length' => '9',
  'host' => '106.15.199.8',
  'connection' => 'Keep-Alive',
  'accept-encoding' => 'gzip',
  'user-agent' => 'okhttp/3.8.0',
)
[ info ] [ PARAM ] array (
  'cate_id' => '1',
)
[ info ] [ RUN ] app\api\controller\News->rotationList[ /opt/php/jraz/application/api/controller/News.php ]
[ info ] [ DB ] INIT mysql
[ info ] [ LOG ] INIT File
[ sql ] [ DB ] CONNECT:[ UseTime:0.000779s ] mysql:dbname=jraz;host=106.15.199.8;port=3306;charset=utf8
[ sql ] [ SQL ] SHOW COLUMNS FROM `news` [ RunTime:0.001058s ]
[ sql ] [ SQL ] SELECT `id`,`title`,`picture` FROM `news` WHERE  `cate` = 1  AND `status` = 1  AND `is_rotation` = 1 ORDER BY publish_time desc LIMIT 5 [ RunTime:0.000652s ]

---------------------------------------------------------------
[ 2017-10-20T14:43:30+08:00 ] 172.19.27.227 117.136.45.157 POST /jraz/api/news/rotationList
[ log ] 106.15.199.8/jraz/api/news/rotationList [运行时间：0.024498s][吞吐率：40.82req/s] [内存消耗：3,181.27kb] [文件加载：52]
[ info ] [ LANG ] /opt/php/jraz/thinkphp/lang/zh-cn.php
[ info ] [ ROUTE ] array (
  'type' => 'module',
  'module' => 
  array (
    0 => 'api',
    1 => 'news',
    2 => 'rotationList',
  ),
)
[ info ] [ HEADER ] array (
  'token' => '',
  'content-type' => 'application/x-www-form-urlencoded',
  'content-length' => '9',
  'host' => '106.15.199.8',
  'connection' => 'Keep-Alive',
  'accept-encoding' => 'gzip',
  'user-agent' => 'okhttp/3.8.0',
)
[ info ] [ PARAM ] array (
  'cate_id' => '2',
)
[ info ] [ RUN ] app\api\controller\News->rotationList[ /opt/php/jraz/application/api/controller/News.php ]
[ info ] [ DB ] INIT mysql
[ info ] [ LOG ] INIT File
[ sql ] [ DB ] CONNECT:[ UseTime:0.000638s ] mysql:dbname=jraz;host=106.15.199.8;port=3306;charset=utf8
[ sql ] [ SQL ] SHOW COLUMNS FROM `news` [ RunTime:0.000886s ]
[ sql ] [ SQL ] SELECT `id`,`title`,`picture` FROM `news` WHERE  `cate` = 2  AND `status` = 1  AND `is_rotation` = 1 ORDER BY publish_time desc LIMIT 5 [ RunTime:0.000589s ]

---------------------------------------------------------------
[ 2017-10-20T14:43:30+08:00 ] 172.19.27.227 117.136.45.157 POST /jraz/api/news/weather
[ log ] 106.15.199.8/jraz/api/news/weather [运行时间：0.155994s][吞吐率：6.41req/s] [内存消耗：2,222.56kb] [文件加载：45]
[ info ] [ LANG ] /opt/php/jraz/thinkphp/lang/zh-cn.php
[ info ] [ ROUTE ] array (
  'type' => 'module',
  'module' => 
  array (
    0 => 'api',
    1 => 'news',
    2 => 'weather',
  ),
)
[ info ] [ HEADER ] array (
  'token' => '',
  'content-type' => 'application/x-www-form-urlencoded',
  'content-length' => '13',
  'host' => '106.15.199.8',
  'connection' => 'Keep-Alive',
  'accept-encoding' => 'gzip',
  'user-agent' => 'okhttp/3.8.0',
)
[ info ] [ PARAM ] array (
  'city' => 'Canberra',
)
[ info ] [ RUN ] app\api\controller\News->weather[ /opt/php/jraz/application/api/controller/News.php ]
[ info ] [ LOG ] INIT File

---------------------------------------------------------------
[ 2017-10-20T14:43:35+08:00 ] 172.19.27.227 117.136.45.157 POST /jraz/api/news/newsList
[ log ] 106.15.199.8/jraz/api/news/newsList [运行时间：0.025346s][吞吐率：39.45req/s] [内存消耗：3,288.73kb] [文件加载：56]
[ info ] [ LANG ] /opt/php/jraz/thinkphp/lang/zh-cn.php
[ info ] [ ROUTE ] array (
  'type' => 'module',
  'module' => 
  array (
    0 => 'api',
    1 => 'news',
    2 => 'newsList',
  ),
)
[ info ] [ HEADER ] array (
  'token' => '',
  'content-type' => 'application/x-www-form-urlencoded',
  'content-length' => '13',
  'host' => '106.15.199.8',
  'connection' => 'Keep-Alive',
  'accept-encoding' => 'gzip',
  'user-agent' => 'okhttp/3.8.0',
)
[ info ] [ PARAM ] array (
  'cate_id' => '1',
  'p' => '1',
)
[ info ] [ RUN ] app\api\controller\News->newsList[ /opt/php/jraz/application/api/controller/News.php ]
[ info ] [ DB ] INIT mysql
[ info ] [ LOG ] INIT File
[ sql ] [ DB ] CONNECT:[ UseTime:0.000786s ] mysql:dbname=jraz;host=106.15.199.8;port=3306;charset=utf8
[ sql ] [ SQL ] SHOW COLUMNS FROM `news` [ RunTime:0.001089s ]
[ sql ] [ SQL ] SELECT `id`,`title`,`picture`,`source`,`comment` FROM `news` WHERE  `cate` = 1  AND `status` = 1 ORDER BY publish_time desc LIMIT 0,5 [ RunTime:0.000663s ]
[ sql ] [ SQL ] SELECT COUNT(*) AS tp_count FROM `news` WHERE  `cate` = 1  AND `status` = 1 LIMIT 1 [ RunTime:0.000496s ]
[ error ] [8]未定义变量: class[/opt/php/jraz/thinkphp/helper.php:587]

---------------------------------------------------------------
[ 2017-10-20T14:43:38+08:00 ] 172.19.27.227 117.136.45.157 POST /jraz/api/news/newsList
[ log ] 106.15.199.8/jraz/api/news/newsList [运行时间：0.025525s][吞吐率：39.18req/s] [内存消耗：3,286.92kb] [文件加载：56]
[ info ] [ LANG ] /opt/php/jraz/thinkphp/lang/zh-cn.php
[ info ] [ ROUTE ] array (
  'type' => 'module',
  'module' => 
  array (
    0 => 'api',
    1 => 'news',
    2 => 'newsList',
  ),
)
[ info ] [ HEADER ] array (
  'token' => '',
  'content-type' => 'application/x-www-form-urlencoded',
  'content-length' => '13',
  'host' => '106.15.199.8',
  'connection' => 'Keep-Alive',
  'accept-encoding' => 'gzip',
  'user-agent' => 'okhttp/3.8.0',
)
[ info ] [ PARAM ] array (
  'cate_id' => '3',
  'p' => '1',
)
[ info ] [ RUN ] app\api\controller\News->newsList[ /opt/php/jraz/application/api/controller/News.php ]
[ info ] [ DB ] INIT mysql
[ info ] [ LOG ] INIT File
[ sql ] [ DB ] CONNECT:[ UseTime:0.000803s ] mysql:dbname=jraz;host=106.15.199.8;port=3306;charset=utf8
[ sql ] [ SQL ] SHOW COLUMNS FROM `news` [ RunTime:0.001102s ]
[ sql ] [ SQL ] SELECT `id`,`title`,`picture`,`source`,`comment` FROM `news` WHERE  `cate` = 3  AND `status` = 1 ORDER BY publish_time desc LIMIT 0,5 [ RunTime:0.000651s ]
[ sql ] [ SQL ] SELECT COUNT(*) AS tp_count FROM `news` WHERE  `cate` = 3  AND `status` = 1 LIMIT 1 [ RunTime:0.000567s ]
[ error ] [8]未定义变量: class[/opt/php/jraz/thinkphp/helper.php:587]

---------------------------------------------------------------
[ 2017-10-20T14:43:38+08:00 ] 172.19.27.227 117.136.45.157 POST /jraz/api/news/rotationList
[ log ] 106.15.199.8/jraz/api/news/rotationList [运行时间：0.025398s][吞吐率：39.37req/s] [内存消耗：3,172.63kb] [文件加载：52]
[ info ] [ LANG ] /opt/php/jraz/thinkphp/lang/zh-cn.php
[ info ] [ ROUTE ] array (
  'type' => 'module',
  'module' => 
  array (
    0 => 'api',
    1 => 'news',
    2 => 'rotationList',
  ),
)
[ info ] [ HEADER ] array (
  'token' => '',
  'content-type' => 'application/x-www-form-urlencoded',
  'content-length' => '9',
  'host' => '106.15.199.8',
  'connection' => 'Keep-Alive',
  'accept-encoding' => 'gzip',
  'user-agent' => 'okhttp/3.8.0',
)
[ info ] [ PARAM ] array (
  'cate_id' => '3',
)
[ info ] [ RUN ] app\api\controller\News->rotationList[ /opt/php/jraz/application/api/controller/News.php ]
[ info ] [ DB ] INIT mysql
[ info ] [ LOG ] INIT File
[ sql ] [ DB ] CONNECT:[ UseTime:0.000848s ] mysql:dbname=jraz;host=106.15.199.8;port=3306;charset=utf8
[ sql ] [ SQL ] SHOW COLUMNS FROM `news` [ RunTime:0.001012s ]
[ sql ] [ SQL ] SELECT `id`,`title`,`picture` FROM `news` WHERE  `cate` = 3  AND `status` = 1  AND `is_rotation` = 1 ORDER BY publish_time desc LIMIT 5 [ RunTime:0.000600s ]

---------------------------------------------------------------
[ 2017-10-20T14:43:39+08:00 ] 172.19.27.227 117.136.45.157 POST /jraz/api/news/newsList
[ log ] 106.15.199.8/jraz/api/news/newsList [运行时间：0.025099s][吞吐率：39.84req/s] [内存消耗：3,286.98kb] [文件加载：56]
[ info ] [ LANG ] /opt/php/jraz/thinkphp/lang/zh-cn.php
[ info ] [ ROUTE ] array (
  'type' => 'module',
  'module' => 
  array (
    0 => 'api',
    1 => 'news',
    2 => 'newsList',
  ),
)
[ info ] [ HEADER ] array (
  'token' => '',
  'content-type' => 'application/x-www-form-urlencoded',
  'content-length' => '13',
  'host' => '106.15.199.8',
  'connection' => 'Keep-Alive',
  'accept-encoding' => 'gzip',
  'user-agent' => 'okhttp/3.8.0',
)
[ info ] [ PARAM ] array (
  'cate_id' => '4',
  'p' => '1',
)
[ info ] [ RUN ] app\api\controller\News->newsList[ /opt/php/jraz/application/api/controller/News.php ]
[ info ] [ DB ] INIT mysql
[ info ] [ LOG ] INIT File
[ sql ] [ DB ] CONNECT:[ UseTime:0.000742s ] mysql:dbname=jraz;host=106.15.199.8;port=3306;charset=utf8
[ sql ] [ SQL ] SHOW COLUMNS FROM `news` [ RunTime:0.001016s ]
[ sql ] [ SQL ] SELECT `id`,`title`,`picture`,`source`,`comment` FROM `news` WHERE  `cate` = 4  AND `status` = 1 ORDER BY publish_time desc LIMIT 0,5 [ RunTime:0.000656s ]
[ sql ] [ SQL ] SELECT COUNT(*) AS tp_count FROM `news` WHERE  `cate` = 4  AND `status` = 1 LIMIT 1 [ RunTime:0.000546s ]
[ error ] [8]未定义变量: class[/opt/php/jraz/thinkphp/helper.php:587]

---------------------------------------------------------------
[ 2017-10-20T14:43:39+08:00 ] 172.19.27.227 117.136.45.157 POST /jraz/api/news/rotationList
[ log ] 106.15.199.8/jraz/api/news/rotationList [运行时间：0.023305s][吞吐率：42.91req/s] [内存消耗：3,172.63kb] [文件加载：52]
[ info ] [ LANG ] /opt/php/jraz/thinkphp/lang/zh-cn.php
[ info ] [ ROUTE ] array (
  'type' => 'module',
  'module' => 
  array (
    0 => 'api',
    1 => 'news',
    2 => 'rotationList',
  ),
)
[ info ] [ HEADER ] array (
  'token' => '',
  'content-type' => 'application/x-www-form-urlencoded',
  'content-length' => '9',
  'host' => '106.15.199.8',
  'connection' => 'Keep-Alive',
  'accept-encoding' => 'gzip',
  'user-agent' => 'okhttp/3.8.0',
)
[ info ] [ PARAM ] array (
  'cate_id' => '4',
)
[ info ] [ RUN ] app\api\controller\News->rotationList[ /opt/php/jraz/application/api/controller/News.php ]
[ info ] [ DB ] INIT mysql
[ info ] [ LOG ] INIT File
[ sql ] [ DB ] CONNECT:[ UseTime:0.000763s ] mysql:dbname=jraz;host=106.15.199.8;port=3306;charset=utf8
[ sql ] [ SQL ] SHOW COLUMNS FROM `news` [ RunTime:0.000972s ]
[ sql ] [ SQL ] SELECT `id`,`title`,`picture` FROM `news` WHERE  `cate` = 4  AND `status` = 1  AND `is_rotation` = 1 ORDER BY publish_time desc LIMIT 5 [ RunTime:0.000655s ]

---------------------------------------------------------------
[ 2017-10-20T14:43:40+08:00 ] 172.19.27.227 117.136.45.157 POST /jraz/api/news/newsList
[ log ] 106.15.199.8/jraz/api/news/newsList [运行时间：0.026468s][吞吐率：37.78req/s] [内存消耗：3,287.60kb] [文件加载：56]
[ info ] [ LANG ] /opt/php/jraz/thinkphp/lang/zh-cn.php
[ info ] [ ROUTE ] array (
  'type' => 'module',
  'module' => 
  array (
    0 => 'api',
    1 => 'news',
    2 => 'newsList',
  ),
)
[ info ] [ HEADER ] array (
  'token' => '',
  'content-type' => 'application/x-www-form-urlencoded',
  'content-length' => '13',
  'host' => '106.15.199.8',
  'connection' => 'Keep-Alive',
  'accept-encoding' => 'gzip',
  'user-agent' => 'okhttp/3.8.0',
)
[ info ] [ PARAM ] array (
  'cate_id' => '5',
  'p' => '1',
)
[ info ] [ RUN ] app\api\controller\News->newsList[ /opt/php/jraz/application/api/controller/News.php ]
[ info ] [ DB ] INIT mysql
[ info ] [ LOG ] INIT File
[ sql ] [ DB ] CONNECT:[ UseTime:0.000779s ] mysql:dbname=jraz;host=106.15.199.8;port=3306;charset=utf8
[ sql ] [ SQL ] SHOW COLUMNS FROM `news` [ RunTime:0.002203s ]
[ sql ] [ SQL ] SELECT `id`,`title`,`picture`,`source`,`comment` FROM `news` WHERE  `cate` = 5  AND `status` = 1 ORDER BY publish_time desc LIMIT 0,5 [ RunTime:0.000660s ]
[ sql ] [ SQL ] SELECT COUNT(*) AS tp_count FROM `news` WHERE  `cate` = 5  AND `status` = 1 LIMIT 1 [ RunTime:0.000463s ]
[ error ] [8]未定义变量: class[/opt/php/jraz/thinkphp/helper.php:587]

---------------------------------------------------------------
[ 2017-10-20T14:43:40+08:00 ] 172.19.27.227 117.136.45.157 POST /jraz/api/news/rotationList
[ log ] 106.15.199.8/jraz/api/news/rotationList [运行时间：0.023468s][吞吐率：42.61req/s] [内存消耗：3,172.63kb] [文件加载：52]
[ info ] [ LANG ] /opt/php/jraz/thinkphp/lang/zh-cn.php
[ info ] [ ROUTE ] array (
  'type' => 'module',
  'module' => 
  array (
    0 => 'api',
    1 => 'news',
    2 => 'rotationList',
  ),
)
[ info ] [ HEADER ] array (
  'token' => '',
  'content-type' => 'application/x-www-form-urlencoded',
  'content-length' => '9',
  'host' => '106.15.199.8',
  'connection' => 'Keep-Alive',
  'accept-encoding' => 'gzip',
  'user-agent' => 'okhttp/3.8.0',
)
[ info ] [ PARAM ] array (
  'cate_id' => '5',
)
[ info ] [ RUN ] app\api\controller\News->rotationList[ /opt/php/jraz/application/api/controller/News.php ]
[ info ] [ DB ] INIT mysql
[ info ] [ LOG ] INIT File
[ sql ] [ DB ] CONNECT:[ UseTime:0.000757s ] mysql:dbname=jraz;host=106.15.199.8;port=3306;charset=utf8
[ sql ] [ SQL ] SHOW COLUMNS FROM `news` [ RunTime:0.000998s ]
[ sql ] [ SQL ] SELECT `id`,`title`,`picture` FROM `news` WHERE  `cate` = 5  AND `status` = 1  AND `is_rotation` = 1 ORDER BY publish_time desc LIMIT 5 [ RunTime:0.000599s ]

---------------------------------------------------------------
[ 2017-10-20T14:43:41+08:00 ] 172.19.27.227 117.136.45.157 POST /jraz/api/news/newsList
[ log ] 106.15.199.8/jraz/api/news/newsList [运行时间：0.025176s][吞吐率：39.72req/s] [内存消耗：3,289.31kb] [文件加载：56]
[ info ] [ LANG ] /opt/php/jraz/thinkphp/lang/zh-cn.php
[ info ] [ ROUTE ] array (
  'type' => 'module',
  'module' => 
  array (
    0 => 'api',
    1 => 'news',
    2 => 'newsList',
  ),
)
[ info ] [ HEADER ] array (
  'token' => '',
  'content-type' => 'application/x-www-form-urlencoded',
  'content-length' => '13',
  'host' => '106.15.199.8',
  'connection' => 'Keep-Alive',
  'accept-encoding' => 'gzip',
  'user-agent' => 'okhttp/3.8.0',
)
[ info ] [ PARAM ] array (
  'cate_id' => '6',
  'p' => '1',
)
[ info ] [ RUN ] app\api\controller\News->newsList[ /opt/php/jraz/application/api/controller/News.php ]
[ info ] [ DB ] INIT mysql
[ info ] [ LOG ] INIT File
[ sql ] [ DB ] CONNECT:[ UseTime:0.000732s ] mysql:dbname=jraz;host=106.15.199.8;port=3306;charset=utf8
[ sql ] [ SQL ] SHOW COLUMNS FROM `news` [ RunTime:0.000992s ]
[ sql ] [ SQL ] SELECT `id`,`title`,`picture`,`source`,`comment` FROM `news` WHERE  `cate` = 6  AND `status` = 1 ORDER BY publish_time desc LIMIT 0,5 [ RunTime:0.000657s ]
[ sql ] [ SQL ] SELECT COUNT(*) AS tp_count FROM `news` WHERE  `cate` = 6  AND `status` = 1 LIMIT 1 [ RunTime:0.000471s ]
[ error ] [8]未定义变量: class[/opt/php/jraz/thinkphp/helper.php:587]

---------------------------------------------------------------
[ 2017-10-20T14:43:41+08:00 ] 172.19.27.227 117.136.45.157 POST /jraz/api/news/rotationList
[ log ] 106.15.199.8/jraz/api/news/rotationList [运行时间：0.023260s][吞吐率：42.99req/s] [内存消耗：3,172.63kb] [文件加载：52]
[ info ] [ LANG ] /opt/php/jraz/thinkphp/lang/zh-cn.php
[ info ] [ ROUTE ] array (
  'type' => 'module',
  'module' => 
  array (
    0 => 'api',
    1 => 'news',
    2 => 'rotationList',
  ),
)
[ info ] [ HEADER ] array (
  'token' => '',
  'content-type' => 'application/x-www-form-urlencoded',
  'content-length' => '9',
  'host' => '106.15.199.8',
  'connection' => 'Keep-Alive',
  'accept-encoding' => 'gzip',
  'user-agent' => 'okhttp/3.8.0',
)
[ info ] [ PARAM ] array (
  'cate_id' => '6',
)
[ info ] [ RUN ] app\api\controller\News->rotationList[ /opt/php/jraz/application/api/controller/News.php ]
[ info ] [ DB ] INIT mysql
[ info ] [ LOG ] INIT File
[ sql ] [ DB ] CONNECT:[ UseTime:0.000672s ] mysql:dbname=jraz;host=106.15.199.8;port=3306;charset=utf8
[ sql ] [ SQL ] SHOW COLUMNS FROM `news` [ RunTime:0.000910s ]
[ sql ] [ SQL ] SELECT `id`,`title`,`picture` FROM `news` WHERE  `cate` = 6  AND `status` = 1  AND `is_rotation` = 1 ORDER BY publish_time desc LIMIT 5 [ RunTime:0.000591s ]

---------------------------------------------------------------
[ 2017-10-20T14:43:41+08:00 ] 172.19.27.227 117.136.45.157 POST /jraz/api/news/newsList
[ log ] 106.15.199.8/jraz/api/news/newsList [运行时间：0.026259s][吞吐率：38.08req/s] [内存消耗：3,276.96kb] [文件加载：56]
[ info ] [ LANG ] /opt/php/jraz/thinkphp/lang/zh-cn.php
[ info ] [ ROUTE ] array (
  'type' => 'module',
  'module' => 
  array (
    0 => 'api',
    1 => 'news',
    2 => 'newsList',
  ),
)
[ info ] [ HEADER ] array (
  'token' => '',
  'content-type' => 'application/x-www-form-urlencoded',
  'content-length' => '13',
  'host' => '106.15.199.8',
  'connection' => 'Keep-Alive',
  'accept-encoding' => 'gzip',
  'user-agent' => 'okhttp/3.8.0',
)
[ info ] [ PARAM ] array (
  'cate_id' => '7',
  'p' => '1',
)
[ info ] [ RUN ] app\api\controller\News->newsList[ /opt/php/jraz/application/api/controller/News.php ]
[ info ] [ DB ] INIT mysql
[ info ] [ LOG ] INIT File
[ sql ] [ DB ] CONNECT:[ UseTime:0.000782s ] mysql:dbname=jraz;host=106.15.199.8;port=3306;charset=utf8
[ sql ] [ SQL ] SHOW COLUMNS FROM `news` [ RunTime:0.001057s ]
[ sql ] [ SQL ] SELECT `id`,`title`,`picture`,`source`,`comment` FROM `news` WHERE  `cate` = 7  AND `status` = 1 ORDER BY publish_time desc LIMIT 0,5 [ RunTime:0.000600s ]
[ sql ] [ SQL ] SELECT COUNT(*) AS tp_count FROM `news` WHERE  `cate` = 7  AND `status` = 1 LIMIT 1 [ RunTime:0.000474s ]
[ error ] [8]未定义变量: class[/opt/php/jraz/thinkphp/helper.php:587]

---------------------------------------------------------------
[ 2017-10-20T14:43:42+08:00 ] 172.19.27.227 117.136.45.157 POST /jraz/api/news/rotationList
[ log ] 106.15.199.8/jraz/api/news/rotationList [运行时间：0.024829s][吞吐率：40.28req/s] [内存消耗：3,172.63kb] [文件加载：52]
[ info ] [ LANG ] /opt/php/jraz/thinkphp/lang/zh-cn.php
[ info ] [ ROUTE ] array (
  'type' => 'module',
  'module' => 
  array (
    0 => 'api',
    1 => 'news',
    2 => 'rotationList',
  ),
)
[ info ] [ HEADER ] array (
  'token' => '',
  'content-type' => 'application/x-www-form-urlencoded',
  'content-length' => '9',
  'host' => '106.15.199.8',
  'connection' => 'Keep-Alive',
  'accept-encoding' => 'gzip',
  'user-agent' => 'okhttp/3.8.0',
)
[ info ] [ PARAM ] array (
  'cate_id' => '7',
)
[ info ] [ RUN ] app\api\controller\News->rotationList[ /opt/php/jraz/application/api/controller/News.php ]
[ info ] [ DB ] INIT mysql
[ info ] [ LOG ] INIT File
[ sql ] [ DB ] CONNECT:[ UseTime:0.000823s ] mysql:dbname=jraz;host=106.15.199.8;port=3306;charset=utf8
[ sql ] [ SQL ] SHOW COLUMNS FROM `news` [ RunTime:0.000985s ]
[ sql ] [ SQL ] SELECT `id`,`title`,`picture` FROM `news` WHERE  `cate` = 7  AND `status` = 1  AND `is_rotation` = 1 ORDER BY publish_time desc LIMIT 5 [ RunTime:0.000651s ]

---------------------------------------------------------------
[ 2017-10-20T14:43:42+08:00 ] 172.19.27.227 117.136.45.157 POST /jraz/api/news/newsList
[ log ] 106.15.199.8/jraz/api/news/newsList [运行时间：0.029804s][吞吐率：33.55req/s] [内存消耗：3,286.49kb] [文件加载：56]
[ info ] [ LANG ] /opt/php/jraz/thinkphp/lang/zh-cn.php
[ info ] [ ROUTE ] array (
  'type' => 'module',
  'module' => 
  array (
    0 => 'api',
    1 => 'news',
    2 => 'newsList',
  ),
)
[ info ] [ HEADER ] array (
  'token' => '',
  'content-type' => 'application/x-www-form-urlencoded',
  'content-length' => '13',
  'host' => '106.15.199.8',
  'connection' => 'Keep-Alive',
  'accept-encoding' => 'gzip',
  'user-agent' => 'okhttp/3.8.0',
)
[ info ] [ PARAM ] array (
  'cate_id' => '8',
  'p' => '1',
)
[ info ] [ RUN ] app\api\controller\News->newsList[ /opt/php/jraz/application/api/controller/News.php ]
[ info ] [ DB ] INIT mysql
[ info ] [ LOG ] INIT File
[ sql ] [ DB ] CONNECT:[ UseTime:0.000798s ] mysql:dbname=jraz;host=106.15.199.8;port=3306;charset=utf8
[ sql ] [ SQL ] SHOW COLUMNS FROM `news` [ RunTime:0.001059s ]
[ sql ] [ SQL ] SELECT `id`,`title`,`picture`,`source`,`comment` FROM `news` WHERE  `cate` = 8  AND `status` = 1 ORDER BY publish_time desc LIMIT 0,5 [ RunTime:0.000652s ]
[ sql ] [ SQL ] SELECT COUNT(*) AS tp_count FROM `news` WHERE  `cate` = 8  AND `status` = 1 LIMIT 1 [ RunTime:0.000508s ]
[ error ] [8]未定义变量: class[/opt/php/jraz/thinkphp/helper.php:587]

---------------------------------------------------------------
[ 2017-10-20T14:43:42+08:00 ] 172.19.27.227 117.136.45.157 POST /jraz/api/news/rotationList
[ log ] 106.15.199.8/jraz/api/news/rotationList [运行时间：0.025166s][吞吐率：39.74req/s] [内存消耗：3,172.63kb] [文件加载：52]
[ info ] [ LANG ] /opt/php/jraz/thinkphp/lang/zh-cn.php
[ info ] [ ROUTE ] array (
  'type' => 'module',
  'module' => 
  array (
    0 => 'api',
    1 => 'news',
    2 => 'rotationList',
  ),
)
[ info ] [ HEADER ] array (
  'token' => '',
  'content-type' => 'application/x-www-form-urlencoded',
  'content-length' => '9',
  'host' => '106.15.199.8',
  'connection' => 'Keep-Alive',
  'accept-encoding' => 'gzip',
  'user-agent' => 'okhttp/3.8.0',
)
[ info ] [ PARAM ] array (
  'cate_id' => '8',
)
[ info ] [ RUN ] app\api\controller\News->rotationList[ /opt/php/jraz/application/api/controller/News.php ]
[ info ] [ DB ] INIT mysql
[ info ] [ LOG ] INIT File
[ sql ] [ DB ] CONNECT:[ UseTime:0.000813s ] mysql:dbname=jraz;host=106.15.199.8;port=3306;charset=utf8
[ sql ] [ SQL ] SHOW COLUMNS FROM `news` [ RunTime:0.001056s ]
[ sql ] [ SQL ] SELECT `id`,`title`,`picture` FROM `news` WHERE  `cate` = 8  AND `status` = 1  AND `is_rotation` = 1 ORDER BY publish_time desc LIMIT 5 [ RunTime:0.000603s ]

---------------------------------------------------------------
[ 2017-10-20T14:43:43+08:00 ] 172.19.27.227 117.136.45.157 POST /jraz/api/news/newsList
[ log ] 106.15.199.8/jraz/api/news/newsList [运行时间：0.025311s][吞吐率：39.51req/s] [内存消耗：3,281.19kb] [文件加载：56]
[ info ] [ LANG ] /opt/php/jraz/thinkphp/lang/zh-cn.php
[ info ] [ ROUTE ] array (
  'type' => 'module',
  'module' => 
  array (
    0 => 'api',
    1 => 'news',
    2 => 'newsList',
  ),
)
[ info ] [ HEADER ] array (
  'token' => '',
  'content-type' => 'application/x-www-form-urlencoded',
  'content-length' => '13',
  'host' => '106.15.199.8',
  'connection' => 'Keep-Alive',
  'accept-encoding' => 'gzip',
  'user-agent' => 'okhttp/3.8.0',
)
[ info ] [ PARAM ] array (
  'cate_id' => '9',
  'p' => '1',
)
[ info ] [ RUN ] app\api\controller\News->newsList[ /opt/php/jraz/application/api/controller/News.php ]
[ info ] [ DB ] INIT mysql
[ info ] [ LOG ] INIT File
[ sql ] [ DB ] CONNECT:[ UseTime:0.000804s ] mysql:dbname=jraz;host=106.15.199.8;port=3306;charset=utf8
[ sql ] [ SQL ] SHOW COLUMNS FROM `news` [ RunTime:0.001022s ]
[ sql ] [ SQL ] SELECT `id`,`title`,`picture`,`source`,`comment` FROM `news` WHERE  `cate` = 9  AND `status` = 1 ORDER BY publish_time desc LIMIT 0,5 [ RunTime:0.000642s ]
[ sql ] [ SQL ] SELECT COUNT(*) AS tp_count FROM `news` WHERE  `cate` = 9  AND `status` = 1 LIMIT 1 [ RunTime:0.000478s ]
[ error ] [8]未定义变量: class[/opt/php/jraz/thinkphp/helper.php:587]

---------------------------------------------------------------
[ 2017-10-20T14:43:43+08:00 ] 172.19.27.227 117.136.45.157 POST /jraz/api/news/rotationList
[ log ] 106.15.199.8/jraz/api/news/rotationList [运行时间：0.024484s][吞吐率：40.84req/s] [内存消耗：3,172.63kb] [文件加载：52]
[ info ] [ LANG ] /opt/php/jraz/thinkphp/lang/zh-cn.php
[ info ] [ ROUTE ] array (
  'type' => 'module',
  'module' => 
  array (
    0 => 'api',
    1 => 'news',
    2 => 'rotationList',
  ),
)
[ info ] [ HEADER ] array (
  'token' => '',
  'content-type' => 'application/x-www-form-urlencoded',
  'content-length' => '9',
  'host' => '106.15.199.8',
  'connection' => 'Keep-Alive',
  'accept-encoding' => 'gzip',
  'user-agent' => 'okhttp/3.8.0',
)
[ info ] [ PARAM ] array (
  'cate_id' => '9',
)
[ info ] [ RUN ] app\api\controller\News->rotationList[ /opt/php/jraz/application/api/controller/News.php ]
[ info ] [ DB ] INIT mysql
[ info ] [ LOG ] INIT File
[ sql ] [ DB ] CONNECT:[ UseTime:0.000739s ] mysql:dbname=jraz;host=106.15.199.8;port=3306;charset=utf8
[ sql ] [ SQL ] SHOW COLUMNS FROM `news` [ RunTime:0.000943s ]
[ sql ] [ SQL ] SELECT `id`,`title`,`picture` FROM `news` WHERE  `cate` = 9  AND `status` = 1  AND `is_rotation` = 1 ORDER BY publish_time desc LIMIT 5 [ RunTime:0.000644s ]

---------------------------------------------------------------
[ 2017-10-20T14:43:44+08:00 ] 172.19.27.227 117.136.45.157 POST /jraz/api/news/newsList
[ log ] 106.15.199.8/jraz/api/news/newsList [运行时间：0.025257s][吞吐率：39.59req/s] [内存消耗：3,281.76kb] [文件加载：56]
[ info ] [ LANG ] /opt/php/jraz/thinkphp/lang/zh-cn.php
[ info ] [ ROUTE ] array (
  'type' => 'module',
  'module' => 
  array (
    0 => 'api',
    1 => 'news',
    2 => 'newsList',
  ),
)
[ info ] [ HEADER ] array (
  'token' => '',
  'content-type' => 'application/x-www-form-urlencoded',
  'content-length' => '14',
  'host' => '106.15.199.8',
  'connection' => 'Keep-Alive',
  'accept-encoding' => 'gzip',
  'user-agent' => 'okhttp/3.8.0',
)
[ info ] [ PARAM ] array (
  'cate_id' => '10',
  'p' => '1',
)
[ info ] [ RUN ] app\api\controller\News->newsList[ /opt/php/jraz/application/api/controller/News.php ]
[ info ] [ DB ] INIT mysql
[ info ] [ LOG ] INIT File
[ sql ] [ DB ] CONNECT:[ UseTime:0.000802s ] mysql:dbname=jraz;host=106.15.199.8;port=3306;charset=utf8
[ sql ] [ SQL ] SHOW COLUMNS FROM `news` [ RunTime:0.001037s ]
[ sql ] [ SQL ] SELECT `id`,`title`,`picture`,`source`,`comment` FROM `news` WHERE  `cate` = 10  AND `status` = 1 ORDER BY publish_time desc LIMIT 0,5 [ RunTime:0.000648s ]
[ sql ] [ SQL ] SELECT COUNT(*) AS tp_count FROM `news` WHERE  `cate` = 10  AND `status` = 1 LIMIT 1 [ RunTime:0.000500s ]
[ error ] [8]未定义变量: class[/opt/php/jraz/thinkphp/helper.php:587]

---------------------------------------------------------------
[ 2017-10-20T14:43:44+08:00 ] 172.19.27.227 117.136.45.157 POST /jraz/api/news/rotationList
[ log ] 106.15.199.8/jraz/api/news/rotationList [运行时间：0.024373s][吞吐率：41.03req/s] [内存消耗：3,172.78kb] [文件加载：52]
[ info ] [ LANG ] /opt/php/jraz/thinkphp/lang/zh-cn.php
[ info ] [ ROUTE ] array (
  'type' => 'module',
  'module' => 
  array (
    0 => 'api',
    1 => 'news',
    2 => 'rotationList',
  ),
)
[ info ] [ HEADER ] array (
  'token' => '',
  'content-type' => 'application/x-www-form-urlencoded',
  'content-length' => '10',
  'host' => '106.15.199.8',
  'connection' => 'Keep-Alive',
  'accept-encoding' => 'gzip',
  'user-agent' => 'okhttp/3.8.0',
)
[ info ] [ PARAM ] array (
  'cate_id' => '10',
)
[ info ] [ RUN ] app\api\controller\News->rotationList[ /opt/php/jraz/application/api/controller/News.php ]
[ info ] [ DB ] INIT mysql
[ info ] [ LOG ] INIT File
[ sql ] [ DB ] CONNECT:[ UseTime:0.000771s ] mysql:dbname=jraz;host=106.15.199.8;port=3306;charset=utf8
[ sql ] [ SQL ] SHOW COLUMNS FROM `news` [ RunTime:0.000996s ]
[ sql ] [ SQL ] SELECT `id`,`title`,`picture` FROM `news` WHERE  `cate` = 10  AND `status` = 1  AND `is_rotation` = 1 ORDER BY publish_time desc LIMIT 5 [ RunTime:0.000631s ]

---------------------------------------------------------------
